2020-11-05 22:37:10,059 - full-2 - INFO - Namespace(batch_size=96, bptt=35, clip=0.25, concat=True, cuda=True, data='data/penn', dropout=0.2, emsize=300, epochs=400, index_module='linear', log_interval=1000, loss='full', lr=1.0, lr_decay=2, min_freq=3, nhid=300, nlayers=3, noise_ratio=500, norm_term=-1, prof=False, save='full-2', seed=1111, tb_name=None, train=True, vocab=None, weight_decay=1e-08)
2020-11-05 22:37:10,381 - full-2 - INFO - Vocabulary size is 9957
2020-11-05 22:37:21,712 - full-2 - INFO - model definition:
 RNNModel(
  (drop): Dropout(p=0.2, inplace=False)
  (encoder): Embedding(9957, 300)
  (rnn): LSTM(300, 300, num_layers=3, batch_first=True, dropout=0.2)
  (proj): Linear(in_features=300, out_features=300, bias=True)
  (criterion): IndexLinear(
    (alias): AliasMultinomial()
    (bce_with_logits): BCEWithLogitsLoss()
    (ce): CrossEntropyLoss()
    (emb): Embedding(9957, 300)
    (bias): Embedding(9957, 1)
  )
)
2020-11-05 22:37:29,669 - full-2 - WARNING - | end of epoch   1 | time:  7.95s |valid ppl   655.17 | valid loss:  6.53
2020-11-05 22:37:38,045 - full-2 - WARNING - | end of epoch   2 | time:  7.70s |valid ppl   551.82 | valid loss:  6.34
2020-11-05 22:37:46,461 - full-2 - WARNING - | end of epoch   3 | time:  7.74s |valid ppl   387.18 | valid loss:  6.01
2020-11-05 22:37:55,922 - full-2 - WARNING - | end of epoch   4 | time:  7.79s |valid ppl   283.54 | valid loss:  5.83
2020-11-05 22:38:05,238 - full-2 - WARNING - | end of epoch   5 | time:  7.83s |valid ppl   226.36 | valid loss:  5.36
2020-11-05 22:38:13,572 - full-2 - WARNING - | end of epoch   6 | time:  7.87s |valid ppl   199.45 | valid loss:  5.34
2020-11-05 22:38:22,116 - full-2 - WARNING - | end of epoch   7 | time:  7.91s |valid ppl   179.89 | valid loss:  5.22
2020-11-05 22:38:30,447 - full-2 - WARNING - | end of epoch   8 | time:  7.96s |valid ppl   165.40 | valid loss:  5.21
2020-11-05 22:38:38,736 - full-2 - WARNING - | end of epoch   9 | time:  7.92s |valid ppl   154.71 | valid loss:  5.14
2020-11-05 22:38:47,050 - full-2 - WARNING - | end of epoch  10 | time:  7.95s |valid ppl   145.35 | valid loss:  5.06
2020-11-05 22:38:55,421 - full-2 - WARNING - | end of epoch  11 | time:  8.01s |valid ppl   139.45 | valid loss:  5.02
2020-11-05 22:39:04,216 - full-2 - WARNING - | end of epoch  12 | time:  8.05s |valid ppl   134.60 | valid loss:  4.87
2020-11-05 22:39:13,481 - full-2 - WARNING - | end of epoch  13 | time:  8.08s |valid ppl   130.86 | valid loss:  5.02
2020-11-05 22:39:22,348 - full-2 - WARNING - | end of epoch  14 | time:  8.11s |valid ppl   128.09 | valid loss:  4.81
2020-11-05 22:39:31,316 - full-2 - WARNING - | end of epoch  15 | time:  8.16s |valid ppl   125.98 | valid loss:  4.84
2020-11-05 22:39:39,886 - full-2 - WARNING - | end of epoch  16 | time:  8.21s |valid ppl   123.96 | valid loss:  4.80
2020-11-05 22:39:48,547 - full-2 - WARNING - | end of epoch  17 | time:  8.21s |valid ppl   121.50 | valid loss:  4.83
2020-11-05 22:39:57,171 - full-2 - WARNING - | end of epoch  18 | time:  8.26s |valid ppl   121.55 | valid loss:  4.74
2020-11-05 22:40:05,438 - full-2 - WARNING - | end of epoch  19 | time:  8.27s |valid ppl   117.45 | valid loss:  4.85
2020-11-05 22:40:14,048 - full-2 - WARNING - | end of epoch  20 | time:  8.25s |valid ppl   118.03 | valid loss:  4.88
2020-11-05 22:40:22,319 - full-2 - WARNING - | end of epoch  21 | time:  8.27s |valid ppl   116.63 | valid loss:  4.64
2020-11-05 22:40:30,967 - full-2 - WARNING - | end of epoch  22 | time:  8.28s |valid ppl   117.34 | valid loss:  4.74
2020-11-05 22:40:39,230 - full-2 - WARNING - | end of epoch  23 | time:  8.26s |valid ppl   117.42 | valid loss:  4.80
2020-11-05 22:40:47,536 - full-2 - WARNING - | end of epoch  24 | time:  8.31s |valid ppl   117.01 | valid loss:  4.66
2020-11-05 22:40:55,845 - full-2 - WARNING - | end of epoch  25 | time:  8.31s |valid ppl   117.17 | valid loss:  4.82
2020-11-05 22:41:04,164 - full-2 - WARNING - | end of epoch  26 | time:  8.32s |valid ppl   117.26 | valid loss:  4.82
2020-11-05 22:41:12,487 - full-2 - WARNING - | end of epoch  27 | time:  8.32s |valid ppl   117.31 | valid loss:  4.91
2020-11-05 22:41:20,818 - full-2 - WARNING - | end of epoch  28 | time:  8.33s |valid ppl   117.29 | valid loss:  4.80
2020-11-05 22:41:29,173 - full-2 - WARNING - | end of epoch  29 | time:  8.35s |valid ppl   117.33 | valid loss:  4.78
2020-11-05 22:41:37,527 - full-2 - WARNING - | end of epoch  30 | time:  8.35s |valid ppl   117.32 | valid loss:  4.74
2020-11-05 22:41:45,902 - full-2 - WARNING - | end of epoch  31 | time:  8.37s |valid ppl   117.34 | valid loss:  4.80
2020-11-05 22:41:54,273 - full-2 - WARNING - | end of epoch  32 | time:  8.37s |valid ppl   117.34 | valid loss:  4.85
2020-11-05 22:42:02,652 - full-2 - WARNING - | end of epoch  33 | time:  8.38s |valid ppl   117.34 | valid loss:  4.61
2020-11-05 22:42:11,031 - full-2 - WARNING - | end of epoch  34 | time:  8.38s |valid ppl   117.34 | valid loss:  4.86
2020-11-05 22:42:19,421 - full-2 - WARNING - | end of epoch  35 | time:  8.39s |valid ppl   117.34 | valid loss:  4.83
2020-11-05 22:42:27,820 - full-2 - WARNING - | end of epoch  36 | time:  8.40s |valid ppl   117.34 | valid loss:  4.67
2020-11-05 22:42:36,208 - full-2 - WARNING - | end of epoch  37 | time:  8.39s |valid ppl   117.34 | valid loss:  4.76
2020-11-05 22:42:44,605 - full-2 - WARNING - | end of epoch  38 | time:  8.40s |valid ppl   117.34 | valid loss:  4.77
2020-11-05 22:42:53,014 - full-2 - WARNING - | end of epoch  39 | time:  8.41s |valid ppl   117.34 | valid loss:  4.71
2020-11-05 22:43:01,413 - full-2 - WARNING - | end of epoch  40 | time:  8.40s |valid ppl   117.34 | valid loss:  4.92
2020-11-05 22:43:09,804 - full-2 - WARNING - | end of epoch  41 | time:  8.39s |valid ppl   117.34 | valid loss:  4.58
2020-11-05 22:43:18,205 - full-2 - WARNING - | end of epoch  42 | time:  8.40s |valid ppl   117.34 | valid loss:  4.83
2020-11-05 22:43:26,608 - full-2 - WARNING - | end of epoch  43 | time:  8.40s |valid ppl   117.34 | valid loss:  4.80
2020-11-05 22:43:35,008 - full-2 - WARNING - | end of epoch  44 | time:  8.40s |valid ppl   117.34 | valid loss:  4.92
2020-11-05 22:43:43,407 - full-2 - WARNING - | end of epoch  45 | time:  8.40s |valid ppl   117.34 | valid loss:  4.72
2020-11-05 22:43:51,805 - full-2 - WARNING - | end of epoch  46 | time:  8.40s |valid ppl   117.34 | valid loss:  4.91
2020-11-05 22:44:00,213 - full-2 - WARNING - | end of epoch  47 | time:  8.41s |valid ppl   117.34 | valid loss:  4.84
2020-11-05 22:44:08,602 - full-2 - WARNING - | end of epoch  48 | time:  8.39s |valid ppl   117.34 | valid loss:  4.82
2020-11-05 22:44:17,005 - full-2 - WARNING - | end of epoch  49 | time:  8.40s |valid ppl   117.34 | valid loss:  4.71
2020-11-05 22:44:25,404 - full-2 - WARNING - | end of epoch  50 | time:  8.40s |valid ppl   117.34 | valid loss:  4.81
2020-11-05 22:44:33,813 - full-2 - WARNING - | end of epoch  51 | time:  8.41s |valid ppl   117.34 | valid loss:  4.82
2020-11-05 22:44:42,220 - full-2 - WARNING - | end of epoch  52 | time:  8.41s |valid ppl   117.34 | valid loss:  4.78
2020-11-05 22:44:50,632 - full-2 - WARNING - | end of epoch  53 | time:  8.41s |valid ppl   117.34 | valid loss:  4.77
2020-11-05 22:44:59,044 - full-2 - WARNING - | end of epoch  54 | time:  8.41s |valid ppl   117.34 | valid loss:  4.89
2020-11-05 22:45:07,462 - full-2 - WARNING - | end of epoch  55 | time:  8.42s |valid ppl   117.34 | valid loss:  4.67
2020-11-05 22:45:15,884 - full-2 - WARNING - | end of epoch  56 | time:  8.42s |valid ppl   117.34 | valid loss:  4.81
2020-11-05 22:45:24,298 - full-2 - WARNING - | end of epoch  57 | time:  8.41s |valid ppl   117.34 | valid loss:  4.99
2020-11-05 22:45:32,718 - full-2 - WARNING - | end of epoch  58 | time:  8.42s |valid ppl   117.34 | valid loss:  4.86
2020-11-05 22:45:41,146 - full-2 - WARNING - | end of epoch  59 | time:  8.43s |valid ppl   117.34 | valid loss:  4.65
2020-11-05 22:45:49,565 - full-2 - WARNING - | end of epoch  60 | time:  8.42s |valid ppl   117.34 | valid loss:  4.62
2020-11-05 22:45:57,982 - full-2 - WARNING - | end of epoch  61 | time:  8.42s |valid ppl   117.34 | valid loss:  4.78
2020-11-05 22:46:06,432 - full-2 - WARNING - | end of epoch  62 | time:  8.45s |valid ppl   117.34 | valid loss:  4.71
2020-11-05 22:46:14,866 - full-2 - WARNING - | end of epoch  63 | time:  8.43s |valid ppl   117.34 | valid loss:  4.73
2020-11-05 22:46:23,291 - full-2 - WARNING - | end of epoch  64 | time:  8.42s |valid ppl   117.34 | valid loss:  4.73
2020-11-05 22:46:31,709 - full-2 - WARNING - | end of epoch  65 | time:  8.42s |valid ppl   117.34 | valid loss:  4.84
2020-11-05 22:46:40,135 - full-2 - WARNING - | end of epoch  66 | time:  8.43s |valid ppl   117.34 | valid loss:  4.90
2020-11-05 22:46:48,567 - full-2 - WARNING - | end of epoch  67 | time:  8.43s |valid ppl   117.34 | valid loss:  4.91
2020-11-05 22:46:56,990 - full-2 - WARNING - | end of epoch  68 | time:  8.42s |valid ppl   117.34 | valid loss:  4.63
2020-11-05 22:47:05,410 - full-2 - WARNING - | end of epoch  69 | time:  8.42s |valid ppl   117.34 | valid loss:  4.72
2020-11-05 22:47:13,832 - full-2 - WARNING - | end of epoch  70 | time:  8.42s |valid ppl   117.34 | valid loss:  4.64
2020-11-05 22:47:22,248 - full-2 - WARNING - | end of epoch  71 | time:  8.42s |valid ppl   117.34 | valid loss:  4.93
2020-11-05 22:47:30,668 - full-2 - WARNING - | end of epoch  72 | time:  8.42s |valid ppl   117.34 | valid loss:  4.86
2020-11-05 22:47:39,094 - full-2 - WARNING - | end of epoch  73 | time:  8.43s |valid ppl   117.34 | valid loss:  4.83
2020-11-05 22:47:47,528 - full-2 - WARNING - | end of epoch  74 | time:  8.43s |valid ppl   117.34 | valid loss:  4.77
2020-11-05 22:47:55,967 - full-2 - WARNING - | end of epoch  75 | time:  8.44s |valid ppl   117.34 | valid loss:  4.91
2020-11-05 22:48:04,416 - full-2 - WARNING - | end of epoch  76 | time:  8.45s |valid ppl   117.34 | valid loss:  4.74
2020-11-05 22:48:12,856 - full-2 - WARNING - | end of epoch  77 | time:  8.44s |valid ppl   117.34 | valid loss:  4.65
2020-11-05 22:48:21,305 - full-2 - WARNING - | end of epoch  78 | time:  8.45s |valid ppl   117.34 | valid loss:  4.97
2020-11-05 22:48:29,760 - full-2 - WARNING - | end of epoch  79 | time:  8.46s |valid ppl   117.34 | valid loss:  4.75
2020-11-05 22:48:38,222 - full-2 - WARNING - | end of epoch  80 | time:  8.46s |valid ppl   117.34 | valid loss:  4.80
2020-11-05 22:48:46,684 - full-2 - WARNING - | end of epoch  81 | time:  8.46s |valid ppl   117.34 | valid loss:  4.70
2020-11-05 22:48:55,155 - full-2 - WARNING - | end of epoch  82 | time:  8.47s |valid ppl   117.34 | valid loss:  4.74
2020-11-05 22:49:03,629 - full-2 - WARNING - | end of epoch  83 | time:  8.47s |valid ppl   117.34 | valid loss:  4.60
2020-11-05 22:49:12,100 - full-2 - WARNING - | end of epoch  84 | time:  8.47s |valid ppl   117.34 | valid loss:  4.68
2020-11-05 22:49:20,577 - full-2 - WARNING - | end of epoch  85 | time:  8.48s |valid ppl   117.34 | valid loss:  4.74
2020-11-05 22:49:29,059 - full-2 - WARNING - | end of epoch  86 | time:  8.48s |valid ppl   117.34 | valid loss:  4.86
2020-11-05 22:49:37,545 - full-2 - WARNING - | end of epoch  87 | time:  8.49s |valid ppl   117.34 | valid loss:  4.78
2020-11-05 22:49:46,027 - full-2 - WARNING - | end of epoch  88 | time:  8.48s |valid ppl   117.34 | valid loss:  4.73
2020-11-05 22:49:54,513 - full-2 - WARNING - | end of epoch  89 | time:  8.49s |valid ppl   117.34 | valid loss:  4.72
2020-11-05 22:50:03,008 - full-2 - WARNING - | end of epoch  90 | time:  8.49s |valid ppl   117.34 | valid loss:  4.75
2020-11-05 22:50:11,499 - full-2 - WARNING - | end of epoch  91 | time:  8.49s |valid ppl   117.34 | valid loss:  4.53
2020-11-05 22:50:19,990 - full-2 - WARNING - | end of epoch  92 | time:  8.49s |valid ppl   117.34 | valid loss:  4.68
2020-11-05 22:50:28,485 - full-2 - WARNING - | end of epoch  93 | time:  8.49s |valid ppl   117.34 | valid loss:  4.76
2020-11-05 22:50:36,992 - full-2 - WARNING - | end of epoch  94 | time:  8.51s |valid ppl   117.34 | valid loss:  4.71
2020-11-05 22:50:45,495 - full-2 - WARNING - | end of epoch  95 | time:  8.50s |valid ppl   117.34 | valid loss:  4.90
2020-11-05 22:50:54,006 - full-2 - WARNING - | end of epoch  96 | time:  8.51s |valid ppl   117.34 | valid loss:  4.87
2020-11-05 22:51:02,511 - full-2 - WARNING - | end of epoch  97 | time:  8.50s |valid ppl   117.34 | valid loss:  4.78
2020-11-05 22:51:11,013 - full-2 - WARNING - | end of epoch  98 | time:  8.50s |valid ppl   117.34 | valid loss:  4.83
2020-11-05 22:51:19,514 - full-2 - WARNING - | end of epoch  99 | time:  8.50s |valid ppl   117.34 | valid loss:  4.88
2020-11-05 22:51:28,014 - full-2 - WARNING - | end of epoch 100 | time:  8.50s |valid ppl   117.34 | valid loss:  4.68
2020-11-05 22:51:36,525 - full-2 - WARNING - | end of epoch 101 | time:  8.51s |valid ppl   117.34 | valid loss:  4.76
2020-11-05 22:51:45,018 - full-2 - WARNING - | end of epoch 102 | time:  8.49s |valid ppl   117.34 | valid loss:  4.84
2020-11-05 22:51:53,509 - full-2 - WARNING - | end of epoch 103 | time:  8.49s |valid ppl   117.34 | valid loss:  4.85
2020-11-05 22:52:02,017 - full-2 - WARNING - | end of epoch 104 | time:  8.51s |valid ppl   117.34 | valid loss:  4.61
2020-11-05 22:52:10,504 - full-2 - WARNING - | end of epoch 105 | time:  8.49s |valid ppl   117.34 | valid loss:  4.71
2020-11-05 22:52:18,991 - full-2 - WARNING - | end of epoch 106 | time:  8.49s |valid ppl   117.34 | valid loss:  4.81
2020-11-05 22:52:27,480 - full-2 - WARNING - | end of epoch 107 | time:  8.49s |valid ppl   117.34 | valid loss:  5.07
2020-11-05 22:52:35,963 - full-2 - WARNING - | end of epoch 108 | time:  8.48s |valid ppl   117.34 | valid loss:  4.83
2020-11-05 22:52:44,438 - full-2 - WARNING - | end of epoch 109 | time:  8.48s |valid ppl   117.34 | valid loss:  4.78
2020-11-05 22:52:52,911 - full-2 - WARNING - | end of epoch 110 | time:  8.47s |valid ppl   117.34 | valid loss:  4.76
2020-11-05 22:53:01,392 - full-2 - WARNING - | end of epoch 111 | time:  8.48s |valid ppl   117.34 | valid loss:  4.71
2020-11-05 22:53:09,855 - full-2 - WARNING - | end of epoch 112 | time:  8.46s |valid ppl   117.34 | valid loss:  4.85
2020-11-05 22:53:18,319 - full-2 - WARNING - | end of epoch 113 | time:  8.46s |valid ppl   117.34 | valid loss:  4.76
2020-11-05 22:53:26,774 - full-2 - WARNING - | end of epoch 114 | time:  8.45s |valid ppl   117.34 | valid loss:  4.69
2020-11-05 22:53:35,235 - full-2 - WARNING - | end of epoch 115 | time:  8.46s |valid ppl   117.34 | valid loss:  4.82
2020-11-05 22:53:43,696 - full-2 - WARNING - | end of epoch 116 | time:  8.46s |valid ppl   117.34 | valid loss:  4.64
2020-11-05 22:53:52,158 - full-2 - WARNING - | end of epoch 117 | time:  8.46s |valid ppl   117.34 | valid loss:  4.76
2020-11-05 22:54:00,624 - full-2 - WARNING - | end of epoch 118 | time:  8.47s |valid ppl   117.34 | valid loss:  4.80
2020-11-05 22:54:09,106 - full-2 - WARNING - | end of epoch 119 | time:  8.48s |valid ppl   117.34 | valid loss:  4.66
2020-11-05 22:54:17,581 - full-2 - WARNING - | end of epoch 120 | time:  8.48s |valid ppl   117.34 | valid loss:  4.74
2020-11-05 22:54:26,057 - full-2 - WARNING - | end of epoch 121 | time:  8.48s |valid ppl   117.34 | valid loss:  4.65
2020-11-05 22:54:34,539 - full-2 - WARNING - | end of epoch 122 | time:  8.48s |valid ppl   117.34 | valid loss:  4.81
2020-11-05 22:54:43,019 - full-2 - WARNING - | end of epoch 123 | time:  8.48s |valid ppl   117.34 | valid loss:  4.75
2020-11-05 22:54:51,508 - full-2 - WARNING - | end of epoch 124 | time:  8.49s |valid ppl   117.34 | valid loss:  4.81
2020-11-05 22:54:59,983 - full-2 - WARNING - | end of epoch 125 | time:  8.48s |valid ppl   117.34 | valid loss:  4.86
2020-11-05 22:55:08,472 - full-2 - WARNING - | end of epoch 126 | time:  8.49s |valid ppl   117.34 | valid loss:  4.78
2020-11-05 22:55:16,968 - full-2 - WARNING - | end of epoch 127 | time:  8.50s |valid ppl   117.34 | valid loss:  4.73
2020-11-05 22:55:25,439 - full-2 - WARNING - | end of epoch 128 | time:  8.47s |valid ppl   117.34 | valid loss:  4.86
2020-11-05 22:55:33,898 - full-2 - WARNING - | end of epoch 129 | time:  8.46s |valid ppl   117.34 | valid loss:  4.85
2020-11-05 22:55:42,370 - full-2 - WARNING - | end of epoch 130 | time:  8.47s |valid ppl   117.34 | valid loss:  4.85
2020-11-05 22:55:50,861 - full-2 - WARNING - | end of epoch 131 | time:  8.49s |valid ppl   117.34 | valid loss:  4.74
2020-11-05 22:55:59,387 - full-2 - WARNING - | end of epoch 132 | time:  8.53s |valid ppl   117.34 | valid loss:  4.75
2020-11-05 22:56:07,912 - full-2 - WARNING - | end of epoch 133 | time:  8.52s |valid ppl   117.34 | valid loss:  4.80
2020-11-05 22:56:16,438 - full-2 - WARNING - | end of epoch 134 | time:  8.53s |valid ppl   117.34 | valid loss:  4.68
2020-11-05 22:56:24,960 - full-2 - WARNING - | end of epoch 135 | time:  8.52s |valid ppl   117.34 | valid loss:  4.66
2020-11-05 22:56:33,489 - full-2 - WARNING - | end of epoch 136 | time:  8.53s |valid ppl   117.34 | valid loss:  4.76
2020-11-05 22:56:41,969 - full-2 - WARNING - | end of epoch 137 | time:  8.48s |valid ppl   117.34 | valid loss:  4.72
2020-11-05 22:56:50,447 - full-2 - WARNING - | end of epoch 138 | time:  8.48s |valid ppl   117.34 | valid loss:  4.86
2020-11-05 22:56:58,939 - full-2 - WARNING - | end of epoch 139 | time:  8.49s |valid ppl   117.34 | valid loss:  4.82
2020-11-05 22:57:07,430 - full-2 - WARNING - | end of epoch 140 | time:  8.49s |valid ppl   117.34 | valid loss:  4.49
2020-11-05 22:57:15,934 - full-2 - WARNING - | end of epoch 141 | time:  8.50s |valid ppl   117.34 | valid loss:  4.70
2020-11-05 22:57:24,432 - full-2 - WARNING - | end of epoch 142 | time:  8.50s |valid ppl   117.34 | valid loss:  4.85
2020-11-05 22:57:32,941 - full-2 - WARNING - | end of epoch 143 | time:  8.51s |valid ppl   117.34 | valid loss:  4.80
2020-11-05 22:57:41,446 - full-2 - WARNING - | end of epoch 144 | time:  8.50s |valid ppl   117.34 | valid loss:  4.80
2020-11-05 22:57:49,949 - full-2 - WARNING - | end of epoch 145 | time:  8.50s |valid ppl   117.34 | valid loss:  4.81
2020-11-05 22:57:58,473 - full-2 - WARNING - | end of epoch 146 | time:  8.52s |valid ppl   117.34 | valid loss:  4.80
2020-11-05 22:58:06,993 - full-2 - WARNING - | end of epoch 147 | time:  8.52s |valid ppl   117.34 | valid loss:  4.77
2020-11-05 22:58:15,505 - full-2 - WARNING - | end of epoch 148 | time:  8.51s |valid ppl   117.34 | valid loss:  4.72
2020-11-05 22:58:24,016 - full-2 - WARNING - | end of epoch 149 | time:  8.51s |valid ppl   117.34 | valid loss:  4.70
2020-11-05 22:58:32,540 - full-2 - WARNING - | end of epoch 150 | time:  8.52s |valid ppl   117.34 | valid loss:  4.50
2020-11-05 22:58:41,072 - full-2 - WARNING - | end of epoch 151 | time:  8.53s |valid ppl   117.34 | valid loss:  4.66
2020-11-05 22:58:49,598 - full-2 - WARNING - | end of epoch 152 | time:  8.53s |valid ppl   117.34 | valid loss:  4.86
2020-11-05 22:58:58,121 - full-2 - WARNING - | end of epoch 153 | time:  8.52s |valid ppl   117.34 | valid loss:  4.81
2020-11-05 22:59:06,650 - full-2 - WARNING - | end of epoch 154 | time:  8.53s |valid ppl   117.34 | valid loss:  4.66
2020-11-05 22:59:15,187 - full-2 - WARNING - | end of epoch 155 | time:  8.54s |valid ppl   117.34 | valid loss:  4.76
2020-11-05 22:59:23,718 - full-2 - WARNING - | end of epoch 156 | time:  8.53s |valid ppl   117.34 | valid loss:  4.74
2020-11-05 22:59:32,252 - full-2 - WARNING - | end of epoch 157 | time:  8.53s |valid ppl   117.34 | valid loss:  4.80
2020-11-05 22:59:40,791 - full-2 - WARNING - | end of epoch 158 | time:  8.54s |valid ppl   117.34 | valid loss:  4.72
2020-11-05 22:59:49,328 - full-2 - WARNING - | end of epoch 159 | time:  8.54s |valid ppl   117.34 | valid loss:  4.58
2020-11-05 22:59:57,860 - full-2 - WARNING - | end of epoch 160 | time:  8.53s |valid ppl   117.34 | valid loss:  4.67
2020-11-05 23:00:06,395 - full-2 - WARNING - | end of epoch 161 | time:  8.53s |valid ppl   117.34 | valid loss:  4.68
2020-11-05 23:00:14,931 - full-2 - WARNING - | end of epoch 162 | time:  8.54s |valid ppl   117.34 | valid loss:  4.89
2020-11-05 23:00:23,455 - full-2 - WARNING - | end of epoch 163 | time:  8.52s |valid ppl   117.34 | valid loss:  4.77
2020-11-05 23:00:31,974 - full-2 - WARNING - | end of epoch 164 | time:  8.52s |valid ppl   117.34 | valid loss:  4.74
2020-11-05 23:00:40,494 - full-2 - WARNING - | end of epoch 165 | time:  8.52s |valid ppl   117.34 | valid loss:  4.59
2020-11-05 23:00:49,017 - full-2 - WARNING - | end of epoch 166 | time:  8.52s |valid ppl   117.34 | valid loss:  4.74
2020-11-05 23:00:57,533 - full-2 - WARNING - | end of epoch 167 | time:  8.52s |valid ppl   117.34 | valid loss:  4.64
2020-11-05 23:01:06,055 - full-2 - WARNING - | end of epoch 168 | time:  8.52s |valid ppl   117.34 | valid loss:  4.69
2020-11-05 23:01:14,571 - full-2 - WARNING - | end of epoch 169 | time:  8.51s |valid ppl   117.34 | valid loss:  4.74
2020-11-05 23:01:23,086 - full-2 - WARNING - | end of epoch 170 | time:  8.51s |valid ppl   117.34 | valid loss:  4.77
2020-11-05 23:01:31,592 - full-2 - WARNING - | end of epoch 171 | time:  8.51s |valid ppl   117.34 | valid loss:  4.87
2020-11-05 23:01:40,100 - full-2 - WARNING - | end of epoch 172 | time:  8.51s |valid ppl   117.34 | valid loss:  4.86
2020-11-05 23:01:48,615 - full-2 - WARNING - | end of epoch 173 | time:  8.52s |valid ppl   117.34 | valid loss:  4.70
2020-11-05 23:01:57,125 - full-2 - WARNING - | end of epoch 174 | time:  8.51s |valid ppl   117.34 | valid loss:  4.66
2020-11-05 23:02:05,635 - full-2 - WARNING - | end of epoch 175 | time:  8.51s |valid ppl   117.34 | valid loss:  4.80
2020-11-05 23:02:14,153 - full-2 - WARNING - | end of epoch 176 | time:  8.52s |valid ppl   117.34 | valid loss:  4.75
2020-11-05 23:02:22,643 - full-2 - WARNING - | end of epoch 177 | time:  8.49s |valid ppl   117.34 | valid loss:  4.96
2020-11-05 23:02:31,132 - full-2 - WARNING - | end of epoch 178 | time:  8.49s |valid ppl   117.34 | valid loss:  4.73
2020-11-05 23:02:39,620 - full-2 - WARNING - | end of epoch 179 | time:  8.49s |valid ppl   117.34 | valid loss:  4.81
2020-11-05 23:02:48,111 - full-2 - WARNING - | end of epoch 180 | time:  8.49s |valid ppl   117.34 | valid loss:  4.73
2020-11-05 23:02:56,589 - full-2 - WARNING - | end of epoch 181 | time:  8.48s |valid ppl   117.34 | valid loss:  4.63
2020-11-05 23:03:05,100 - full-2 - WARNING - | end of epoch 182 | time:  8.51s |valid ppl   117.34 | valid loss:  4.85
2020-11-05 23:03:13,602 - full-2 - WARNING - | end of epoch 183 | time:  8.50s |valid ppl   117.34 | valid loss:  4.78
2020-11-05 23:03:22,098 - full-2 - WARNING - | end of epoch 184 | time:  8.50s |valid ppl   117.34 | valid loss:  4.71
2020-11-05 23:03:30,588 - full-2 - WARNING - | end of epoch 185 | time:  8.49s |valid ppl   117.34 | valid loss:  4.75
2020-11-05 23:03:39,077 - full-2 - WARNING - | end of epoch 186 | time:  8.49s |valid ppl   117.34 | valid loss:  4.67
2020-11-05 23:03:47,571 - full-2 - WARNING - | end of epoch 187 | time:  8.49s |valid ppl   117.34 | valid loss:  4.75
2020-11-05 23:03:56,065 - full-2 - WARNING - | end of epoch 188 | time:  8.49s |valid ppl   117.34 | valid loss:  4.88
2020-11-05 23:04:04,559 - full-2 - WARNING - | end of epoch 189 | time:  8.49s |valid ppl   117.34 | valid loss:  4.62
2020-11-05 23:04:13,043 - full-2 - WARNING - | end of epoch 190 | time:  8.48s |valid ppl   117.34 | valid loss:  4.90
2020-11-05 23:04:21,525 - full-2 - WARNING - | end of epoch 191 | time:  8.48s |valid ppl   117.34 | valid loss:  4.85
2020-11-05 23:04:29,996 - full-2 - WARNING - | end of epoch 192 | time:  8.47s |valid ppl   117.34 | valid loss:  4.83
2020-11-05 23:04:38,464 - full-2 - WARNING - | end of epoch 193 | time:  8.47s |valid ppl   117.34 | valid loss:  4.84
2020-11-05 23:04:46,929 - full-2 - WARNING - | end of epoch 194 | time:  8.46s |valid ppl   117.34 | valid loss:  4.84
2020-11-05 23:04:55,395 - full-2 - WARNING - | end of epoch 195 | time:  8.47s |valid ppl   117.34 | valid loss:  4.75
2020-11-05 23:05:03,872 - full-2 - WARNING - | end of epoch 196 | time:  8.48s |valid ppl   117.34 | valid loss:  4.72
2020-11-05 23:05:12,347 - full-2 - WARNING - | end of epoch 197 | time:  8.47s |valid ppl   117.34 | valid loss:  4.60
2020-11-05 23:05:20,834 - full-2 - WARNING - | end of epoch 198 | time:  8.49s |valid ppl   117.34 | valid loss:  5.04
2020-11-05 23:05:29,335 - full-2 - WARNING - | end of epoch 199 | time:  8.50s |valid ppl   117.34 | valid loss:  4.80
2020-11-05 23:05:37,836 - full-2 - WARNING - | end of epoch 200 | time:  8.50s |valid ppl   117.34 | valid loss:  4.93
2020-11-05 23:05:46,343 - full-2 - WARNING - | end of epoch 201 | time:  8.51s |valid ppl   117.34 | valid loss:  4.73
2020-11-05 23:05:54,859 - full-2 - WARNING - | end of epoch 202 | time:  8.52s |valid ppl   117.34 | valid loss:  4.64
2020-11-05 23:06:03,393 - full-2 - WARNING - | end of epoch 203 | time:  8.53s |valid ppl   117.34 | valid loss:  4.67
2020-11-05 23:06:11,924 - full-2 - WARNING - | end of epoch 204 | time:  8.53s |valid ppl   117.34 | valid loss:  4.80
2020-11-05 23:06:20,458 - full-2 - WARNING - | end of epoch 205 | time:  8.53s |valid ppl   117.34 | valid loss:  4.67
2020-11-05 23:06:28,996 - full-2 - WARNING - | end of epoch 206 | time:  8.54s |valid ppl   117.34 | valid loss:  4.77
2020-11-05 23:06:37,531 - full-2 - WARNING - | end of epoch 207 | time:  8.53s |valid ppl   117.34 | valid loss:  4.92
2020-11-05 23:06:46,070 - full-2 - WARNING - | end of epoch 208 | time:  8.54s |valid ppl   117.34 | valid loss:  4.77
2020-11-05 23:06:54,600 - full-2 - WARNING - | end of epoch 209 | time:  8.53s |valid ppl   117.34 | valid loss:  4.65
2020-11-05 23:07:03,146 - full-2 - WARNING - | end of epoch 210 | time:  8.55s |valid ppl   117.34 | valid loss:  4.72
2020-11-05 23:07:11,688 - full-2 - WARNING - | end of epoch 211 | time:  8.54s |valid ppl   117.34 | valid loss:  4.79
2020-11-05 23:07:20,224 - full-2 - WARNING - | end of epoch 212 | time:  8.54s |valid ppl   117.34 | valid loss:  4.80
2020-11-05 23:07:28,789 - full-2 - WARNING - | end of epoch 213 | time:  8.57s |valid ppl   117.34 | valid loss:  4.63
2020-11-05 23:07:37,333 - full-2 - WARNING - | end of epoch 214 | time:  8.54s |valid ppl   117.34 | valid loss:  4.97
2020-11-05 23:07:45,881 - full-2 - WARNING - | end of epoch 215 | time:  8.55s |valid ppl   117.34 | valid loss:  4.69
2020-11-05 23:07:54,429 - full-2 - WARNING - | end of epoch 216 | time:  8.55s |valid ppl   117.34 | valid loss:  4.77
2020-11-05 23:08:02,981 - full-2 - WARNING - | end of epoch 217 | time:  8.55s |valid ppl   117.34 | valid loss:  4.67
2020-11-05 23:08:11,529 - full-2 - WARNING - | end of epoch 218 | time:  8.55s |valid ppl   117.34 | valid loss:  4.73
2020-11-05 23:08:20,081 - full-2 - WARNING - | end of epoch 219 | time:  8.55s |valid ppl   117.34 | valid loss:  4.55
2020-11-05 23:08:28,631 - full-2 - WARNING - | end of epoch 220 | time:  8.55s |valid ppl   117.34 | valid loss:  4.70
2020-11-05 23:08:37,175 - full-2 - WARNING - | end of epoch 221 | time:  8.54s |valid ppl   117.34 | valid loss:  4.77
2020-11-05 23:08:45,723 - full-2 - WARNING - | end of epoch 222 | time:  8.55s |valid ppl   117.34 | valid loss:  4.64
2020-11-05 23:08:54,267 - full-2 - WARNING - | end of epoch 223 | time:  8.54s |valid ppl   117.34 | valid loss:  4.77
2020-11-05 23:09:02,816 - full-2 - WARNING - | end of epoch 224 | time:  8.55s |valid ppl   117.34 | valid loss:  4.74
2020-11-05 23:09:11,351 - full-2 - WARNING - | end of epoch 225 | time:  8.53s |valid ppl   117.34 | valid loss:  4.85
2020-11-05 23:09:19,899 - full-2 - WARNING - | end of epoch 226 | time:  8.55s |valid ppl   117.34 | valid loss:  4.81
2020-11-05 23:09:28,435 - full-2 - WARNING - | end of epoch 227 | time:  8.54s |valid ppl   117.34 | valid loss:  4.85
2020-11-05 23:09:36,953 - full-2 - WARNING - | end of epoch 228 | time:  8.52s |valid ppl   117.34 | valid loss:  4.77
2020-11-05 23:09:45,458 - full-2 - WARNING - | end of epoch 229 | time:  8.50s |valid ppl   117.34 | valid loss:  4.71
2020-11-05 23:09:53,954 - full-2 - WARNING - | end of epoch 230 | time:  8.50s |valid ppl   117.34 | valid loss:  4.85
2020-11-05 23:10:02,461 - full-2 - WARNING - | end of epoch 231 | time:  8.51s |valid ppl   117.34 | valid loss:  4.73
2020-11-05 23:10:10,951 - full-2 - WARNING - | end of epoch 232 | time:  8.49s |valid ppl   117.34 | valid loss:  4.68
2020-11-05 23:10:19,439 - full-2 - WARNING - | end of epoch 233 | time:  8.49s |valid ppl   117.34 | valid loss:  4.74
2020-11-05 23:10:27,928 - full-2 - WARNING - | end of epoch 234 | time:  8.49s |valid ppl   117.34 | valid loss:  4.77
2020-11-05 23:10:36,425 - full-2 - WARNING - | end of epoch 235 | time:  8.50s |valid ppl   117.34 | valid loss:  4.86
2020-11-05 23:10:44,919 - full-2 - WARNING - | end of epoch 236 | time:  8.49s |valid ppl   117.34 | valid loss:  4.73
2020-11-05 23:10:53,422 - full-2 - WARNING - | end of epoch 237 | time:  8.50s |valid ppl   117.34 | valid loss:  4.70
2020-11-05 23:11:01,935 - full-2 - WARNING - | end of epoch 238 | time:  8.51s |valid ppl   117.34 | valid loss:  4.75
2020-11-05 23:11:10,435 - full-2 - WARNING - | end of epoch 239 | time:  8.50s |valid ppl   117.34 | valid loss:  4.81
2020-11-05 23:11:18,933 - full-2 - WARNING - | end of epoch 240 | time:  8.50s |valid ppl   117.34 | valid loss:  4.61
2020-11-05 23:11:27,420 - full-2 - WARNING - | end of epoch 241 | time:  8.49s |valid ppl   117.34 | valid loss:  4.73
2020-11-05 23:11:35,902 - full-2 - WARNING - | end of epoch 242 | time:  8.48s |valid ppl   117.34 | valid loss:  4.81
2020-11-05 23:11:44,384 - full-2 - WARNING - | end of epoch 243 | time:  8.48s |valid ppl   117.34 | valid loss:  4.79
2020-11-05 23:11:52,866 - full-2 - WARNING - | end of epoch 244 | time:  8.48s |valid ppl   117.34 | valid loss:  4.71
2020-11-05 23:12:01,372 - full-2 - WARNING - | end of epoch 245 | time:  8.51s |valid ppl   117.34 | valid loss:  4.82
2020-11-05 23:12:09,891 - full-2 - WARNING - | end of epoch 246 | time:  8.52s |valid ppl   117.34 | valid loss:  4.86
2020-11-05 23:12:18,404 - full-2 - WARNING - | end of epoch 247 | time:  8.51s |valid ppl   117.34 | valid loss:  4.85
2020-11-05 23:12:26,902 - full-2 - WARNING - | end of epoch 248 | time:  8.50s |valid ppl   117.34 | valid loss:  4.71
2020-11-05 23:12:35,421 - full-2 - WARNING - | end of epoch 249 | time:  8.52s |valid ppl   117.34 | valid loss:  4.65
2020-11-05 23:12:43,925 - full-2 - WARNING - | end of epoch 250 | time:  8.50s |valid ppl   117.34 | valid loss:  4.93
2020-11-05 23:12:52,434 - full-2 - WARNING - | end of epoch 251 | time:  8.51s |valid ppl   117.34 | valid loss:  4.80
2020-11-05 23:13:00,956 - full-2 - WARNING - | end of epoch 252 | time:  8.52s |valid ppl   117.34 | valid loss:  4.76
2020-11-05 23:13:09,467 - full-2 - WARNING - | end of epoch 253 | time:  8.51s |valid ppl   117.34 | valid loss:  4.84
2020-11-05 23:13:17,988 - full-2 - WARNING - | end of epoch 254 | time:  8.52s |valid ppl   117.34 | valid loss:  4.66
2020-11-05 23:13:26,498 - full-2 - WARNING - | end of epoch 255 | time:  8.51s |valid ppl   117.34 | valid loss:  4.84
2020-11-05 23:13:35,007 - full-2 - WARNING - | end of epoch 256 | time:  8.51s |valid ppl   117.34 | valid loss:  4.75
2020-11-05 23:13:43,518 - full-2 - WARNING - | end of epoch 257 | time:  8.51s |valid ppl   117.34 | valid loss:  4.74
2020-11-05 23:13:52,150 - full-2 - WARNING - | end of epoch 258 | time:  8.63s |valid ppl   117.34 | valid loss:  4.68
2020-11-05 23:14:00,858 - full-2 - WARNING - | end of epoch 259 | time:  8.71s |valid ppl   117.34 | valid loss:  4.84
2020-11-05 23:14:09,352 - full-2 - WARNING - | end of epoch 260 | time:  8.49s |valid ppl   117.34 | valid loss:  4.85
2020-11-05 23:14:17,843 - full-2 - WARNING - | end of epoch 261 | time:  8.49s |valid ppl   117.34 | valid loss:  4.67
2020-11-05 23:14:26,341 - full-2 - WARNING - | end of epoch 262 | time:  8.50s |valid ppl   117.34 | valid loss:  4.83
2020-11-05 23:14:34,854 - full-2 - WARNING - | end of epoch 263 | time:  8.51s |valid ppl   117.34 | valid loss:  4.89
2020-11-05 23:14:43,368 - full-2 - WARNING - | end of epoch 264 | time:  8.51s |valid ppl   117.34 | valid loss:  4.75
2020-11-05 23:14:51,883 - full-2 - WARNING - | end of epoch 265 | time:  8.51s |valid ppl   117.34 | valid loss:  4.73
2020-11-05 23:15:00,408 - full-2 - WARNING - | end of epoch 266 | time:  8.52s |valid ppl   117.34 | valid loss:  4.73
2020-11-05 23:15:08,941 - full-2 - WARNING - | end of epoch 267 | time:  8.53s |valid ppl   117.34 | valid loss:  4.84
2020-11-05 23:15:17,473 - full-2 - WARNING - | end of epoch 268 | time:  8.53s |valid ppl   117.34 | valid loss:  4.95
2020-11-05 23:15:26,007 - full-2 - WARNING - | end of epoch 269 | time:  8.53s |valid ppl   117.34 | valid loss:  4.74
2020-11-05 23:15:34,542 - full-2 - WARNING - | end of epoch 270 | time:  8.53s |valid ppl   117.34 | valid loss:  4.72
2020-11-05 23:15:43,079 - full-2 - WARNING - | end of epoch 271 | time:  8.54s |valid ppl   117.34 | valid loss:  4.59
2020-11-05 23:15:51,620 - full-2 - WARNING - | end of epoch 272 | time:  8.54s |valid ppl   117.34 | valid loss:  4.74
2020-11-05 23:16:00,156 - full-2 - WARNING - | end of epoch 273 | time:  8.54s |valid ppl   117.34 | valid loss:  4.81
2020-11-05 23:16:08,709 - full-2 - WARNING - | end of epoch 274 | time:  8.55s |valid ppl   117.34 | valid loss:  4.89
2020-11-05 23:16:17,271 - full-2 - WARNING - | end of epoch 275 | time:  8.56s |valid ppl   117.34 | valid loss:  4.69
2020-11-05 23:16:25,816 - full-2 - WARNING - | end of epoch 276 | time:  8.54s |valid ppl   117.34 | valid loss:  4.87
2020-11-05 23:16:34,366 - full-2 - WARNING - | end of epoch 277 | time:  8.55s |valid ppl   117.34 | valid loss:  4.47
2020-11-05 23:16:42,919 - full-2 - WARNING - | end of epoch 278 | time:  8.55s |valid ppl   117.34 | valid loss:  4.80
2020-11-05 23:16:51,473 - full-2 - WARNING - | end of epoch 279 | time:  8.55s |valid ppl   117.34 | valid loss:  4.76
2020-11-05 23:17:00,027 - full-2 - WARNING - | end of epoch 280 | time:  8.55s |valid ppl   117.34 | valid loss:  4.65
2020-11-05 23:17:08,589 - full-2 - WARNING - | end of epoch 281 | time:  8.56s |valid ppl   117.34 | valid loss:  4.81
2020-11-05 23:17:17,150 - full-2 - WARNING - | end of epoch 282 | time:  8.56s |valid ppl   117.34 | valid loss:  4.59
2020-11-05 23:17:25,708 - full-2 - WARNING - | end of epoch 283 | time:  8.56s |valid ppl   117.34 | valid loss:  4.66
2020-11-05 23:17:34,258 - full-2 - WARNING - | end of epoch 284 | time:  8.55s |valid ppl   117.34 | valid loss:  4.78
2020-11-05 23:17:42,801 - full-2 - WARNING - | end of epoch 285 | time:  8.54s |valid ppl   117.34 | valid loss:  4.69
2020-11-05 23:17:51,353 - full-2 - WARNING - | end of epoch 286 | time:  8.55s |valid ppl   117.34 | valid loss:  4.92
2020-11-05 23:17:59,900 - full-2 - WARNING - | end of epoch 287 | time:  8.55s |valid ppl   117.34 | valid loss:  4.76
2020-11-05 23:18:08,438 - full-2 - WARNING - | end of epoch 288 | time:  8.54s |valid ppl   117.34 | valid loss:  4.58
2020-11-05 23:18:16,977 - full-2 - WARNING - | end of epoch 289 | time:  8.54s |valid ppl   117.34 | valid loss:  4.77
2020-11-05 23:18:25,501 - full-2 - WARNING - | end of epoch 290 | time:  8.52s |valid ppl   117.34 | valid loss:  4.82
2020-11-05 23:18:34,089 - full-2 - WARNING - | end of epoch 291 | time:  8.53s |valid ppl   117.34 | valid loss:  4.70
2020-11-05 23:18:42,614 - full-2 - WARNING - | end of epoch 292 | time:  8.53s |valid ppl   117.34 | valid loss:  4.69
2020-11-05 23:18:51,123 - full-2 - WARNING - | end of epoch 293 | time:  8.51s |valid ppl   117.34 | valid loss:  4.56
2020-11-05 23:18:59,635 - full-2 - WARNING - | end of epoch 294 | time:  8.51s |valid ppl   117.34 | valid loss:  4.87
2020-11-05 23:19:08,152 - full-2 - WARNING - | end of epoch 295 | time:  8.52s |valid ppl   117.34 | valid loss:  4.95
2020-11-05 23:19:16,669 - full-2 - WARNING - | end of epoch 296 | time:  8.52s |valid ppl   117.34 | valid loss:  4.84
2020-11-05 23:19:25,174 - full-2 - WARNING - | end of epoch 297 | time:  8.50s |valid ppl   117.34 | valid loss:  4.84
2020-11-05 23:19:33,685 - full-2 - WARNING - | end of epoch 298 | time:  8.51s |valid ppl   117.34 | valid loss:  4.84
2020-11-05 23:19:42,199 - full-2 - WARNING - | end of epoch 299 | time:  8.51s |valid ppl   117.34 | valid loss:  4.77
2020-11-05 23:19:50,720 - full-2 - WARNING - | end of epoch 300 | time:  8.52s |valid ppl   117.34 | valid loss:  4.78
2020-11-05 23:19:59,228 - full-2 - WARNING - | end of epoch 301 | time:  8.51s |valid ppl   117.34 | valid loss:  4.67
2020-11-05 23:20:07,754 - full-2 - WARNING - | end of epoch 302 | time:  8.53s |valid ppl   117.34 | valid loss:  4.71
2020-11-05 23:20:16,266 - full-2 - WARNING - | end of epoch 303 | time:  8.51s |valid ppl   117.34 | valid loss:  4.76
2020-11-05 23:20:24,769 - full-2 - WARNING - | end of epoch 304 | time:  8.50s |valid ppl   117.34 | valid loss:  4.70
2020-11-05 23:20:33,283 - full-2 - WARNING - | end of epoch 305 | time:  8.51s |valid ppl   117.34 | valid loss:  4.83
2020-11-05 23:20:41,784 - full-2 - WARNING - | end of epoch 306 | time:  8.50s |valid ppl   117.34 | valid loss:  4.50
2020-11-05 23:20:50,298 - full-2 - WARNING - | end of epoch 307 | time:  8.51s |valid ppl   117.34 | valid loss:  4.77
2020-11-05 23:20:58,795 - full-2 - WARNING - | end of epoch 308 | time:  8.50s |valid ppl   117.34 | valid loss:  4.75
2020-11-05 23:21:07,291 - full-2 - WARNING - | end of epoch 309 | time:  8.50s |valid ppl   117.34 | valid loss:  4.75
2020-11-05 23:21:15,796 - full-2 - WARNING - | end of epoch 310 | time:  8.50s |valid ppl   117.34 | valid loss:  4.78
2020-11-05 23:21:24,295 - full-2 - WARNING - | end of epoch 311 | time:  8.50s |valid ppl   117.34 | valid loss:  4.75
2020-11-05 23:21:32,798 - full-2 - WARNING - | end of epoch 312 | time:  8.50s |valid ppl   117.34 | valid loss:  4.68
2020-11-05 23:21:41,292 - full-2 - WARNING - | end of epoch 313 | time:  8.49s |valid ppl   117.34 | valid loss:  4.66
2020-11-05 23:21:49,791 - full-2 - WARNING - | end of epoch 314 | time:  8.50s |valid ppl   117.34 | valid loss:  4.83
2020-11-05 23:21:58,289 - full-2 - WARNING - | end of epoch 315 | time:  8.50s |valid ppl   117.34 | valid loss:  4.69
2020-11-05 23:22:06,794 - full-2 - WARNING - | end of epoch 316 | time:  8.50s |valid ppl   117.34 | valid loss:  4.74
2020-11-05 23:22:15,295 - full-2 - WARNING - | end of epoch 317 | time:  8.50s |valid ppl   117.34 | valid loss:  4.82
2020-11-05 23:22:23,797 - full-2 - WARNING - | end of epoch 318 | time:  8.50s |valid ppl   117.34 | valid loss:  4.71
2020-11-05 23:22:32,291 - full-2 - WARNING - | end of epoch 319 | time:  8.49s |valid ppl   117.34 | valid loss:  4.63
2020-11-05 23:22:40,767 - full-2 - WARNING - | end of epoch 320 | time:  8.48s |valid ppl   117.34 | valid loss:  4.68
2020-11-05 23:22:49,263 - full-2 - WARNING - | end of epoch 321 | time:  8.49s |valid ppl   117.34 | valid loss:  4.93
2020-11-05 23:22:57,765 - full-2 - WARNING - | end of epoch 322 | time:  8.50s |valid ppl   117.34 | valid loss:  4.52
2020-11-05 23:23:06,276 - full-2 - WARNING - | end of epoch 323 | time:  8.51s |valid ppl   117.34 | valid loss:  4.60
2020-11-05 23:23:14,791 - full-2 - WARNING - | end of epoch 324 | time:  8.51s |valid ppl   117.34 | valid loss:  4.73
2020-11-05 23:23:23,307 - full-2 - WARNING - | end of epoch 325 | time:  8.52s |valid ppl   117.34 | valid loss:  4.81
2020-11-05 23:23:31,827 - full-2 - WARNING - | end of epoch 326 | time:  8.52s |valid ppl   117.34 | valid loss:  5.07
2020-11-05 23:23:40,347 - full-2 - WARNING - | end of epoch 327 | time:  8.52s |valid ppl   117.34 | valid loss:  4.60
2020-11-05 23:23:48,884 - full-2 - WARNING - | end of epoch 328 | time:  8.54s |valid ppl   117.34 | valid loss:  4.76
2020-11-05 23:23:57,413 - full-2 - WARNING - | end of epoch 329 | time:  8.53s |valid ppl   117.34 | valid loss:  4.91
2020-11-05 23:24:05,962 - full-2 - WARNING - | end of epoch 330 | time:  8.55s |valid ppl   117.34 | valid loss:  4.82
2020-11-05 23:24:14,495 - full-2 - WARNING - | end of epoch 331 | time:  8.53s |valid ppl   117.34 | valid loss:  4.81
2020-11-05 23:24:23,035 - full-2 - WARNING - | end of epoch 332 | time:  8.54s |valid ppl   117.34 | valid loss:  4.86
2020-11-05 23:24:31,590 - full-2 - WARNING - | end of epoch 333 | time:  8.55s |valid ppl   117.34 | valid loss:  4.55
2020-11-05 23:24:40,131 - full-2 - WARNING - | end of epoch 334 | time:  8.54s |valid ppl   117.34 | valid loss:  4.78
2020-11-05 23:24:48,679 - full-2 - WARNING - | end of epoch 335 | time:  8.55s |valid ppl   117.34 | valid loss:  4.88
2020-11-05 23:24:57,227 - full-2 - WARNING - | end of epoch 336 | time:  8.55s |valid ppl   117.34 | valid loss:  4.79
2020-11-05 23:25:05,780 - full-2 - WARNING - | end of epoch 337 | time:  8.55s |valid ppl   117.34 | valid loss:  5.10
2020-11-05 23:25:14,326 - full-2 - WARNING - | end of epoch 338 | time:  8.55s |valid ppl   117.34 | valid loss:  4.95
2020-11-05 23:25:22,875 - full-2 - WARNING - | end of epoch 339 | time:  8.55s |valid ppl   117.34 | valid loss:  4.99
2020-11-05 23:25:31,424 - full-2 - WARNING - | end of epoch 340 | time:  8.55s |valid ppl   117.34 | valid loss:  4.91
2020-11-05 23:25:39,968 - full-2 - WARNING - | end of epoch 341 | time:  8.54s |valid ppl   117.34 | valid loss:  4.54
2020-11-05 23:25:48,521 - full-2 - WARNING - | end of epoch 342 | time:  8.55s |valid ppl   117.34 | valid loss:  4.69
2020-11-05 23:25:57,070 - full-2 - WARNING - | end of epoch 343 | time:  8.55s |valid ppl   117.34 | valid loss:  4.81
2020-11-05 23:26:05,627 - full-2 - WARNING - | end of epoch 344 | time:  8.56s |valid ppl   117.34 | valid loss:  4.65
2020-11-05 23:26:14,173 - full-2 - WARNING - | end of epoch 345 | time:  8.55s |valid ppl   117.34 | valid loss:  4.72
2020-11-05 23:26:22,725 - full-2 - WARNING - | end of epoch 346 | time:  8.55s |valid ppl   117.34 | valid loss:  4.59
2020-11-05 23:26:31,295 - full-2 - WARNING - | end of epoch 347 | time:  8.57s |valid ppl   117.34 | valid loss:  4.81
2020-11-05 23:26:39,842 - full-2 - WARNING - | end of epoch 348 | time:  8.55s |valid ppl   117.34 | valid loss:  4.67
2020-11-05 23:26:48,381 - full-2 - WARNING - | end of epoch 349 | time:  8.54s |valid ppl   117.34 | valid loss:  4.77
2020-11-05 23:26:56,922 - full-2 - WARNING - | end of epoch 350 | time:  8.54s |valid ppl   117.34 | valid loss:  4.72
2020-11-05 23:27:05,472 - full-2 - WARNING - | end of epoch 351 | time:  8.55s |valid ppl   117.34 | valid loss:  4.77
2020-11-05 23:27:14,000 - full-2 - WARNING - | end of epoch 352 | time:  8.53s |valid ppl   117.34 | valid loss:  4.50
2020-11-05 23:27:22,517 - full-2 - WARNING - | end of epoch 353 | time:  8.52s |valid ppl   117.34 | valid loss:  4.96
2020-11-05 23:27:31,036 - full-2 - WARNING - | end of epoch 354 | time:  8.52s |valid ppl   117.34 | valid loss:  4.62
2020-11-05 23:27:39,554 - full-2 - WARNING - | end of epoch 355 | time:  8.52s |valid ppl   117.34 | valid loss:  4.82
2020-11-05 23:27:48,071 - full-2 - WARNING - | end of epoch 356 | time:  8.52s |valid ppl   117.34 | valid loss:  4.81
2020-11-05 23:27:56,574 - full-2 - WARNING - | end of epoch 357 | time:  8.50s |valid ppl   117.34 | valid loss:  4.84
2020-11-05 23:28:05,107 - full-2 - WARNING - | end of epoch 358 | time:  8.53s |valid ppl   117.34 | valid loss:  4.88
2020-11-05 23:28:13,614 - full-2 - WARNING - | end of epoch 359 | time:  8.51s |valid ppl   117.34 | valid loss:  4.70
2020-11-05 23:28:22,112 - full-2 - WARNING - | end of epoch 360 | time:  8.50s |valid ppl   117.34 | valid loss:  4.78
2020-11-05 23:28:30,611 - full-2 - WARNING - | end of epoch 361 | time:  8.50s |valid ppl   117.34 | valid loss:  4.79
2020-11-05 23:28:39,114 - full-2 - WARNING - | end of epoch 362 | time:  8.50s |valid ppl   117.34 | valid loss:  4.77
2020-11-05 23:28:47,608 - full-2 - WARNING - | end of epoch 363 | time:  8.49s |valid ppl   117.34 | valid loss:  4.79
2020-11-05 23:28:56,083 - full-2 - WARNING - | end of epoch 364 | time:  8.48s |valid ppl   117.34 | valid loss:  4.74
2020-11-05 23:29:04,558 - full-2 - WARNING - | end of epoch 365 | time:  8.47s |valid ppl   117.34 | valid loss:  4.85
2020-11-05 23:29:13,026 - full-2 - WARNING - | end of epoch 366 | time:  8.47s |valid ppl   117.34 | valid loss:  4.76
2020-11-05 23:29:21,495 - full-2 - WARNING - | end of epoch 367 | time:  8.47s |valid ppl   117.34 | valid loss:  4.90
2020-11-05 23:29:29,977 - full-2 - WARNING - | end of epoch 368 | time:  8.48s |valid ppl   117.34 | valid loss:  4.66
2020-11-05 23:29:38,450 - full-2 - WARNING - | end of epoch 369 | time:  8.47s |valid ppl   117.34 | valid loss:  4.85
2020-11-05 23:29:46,929 - full-2 - WARNING - | end of epoch 370 | time:  8.48s |valid ppl   117.34 | valid loss:  4.76
2020-11-05 23:29:55,406 - full-2 - WARNING - | end of epoch 371 | time:  8.48s |valid ppl   117.34 | valid loss:  4.70
2020-11-05 23:30:03,889 - full-2 - WARNING - | end of epoch 372 | time:  8.48s |valid ppl   117.34 | valid loss:  4.66
2020-11-05 23:30:12,367 - full-2 - WARNING - | end of epoch 373 | time:  8.48s |valid ppl   117.34 | valid loss:  4.89
2020-11-05 23:30:20,856 - full-2 - WARNING - | end of epoch 374 | time:  8.49s |valid ppl   117.34 | valid loss:  4.71
2020-11-05 23:30:29,330 - full-2 - WARNING - | end of epoch 375 | time:  8.47s |valid ppl   117.34 | valid loss:  4.89
2020-11-05 23:30:37,812 - full-2 - WARNING - | end of epoch 376 | time:  8.48s |valid ppl   117.34 | valid loss:  4.74
2020-11-05 23:30:46,303 - full-2 - WARNING - | end of epoch 377 | time:  8.49s |valid ppl   117.34 | valid loss:  4.77
2020-11-05 23:30:54,780 - full-2 - WARNING - | end of epoch 378 | time:  8.48s |valid ppl   117.34 | valid loss:  4.78
2020-11-05 23:31:03,268 - full-2 - WARNING - | end of epoch 379 | time:  8.49s |valid ppl   117.34 | valid loss:  4.88
2020-11-05 23:31:11,754 - full-2 - WARNING - | end of epoch 380 | time:  8.49s |valid ppl   117.34 | valid loss:  4.86
2020-11-05 23:31:20,250 - full-2 - WARNING - | end of epoch 381 | time:  8.50s |valid ppl   117.34 | valid loss:  4.80
2020-11-05 23:31:28,760 - full-2 - WARNING - | end of epoch 382 | time:  8.51s |valid ppl   117.34 | valid loss:  4.86
2020-11-05 23:31:37,271 - full-2 - WARNING - | end of epoch 383 | time:  8.51s |valid ppl   117.34 | valid loss:  4.78
2020-11-05 23:31:45,782 - full-2 - WARNING - | end of epoch 384 | time:  8.51s |valid ppl   117.34 | valid loss:  4.77
2020-11-05 23:31:54,298 - full-2 - WARNING - | end of epoch 385 | time:  8.52s |valid ppl   117.34 | valid loss:  4.52
2020-11-05 23:32:02,831 - full-2 - WARNING - | end of epoch 386 | time:  8.53s |valid ppl   117.34 | valid loss:  4.79
2020-11-05 23:32:11,360 - full-2 - WARNING - | end of epoch 387 | time:  8.53s |valid ppl   117.34 | valid loss:  4.66
2020-11-05 23:32:19,899 - full-2 - WARNING - | end of epoch 388 | time:  8.54s |valid ppl   117.34 | valid loss:  4.90
2020-11-05 23:32:28,437 - full-2 - WARNING - | end of epoch 389 | time:  8.54s |valid ppl   117.34 | valid loss:  4.73
2020-11-05 23:32:36,968 - full-2 - WARNING - | end of epoch 390 | time:  8.53s |valid ppl   117.34 | valid loss:  4.82
2020-11-05 23:32:45,512 - full-2 - WARNING - | end of epoch 391 | time:  8.54s |valid ppl   117.34 | valid loss:  4.79
2020-11-05 23:32:54,055 - full-2 - WARNING - | end of epoch 392 | time:  8.54s |valid ppl   117.34 | valid loss:  4.55
2020-11-05 23:33:02,599 - full-2 - WARNING - | end of epoch 393 | time:  8.54s |valid ppl   117.34 | valid loss:  4.82
2020-11-05 23:33:11,135 - full-2 - WARNING - | end of epoch 394 | time:  8.53s |valid ppl   117.34 | valid loss:  4.67
2020-11-05 23:33:19,679 - full-2 - WARNING - | end of epoch 395 | time:  8.54s |valid ppl   117.34 | valid loss:  4.85
2020-11-05 23:33:28,224 - full-2 - WARNING - | end of epoch 396 | time:  8.54s |valid ppl   117.34 | valid loss:  4.79
2020-11-05 23:33:36,764 - full-2 - WARNING - | end of epoch 397 | time:  8.54s |valid ppl   117.34 | valid loss:  4.79
2020-11-05 23:33:45,313 - full-2 - WARNING - | end of epoch 398 | time:  8.55s |valid ppl   117.34 | valid loss:  4.76
2020-11-05 23:33:53,861 - full-2 - WARNING - | end of epoch 399 | time:  8.55s |valid ppl   117.34 | valid loss:  4.77
2020-11-05 23:34:02,427 - full-2 - WARNING - | end of epoch 400 | time:  8.57s |valid ppl   117.34 | valid loss:  4.86
