2020-11-05 22:36:57,350 - full-1 - INFO - Namespace(batch_size=96, bptt=35, clip=0.25, concat=True, cuda=True, data='data/penn', dropout=0.2, emsize=300, epochs=400, index_module='linear', log_interval=1000, loss='full', lr=1.0, lr_decay=2, min_freq=3, nhid=300, nlayers=3, noise_ratio=500, norm_term=-1, prof=False, save='full-1', seed=1111, tb_name=None, train=True, vocab=None, weight_decay=1e-08)
2020-11-05 22:36:57,699 - full-1 - INFO - Vocabulary size is 9957
2020-11-05 22:37:07,865 - full-1 - INFO - model definition:
 RNNModel(
  (drop): Dropout(p=0.2, inplace=False)
  (encoder): Embedding(9957, 300)
  (rnn): LSTM(300, 300, num_layers=3, batch_first=True, dropout=0.2)
  (proj): Linear(in_features=300, out_features=300, bias=True)
  (criterion): IndexLinear(
    (alias): AliasMultinomial()
    (bce_with_logits): BCEWithLogitsLoss()
    (ce): CrossEntropyLoss()
    (emb): Embedding(9957, 300)
    (bias): Embedding(9957, 1)
  )
)
2020-11-05 22:37:16,747 - full-1 - WARNING - | end of epoch   1 | time:  8.88s |valid ppl   655.18 | valid loss:  6.53
2020-11-05 22:37:25,736 - full-1 - WARNING - | end of epoch   2 | time:  8.49s |valid ppl   562.16 | valid loss:  6.36
2020-11-05 22:37:34,992 - full-1 - WARNING - | end of epoch   3 | time:  8.54s |valid ppl   393.60 | valid loss:  6.03
2020-11-05 22:37:43,950 - full-1 - WARNING - | end of epoch   4 | time:  8.59s |valid ppl   286.55 | valid loss:  5.83
2020-11-05 22:37:54,054 - full-1 - WARNING - | end of epoch   5 | time:  8.65s |valid ppl   225.98 | valid loss:  5.36
2020-11-05 22:38:05,999 - full-1 - WARNING - | end of epoch   6 | time:  8.72s |valid ppl   200.18 | valid loss:  5.35
2020-11-05 22:38:15,136 - full-1 - WARNING - | end of epoch   7 | time:  8.77s |valid ppl   178.99 | valid loss:  5.22
2020-11-05 22:38:24,572 - full-1 - WARNING - | end of epoch   8 | time:  8.78s |valid ppl   166.02 | valid loss:  5.22
2020-11-05 22:38:33,699 - full-1 - WARNING - | end of epoch   9 | time:  8.75s |valid ppl   155.14 | valid loss:  5.16
2020-11-05 22:38:43,106 - full-1 - WARNING - | end of epoch  10 | time:  8.77s |valid ppl   144.85 | valid loss:  5.04
2020-11-05 22:38:52,282 - full-1 - WARNING - | end of epoch  11 | time:  8.78s |valid ppl   139.39 | valid loss:  5.02
2020-11-05 22:39:03,033 - full-1 - WARNING - | end of epoch  12 | time:  8.83s |valid ppl   135.01 | valid loss:  4.87
2020-11-05 22:39:13,319 - full-1 - WARNING - | end of epoch  13 | time:  8.80s |valid ppl   131.32 | valid loss:  5.02
2020-11-05 22:39:22,736 - full-1 - WARNING - | end of epoch  14 | time:  8.83s |valid ppl   127.87 | valid loss:  4.81
2020-11-05 22:39:32,664 - full-1 - WARNING - | end of epoch  15 | time:  8.91s |valid ppl   125.09 | valid loss:  4.83
2020-11-05 22:39:42,001 - full-1 - WARNING - | end of epoch  16 | time:  8.97s |valid ppl   123.47 | valid loss:  4.80
2020-11-05 22:39:51,430 - full-1 - WARNING - | end of epoch  17 | time:  9.03s |valid ppl   121.07 | valid loss:  4.81
2020-11-05 22:40:00,867 - full-1 - WARNING - | end of epoch  18 | time:  9.06s |valid ppl   121.83 | valid loss:  4.76
2020-11-05 22:40:09,968 - full-1 - WARNING - | end of epoch  19 | time:  9.10s |valid ppl   117.51 | valid loss:  4.85
2020-11-05 22:40:19,437 - full-1 - WARNING - | end of epoch  20 | time:  9.10s |valid ppl   117.74 | valid loss:  4.87
2020-11-05 22:40:28,556 - full-1 - WARNING - | end of epoch  21 | time:  9.12s |valid ppl   116.57 | valid loss:  4.65
2020-11-05 22:40:38,033 - full-1 - WARNING - | end of epoch  22 | time:  9.11s |valid ppl   116.94 | valid loss:  4.74
2020-11-05 22:40:47,150 - full-1 - WARNING - | end of epoch  23 | time:  9.12s |valid ppl   116.92 | valid loss:  4.82
2020-11-05 22:40:56,264 - full-1 - WARNING - | end of epoch  24 | time:  9.11s |valid ppl   116.62 | valid loss:  4.60
2020-11-05 22:41:05,386 - full-1 - WARNING - | end of epoch  25 | time:  9.12s |valid ppl   116.72 | valid loss:  4.83
2020-11-05 22:41:14,504 - full-1 - WARNING - | end of epoch  26 | time:  9.12s |valid ppl   116.79 | valid loss:  4.80
2020-11-05 22:41:23,617 - full-1 - WARNING - | end of epoch  27 | time:  9.11s |valid ppl   116.84 | valid loss:  4.95
2020-11-05 22:41:32,731 - full-1 - WARNING - | end of epoch  28 | time:  9.11s |valid ppl   116.82 | valid loss:  4.80
2020-11-05 22:41:41,846 - full-1 - WARNING - | end of epoch  29 | time:  9.11s |valid ppl   116.85 | valid loss:  4.75
2020-11-05 22:41:50,951 - full-1 - WARNING - | end of epoch  30 | time:  9.10s |valid ppl   116.84 | valid loss:  4.74
2020-11-05 22:42:00,054 - full-1 - WARNING - | end of epoch  31 | time:  9.10s |valid ppl   116.85 | valid loss:  4.82
2020-11-05 22:42:09,191 - full-1 - WARNING - | end of epoch  32 | time:  9.14s |valid ppl   116.84 | valid loss:  4.86
2020-11-05 22:42:18,354 - full-1 - WARNING - | end of epoch  33 | time:  9.16s |valid ppl   116.85 | valid loss:  4.64
2020-11-05 22:42:27,537 - full-1 - WARNING - | end of epoch  34 | time:  9.18s |valid ppl   116.85 | valid loss:  4.85
2020-11-05 22:42:36,724 - full-1 - WARNING - | end of epoch  35 | time:  9.19s |valid ppl   116.85 | valid loss:  4.84
2020-11-05 22:42:45,947 - full-1 - WARNING - | end of epoch  36 | time:  9.22s |valid ppl   116.85 | valid loss:  4.67
2020-11-05 22:42:55,156 - full-1 - WARNING - | end of epoch  37 | time:  9.21s |valid ppl   116.85 | valid loss:  4.76
2020-11-05 22:43:04,393 - full-1 - WARNING - | end of epoch  38 | time:  9.24s |valid ppl   116.85 | valid loss:  4.78
2020-11-05 22:43:13,631 - full-1 - WARNING - | end of epoch  39 | time:  9.24s |valid ppl   116.85 | valid loss:  4.72
2020-11-05 22:43:22,883 - full-1 - WARNING - | end of epoch  40 | time:  9.25s |valid ppl   116.85 | valid loss:  4.90
2020-11-05 22:43:32,143 - full-1 - WARNING - | end of epoch  41 | time:  9.26s |valid ppl   116.85 | valid loss:  4.58
2020-11-05 22:43:41,415 - full-1 - WARNING - | end of epoch  42 | time:  9.27s |valid ppl   116.85 | valid loss:  4.83
2020-11-05 22:43:50,696 - full-1 - WARNING - | end of epoch  43 | time:  9.28s |valid ppl   116.85 | valid loss:  4.80
2020-11-05 22:43:59,972 - full-1 - WARNING - | end of epoch  44 | time:  9.28s |valid ppl   116.85 | valid loss:  4.91
2020-11-05 22:44:09,268 - full-1 - WARNING - | end of epoch  45 | time:  9.30s |valid ppl   116.85 | valid loss:  4.70
2020-11-05 22:44:18,574 - full-1 - WARNING - | end of epoch  46 | time:  9.30s |valid ppl   116.85 | valid loss:  4.92
2020-11-05 22:44:27,889 - full-1 - WARNING - | end of epoch  47 | time:  9.31s |valid ppl   116.85 | valid loss:  4.84
2020-11-05 22:44:37,197 - full-1 - WARNING - | end of epoch  48 | time:  9.31s |valid ppl   116.85 | valid loss:  4.83
2020-11-05 22:44:46,520 - full-1 - WARNING - | end of epoch  49 | time:  9.32s |valid ppl   116.85 | valid loss:  4.70
2020-11-05 22:44:55,869 - full-1 - WARNING - | end of epoch  50 | time:  9.35s |valid ppl   116.85 | valid loss:  4.82
2020-11-05 22:45:05,209 - full-1 - WARNING - | end of epoch  51 | time:  9.34s |valid ppl   116.85 | valid loss:  4.82
2020-11-05 22:45:14,547 - full-1 - WARNING - | end of epoch  52 | time:  9.34s |valid ppl   116.85 | valid loss:  4.78
2020-11-05 22:45:23,878 - full-1 - WARNING - | end of epoch  53 | time:  9.33s |valid ppl   116.85 | valid loss:  4.78
2020-11-05 22:45:33,233 - full-1 - WARNING - | end of epoch  54 | time:  9.36s |valid ppl   116.85 | valid loss:  4.90
2020-11-05 22:45:42,590 - full-1 - WARNING - | end of epoch  55 | time:  9.36s |valid ppl   116.85 | valid loss:  4.67
2020-11-05 22:45:51,936 - full-1 - WARNING - | end of epoch  56 | time:  9.35s |valid ppl   116.85 | valid loss:  4.79
2020-11-05 22:46:01,291 - full-1 - WARNING - | end of epoch  57 | time:  9.36s |valid ppl   116.85 | valid loss:  4.98
2020-11-05 22:46:10,664 - full-1 - WARNING - | end of epoch  58 | time:  9.37s |valid ppl   116.85 | valid loss:  4.88
2020-11-05 22:46:20,019 - full-1 - WARNING - | end of epoch  59 | time:  9.35s |valid ppl   116.85 | valid loss:  4.65
2020-11-05 22:46:29,387 - full-1 - WARNING - | end of epoch  60 | time:  9.37s |valid ppl   116.85 | valid loss:  4.63
2020-11-05 22:46:38,767 - full-1 - WARNING - | end of epoch  61 | time:  9.38s |valid ppl   116.85 | valid loss:  4.76
2020-11-05 22:46:48,164 - full-1 - WARNING - | end of epoch  62 | time:  9.40s |valid ppl   116.85 | valid loss:  4.73
2020-11-05 22:46:57,573 - full-1 - WARNING - | end of epoch  63 | time:  9.41s |valid ppl   116.85 | valid loss:  4.74
2020-11-05 22:47:06,962 - full-1 - WARNING - | end of epoch  64 | time:  9.39s |valid ppl   116.85 | valid loss:  4.71
2020-11-05 22:47:16,363 - full-1 - WARNING - | end of epoch  65 | time:  9.40s |valid ppl   116.85 | valid loss:  4.83
2020-11-05 22:47:25,761 - full-1 - WARNING - | end of epoch  66 | time:  9.40s |valid ppl   116.85 | valid loss:  4.90
2020-11-05 22:47:35,171 - full-1 - WARNING - | end of epoch  67 | time:  9.41s |valid ppl   116.85 | valid loss:  4.90
2020-11-05 22:47:44,587 - full-1 - WARNING - | end of epoch  68 | time:  9.42s |valid ppl   116.85 | valid loss:  4.68
2020-11-05 22:47:53,995 - full-1 - WARNING - | end of epoch  69 | time:  9.41s |valid ppl   116.85 | valid loss:  4.74
2020-11-05 22:48:03,431 - full-1 - WARNING - | end of epoch  70 | time:  9.44s |valid ppl   116.85 | valid loss:  4.60
2020-11-05 22:48:12,862 - full-1 - WARNING - | end of epoch  71 | time:  9.43s |valid ppl   116.85 | valid loss:  4.96
2020-11-05 22:48:22,291 - full-1 - WARNING - | end of epoch  72 | time:  9.43s |valid ppl   116.85 | valid loss:  4.86
2020-11-05 22:48:31,718 - full-1 - WARNING - | end of epoch  73 | time:  9.43s |valid ppl   116.85 | valid loss:  4.85
2020-11-05 22:48:41,169 - full-1 - WARNING - | end of epoch  74 | time:  9.45s |valid ppl   116.85 | valid loss:  4.77
2020-11-05 22:48:50,608 - full-1 - WARNING - | end of epoch  75 | time:  9.44s |valid ppl   116.85 | valid loss:  4.87
2020-11-05 22:49:00,046 - full-1 - WARNING - | end of epoch  76 | time:  9.44s |valid ppl   116.85 | valid loss:  4.77
2020-11-05 22:49:09,474 - full-1 - WARNING - | end of epoch  77 | time:  9.43s |valid ppl   116.85 | valid loss:  4.65
2020-11-05 22:49:18,908 - full-1 - WARNING - | end of epoch  78 | time:  9.43s |valid ppl   116.85 | valid loss:  4.98
2020-11-05 22:49:28,365 - full-1 - WARNING - | end of epoch  79 | time:  9.46s |valid ppl   116.85 | valid loss:  4.76
2020-11-05 22:49:37,800 - full-1 - WARNING - | end of epoch  80 | time:  9.43s |valid ppl   116.85 | valid loss:  4.79
2020-11-05 22:49:47,256 - full-1 - WARNING - | end of epoch  81 | time:  9.46s |valid ppl   116.85 | valid loss:  4.71
2020-11-05 22:49:56,711 - full-1 - WARNING - | end of epoch  82 | time:  9.45s |valid ppl   116.85 | valid loss:  4.73
2020-11-05 22:50:06,162 - full-1 - WARNING - | end of epoch  83 | time:  9.45s |valid ppl   116.85 | valid loss:  4.59
2020-11-05 22:50:15,622 - full-1 - WARNING - | end of epoch  84 | time:  9.46s |valid ppl   116.85 | valid loss:  4.69
2020-11-05 22:50:25,075 - full-1 - WARNING - | end of epoch  85 | time:  9.45s |valid ppl   116.85 | valid loss:  4.74
2020-11-05 22:50:34,554 - full-1 - WARNING - | end of epoch  86 | time:  9.48s |valid ppl   116.85 | valid loss:  4.86
2020-11-05 22:50:44,031 - full-1 - WARNING - | end of epoch  87 | time:  9.48s |valid ppl   116.85 | valid loss:  4.75
2020-11-05 22:50:53,514 - full-1 - WARNING - | end of epoch  88 | time:  9.48s |valid ppl   116.85 | valid loss:  4.70
2020-11-05 22:51:02,985 - full-1 - WARNING - | end of epoch  89 | time:  9.47s |valid ppl   116.85 | valid loss:  4.70
2020-11-05 22:51:12,480 - full-1 - WARNING - | end of epoch  90 | time:  9.49s |valid ppl   116.85 | valid loss:  4.75
2020-11-05 22:51:21,978 - full-1 - WARNING - | end of epoch  91 | time:  9.50s |valid ppl   116.85 | valid loss:  4.54
2020-11-05 22:51:31,457 - full-1 - WARNING - | end of epoch  92 | time:  9.48s |valid ppl   116.85 | valid loss:  4.70
2020-11-05 22:51:40,955 - full-1 - WARNING - | end of epoch  93 | time:  9.50s |valid ppl   116.85 | valid loss:  4.77
2020-11-05 22:51:50,457 - full-1 - WARNING - | end of epoch  94 | time:  9.50s |valid ppl   116.85 | valid loss:  4.70
2020-11-05 22:51:59,969 - full-1 - WARNING - | end of epoch  95 | time:  9.51s |valid ppl   116.85 | valid loss:  4.88
2020-11-05 22:52:09,474 - full-1 - WARNING - | end of epoch  96 | time:  9.51s |valid ppl   116.85 | valid loss:  4.85
2020-11-05 22:52:18,982 - full-1 - WARNING - | end of epoch  97 | time:  9.51s |valid ppl   116.85 | valid loss:  4.77
2020-11-05 22:52:28,500 - full-1 - WARNING - | end of epoch  98 | time:  9.52s |valid ppl   116.85 | valid loss:  4.78
2020-11-05 22:52:38,005 - full-1 - WARNING - | end of epoch  99 | time:  9.51s |valid ppl   116.85 | valid loss:  4.87
2020-11-05 22:52:47,508 - full-1 - WARNING - | end of epoch 100 | time:  9.50s |valid ppl   116.85 | valid loss:  4.67
2020-11-05 22:52:57,004 - full-1 - WARNING - | end of epoch 101 | time:  9.50s |valid ppl   116.85 | valid loss:  4.74
2020-11-05 22:53:06,505 - full-1 - WARNING - | end of epoch 102 | time:  9.50s |valid ppl   116.85 | valid loss:  4.84
2020-11-05 22:53:16,021 - full-1 - WARNING - | end of epoch 103 | time:  9.52s |valid ppl   116.85 | valid loss:  4.84
2020-11-05 22:53:25,526 - full-1 - WARNING - | end of epoch 104 | time:  9.50s |valid ppl   116.85 | valid loss:  4.62
2020-11-05 22:53:35,038 - full-1 - WARNING - | end of epoch 105 | time:  9.51s |valid ppl   116.85 | valid loss:  4.73
2020-11-05 22:53:44,545 - full-1 - WARNING - | end of epoch 106 | time:  9.51s |valid ppl   116.85 | valid loss:  4.78
2020-11-05 22:53:54,048 - full-1 - WARNING - | end of epoch 107 | time:  9.50s |valid ppl   116.85 | valid loss:  5.08
2020-11-05 22:54:03,569 - full-1 - WARNING - | end of epoch 108 | time:  9.52s |valid ppl   116.85 | valid loss:  4.83
2020-11-05 22:54:13,082 - full-1 - WARNING - | end of epoch 109 | time:  9.51s |valid ppl   116.85 | valid loss:  4.77
2020-11-05 22:54:22,603 - full-1 - WARNING - | end of epoch 110 | time:  9.52s |valid ppl   116.85 | valid loss:  4.75
2020-11-05 22:54:32,113 - full-1 - WARNING - | end of epoch 111 | time:  9.51s |valid ppl   116.85 | valid loss:  4.71
2020-11-05 22:54:41,632 - full-1 - WARNING - | end of epoch 112 | time:  9.52s |valid ppl   116.85 | valid loss:  4.84
2020-11-05 22:54:51,147 - full-1 - WARNING - | end of epoch 113 | time:  9.51s |valid ppl   116.85 | valid loss:  4.74
2020-11-05 22:55:00,688 - full-1 - WARNING - | end of epoch 114 | time:  9.54s |valid ppl   116.85 | valid loss:  4.66
2020-11-05 22:55:10,222 - full-1 - WARNING - | end of epoch 115 | time:  9.53s |valid ppl   116.85 | valid loss:  4.83
2020-11-05 22:55:19,762 - full-1 - WARNING - | end of epoch 116 | time:  9.54s |valid ppl   116.85 | valid loss:  4.63
2020-11-05 22:55:29,277 - full-1 - WARNING - | end of epoch 117 | time:  9.51s |valid ppl   116.85 | valid loss:  4.75
2020-11-05 22:55:38,814 - full-1 - WARNING - | end of epoch 118 | time:  9.54s |valid ppl   116.85 | valid loss:  4.79
2020-11-05 22:55:48,366 - full-1 - WARNING - | end of epoch 119 | time:  9.55s |valid ppl   116.85 | valid loss:  4.64
2020-11-05 22:55:57,894 - full-1 - WARNING - | end of epoch 120 | time:  9.53s |valid ppl   116.85 | valid loss:  4.78
2020-11-05 22:56:07,420 - full-1 - WARNING - | end of epoch 121 | time:  9.53s |valid ppl   116.85 | valid loss:  4.63
2020-11-05 22:56:16,948 - full-1 - WARNING - | end of epoch 122 | time:  9.53s |valid ppl   116.85 | valid loss:  4.82
2020-11-05 22:56:26,475 - full-1 - WARNING - | end of epoch 123 | time:  9.53s |valid ppl   116.85 | valid loss:  4.75
2020-11-05 22:56:35,996 - full-1 - WARNING - | end of epoch 124 | time:  9.52s |valid ppl   116.85 | valid loss:  4.82
2020-11-05 22:56:45,535 - full-1 - WARNING - | end of epoch 125 | time:  9.54s |valid ppl   116.85 | valid loss:  4.85
2020-11-05 22:56:55,079 - full-1 - WARNING - | end of epoch 126 | time:  9.54s |valid ppl   116.85 | valid loss:  4.77
2020-11-05 22:57:04,629 - full-1 - WARNING - | end of epoch 127 | time:  9.55s |valid ppl   116.85 | valid loss:  4.70
2020-11-05 22:57:14,167 - full-1 - WARNING - | end of epoch 128 | time:  9.54s |valid ppl   116.85 | valid loss:  4.84
2020-11-05 22:57:23,690 - full-1 - WARNING - | end of epoch 129 | time:  9.52s |valid ppl   116.85 | valid loss:  4.84
2020-11-05 22:57:33,236 - full-1 - WARNING - | end of epoch 130 | time:  9.55s |valid ppl   116.85 | valid loss:  4.84
2020-11-05 22:57:42,789 - full-1 - WARNING - | end of epoch 131 | time:  9.55s |valid ppl   116.85 | valid loss:  4.74
2020-11-05 22:57:52,368 - full-1 - WARNING - | end of epoch 132 | time:  9.58s |valid ppl   116.85 | valid loss:  4.76
2020-11-05 22:58:01,895 - full-1 - WARNING - | end of epoch 133 | time:  9.53s |valid ppl   116.85 | valid loss:  4.81
2020-11-05 22:58:11,446 - full-1 - WARNING - | end of epoch 134 | time:  9.55s |valid ppl   116.85 | valid loss:  4.68
2020-11-05 22:58:20,987 - full-1 - WARNING - | end of epoch 135 | time:  9.54s |valid ppl   116.85 | valid loss:  4.68
2020-11-05 22:58:30,506 - full-1 - WARNING - | end of epoch 136 | time:  9.52s |valid ppl   116.85 | valid loss:  4.77
2020-11-05 22:58:40,048 - full-1 - WARNING - | end of epoch 137 | time:  9.54s |valid ppl   116.85 | valid loss:  4.73
2020-11-05 22:58:49,583 - full-1 - WARNING - | end of epoch 138 | time:  9.53s |valid ppl   116.85 | valid loss:  4.86
2020-11-05 22:58:59,125 - full-1 - WARNING - | end of epoch 139 | time:  9.54s |valid ppl   116.85 | valid loss:  4.84
2020-11-05 22:59:08,659 - full-1 - WARNING - | end of epoch 140 | time:  9.53s |valid ppl   116.85 | valid loss:  4.50
2020-11-05 22:59:18,192 - full-1 - WARNING - | end of epoch 141 | time:  9.53s |valid ppl   116.85 | valid loss:  4.69
2020-11-05 22:59:27,732 - full-1 - WARNING - | end of epoch 142 | time:  9.54s |valid ppl   116.85 | valid loss:  4.88
2020-11-05 22:59:37,272 - full-1 - WARNING - | end of epoch 143 | time:  9.54s |valid ppl   116.85 | valid loss:  4.80
2020-11-05 22:59:46,815 - full-1 - WARNING - | end of epoch 144 | time:  9.54s |valid ppl   116.85 | valid loss:  4.80
2020-11-05 22:59:56,357 - full-1 - WARNING - | end of epoch 145 | time:  9.54s |valid ppl   116.85 | valid loss:  4.80
2020-11-05 23:00:05,906 - full-1 - WARNING - | end of epoch 146 | time:  9.55s |valid ppl   116.85 | valid loss:  4.81
2020-11-05 23:00:15,467 - full-1 - WARNING - | end of epoch 147 | time:  9.56s |valid ppl   116.85 | valid loss:  4.75
2020-11-05 23:00:25,021 - full-1 - WARNING - | end of epoch 148 | time:  9.55s |valid ppl   116.85 | valid loss:  4.68
2020-11-05 23:00:34,573 - full-1 - WARNING - | end of epoch 149 | time:  9.55s |valid ppl   116.85 | valid loss:  4.71
2020-11-05 23:00:44,118 - full-1 - WARNING - | end of epoch 150 | time:  9.54s |valid ppl   116.85 | valid loss:  4.48
2020-11-05 23:00:53,665 - full-1 - WARNING - | end of epoch 151 | time:  9.55s |valid ppl   116.85 | valid loss:  4.68
2020-11-05 23:01:03,213 - full-1 - WARNING - | end of epoch 152 | time:  9.55s |valid ppl   116.85 | valid loss:  4.89
2020-11-05 23:01:12,749 - full-1 - WARNING - | end of epoch 153 | time:  9.54s |valid ppl   116.85 | valid loss:  4.80
2020-11-05 23:01:22,293 - full-1 - WARNING - | end of epoch 154 | time:  9.54s |valid ppl   116.85 | valid loss:  4.65
2020-11-05 23:01:31,843 - full-1 - WARNING - | end of epoch 155 | time:  9.55s |valid ppl   116.85 | valid loss:  4.76
2020-11-05 23:01:41,388 - full-1 - WARNING - | end of epoch 156 | time:  9.54s |valid ppl   116.85 | valid loss:  4.72
2020-11-05 23:01:50,932 - full-1 - WARNING - | end of epoch 157 | time:  9.54s |valid ppl   116.85 | valid loss:  4.79
2020-11-05 23:02:00,489 - full-1 - WARNING - | end of epoch 158 | time:  9.56s |valid ppl   116.85 | valid loss:  4.74
2020-11-05 23:02:10,051 - full-1 - WARNING - | end of epoch 159 | time:  9.56s |valid ppl   116.85 | valid loss:  4.57
2020-11-05 23:02:19,607 - full-1 - WARNING - | end of epoch 160 | time:  9.56s |valid ppl   116.85 | valid loss:  4.67
2020-11-05 23:02:29,159 - full-1 - WARNING - | end of epoch 161 | time:  9.55s |valid ppl   116.85 | valid loss:  4.68
2020-11-05 23:02:38,713 - full-1 - WARNING - | end of epoch 162 | time:  9.55s |valid ppl   116.85 | valid loss:  4.89
2020-11-05 23:02:48,268 - full-1 - WARNING - | end of epoch 163 | time:  9.55s |valid ppl   116.85 | valid loss:  4.78
2020-11-05 23:02:57,805 - full-1 - WARNING - | end of epoch 164 | time:  9.54s |valid ppl   116.85 | valid loss:  4.73
2020-11-05 23:03:07,354 - full-1 - WARNING - | end of epoch 165 | time:  9.55s |valid ppl   116.85 | valid loss:  4.61
2020-11-05 23:03:16,916 - full-1 - WARNING - | end of epoch 166 | time:  9.56s |valid ppl   116.85 | valid loss:  4.74
2020-11-05 23:03:26,466 - full-1 - WARNING - | end of epoch 167 | time:  9.55s |valid ppl   116.85 | valid loss:  4.61
2020-11-05 23:03:36,019 - full-1 - WARNING - | end of epoch 168 | time:  9.55s |valid ppl   116.85 | valid loss:  4.68
2020-11-05 23:03:45,563 - full-1 - WARNING - | end of epoch 169 | time:  9.54s |valid ppl   116.85 | valid loss:  4.71
2020-11-05 23:03:55,109 - full-1 - WARNING - | end of epoch 170 | time:  9.55s |valid ppl   116.85 | valid loss:  4.75
2020-11-05 23:04:04,663 - full-1 - WARNING - | end of epoch 171 | time:  9.55s |valid ppl   116.85 | valid loss:  4.87
2020-11-05 23:04:14,222 - full-1 - WARNING - | end of epoch 172 | time:  9.56s |valid ppl   116.85 | valid loss:  4.82
2020-11-05 23:04:23,763 - full-1 - WARNING - | end of epoch 173 | time:  9.54s |valid ppl   116.85 | valid loss:  4.69
2020-11-05 23:04:33,325 - full-1 - WARNING - | end of epoch 174 | time:  9.56s |valid ppl   116.85 | valid loss:  4.65
2020-11-05 23:04:42,893 - full-1 - WARNING - | end of epoch 175 | time:  9.57s |valid ppl   116.85 | valid loss:  4.81
2020-11-05 23:04:52,441 - full-1 - WARNING - | end of epoch 176 | time:  9.55s |valid ppl   116.85 | valid loss:  4.73
2020-11-05 23:05:01,993 - full-1 - WARNING - | end of epoch 177 | time:  9.55s |valid ppl   116.85 | valid loss:  4.98
2020-11-05 23:05:11,553 - full-1 - WARNING - | end of epoch 178 | time:  9.56s |valid ppl   116.85 | valid loss:  4.78
2020-11-05 23:05:21,117 - full-1 - WARNING - | end of epoch 179 | time:  9.56s |valid ppl   116.85 | valid loss:  4.80
2020-11-05 23:05:30,685 - full-1 - WARNING - | end of epoch 180 | time:  9.57s |valid ppl   116.85 | valid loss:  4.73
2020-11-05 23:05:40,237 - full-1 - WARNING - | end of epoch 181 | time:  9.55s |valid ppl   116.85 | valid loss:  4.65
2020-11-05 23:05:49,808 - full-1 - WARNING - | end of epoch 182 | time:  9.57s |valid ppl   116.85 | valid loss:  4.85
2020-11-05 23:05:59,370 - full-1 - WARNING - | end of epoch 183 | time:  9.56s |valid ppl   116.85 | valid loss:  4.79
2020-11-05 23:06:08,929 - full-1 - WARNING - | end of epoch 184 | time:  9.56s |valid ppl   116.85 | valid loss:  4.71
2020-11-05 23:06:18,474 - full-1 - WARNING - | end of epoch 185 | time:  9.54s |valid ppl   116.85 | valid loss:  4.71
2020-11-05 23:06:28,024 - full-1 - WARNING - | end of epoch 186 | time:  9.55s |valid ppl   116.85 | valid loss:  4.69
2020-11-05 23:06:37,575 - full-1 - WARNING - | end of epoch 187 | time:  9.55s |valid ppl   116.85 | valid loss:  4.75
2020-11-05 23:06:47,127 - full-1 - WARNING - | end of epoch 188 | time:  9.55s |valid ppl   116.85 | valid loss:  4.85
2020-11-05 23:06:56,661 - full-1 - WARNING - | end of epoch 189 | time:  9.53s |valid ppl   116.85 | valid loss:  4.64
2020-11-05 23:07:06,207 - full-1 - WARNING - | end of epoch 190 | time:  9.55s |valid ppl   116.85 | valid loss:  4.91
2020-11-05 23:07:15,768 - full-1 - WARNING - | end of epoch 191 | time:  9.56s |valid ppl   116.85 | valid loss:  4.81
2020-11-05 23:07:25,319 - full-1 - WARNING - | end of epoch 192 | time:  9.55s |valid ppl   116.85 | valid loss:  4.82
2020-11-05 23:07:34,885 - full-1 - WARNING - | end of epoch 193 | time:  9.57s |valid ppl   116.85 | valid loss:  4.84
2020-11-05 23:07:44,456 - full-1 - WARNING - | end of epoch 194 | time:  9.57s |valid ppl   116.85 | valid loss:  4.83
2020-11-05 23:07:54,014 - full-1 - WARNING - | end of epoch 195 | time:  9.56s |valid ppl   116.85 | valid loss:  4.75
2020-11-05 23:08:03,589 - full-1 - WARNING - | end of epoch 196 | time:  9.57s |valid ppl   116.85 | valid loss:  4.73
2020-11-05 23:08:13,157 - full-1 - WARNING - | end of epoch 197 | time:  9.57s |valid ppl   116.85 | valid loss:  4.63
2020-11-05 23:08:22,723 - full-1 - WARNING - | end of epoch 198 | time:  9.57s |valid ppl   116.85 | valid loss:  5.04
2020-11-05 23:08:32,285 - full-1 - WARNING - | end of epoch 199 | time:  9.56s |valid ppl   116.85 | valid loss:  4.81
2020-11-05 23:08:41,860 - full-1 - WARNING - | end of epoch 200 | time:  9.57s |valid ppl   116.85 | valid loss:  4.91
2020-11-05 23:08:51,428 - full-1 - WARNING - | end of epoch 201 | time:  9.57s |valid ppl   116.85 | valid loss:  4.70
2020-11-05 23:09:01,021 - full-1 - WARNING - | end of epoch 202 | time:  9.59s |valid ppl   116.85 | valid loss:  4.60
2020-11-05 23:09:10,606 - full-1 - WARNING - | end of epoch 203 | time:  9.58s |valid ppl   116.85 | valid loss:  4.66
2020-11-05 23:09:20,179 - full-1 - WARNING - | end of epoch 204 | time:  9.57s |valid ppl   116.85 | valid loss:  4.81
2020-11-05 23:09:29,736 - full-1 - WARNING - | end of epoch 205 | time:  9.56s |valid ppl   116.85 | valid loss:  4.64
2020-11-05 23:09:39,296 - full-1 - WARNING - | end of epoch 206 | time:  9.56s |valid ppl   116.85 | valid loss:  4.76
2020-11-05 23:09:48,861 - full-1 - WARNING - | end of epoch 207 | time:  9.56s |valid ppl   116.85 | valid loss:  4.92
2020-11-05 23:09:58,429 - full-1 - WARNING - | end of epoch 208 | time:  9.57s |valid ppl   116.85 | valid loss:  4.75
2020-11-05 23:10:08,011 - full-1 - WARNING - | end of epoch 209 | time:  9.58s |valid ppl   116.85 | valid loss:  4.69
2020-11-05 23:10:17,607 - full-1 - WARNING - | end of epoch 210 | time:  9.60s |valid ppl   116.85 | valid loss:  4.72
2020-11-05 23:10:27,194 - full-1 - WARNING - | end of epoch 211 | time:  9.59s |valid ppl   116.85 | valid loss:  4.78
2020-11-05 23:10:36,769 - full-1 - WARNING - | end of epoch 212 | time:  9.57s |valid ppl   116.85 | valid loss:  4.81
2020-11-05 23:10:46,341 - full-1 - WARNING - | end of epoch 213 | time:  9.57s |valid ppl   116.85 | valid loss:  4.64
2020-11-05 23:10:55,916 - full-1 - WARNING - | end of epoch 214 | time:  9.57s |valid ppl   116.85 | valid loss:  4.98
2020-11-05 23:11:05,496 - full-1 - WARNING - | end of epoch 215 | time:  9.58s |valid ppl   116.85 | valid loss:  4.70
2020-11-05 23:11:15,074 - full-1 - WARNING - | end of epoch 216 | time:  9.58s |valid ppl   116.85 | valid loss:  4.77
2020-11-05 23:11:24,646 - full-1 - WARNING - | end of epoch 217 | time:  9.57s |valid ppl   116.85 | valid loss:  4.65
2020-11-05 23:11:34,217 - full-1 - WARNING - | end of epoch 218 | time:  9.57s |valid ppl   116.85 | valid loss:  4.75
2020-11-05 23:11:43,787 - full-1 - WARNING - | end of epoch 219 | time:  9.57s |valid ppl   116.85 | valid loss:  4.57
2020-11-05 23:11:53,347 - full-1 - WARNING - | end of epoch 220 | time:  9.56s |valid ppl   116.85 | valid loss:  4.69
2020-11-05 23:12:02,910 - full-1 - WARNING - | end of epoch 221 | time:  9.56s |valid ppl   116.85 | valid loss:  4.73
2020-11-05 23:12:12,473 - full-1 - WARNING - | end of epoch 222 | time:  9.56s |valid ppl   116.85 | valid loss:  4.66
2020-11-05 23:12:22,030 - full-1 - WARNING - | end of epoch 223 | time:  9.56s |valid ppl   116.85 | valid loss:  4.78
2020-11-05 23:12:31,598 - full-1 - WARNING - | end of epoch 224 | time:  9.57s |valid ppl   116.85 | valid loss:  4.73
2020-11-05 23:12:41,164 - full-1 - WARNING - | end of epoch 225 | time:  9.57s |valid ppl   116.85 | valid loss:  4.86
2020-11-05 23:12:50,735 - full-1 - WARNING - | end of epoch 226 | time:  9.57s |valid ppl   116.85 | valid loss:  4.81
2020-11-05 23:13:00,299 - full-1 - WARNING - | end of epoch 227 | time:  9.56s |valid ppl   116.85 | valid loss:  4.83
2020-11-05 23:13:09,864 - full-1 - WARNING - | end of epoch 228 | time:  9.56s |valid ppl   116.85 | valid loss:  4.74
2020-11-05 23:13:19,431 - full-1 - WARNING - | end of epoch 229 | time:  9.57s |valid ppl   116.85 | valid loss:  4.70
2020-11-05 23:13:29,004 - full-1 - WARNING - | end of epoch 230 | time:  9.57s |valid ppl   116.85 | valid loss:  4.85
2020-11-05 23:13:38,566 - full-1 - WARNING - | end of epoch 231 | time:  9.56s |valid ppl   116.85 | valid loss:  4.72
2020-11-05 23:13:48,126 - full-1 - WARNING - | end of epoch 232 | time:  9.56s |valid ppl   116.85 | valid loss:  4.65
2020-11-05 23:13:57,687 - full-1 - WARNING - | end of epoch 233 | time:  9.56s |valid ppl   116.85 | valid loss:  4.72
2020-11-05 23:14:07,256 - full-1 - WARNING - | end of epoch 234 | time:  9.57s |valid ppl   116.85 | valid loss:  4.77
2020-11-05 23:14:16,840 - full-1 - WARNING - | end of epoch 235 | time:  9.58s |valid ppl   116.85 | valid loss:  4.88
2020-11-05 23:14:26,408 - full-1 - WARNING - | end of epoch 236 | time:  9.57s |valid ppl   116.85 | valid loss:  4.74
2020-11-05 23:14:35,979 - full-1 - WARNING - | end of epoch 237 | time:  9.57s |valid ppl   116.85 | valid loss:  4.68
2020-11-05 23:14:45,577 - full-1 - WARNING - | end of epoch 238 | time:  9.60s |valid ppl   116.85 | valid loss:  4.74
2020-11-05 23:14:55,167 - full-1 - WARNING - | end of epoch 239 | time:  9.59s |valid ppl   116.85 | valid loss:  4.78
2020-11-05 23:15:04,739 - full-1 - WARNING - | end of epoch 240 | time:  9.57s |valid ppl   116.85 | valid loss:  4.62
2020-11-05 23:15:14,301 - full-1 - WARNING - | end of epoch 241 | time:  9.56s |valid ppl   116.85 | valid loss:  4.73
2020-11-05 23:15:23,853 - full-1 - WARNING - | end of epoch 242 | time:  9.55s |valid ppl   116.85 | valid loss:  4.80
2020-11-05 23:15:33,408 - full-1 - WARNING - | end of epoch 243 | time:  9.55s |valid ppl   116.85 | valid loss:  4.75
2020-11-05 23:15:42,966 - full-1 - WARNING - | end of epoch 244 | time:  9.56s |valid ppl   116.85 | valid loss:  4.72
2020-11-05 23:15:52,525 - full-1 - WARNING - | end of epoch 245 | time:  9.56s |valid ppl   116.85 | valid loss:  4.82
2020-11-05 23:16:02,094 - full-1 - WARNING - | end of epoch 246 | time:  9.57s |valid ppl   116.85 | valid loss:  4.85
2020-11-05 23:16:11,665 - full-1 - WARNING - | end of epoch 247 | time:  9.57s |valid ppl   116.85 | valid loss:  4.82
2020-11-05 23:16:21,208 - full-1 - WARNING - | end of epoch 248 | time:  9.54s |valid ppl   116.85 | valid loss:  4.71
2020-11-05 23:16:30,776 - full-1 - WARNING - | end of epoch 249 | time:  9.57s |valid ppl   116.85 | valid loss:  4.66
2020-11-05 23:16:40,350 - full-1 - WARNING - | end of epoch 250 | time:  9.57s |valid ppl   116.85 | valid loss:  4.93
2020-11-05 23:16:49,917 - full-1 - WARNING - | end of epoch 251 | time:  9.57s |valid ppl   116.85 | valid loss:  4.76
2020-11-05 23:16:59,491 - full-1 - WARNING - | end of epoch 252 | time:  9.57s |valid ppl   116.85 | valid loss:  4.76
2020-11-05 23:17:09,074 - full-1 - WARNING - | end of epoch 253 | time:  9.58s |valid ppl   116.85 | valid loss:  4.83
2020-11-05 23:17:18,651 - full-1 - WARNING - | end of epoch 254 | time:  9.58s |valid ppl   116.85 | valid loss:  4.66
2020-11-05 23:17:28,222 - full-1 - WARNING - | end of epoch 255 | time:  9.57s |valid ppl   116.85 | valid loss:  4.86
2020-11-05 23:17:37,785 - full-1 - WARNING - | end of epoch 256 | time:  9.56s |valid ppl   116.85 | valid loss:  4.74
2020-11-05 23:17:47,360 - full-1 - WARNING - | end of epoch 257 | time:  9.58s |valid ppl   116.85 | valid loss:  4.75
2020-11-05 23:17:56,942 - full-1 - WARNING - | end of epoch 258 | time:  9.58s |valid ppl   116.85 | valid loss:  4.69
2020-11-05 23:18:06,519 - full-1 - WARNING - | end of epoch 259 | time:  9.58s |valid ppl   116.85 | valid loss:  4.86
2020-11-05 23:18:16,097 - full-1 - WARNING - | end of epoch 260 | time:  9.58s |valid ppl   116.85 | valid loss:  4.86
2020-11-05 23:18:25,686 - full-1 - WARNING - | end of epoch 261 | time:  9.59s |valid ppl   116.85 | valid loss:  4.67
2020-11-05 23:18:35,260 - full-1 - WARNING - | end of epoch 262 | time:  9.57s |valid ppl   116.85 | valid loss:  4.81
2020-11-05 23:18:44,868 - full-1 - WARNING - | end of epoch 263 | time:  9.61s |valid ppl   116.85 | valid loss:  4.87
2020-11-05 23:18:54,455 - full-1 - WARNING - | end of epoch 264 | time:  9.59s |valid ppl   116.85 | valid loss:  4.73
2020-11-05 23:19:04,031 - full-1 - WARNING - | end of epoch 265 | time:  9.58s |valid ppl   116.85 | valid loss:  4.71
2020-11-05 23:19:13,630 - full-1 - WARNING - | end of epoch 266 | time:  9.60s |valid ppl   116.85 | valid loss:  4.72
2020-11-05 23:19:23,211 - full-1 - WARNING - | end of epoch 267 | time:  9.58s |valid ppl   116.85 | valid loss:  4.84
2020-11-05 23:19:32,791 - full-1 - WARNING - | end of epoch 268 | time:  9.58s |valid ppl   116.85 | valid loss:  4.94
2020-11-05 23:19:42,366 - full-1 - WARNING - | end of epoch 269 | time:  9.57s |valid ppl   116.85 | valid loss:  4.77
2020-11-05 23:19:51,942 - full-1 - WARNING - | end of epoch 270 | time:  9.58s |valid ppl   116.85 | valid loss:  4.73
2020-11-05 23:20:01,538 - full-1 - WARNING - | end of epoch 271 | time:  9.60s |valid ppl   116.85 | valid loss:  4.60
2020-11-05 23:20:11,115 - full-1 - WARNING - | end of epoch 272 | time:  9.58s |valid ppl   116.85 | valid loss:  4.74
2020-11-05 23:20:20,703 - full-1 - WARNING - | end of epoch 273 | time:  9.59s |valid ppl   116.85 | valid loss:  4.77
2020-11-05 23:20:30,284 - full-1 - WARNING - | end of epoch 274 | time:  9.58s |valid ppl   116.85 | valid loss:  4.89
2020-11-05 23:20:39,864 - full-1 - WARNING - | end of epoch 275 | time:  9.58s |valid ppl   116.85 | valid loss:  4.68
2020-11-05 23:20:49,438 - full-1 - WARNING - | end of epoch 276 | time:  9.57s |valid ppl   116.85 | valid loss:  4.86
2020-11-05 23:20:59,012 - full-1 - WARNING - | end of epoch 277 | time:  9.57s |valid ppl   116.85 | valid loss:  4.48
2020-11-05 23:21:08,597 - full-1 - WARNING - | end of epoch 278 | time:  9.58s |valid ppl   116.85 | valid loss:  4.80
2020-11-05 23:21:18,182 - full-1 - WARNING - | end of epoch 279 | time:  9.59s |valid ppl   116.85 | valid loss:  4.76
2020-11-05 23:21:27,757 - full-1 - WARNING - | end of epoch 280 | time:  9.57s |valid ppl   116.85 | valid loss:  4.64
2020-11-05 23:21:37,320 - full-1 - WARNING - | end of epoch 281 | time:  9.56s |valid ppl   116.85 | valid loss:  4.78
2020-11-05 23:21:46,892 - full-1 - WARNING - | end of epoch 282 | time:  9.57s |valid ppl   116.85 | valid loss:  4.59
2020-11-05 23:21:56,453 - full-1 - WARNING - | end of epoch 283 | time:  9.56s |valid ppl   116.85 | valid loss:  4.65
2020-11-05 23:22:06,014 - full-1 - WARNING - | end of epoch 284 | time:  9.56s |valid ppl   116.85 | valid loss:  4.79
2020-11-05 23:22:15,576 - full-1 - WARNING - | end of epoch 285 | time:  9.56s |valid ppl   116.85 | valid loss:  4.68
2020-11-05 23:22:25,147 - full-1 - WARNING - | end of epoch 286 | time:  9.57s |valid ppl   116.85 | valid loss:  4.92
2020-11-05 23:22:34,722 - full-1 - WARNING - | end of epoch 287 | time:  9.57s |valid ppl   116.85 | valid loss:  4.78
2020-11-05 23:22:44,300 - full-1 - WARNING - | end of epoch 288 | time:  9.58s |valid ppl   116.85 | valid loss:  4.54
2020-11-05 23:22:53,878 - full-1 - WARNING - | end of epoch 289 | time:  9.58s |valid ppl   116.85 | valid loss:  4.75
2020-11-05 23:23:03,456 - full-1 - WARNING - | end of epoch 290 | time:  9.58s |valid ppl   116.85 | valid loss:  4.81
2020-11-05 23:23:13,029 - full-1 - WARNING - | end of epoch 291 | time:  9.57s |valid ppl   116.85 | valid loss:  4.68
2020-11-05 23:23:22,613 - full-1 - WARNING - | end of epoch 292 | time:  9.58s |valid ppl   116.85 | valid loss:  4.67
2020-11-05 23:23:32,178 - full-1 - WARNING - | end of epoch 293 | time:  9.56s |valid ppl   116.85 | valid loss:  4.56
2020-11-05 23:23:41,748 - full-1 - WARNING - | end of epoch 294 | time:  9.57s |valid ppl   116.85 | valid loss:  4.85
2020-11-05 23:23:51,320 - full-1 - WARNING - | end of epoch 295 | time:  9.57s |valid ppl   116.85 | valid loss:  4.97
2020-11-05 23:24:00,894 - full-1 - WARNING - | end of epoch 296 | time:  9.57s |valid ppl   116.85 | valid loss:  4.84
2020-11-05 23:24:10,463 - full-1 - WARNING - | end of epoch 297 | time:  9.57s |valid ppl   116.85 | valid loss:  4.85
2020-11-05 23:24:20,041 - full-1 - WARNING - | end of epoch 298 | time:  9.58s |valid ppl   116.85 | valid loss:  4.86
2020-11-05 23:24:29,627 - full-1 - WARNING - | end of epoch 299 | time:  9.59s |valid ppl   116.85 | valid loss:  4.76
2020-11-05 23:24:39,200 - full-1 - WARNING - | end of epoch 300 | time:  9.57s |valid ppl   116.85 | valid loss:  4.76
2020-11-05 23:24:48,776 - full-1 - WARNING - | end of epoch 301 | time:  9.58s |valid ppl   116.85 | valid loss:  4.66
2020-11-05 23:24:58,369 - full-1 - WARNING - | end of epoch 302 | time:  9.59s |valid ppl   116.85 | valid loss:  4.67
2020-11-05 23:25:07,963 - full-1 - WARNING - | end of epoch 303 | time:  9.59s |valid ppl   116.85 | valid loss:  4.78
2020-11-05 23:25:17,549 - full-1 - WARNING - | end of epoch 304 | time:  9.59s |valid ppl   116.85 | valid loss:  4.65
2020-11-05 23:25:27,126 - full-1 - WARNING - | end of epoch 305 | time:  9.58s |valid ppl   116.85 | valid loss:  4.85
2020-11-05 23:25:36,709 - full-1 - WARNING - | end of epoch 306 | time:  9.58s |valid ppl   116.85 | valid loss:  4.51
2020-11-05 23:25:46,299 - full-1 - WARNING - | end of epoch 307 | time:  9.59s |valid ppl   116.85 | valid loss:  4.75
2020-11-05 23:25:55,879 - full-1 - WARNING - | end of epoch 308 | time:  9.58s |valid ppl   116.85 | valid loss:  4.75
2020-11-05 23:26:05,461 - full-1 - WARNING - | end of epoch 309 | time:  9.58s |valid ppl   116.85 | valid loss:  4.73
2020-11-05 23:26:15,060 - full-1 - WARNING - | end of epoch 310 | time:  9.60s |valid ppl   116.85 | valid loss:  4.81
2020-11-05 23:26:24,649 - full-1 - WARNING - | end of epoch 311 | time:  9.59s |valid ppl   116.85 | valid loss:  4.77
2020-11-05 23:26:34,235 - full-1 - WARNING - | end of epoch 312 | time:  9.59s |valid ppl   116.85 | valid loss:  4.66
2020-11-05 23:26:43,816 - full-1 - WARNING - | end of epoch 313 | time:  9.58s |valid ppl   116.85 | valid loss:  4.66
2020-11-05 23:26:53,409 - full-1 - WARNING - | end of epoch 314 | time:  9.59s |valid ppl   116.85 | valid loss:  4.81
2020-11-05 23:27:03,011 - full-1 - WARNING - | end of epoch 315 | time:  9.60s |valid ppl   116.85 | valid loss:  4.70
2020-11-05 23:27:12,598 - full-1 - WARNING - | end of epoch 316 | time:  9.59s |valid ppl   116.85 | valid loss:  4.72
2020-11-05 23:27:22,175 - full-1 - WARNING - | end of epoch 317 | time:  9.58s |valid ppl   116.85 | valid loss:  4.85
2020-11-05 23:27:31,784 - full-1 - WARNING - | end of epoch 318 | time:  9.61s |valid ppl   116.85 | valid loss:  4.69
2020-11-05 23:27:41,386 - full-1 - WARNING - | end of epoch 319 | time:  9.60s |valid ppl   116.85 | valid loss:  4.62
2020-11-05 23:27:50,985 - full-1 - WARNING - | end of epoch 320 | time:  9.60s |valid ppl   116.85 | valid loss:  4.65
2020-11-05 23:28:00,588 - full-1 - WARNING - | end of epoch 321 | time:  9.60s |valid ppl   116.85 | valid loss:  4.90
2020-11-05 23:28:10,186 - full-1 - WARNING - | end of epoch 322 | time:  9.60s |valid ppl   116.85 | valid loss:  4.52
2020-11-05 23:28:19,772 - full-1 - WARNING - | end of epoch 323 | time:  9.58s |valid ppl   116.85 | valid loss:  4.62
2020-11-05 23:28:29,362 - full-1 - WARNING - | end of epoch 324 | time:  9.59s |valid ppl   116.85 | valid loss:  4.74
2020-11-05 23:28:38,951 - full-1 - WARNING - | end of epoch 325 | time:  9.59s |valid ppl   116.85 | valid loss:  4.81
2020-11-05 23:28:48,535 - full-1 - WARNING - | end of epoch 326 | time:  9.58s |valid ppl   116.85 | valid loss:  5.04
2020-11-05 23:28:58,115 - full-1 - WARNING - | end of epoch 327 | time:  9.58s |valid ppl   116.85 | valid loss:  4.60
2020-11-05 23:29:07,687 - full-1 - WARNING - | end of epoch 328 | time:  9.57s |valid ppl   116.85 | valid loss:  4.74
2020-11-05 23:29:17,261 - full-1 - WARNING - | end of epoch 329 | time:  9.57s |valid ppl   116.85 | valid loss:  4.89
2020-11-05 23:29:26,848 - full-1 - WARNING - | end of epoch 330 | time:  9.59s |valid ppl   116.85 | valid loss:  4.79
2020-11-05 23:29:36,428 - full-1 - WARNING - | end of epoch 331 | time:  9.58s |valid ppl   116.85 | valid loss:  4.81
2020-11-05 23:29:46,003 - full-1 - WARNING - | end of epoch 332 | time:  9.57s |valid ppl   116.85 | valid loss:  4.84
2020-11-05 23:29:55,579 - full-1 - WARNING - | end of epoch 333 | time:  9.58s |valid ppl   116.85 | valid loss:  4.54
2020-11-05 23:30:05,176 - full-1 - WARNING - | end of epoch 334 | time:  9.60s |valid ppl   116.85 | valid loss:  4.78
2020-11-05 23:30:14,756 - full-1 - WARNING - | end of epoch 335 | time:  9.58s |valid ppl   116.85 | valid loss:  4.88
2020-11-05 23:30:24,327 - full-1 - WARNING - | end of epoch 336 | time:  9.57s |valid ppl   116.85 | valid loss:  4.78
2020-11-05 23:30:33,908 - full-1 - WARNING - | end of epoch 337 | time:  9.58s |valid ppl   116.85 | valid loss:  5.07
2020-11-05 23:30:43,497 - full-1 - WARNING - | end of epoch 338 | time:  9.59s |valid ppl   116.85 | valid loss:  4.92
2020-11-05 23:30:53,079 - full-1 - WARNING - | end of epoch 339 | time:  9.58s |valid ppl   116.85 | valid loss:  4.97
2020-11-05 23:31:02,664 - full-1 - WARNING - | end of epoch 340 | time:  9.59s |valid ppl   116.85 | valid loss:  4.90
2020-11-05 23:31:12,247 - full-1 - WARNING - | end of epoch 341 | time:  9.58s |valid ppl   116.85 | valid loss:  4.56
2020-11-05 23:31:21,823 - full-1 - WARNING - | end of epoch 342 | time:  9.58s |valid ppl   116.85 | valid loss:  4.68
2020-11-05 23:31:31,425 - full-1 - WARNING - | end of epoch 343 | time:  9.60s |valid ppl   116.85 | valid loss:  4.80
2020-11-05 23:31:41,011 - full-1 - WARNING - | end of epoch 344 | time:  9.59s |valid ppl   116.85 | valid loss:  4.64
2020-11-05 23:31:50,585 - full-1 - WARNING - | end of epoch 345 | time:  9.57s |valid ppl   116.85 | valid loss:  4.73
2020-11-05 23:32:00,173 - full-1 - WARNING - | end of epoch 346 | time:  9.59s |valid ppl   116.85 | valid loss:  4.56
2020-11-05 23:32:09,771 - full-1 - WARNING - | end of epoch 347 | time:  9.60s |valid ppl   116.85 | valid loss:  4.81
2020-11-05 23:32:19,358 - full-1 - WARNING - | end of epoch 348 | time:  9.59s |valid ppl   116.85 | valid loss:  4.64
2020-11-05 23:32:28,947 - full-1 - WARNING - | end of epoch 349 | time:  9.59s |valid ppl   116.85 | valid loss:  4.75
2020-11-05 23:32:38,528 - full-1 - WARNING - | end of epoch 350 | time:  9.58s |valid ppl   116.85 | valid loss:  4.74
2020-11-05 23:32:48,103 - full-1 - WARNING - | end of epoch 351 | time:  9.57s |valid ppl   116.85 | valid loss:  4.78
2020-11-05 23:32:57,676 - full-1 - WARNING - | end of epoch 352 | time:  9.57s |valid ppl   116.85 | valid loss:  4.52
2020-11-05 23:33:07,255 - full-1 - WARNING - | end of epoch 353 | time:  9.58s |valid ppl   116.85 | valid loss:  4.95
2020-11-05 23:33:16,833 - full-1 - WARNING - | end of epoch 354 | time:  9.58s |valid ppl   116.85 | valid loss:  4.60
2020-11-05 23:33:26,419 - full-1 - WARNING - | end of epoch 355 | time:  9.59s |valid ppl   116.85 | valid loss:  4.81
2020-11-05 23:33:36,004 - full-1 - WARNING - | end of epoch 356 | time:  9.58s |valid ppl   116.85 | valid loss:  4.82
2020-11-05 23:33:45,584 - full-1 - WARNING - | end of epoch 357 | time:  9.58s |valid ppl   116.85 | valid loss:  4.82
2020-11-05 23:33:55,170 - full-1 - WARNING - | end of epoch 358 | time:  9.59s |valid ppl   116.85 | valid loss:  4.86
2020-11-05 23:34:04,755 - full-1 - WARNING - | end of epoch 359 | time:  9.58s |valid ppl   116.85 | valid loss:  4.70
2020-11-05 23:34:14,338 - full-1 - WARNING - | end of epoch 360 | time:  9.58s |valid ppl   116.85 | valid loss:  4.81
2020-11-05 23:34:23,938 - full-1 - WARNING - | end of epoch 361 | time:  9.60s |valid ppl   116.85 | valid loss:  4.76
2020-11-05 23:34:33,540 - full-1 - WARNING - | end of epoch 362 | time:  9.60s |valid ppl   116.85 | valid loss:  4.77
2020-11-05 23:34:43,128 - full-1 - WARNING - | end of epoch 363 | time:  9.59s |valid ppl   116.85 | valid loss:  4.79
2020-11-05 23:34:52,711 - full-1 - WARNING - | end of epoch 364 | time:  9.58s |valid ppl   116.85 | valid loss:  4.73
2020-11-05 23:35:02,309 - full-1 - WARNING - | end of epoch 365 | time:  9.60s |valid ppl   116.85 | valid loss:  4.82
2020-11-05 23:35:11,906 - full-1 - WARNING - | end of epoch 366 | time:  9.60s |valid ppl   116.85 | valid loss:  4.78
2020-11-05 23:35:21,497 - full-1 - WARNING - | end of epoch 367 | time:  9.59s |valid ppl   116.85 | valid loss:  4.88
2020-11-05 23:35:31,091 - full-1 - WARNING - | end of epoch 368 | time:  9.59s |valid ppl   116.85 | valid loss:  4.67
2020-11-05 23:35:40,713 - full-1 - WARNING - | end of epoch 369 | time:  9.62s |valid ppl   116.85 | valid loss:  4.84
2020-11-05 23:35:50,308 - full-1 - WARNING - | end of epoch 370 | time:  9.59s |valid ppl   116.85 | valid loss:  4.75
2020-11-05 23:35:59,918 - full-1 - WARNING - | end of epoch 371 | time:  9.61s |valid ppl   116.85 | valid loss:  4.70
2020-11-05 23:36:09,527 - full-1 - WARNING - | end of epoch 372 | time:  9.61s |valid ppl   116.85 | valid loss:  4.69
2020-11-05 23:36:19,145 - full-1 - WARNING - | end of epoch 373 | time:  9.62s |valid ppl   116.85 | valid loss:  4.88
2020-11-05 23:36:28,750 - full-1 - WARNING - | end of epoch 374 | time:  9.60s |valid ppl   116.85 | valid loss:  4.72
2020-11-05 23:36:38,348 - full-1 - WARNING - | end of epoch 375 | time:  9.60s |valid ppl   116.85 | valid loss:  4.87
2020-11-05 23:36:47,945 - full-1 - WARNING - | end of epoch 376 | time:  9.60s |valid ppl   116.85 | valid loss:  4.73
2020-11-05 23:36:57,555 - full-1 - WARNING - | end of epoch 377 | time:  9.61s |valid ppl   116.85 | valid loss:  4.76
2020-11-05 23:37:07,175 - full-1 - WARNING - | end of epoch 378 | time:  9.62s |valid ppl   116.85 | valid loss:  4.77
2020-11-05 23:37:16,801 - full-1 - WARNING - | end of epoch 379 | time:  9.63s |valid ppl   116.85 | valid loss:  4.84
2020-11-05 23:37:26,419 - full-1 - WARNING - | end of epoch 380 | time:  9.62s |valid ppl   116.85 | valid loss:  4.83
2020-11-05 23:37:36,031 - full-1 - WARNING - | end of epoch 381 | time:  9.61s |valid ppl   116.85 | valid loss:  4.80
2020-11-05 23:37:45,667 - full-1 - WARNING - | end of epoch 382 | time:  9.64s |valid ppl   116.85 | valid loss:  4.86
2020-11-05 23:37:55,310 - full-1 - WARNING - | end of epoch 383 | time:  9.64s |valid ppl   116.85 | valid loss:  4.80
2020-11-05 23:38:04,962 - full-1 - WARNING - | end of epoch 384 | time:  9.65s |valid ppl   116.85 | valid loss:  4.78
2020-11-05 23:38:14,608 - full-1 - WARNING - | end of epoch 385 | time:  9.65s |valid ppl   116.85 | valid loss:  4.52
2020-11-05 23:38:24,239 - full-1 - WARNING - | end of epoch 386 | time:  9.63s |valid ppl   116.85 | valid loss:  4.79
2020-11-05 23:38:33,865 - full-1 - WARNING - | end of epoch 387 | time:  9.62s |valid ppl   116.85 | valid loss:  4.67
2020-11-05 23:38:43,488 - full-1 - WARNING - | end of epoch 388 | time:  9.62s |valid ppl   116.85 | valid loss:  4.87
2020-11-05 23:38:53,119 - full-1 - WARNING - | end of epoch 389 | time:  9.63s |valid ppl   116.85 | valid loss:  4.73
2020-11-05 23:39:02,778 - full-1 - WARNING - | end of epoch 390 | time:  9.66s |valid ppl   116.85 | valid loss:  4.87
2020-11-05 23:39:12,437 - full-1 - WARNING - | end of epoch 391 | time:  9.66s |valid ppl   116.85 | valid loss:  4.76
2020-11-05 23:39:22,064 - full-1 - WARNING - | end of epoch 392 | time:  9.63s |valid ppl   116.85 | valid loss:  4.54
2020-11-05 23:39:31,692 - full-1 - WARNING - | end of epoch 393 | time:  9.63s |valid ppl   116.85 | valid loss:  4.80
2020-11-05 23:39:41,331 - full-1 - WARNING - | end of epoch 394 | time:  9.64s |valid ppl   116.85 | valid loss:  4.68
2020-11-05 23:39:50,967 - full-1 - WARNING - | end of epoch 395 | time:  9.64s |valid ppl   116.85 | valid loss:  4.91
2020-11-05 23:40:00,598 - full-1 - WARNING - | end of epoch 396 | time:  9.63s |valid ppl   116.85 | valid loss:  4.79
2020-11-05 23:40:10,204 - full-1 - WARNING - | end of epoch 397 | time:  9.61s |valid ppl   116.85 | valid loss:  4.82
2020-11-05 23:40:19,808 - full-1 - WARNING - | end of epoch 398 | time:  9.60s |valid ppl   116.85 | valid loss:  4.75
2020-11-05 23:40:29,406 - full-1 - WARNING - | end of epoch 399 | time:  9.60s |valid ppl   116.85 | valid loss:  4.76
2020-11-05 23:40:39,007 - full-1 - WARNING - | end of epoch 400 | time:  9.60s |valid ppl   116.85 | valid loss:  4.88
