2020-11-05 22:37:22,710 - full-3 - INFO - Namespace(batch_size=96, bptt=35, clip=0.25, concat=True, cuda=True, data='data/penn', dropout=0.2, emsize=300, epochs=400, index_module='linear', log_interval=1000, loss='full', lr=1.0, lr_decay=2, min_freq=3, nhid=300, nlayers=3, noise_ratio=500, norm_term=-1, prof=False, save='full-3', seed=1111, tb_name=None, train=True, vocab=None, weight_decay=1e-08)
2020-11-05 22:37:23,046 - full-3 - INFO - Vocabulary size is 9957
2020-11-05 22:37:32,089 - full-3 - INFO - model definition:
 RNNModel(
  (drop): Dropout(p=0.2, inplace=False)
  (encoder): Embedding(9957, 300)
  (rnn): LSTM(300, 300, num_layers=3, batch_first=True, dropout=0.2)
  (proj): Linear(in_features=300, out_features=300, bias=True)
  (criterion): IndexLinear(
    (alias): AliasMultinomial()
    (bce_with_logits): BCEWithLogitsLoss()
    (ce): CrossEntropyLoss()
    (emb): Embedding(9957, 300)
    (bias): Embedding(9957, 1)
  )
)
2020-11-05 22:37:40,063 - full-3 - WARNING - | end of epoch   1 | time:  7.97s |valid ppl   655.17 | valid loss:  6.53
2020-11-05 22:37:48,202 - full-3 - WARNING - | end of epoch   2 | time:  7.77s |valid ppl   551.35 | valid loss:  6.34
2020-11-05 22:37:56,881 - full-3 - WARNING - | end of epoch   3 | time:  7.80s |valid ppl   386.86 | valid loss:  6.01
2020-11-05 22:38:05,434 - full-3 - WARNING - | end of epoch   4 | time:  7.86s |valid ppl   283.12 | valid loss:  5.83
2020-11-05 22:38:13,800 - full-3 - WARNING - | end of epoch   5 | time:  7.91s |valid ppl   225.70 | valid loss:  5.35
2020-11-05 22:38:22,527 - full-3 - WARNING - | end of epoch   6 | time:  8.00s |valid ppl   198.93 | valid loss:  5.34
2020-11-05 22:38:30,932 - full-3 - WARNING - | end of epoch   7 | time:  8.04s |valid ppl   179.50 | valid loss:  5.22
2020-11-05 22:38:39,404 - full-3 - WARNING - | end of epoch   8 | time:  8.03s |valid ppl   165.20 | valid loss:  5.21
2020-11-05 22:38:47,975 - full-3 - WARNING - | end of epoch   9 | time:  8.00s |valid ppl   154.30 | valid loss:  5.13
2020-11-05 22:38:56,368 - full-3 - WARNING - | end of epoch  10 | time:  8.03s |valid ppl   145.45 | valid loss:  5.06
2020-11-05 22:39:05,580 - full-3 - WARNING - | end of epoch  11 | time:  8.05s |valid ppl   138.97 | valid loss:  5.02
2020-11-05 22:39:14,983 - full-3 - WARNING - | end of epoch  12 | time:  8.05s |valid ppl   134.66 | valid loss:  4.88
2020-11-05 22:39:23,420 - full-3 - WARNING - | end of epoch  13 | time:  8.07s |valid ppl   130.84 | valid loss:  5.03
2020-11-05 22:39:32,110 - full-3 - WARNING - | end of epoch  14 | time:  8.08s |valid ppl   127.94 | valid loss:  4.82
2020-11-05 22:39:40,572 - full-3 - WARNING - | end of epoch  15 | time:  8.10s |valid ppl   125.57 | valid loss:  4.83
2020-11-05 22:39:49,058 - full-3 - WARNING - | end of epoch  16 | time:  8.12s |valid ppl   123.40 | valid loss:  4.80
2020-11-05 22:39:57,568 - full-3 - WARNING - | end of epoch  17 | time:  8.13s |valid ppl   120.98 | valid loss:  4.82
2020-11-05 22:40:06,081 - full-3 - WARNING - | end of epoch  18 | time:  8.16s |valid ppl   120.63 | valid loss:  4.73
2020-11-05 22:40:14,597 - full-3 - WARNING - | end of epoch  19 | time:  8.14s |valid ppl   120.34 | valid loss:  4.88
2020-11-05 22:40:23,175 - full-3 - WARNING - | end of epoch  20 | time:  8.15s |valid ppl   120.73 | valid loss:  4.90
2020-11-05 22:40:31,333 - full-3 - WARNING - | end of epoch  21 | time:  8.16s |valid ppl   116.62 | valid loss:  4.64
2020-11-05 22:40:39,875 - full-3 - WARNING - | end of epoch  22 | time:  8.16s |valid ppl   117.35 | valid loss:  4.75
2020-11-05 22:40:48,042 - full-3 - WARNING - | end of epoch  23 | time:  8.17s |valid ppl   117.36 | valid loss:  4.79
2020-11-05 22:40:56,213 - full-3 - WARNING - | end of epoch  24 | time:  8.17s |valid ppl   117.02 | valid loss:  4.65
2020-11-05 22:41:04,414 - full-3 - WARNING - | end of epoch  25 | time:  8.20s |valid ppl   117.34 | valid loss:  4.83
2020-11-05 22:41:12,617 - full-3 - WARNING - | end of epoch  26 | time:  8.20s |valid ppl   117.56 | valid loss:  4.83
2020-11-05 22:41:20,825 - full-3 - WARNING - | end of epoch  27 | time:  8.21s |valid ppl   117.69 | valid loss:  4.93
2020-11-05 22:41:29,032 - full-3 - WARNING - | end of epoch  28 | time:  8.21s |valid ppl   117.62 | valid loss:  4.81
2020-11-05 22:41:37,241 - full-3 - WARNING - | end of epoch  29 | time:  8.21s |valid ppl   117.69 | valid loss:  4.78
2020-11-05 22:41:45,457 - full-3 - WARNING - | end of epoch  30 | time:  8.22s |valid ppl   117.71 | valid loss:  4.74
2020-11-05 22:41:53,687 - full-3 - WARNING - | end of epoch  31 | time:  8.23s |valid ppl   117.73 | valid loss:  4.80
2020-11-05 22:42:01,933 - full-3 - WARNING - | end of epoch  32 | time:  8.25s |valid ppl   117.73 | valid loss:  4.85
2020-11-05 22:42:10,184 - full-3 - WARNING - | end of epoch  33 | time:  8.25s |valid ppl   117.73 | valid loss:  4.61
2020-11-05 22:42:18,455 - full-3 - WARNING - | end of epoch  34 | time:  8.27s |valid ppl   117.73 | valid loss:  4.86
2020-11-05 22:42:26,713 - full-3 - WARNING - | end of epoch  35 | time:  8.26s |valid ppl   117.73 | valid loss:  4.84
2020-11-05 22:42:34,994 - full-3 - WARNING - | end of epoch  36 | time:  8.28s |valid ppl   117.73 | valid loss:  4.67
2020-11-05 22:42:43,267 - full-3 - WARNING - | end of epoch  37 | time:  8.27s |valid ppl   117.73 | valid loss:  4.75
2020-11-05 22:42:51,555 - full-3 - WARNING - | end of epoch  38 | time:  8.29s |valid ppl   117.73 | valid loss:  4.78
2020-11-05 22:42:59,833 - full-3 - WARNING - | end of epoch  39 | time:  8.28s |valid ppl   117.73 | valid loss:  4.72
2020-11-05 22:43:08,134 - full-3 - WARNING - | end of epoch  40 | time:  8.30s |valid ppl   117.73 | valid loss:  4.93
2020-11-05 22:43:16,424 - full-3 - WARNING - | end of epoch  41 | time:  8.29s |valid ppl   117.73 | valid loss:  4.58
2020-11-05 22:43:24,705 - full-3 - WARNING - | end of epoch  42 | time:  8.28s |valid ppl   117.73 | valid loss:  4.82
2020-11-05 22:43:32,983 - full-3 - WARNING - | end of epoch  43 | time:  8.28s |valid ppl   117.73 | valid loss:  4.80
2020-11-05 22:43:41,260 - full-3 - WARNING - | end of epoch  44 | time:  8.28s |valid ppl   117.73 | valid loss:  4.92
2020-11-05 22:43:49,544 - full-3 - WARNING - | end of epoch  45 | time:  8.28s |valid ppl   117.73 | valid loss:  4.72
2020-11-05 22:43:57,823 - full-3 - WARNING - | end of epoch  46 | time:  8.28s |valid ppl   117.73 | valid loss:  4.91
2020-11-05 22:44:06,104 - full-3 - WARNING - | end of epoch  47 | time:  8.28s |valid ppl   117.73 | valid loss:  4.85
2020-11-05 22:44:14,383 - full-3 - WARNING - | end of epoch  48 | time:  8.28s |valid ppl   117.73 | valid loss:  4.83
2020-11-05 22:44:22,665 - full-3 - WARNING - | end of epoch  49 | time:  8.28s |valid ppl   117.73 | valid loss:  4.71
2020-11-05 22:44:30,982 - full-3 - WARNING - | end of epoch  50 | time:  8.32s |valid ppl   117.73 | valid loss:  4.82
2020-11-05 22:44:39,279 - full-3 - WARNING - | end of epoch  51 | time:  8.30s |valid ppl   117.73 | valid loss:  4.82
2020-11-05 22:44:47,565 - full-3 - WARNING - | end of epoch  52 | time:  8.29s |valid ppl   117.73 | valid loss:  4.77
2020-11-05 22:44:55,872 - full-3 - WARNING - | end of epoch  53 | time:  8.31s |valid ppl   117.73 | valid loss:  4.78
2020-11-05 22:45:04,183 - full-3 - WARNING - | end of epoch  54 | time:  8.31s |valid ppl   117.73 | valid loss:  4.90
2020-11-05 22:45:12,493 - full-3 - WARNING - | end of epoch  55 | time:  8.31s |valid ppl   117.73 | valid loss:  4.66
2020-11-05 22:45:20,800 - full-3 - WARNING - | end of epoch  56 | time:  8.31s |valid ppl   117.73 | valid loss:  4.82
2020-11-05 22:45:29,090 - full-3 - WARNING - | end of epoch  57 | time:  8.29s |valid ppl   117.73 | valid loss:  5.00
2020-11-05 22:45:37,402 - full-3 - WARNING - | end of epoch  58 | time:  8.31s |valid ppl   117.73 | valid loss:  4.87
2020-11-05 22:45:45,720 - full-3 - WARNING - | end of epoch  59 | time:  8.32s |valid ppl   117.73 | valid loss:  4.65
2020-11-05 22:45:54,025 - full-3 - WARNING - | end of epoch  60 | time:  8.31s |valid ppl   117.73 | valid loss:  4.62
2020-11-05 22:46:02,336 - full-3 - WARNING - | end of epoch  61 | time:  8.31s |valid ppl   117.73 | valid loss:  4.78
2020-11-05 22:46:10,644 - full-3 - WARNING - | end of epoch  62 | time:  8.31s |valid ppl   117.73 | valid loss:  4.70
2020-11-05 22:46:18,954 - full-3 - WARNING - | end of epoch  63 | time:  8.31s |valid ppl   117.73 | valid loss:  4.74
2020-11-05 22:46:27,261 - full-3 - WARNING - | end of epoch  64 | time:  8.31s |valid ppl   117.73 | valid loss:  4.74
2020-11-05 22:46:35,564 - full-3 - WARNING - | end of epoch  65 | time:  8.30s |valid ppl   117.73 | valid loss:  4.84
2020-11-05 22:46:43,876 - full-3 - WARNING - | end of epoch  66 | time:  8.31s |valid ppl   117.73 | valid loss:  4.91
2020-11-05 22:46:52,189 - full-3 - WARNING - | end of epoch  67 | time:  8.31s |valid ppl   117.73 | valid loss:  4.91
2020-11-05 22:47:00,497 - full-3 - WARNING - | end of epoch  68 | time:  8.31s |valid ppl   117.73 | valid loss:  4.63
2020-11-05 22:47:08,810 - full-3 - WARNING - | end of epoch  69 | time:  8.31s |valid ppl   117.73 | valid loss:  4.73
2020-11-05 22:47:17,126 - full-3 - WARNING - | end of epoch  70 | time:  8.32s |valid ppl   117.73 | valid loss:  4.64
2020-11-05 22:47:25,433 - full-3 - WARNING - | end of epoch  71 | time:  8.31s |valid ppl   117.73 | valid loss:  4.93
2020-11-05 22:47:33,746 - full-3 - WARNING - | end of epoch  72 | time:  8.31s |valid ppl   117.73 | valid loss:  4.88
2020-11-05 22:47:42,052 - full-3 - WARNING - | end of epoch  73 | time:  8.30s |valid ppl   117.73 | valid loss:  4.84
2020-11-05 22:47:50,368 - full-3 - WARNING - | end of epoch  74 | time:  8.32s |valid ppl   117.73 | valid loss:  4.77
2020-11-05 22:47:58,677 - full-3 - WARNING - | end of epoch  75 | time:  8.31s |valid ppl   117.73 | valid loss:  4.92
2020-11-05 22:48:06,987 - full-3 - WARNING - | end of epoch  76 | time:  8.31s |valid ppl   117.73 | valid loss:  4.75
2020-11-05 22:48:15,294 - full-3 - WARNING - | end of epoch  77 | time:  8.31s |valid ppl   117.73 | valid loss:  4.66
2020-11-05 22:48:23,612 - full-3 - WARNING - | end of epoch  78 | time:  8.32s |valid ppl   117.73 | valid loss:  4.99
2020-11-05 22:48:31,927 - full-3 - WARNING - | end of epoch  79 | time:  8.31s |valid ppl   117.73 | valid loss:  4.74
2020-11-05 22:48:40,247 - full-3 - WARNING - | end of epoch  80 | time:  8.32s |valid ppl   117.73 | valid loss:  4.81
2020-11-05 22:48:48,567 - full-3 - WARNING - | end of epoch  81 | time:  8.32s |valid ppl   117.73 | valid loss:  4.69
2020-11-05 22:48:56,889 - full-3 - WARNING - | end of epoch  82 | time:  8.32s |valid ppl   117.73 | valid loss:  4.75
2020-11-05 22:49:05,221 - full-3 - WARNING - | end of epoch  83 | time:  8.33s |valid ppl   117.73 | valid loss:  4.59
2020-11-05 22:49:13,551 - full-3 - WARNING - | end of epoch  84 | time:  8.33s |valid ppl   117.73 | valid loss:  4.68
2020-11-05 22:49:21,886 - full-3 - WARNING - | end of epoch  85 | time:  8.33s |valid ppl   117.73 | valid loss:  4.75
2020-11-05 22:49:30,226 - full-3 - WARNING - | end of epoch  86 | time:  8.34s |valid ppl   117.73 | valid loss:  4.86
2020-11-05 22:49:38,564 - full-3 - WARNING - | end of epoch  87 | time:  8.34s |valid ppl   117.73 | valid loss:  4.78
2020-11-05 22:49:46,902 - full-3 - WARNING - | end of epoch  88 | time:  8.34s |valid ppl   117.73 | valid loss:  4.74
2020-11-05 22:49:55,245 - full-3 - WARNING - | end of epoch  89 | time:  8.34s |valid ppl   117.73 | valid loss:  4.71
2020-11-05 22:50:03,610 - full-3 - WARNING - | end of epoch  90 | time:  8.36s |valid ppl   117.73 | valid loss:  4.76
2020-11-05 22:50:11,959 - full-3 - WARNING - | end of epoch  91 | time:  8.35s |valid ppl   117.73 | valid loss:  4.53
2020-11-05 22:50:20,315 - full-3 - WARNING - | end of epoch  92 | time:  8.36s |valid ppl   117.73 | valid loss:  4.69
2020-11-05 22:50:28,673 - full-3 - WARNING - | end of epoch  93 | time:  8.36s |valid ppl   117.73 | valid loss:  4.76
2020-11-05 22:50:37,045 - full-3 - WARNING - | end of epoch  94 | time:  8.37s |valid ppl   117.73 | valid loss:  4.72
2020-11-05 22:50:45,407 - full-3 - WARNING - | end of epoch  95 | time:  8.36s |valid ppl   117.73 | valid loss:  4.89
2020-11-05 22:50:53,774 - full-3 - WARNING - | end of epoch  96 | time:  8.37s |valid ppl   117.73 | valid loss:  4.86
2020-11-05 22:51:02,157 - full-3 - WARNING - | end of epoch  97 | time:  8.38s |valid ppl   117.73 | valid loss:  4.79
2020-11-05 22:51:10,525 - full-3 - WARNING - | end of epoch  98 | time:  8.37s |valid ppl   117.73 | valid loss:  4.84
2020-11-05 22:51:18,885 - full-3 - WARNING - | end of epoch  99 | time:  8.36s |valid ppl   117.73 | valid loss:  4.88
2020-11-05 22:51:27,233 - full-3 - WARNING - | end of epoch 100 | time:  8.35s |valid ppl   117.73 | valid loss:  4.71
2020-11-05 22:51:35,606 - full-3 - WARNING - | end of epoch 101 | time:  8.37s |valid ppl   117.73 | valid loss:  4.77
2020-11-05 22:51:43,960 - full-3 - WARNING - | end of epoch 102 | time:  8.35s |valid ppl   117.73 | valid loss:  4.84
2020-11-05 22:51:52,318 - full-3 - WARNING - | end of epoch 103 | time:  8.36s |valid ppl   117.73 | valid loss:  4.85
2020-11-05 22:52:00,668 - full-3 - WARNING - | end of epoch 104 | time:  8.35s |valid ppl   117.73 | valid loss:  4.60
2020-11-05 22:52:09,014 - full-3 - WARNING - | end of epoch 105 | time:  8.35s |valid ppl   117.73 | valid loss:  4.70
2020-11-05 22:52:17,370 - full-3 - WARNING - | end of epoch 106 | time:  8.36s |valid ppl   117.73 | valid loss:  4.81
2020-11-05 22:52:25,710 - full-3 - WARNING - | end of epoch 107 | time:  8.34s |valid ppl   117.73 | valid loss:  5.08
2020-11-05 22:52:34,059 - full-3 - WARNING - | end of epoch 108 | time:  8.35s |valid ppl   117.73 | valid loss:  4.82
2020-11-05 22:52:42,406 - full-3 - WARNING - | end of epoch 109 | time:  8.35s |valid ppl   117.73 | valid loss:  4.77
2020-11-05 22:52:50,765 - full-3 - WARNING - | end of epoch 110 | time:  8.36s |valid ppl   117.73 | valid loss:  4.78
2020-11-05 22:52:59,103 - full-3 - WARNING - | end of epoch 111 | time:  8.34s |valid ppl   117.73 | valid loss:  4.71
2020-11-05 22:53:07,449 - full-3 - WARNING - | end of epoch 112 | time:  8.35s |valid ppl   117.73 | valid loss:  4.86
2020-11-05 22:53:15,794 - full-3 - WARNING - | end of epoch 113 | time:  8.34s |valid ppl   117.73 | valid loss:  4.77
2020-11-05 22:53:24,142 - full-3 - WARNING - | end of epoch 114 | time:  8.35s |valid ppl   117.73 | valid loss:  4.69
2020-11-05 22:53:32,487 - full-3 - WARNING - | end of epoch 115 | time:  8.34s |valid ppl   117.73 | valid loss:  4.82
2020-11-05 22:53:40,871 - full-3 - WARNING - | end of epoch 116 | time:  8.33s |valid ppl   117.73 | valid loss:  4.65
2020-11-05 22:53:49,219 - full-3 - WARNING - | end of epoch 117 | time:  8.35s |valid ppl   117.73 | valid loss:  4.75
2020-11-05 22:53:57,560 - full-3 - WARNING - | end of epoch 118 | time:  8.34s |valid ppl   117.73 | valid loss:  4.81
2020-11-05 22:54:05,922 - full-3 - WARNING - | end of epoch 119 | time:  8.36s |valid ppl   117.73 | valid loss:  4.66
2020-11-05 22:54:14,267 - full-3 - WARNING - | end of epoch 120 | time:  8.34s |valid ppl   117.73 | valid loss:  4.75
2020-11-05 22:54:22,635 - full-3 - WARNING - | end of epoch 121 | time:  8.37s |valid ppl   117.73 | valid loss:  4.66
2020-11-05 22:54:30,988 - full-3 - WARNING - | end of epoch 122 | time:  8.35s |valid ppl   117.73 | valid loss:  4.81
2020-11-05 22:54:39,339 - full-3 - WARNING - | end of epoch 123 | time:  8.35s |valid ppl   117.73 | valid loss:  4.75
2020-11-05 22:54:47,685 - full-3 - WARNING - | end of epoch 124 | time:  8.35s |valid ppl   117.73 | valid loss:  4.82
2020-11-05 22:54:56,029 - full-3 - WARNING - | end of epoch 125 | time:  8.34s |valid ppl   117.73 | valid loss:  4.87
2020-11-05 22:55:04,387 - full-3 - WARNING - | end of epoch 126 | time:  8.36s |valid ppl   117.73 | valid loss:  4.78
2020-11-05 22:55:12,727 - full-3 - WARNING - | end of epoch 127 | time:  8.34s |valid ppl   117.73 | valid loss:  4.73
2020-11-05 22:55:21,082 - full-3 - WARNING - | end of epoch 128 | time:  8.35s |valid ppl   117.73 | valid loss:  4.86
2020-11-05 22:55:29,433 - full-3 - WARNING - | end of epoch 129 | time:  8.35s |valid ppl   117.73 | valid loss:  4.85
2020-11-05 22:55:37,790 - full-3 - WARNING - | end of epoch 130 | time:  8.36s |valid ppl   117.73 | valid loss:  4.85
2020-11-05 22:55:46,140 - full-3 - WARNING - | end of epoch 131 | time:  8.35s |valid ppl   117.73 | valid loss:  4.75
2020-11-05 22:55:54,483 - full-3 - WARNING - | end of epoch 132 | time:  8.34s |valid ppl   117.73 | valid loss:  4.75
2020-11-05 22:56:02,842 - full-3 - WARNING - | end of epoch 133 | time:  8.36s |valid ppl   117.73 | valid loss:  4.78
2020-11-05 22:56:11,288 - full-3 - WARNING - | end of epoch 134 | time:  8.45s |valid ppl   117.73 | valid loss:  4.69
2020-11-05 22:56:19,726 - full-3 - WARNING - | end of epoch 135 | time:  8.44s |valid ppl   117.73 | valid loss:  4.67
2020-11-05 22:56:28,168 - full-3 - WARNING - | end of epoch 136 | time:  8.44s |valid ppl   117.73 | valid loss:  4.77
2020-11-05 22:56:36,518 - full-3 - WARNING - | end of epoch 137 | time:  8.35s |valid ppl   117.73 | valid loss:  4.71
2020-11-05 22:56:44,855 - full-3 - WARNING - | end of epoch 138 | time:  8.34s |valid ppl   117.73 | valid loss:  4.86
2020-11-05 22:56:53,200 - full-3 - WARNING - | end of epoch 139 | time:  8.34s |valid ppl   117.73 | valid loss:  4.82
2020-11-05 22:57:01,546 - full-3 - WARNING - | end of epoch 140 | time:  8.35s |valid ppl   117.73 | valid loss:  4.50
2020-11-05 22:57:09,900 - full-3 - WARNING - | end of epoch 141 | time:  8.35s |valid ppl   117.73 | valid loss:  4.70
2020-11-05 22:57:18,250 - full-3 - WARNING - | end of epoch 142 | time:  8.35s |valid ppl   117.73 | valid loss:  4.87
2020-11-05 22:57:26,604 - full-3 - WARNING - | end of epoch 143 | time:  8.35s |valid ppl   117.73 | valid loss:  4.80
2020-11-05 22:57:34,953 - full-3 - WARNING - | end of epoch 144 | time:  8.35s |valid ppl   117.73 | valid loss:  4.79
2020-11-05 22:57:43,306 - full-3 - WARNING - | end of epoch 145 | time:  8.35s |valid ppl   117.73 | valid loss:  4.82
2020-11-05 22:57:51,673 - full-3 - WARNING - | end of epoch 146 | time:  8.37s |valid ppl   117.73 | valid loss:  4.81
2020-11-05 22:58:00,033 - full-3 - WARNING - | end of epoch 147 | time:  8.36s |valid ppl   117.73 | valid loss:  4.77
2020-11-05 22:58:08,407 - full-3 - WARNING - | end of epoch 148 | time:  8.37s |valid ppl   117.73 | valid loss:  4.73
2020-11-05 22:58:16,771 - full-3 - WARNING - | end of epoch 149 | time:  8.36s |valid ppl   117.73 | valid loss:  4.71
2020-11-05 22:58:25,136 - full-3 - WARNING - | end of epoch 150 | time:  8.36s |valid ppl   117.73 | valid loss:  4.50
2020-11-05 22:58:33,513 - full-3 - WARNING - | end of epoch 151 | time:  8.38s |valid ppl   117.73 | valid loss:  4.67
2020-11-05 22:58:41,884 - full-3 - WARNING - | end of epoch 152 | time:  8.37s |valid ppl   117.73 | valid loss:  4.87
2020-11-05 22:58:50,267 - full-3 - WARNING - | end of epoch 153 | time:  8.38s |valid ppl   117.73 | valid loss:  4.83
2020-11-05 22:58:58,650 - full-3 - WARNING - | end of epoch 154 | time:  8.38s |valid ppl   117.73 | valid loss:  4.66
2020-11-05 22:59:07,029 - full-3 - WARNING - | end of epoch 155 | time:  8.38s |valid ppl   117.73 | valid loss:  4.76
2020-11-05 22:59:15,411 - full-3 - WARNING - | end of epoch 156 | time:  8.38s |valid ppl   117.73 | valid loss:  4.76
2020-11-05 22:59:23,818 - full-3 - WARNING - | end of epoch 157 | time:  8.41s |valid ppl   117.73 | valid loss:  4.81
2020-11-05 22:59:32,213 - full-3 - WARNING - | end of epoch 158 | time:  8.40s |valid ppl   117.73 | valid loss:  4.73
2020-11-05 22:59:40,601 - full-3 - WARNING - | end of epoch 159 | time:  8.39s |valid ppl   117.73 | valid loss:  4.58
2020-11-05 22:59:49,003 - full-3 - WARNING - | end of epoch 160 | time:  8.40s |valid ppl   117.73 | valid loss:  4.67
2020-11-05 22:59:57,380 - full-3 - WARNING - | end of epoch 161 | time:  8.38s |valid ppl   117.73 | valid loss:  4.69
2020-11-05 23:00:05,770 - full-3 - WARNING - | end of epoch 162 | time:  8.39s |valid ppl   117.73 | valid loss:  4.88
2020-11-05 23:00:14,142 - full-3 - WARNING - | end of epoch 163 | time:  8.37s |valid ppl   117.73 | valid loss:  4.76
2020-11-05 23:00:22,529 - full-3 - WARNING - | end of epoch 164 | time:  8.39s |valid ppl   117.73 | valid loss:  4.75
2020-11-05 23:00:30,899 - full-3 - WARNING - | end of epoch 165 | time:  8.37s |valid ppl   117.73 | valid loss:  4.60
2020-11-05 23:00:39,271 - full-3 - WARNING - | end of epoch 166 | time:  8.37s |valid ppl   117.73 | valid loss:  4.75
2020-11-05 23:00:47,632 - full-3 - WARNING - | end of epoch 167 | time:  8.36s |valid ppl   117.73 | valid loss:  4.64
2020-11-05 23:00:55,990 - full-3 - WARNING - | end of epoch 168 | time:  8.36s |valid ppl   117.73 | valid loss:  4.69
2020-11-05 23:01:04,341 - full-3 - WARNING - | end of epoch 169 | time:  8.35s |valid ppl   117.73 | valid loss:  4.75
2020-11-05 23:01:12,695 - full-3 - WARNING - | end of epoch 170 | time:  8.35s |valid ppl   117.73 | valid loss:  4.77
2020-11-05 23:01:21,052 - full-3 - WARNING - | end of epoch 171 | time:  8.36s |valid ppl   117.73 | valid loss:  4.88
2020-11-05 23:01:29,403 - full-3 - WARNING - | end of epoch 172 | time:  8.35s |valid ppl   117.73 | valid loss:  4.86
2020-11-05 23:01:37,748 - full-3 - WARNING - | end of epoch 173 | time:  8.34s |valid ppl   117.73 | valid loss:  4.71
2020-11-05 23:01:46,096 - full-3 - WARNING - | end of epoch 174 | time:  8.35s |valid ppl   117.73 | valid loss:  4.67
2020-11-05 23:01:54,445 - full-3 - WARNING - | end of epoch 175 | time:  8.35s |valid ppl   117.73 | valid loss:  4.81
2020-11-05 23:02:02,803 - full-3 - WARNING - | end of epoch 176 | time:  8.36s |valid ppl   117.73 | valid loss:  4.75
2020-11-05 23:02:11,141 - full-3 - WARNING - | end of epoch 177 | time:  8.34s |valid ppl   117.73 | valid loss:  4.96
2020-11-05 23:02:19,500 - full-3 - WARNING - | end of epoch 178 | time:  8.36s |valid ppl   117.73 | valid loss:  4.72
2020-11-05 23:02:27,840 - full-3 - WARNING - | end of epoch 179 | time:  8.34s |valid ppl   117.73 | valid loss:  4.81
2020-11-05 23:02:36,179 - full-3 - WARNING - | end of epoch 180 | time:  8.34s |valid ppl   117.73 | valid loss:  4.73
2020-11-05 23:02:44,517 - full-3 - WARNING - | end of epoch 181 | time:  8.34s |valid ppl   117.73 | valid loss:  4.64
2020-11-05 23:02:52,863 - full-3 - WARNING - | end of epoch 182 | time:  8.35s |valid ppl   117.73 | valid loss:  4.85
2020-11-05 23:03:01,226 - full-3 - WARNING - | end of epoch 183 | time:  8.36s |valid ppl   117.73 | valid loss:  4.78
2020-11-05 23:03:09,567 - full-3 - WARNING - | end of epoch 184 | time:  8.34s |valid ppl   117.73 | valid loss:  4.71
2020-11-05 23:03:17,905 - full-3 - WARNING - | end of epoch 185 | time:  8.34s |valid ppl   117.73 | valid loss:  4.75
2020-11-05 23:03:26,256 - full-3 - WARNING - | end of epoch 186 | time:  8.35s |valid ppl   117.73 | valid loss:  4.67
2020-11-05 23:03:34,602 - full-3 - WARNING - | end of epoch 187 | time:  8.35s |valid ppl   117.73 | valid loss:  4.76
2020-11-05 23:03:42,941 - full-3 - WARNING - | end of epoch 188 | time:  8.34s |valid ppl   117.73 | valid loss:  4.90
2020-11-05 23:03:51,283 - full-3 - WARNING - | end of epoch 189 | time:  8.34s |valid ppl   117.73 | valid loss:  4.62
2020-11-05 23:03:59,625 - full-3 - WARNING - | end of epoch 190 | time:  8.34s |valid ppl   117.73 | valid loss:  4.91
2020-11-05 23:04:07,982 - full-3 - WARNING - | end of epoch 191 | time:  8.36s |valid ppl   117.73 | valid loss:  4.85
2020-11-05 23:04:16,324 - full-3 - WARNING - | end of epoch 192 | time:  8.34s |valid ppl   117.73 | valid loss:  4.83
2020-11-05 23:04:24,661 - full-3 - WARNING - | end of epoch 193 | time:  8.34s |valid ppl   117.73 | valid loss:  4.86
2020-11-05 23:04:33,008 - full-3 - WARNING - | end of epoch 194 | time:  8.35s |valid ppl   117.73 | valid loss:  4.84
2020-11-05 23:04:41,348 - full-3 - WARNING - | end of epoch 195 | time:  8.34s |valid ppl   117.73 | valid loss:  4.75
2020-11-05 23:04:49,692 - full-3 - WARNING - | end of epoch 196 | time:  8.34s |valid ppl   117.73 | valid loss:  4.71
2020-11-05 23:04:58,036 - full-3 - WARNING - | end of epoch 197 | time:  8.34s |valid ppl   117.73 | valid loss:  4.61
2020-11-05 23:05:06,386 - full-3 - WARNING - | end of epoch 198 | time:  8.35s |valid ppl   117.73 | valid loss:  5.04
2020-11-05 23:05:14,721 - full-3 - WARNING - | end of epoch 199 | time:  8.33s |valid ppl   117.73 | valid loss:  4.80
2020-11-05 23:05:23,067 - full-3 - WARNING - | end of epoch 200 | time:  8.35s |valid ppl   117.73 | valid loss:  4.94
2020-11-05 23:05:31,424 - full-3 - WARNING - | end of epoch 201 | time:  8.36s |valid ppl   117.73 | valid loss:  4.74
2020-11-05 23:05:39,776 - full-3 - WARNING - | end of epoch 202 | time:  8.35s |valid ppl   117.73 | valid loss:  4.65
2020-11-05 23:05:48,131 - full-3 - WARNING - | end of epoch 203 | time:  8.35s |valid ppl   117.73 | valid loss:  4.66
2020-11-05 23:05:56,480 - full-3 - WARNING - | end of epoch 204 | time:  8.35s |valid ppl   117.73 | valid loss:  4.79
2020-11-05 23:06:04,840 - full-3 - WARNING - | end of epoch 205 | time:  8.36s |valid ppl   117.73 | valid loss:  4.67
2020-11-05 23:06:13,204 - full-3 - WARNING - | end of epoch 206 | time:  8.36s |valid ppl   117.73 | valid loss:  4.78
2020-11-05 23:06:21,581 - full-3 - WARNING - | end of epoch 207 | time:  8.38s |valid ppl   117.73 | valid loss:  4.92
2020-11-05 23:06:29,951 - full-3 - WARNING - | end of epoch 208 | time:  8.37s |valid ppl   117.73 | valid loss:  4.77
2020-11-05 23:06:38,327 - full-3 - WARNING - | end of epoch 209 | time:  8.38s |valid ppl   117.73 | valid loss:  4.67
2020-11-05 23:06:46,715 - full-3 - WARNING - | end of epoch 210 | time:  8.39s |valid ppl   117.73 | valid loss:  4.72
2020-11-05 23:06:55,102 - full-3 - WARNING - | end of epoch 211 | time:  8.39s |valid ppl   117.73 | valid loss:  4.79
2020-11-05 23:07:03,484 - full-3 - WARNING - | end of epoch 212 | time:  8.38s |valid ppl   117.73 | valid loss:  4.81
2020-11-05 23:07:11,869 - full-3 - WARNING - | end of epoch 213 | time:  8.38s |valid ppl   117.73 | valid loss:  4.64
2020-11-05 23:07:20,255 - full-3 - WARNING - | end of epoch 214 | time:  8.39s |valid ppl   117.73 | valid loss:  4.99
2020-11-05 23:07:28,629 - full-3 - WARNING - | end of epoch 215 | time:  8.37s |valid ppl   117.73 | valid loss:  4.68
2020-11-05 23:07:36,991 - full-3 - WARNING - | end of epoch 216 | time:  8.36s |valid ppl   117.73 | valid loss:  4.79
2020-11-05 23:07:45,375 - full-3 - WARNING - | end of epoch 217 | time:  8.38s |valid ppl   117.73 | valid loss:  4.68
2020-11-05 23:07:53,761 - full-3 - WARNING - | end of epoch 218 | time:  8.39s |valid ppl   117.73 | valid loss:  4.73
2020-11-05 23:08:02,149 - full-3 - WARNING - | end of epoch 219 | time:  8.39s |valid ppl   117.73 | valid loss:  4.56
2020-11-05 23:08:10,521 - full-3 - WARNING - | end of epoch 220 | time:  8.37s |valid ppl   117.73 | valid loss:  4.70
2020-11-05 23:08:18,901 - full-3 - WARNING - | end of epoch 221 | time:  8.38s |valid ppl   117.73 | valid loss:  4.76
2020-11-05 23:08:27,281 - full-3 - WARNING - | end of epoch 222 | time:  8.38s |valid ppl   117.73 | valid loss:  4.64
2020-11-05 23:08:35,667 - full-3 - WARNING - | end of epoch 223 | time:  8.39s |valid ppl   117.73 | valid loss:  4.79
2020-11-05 23:08:44,038 - full-3 - WARNING - | end of epoch 224 | time:  8.37s |valid ppl   117.73 | valid loss:  4.73
2020-11-05 23:08:52,406 - full-3 - WARNING - | end of epoch 225 | time:  8.37s |valid ppl   117.73 | valid loss:  4.84
2020-11-05 23:09:00,776 - full-3 - WARNING - | end of epoch 226 | time:  8.37s |valid ppl   117.73 | valid loss:  4.82
2020-11-05 23:09:09,138 - full-3 - WARNING - | end of epoch 227 | time:  8.36s |valid ppl   117.73 | valid loss:  4.85
2020-11-05 23:09:17,499 - full-3 - WARNING - | end of epoch 228 | time:  8.36s |valid ppl   117.73 | valid loss:  4.76
2020-11-05 23:09:25,845 - full-3 - WARNING - | end of epoch 229 | time:  8.35s |valid ppl   117.73 | valid loss:  4.71
2020-11-05 23:09:34,204 - full-3 - WARNING - | end of epoch 230 | time:  8.36s |valid ppl   117.73 | valid loss:  4.85
2020-11-05 23:09:42,553 - full-3 - WARNING - | end of epoch 231 | time:  8.35s |valid ppl   117.73 | valid loss:  4.73
2020-11-05 23:09:50,897 - full-3 - WARNING - | end of epoch 232 | time:  8.34s |valid ppl   117.73 | valid loss:  4.68
2020-11-05 23:09:59,239 - full-3 - WARNING - | end of epoch 233 | time:  8.34s |valid ppl   117.73 | valid loss:  4.74
2020-11-05 23:10:07,601 - full-3 - WARNING - | end of epoch 234 | time:  8.36s |valid ppl   117.73 | valid loss:  4.76
2020-11-05 23:10:15,959 - full-3 - WARNING - | end of epoch 235 | time:  8.36s |valid ppl   117.73 | valid loss:  4.85
2020-11-05 23:10:24,304 - full-3 - WARNING - | end of epoch 236 | time:  8.34s |valid ppl   117.73 | valid loss:  4.74
2020-11-05 23:10:32,654 - full-3 - WARNING - | end of epoch 237 | time:  8.35s |valid ppl   117.73 | valid loss:  4.69
2020-11-05 23:10:40,993 - full-3 - WARNING - | end of epoch 238 | time:  8.34s |valid ppl   117.73 | valid loss:  4.75
2020-11-05 23:10:49,346 - full-3 - WARNING - | end of epoch 239 | time:  8.35s |valid ppl   117.73 | valid loss:  4.80
2020-11-05 23:10:57,689 - full-3 - WARNING - | end of epoch 240 | time:  8.34s |valid ppl   117.73 | valid loss:  4.61
2020-11-05 23:11:06,040 - full-3 - WARNING - | end of epoch 241 | time:  8.35s |valid ppl   117.73 | valid loss:  4.73
2020-11-05 23:11:14,389 - full-3 - WARNING - | end of epoch 242 | time:  8.35s |valid ppl   117.73 | valid loss:  4.80
2020-11-05 23:11:22,735 - full-3 - WARNING - | end of epoch 243 | time:  8.34s |valid ppl   117.73 | valid loss:  4.80
2020-11-05 23:11:31,075 - full-3 - WARNING - | end of epoch 244 | time:  8.34s |valid ppl   117.73 | valid loss:  4.71
2020-11-05 23:11:39,442 - full-3 - WARNING - | end of epoch 245 | time:  8.37s |valid ppl   117.73 | valid loss:  4.82
2020-11-05 23:11:47,802 - full-3 - WARNING - | end of epoch 246 | time:  8.36s |valid ppl   117.73 | valid loss:  4.87
2020-11-05 23:11:56,150 - full-3 - WARNING - | end of epoch 247 | time:  8.35s |valid ppl   117.73 | valid loss:  4.84
2020-11-05 23:12:04,521 - full-3 - WARNING - | end of epoch 248 | time:  8.37s |valid ppl   117.73 | valid loss:  4.72
2020-11-05 23:12:12,876 - full-3 - WARNING - | end of epoch 249 | time:  8.35s |valid ppl   117.73 | valid loss:  4.65
2020-11-05 23:12:21,233 - full-3 - WARNING - | end of epoch 250 | time:  8.36s |valid ppl   117.73 | valid loss:  4.93
2020-11-05 23:12:29,589 - full-3 - WARNING - | end of epoch 251 | time:  8.36s |valid ppl   117.73 | valid loss:  4.82
2020-11-05 23:12:37,950 - full-3 - WARNING - | end of epoch 252 | time:  8.36s |valid ppl   117.73 | valid loss:  4.77
2020-11-05 23:12:46,303 - full-3 - WARNING - | end of epoch 253 | time:  8.35s |valid ppl   117.73 | valid loss:  4.85
2020-11-05 23:12:54,658 - full-3 - WARNING - | end of epoch 254 | time:  8.35s |valid ppl   117.73 | valid loss:  4.67
2020-11-05 23:13:03,017 - full-3 - WARNING - | end of epoch 255 | time:  8.36s |valid ppl   117.73 | valid loss:  4.85
2020-11-05 23:13:11,365 - full-3 - WARNING - | end of epoch 256 | time:  8.35s |valid ppl   117.73 | valid loss:  4.77
2020-11-05 23:13:19,707 - full-3 - WARNING - | end of epoch 257 | time:  8.34s |valid ppl   117.73 | valid loss:  4.75
2020-11-05 23:13:28,046 - full-3 - WARNING - | end of epoch 258 | time:  8.34s |valid ppl   117.73 | valid loss:  4.68
2020-11-05 23:13:36,391 - full-3 - WARNING - | end of epoch 259 | time:  8.35s |valid ppl   117.73 | valid loss:  4.84
2020-11-05 23:13:44,728 - full-3 - WARNING - | end of epoch 260 | time:  8.34s |valid ppl   117.73 | valid loss:  4.86
2020-11-05 23:13:53,069 - full-3 - WARNING - | end of epoch 261 | time:  8.34s |valid ppl   117.73 | valid loss:  4.69
2020-11-05 23:14:01,428 - full-3 - WARNING - | end of epoch 262 | time:  8.36s |valid ppl   117.73 | valid loss:  4.83
2020-11-05 23:14:09,775 - full-3 - WARNING - | end of epoch 263 | time:  8.35s |valid ppl   117.73 | valid loss:  4.91
2020-11-05 23:14:18,137 - full-3 - WARNING - | end of epoch 264 | time:  8.36s |valid ppl   117.73 | valid loss:  4.74
2020-11-05 23:14:26,479 - full-3 - WARNING - | end of epoch 265 | time:  8.34s |valid ppl   117.73 | valid loss:  4.73
2020-11-05 23:14:34,841 - full-3 - WARNING - | end of epoch 266 | time:  8.36s |valid ppl   117.73 | valid loss:  4.73
2020-11-05 23:14:43,190 - full-3 - WARNING - | end of epoch 267 | time:  8.35s |valid ppl   117.73 | valid loss:  4.85
2020-11-05 23:14:51,552 - full-3 - WARNING - | end of epoch 268 | time:  8.36s |valid ppl   117.73 | valid loss:  4.97
2020-11-05 23:14:59,907 - full-3 - WARNING - | end of epoch 269 | time:  8.35s |valid ppl   117.73 | valid loss:  4.73
2020-11-05 23:15:08,280 - full-3 - WARNING - | end of epoch 270 | time:  8.37s |valid ppl   117.73 | valid loss:  4.72
2020-11-05 23:15:16,657 - full-3 - WARNING - | end of epoch 271 | time:  8.38s |valid ppl   117.73 | valid loss:  4.58
2020-11-05 23:15:25,031 - full-3 - WARNING - | end of epoch 272 | time:  8.37s |valid ppl   117.73 | valid loss:  4.74
2020-11-05 23:15:33,417 - full-3 - WARNING - | end of epoch 273 | time:  8.39s |valid ppl   117.73 | valid loss:  4.81
2020-11-05 23:15:41,811 - full-3 - WARNING - | end of epoch 274 | time:  8.39s |valid ppl   117.73 | valid loss:  4.89
2020-11-05 23:15:50,182 - full-3 - WARNING - | end of epoch 275 | time:  8.37s |valid ppl   117.73 | valid loss:  4.69
2020-11-05 23:15:58,567 - full-3 - WARNING - | end of epoch 276 | time:  8.38s |valid ppl   117.73 | valid loss:  4.87
2020-11-05 23:16:06,968 - full-3 - WARNING - | end of epoch 277 | time:  8.40s |valid ppl   117.73 | valid loss:  4.47
2020-11-05 23:16:15,356 - full-3 - WARNING - | end of epoch 278 | time:  8.39s |valid ppl   117.73 | valid loss:  4.80
2020-11-05 23:16:23,757 - full-3 - WARNING - | end of epoch 279 | time:  8.40s |valid ppl   117.73 | valid loss:  4.76
2020-11-05 23:16:32,164 - full-3 - WARNING - | end of epoch 280 | time:  8.41s |valid ppl   117.73 | valid loss:  4.66
2020-11-05 23:16:40,542 - full-3 - WARNING - | end of epoch 281 | time:  8.38s |valid ppl   117.73 | valid loss:  4.81
2020-11-05 23:16:48,926 - full-3 - WARNING - | end of epoch 282 | time:  8.38s |valid ppl   117.73 | valid loss:  4.59
2020-11-05 23:16:57,319 - full-3 - WARNING - | end of epoch 283 | time:  8.39s |valid ppl   117.73 | valid loss:  4.67
2020-11-05 23:17:05,723 - full-3 - WARNING - | end of epoch 284 | time:  8.40s |valid ppl   117.73 | valid loss:  4.79
2020-11-05 23:17:14,107 - full-3 - WARNING - | end of epoch 285 | time:  8.38s |valid ppl   117.73 | valid loss:  4.68
2020-11-05 23:17:22,496 - full-3 - WARNING - | end of epoch 286 | time:  8.39s |valid ppl   117.73 | valid loss:  4.91
2020-11-05 23:17:30,904 - full-3 - WARNING - | end of epoch 287 | time:  8.41s |valid ppl   117.73 | valid loss:  4.76
2020-11-05 23:17:39,272 - full-3 - WARNING - | end of epoch 288 | time:  8.37s |valid ppl   117.73 | valid loss:  4.58
2020-11-05 23:17:47,636 - full-3 - WARNING - | end of epoch 289 | time:  8.36s |valid ppl   117.73 | valid loss:  4.77
2020-11-05 23:17:56,001 - full-3 - WARNING - | end of epoch 290 | time:  8.36s |valid ppl   117.73 | valid loss:  4.83
2020-11-05 23:18:04,373 - full-3 - WARNING - | end of epoch 291 | time:  8.37s |valid ppl   117.73 | valid loss:  4.70
2020-11-05 23:18:12,723 - full-3 - WARNING - | end of epoch 292 | time:  8.35s |valid ppl   117.73 | valid loss:  4.70
2020-11-05 23:18:21,092 - full-3 - WARNING - | end of epoch 293 | time:  8.37s |valid ppl   117.73 | valid loss:  4.54
2020-11-05 23:18:29,452 - full-3 - WARNING - | end of epoch 294 | time:  8.36s |valid ppl   117.73 | valid loss:  4.87
2020-11-05 23:18:37,803 - full-3 - WARNING - | end of epoch 295 | time:  8.35s |valid ppl   117.73 | valid loss:  4.95
2020-11-05 23:18:46,160 - full-3 - WARNING - | end of epoch 296 | time:  8.36s |valid ppl   117.73 | valid loss:  4.85
2020-11-05 23:18:54,501 - full-3 - WARNING - | end of epoch 297 | time:  8.34s |valid ppl   117.73 | valid loss:  4.85
2020-11-05 23:19:02,863 - full-3 - WARNING - | end of epoch 298 | time:  8.36s |valid ppl   117.73 | valid loss:  4.84
2020-11-05 23:19:11,204 - full-3 - WARNING - | end of epoch 299 | time:  8.34s |valid ppl   117.73 | valid loss:  4.77
2020-11-05 23:19:19,548 - full-3 - WARNING - | end of epoch 300 | time:  8.34s |valid ppl   117.73 | valid loss:  4.78
2020-11-05 23:19:27,891 - full-3 - WARNING - | end of epoch 301 | time:  8.34s |valid ppl   117.73 | valid loss:  4.66
2020-11-05 23:19:36,247 - full-3 - WARNING - | end of epoch 302 | time:  8.36s |valid ppl   117.73 | valid loss:  4.69
2020-11-05 23:19:44,584 - full-3 - WARNING - | end of epoch 303 | time:  8.34s |valid ppl   117.73 | valid loss:  4.78
2020-11-05 23:19:52,938 - full-3 - WARNING - | end of epoch 304 | time:  8.35s |valid ppl   117.73 | valid loss:  4.69
2020-11-05 23:20:01,287 - full-3 - WARNING - | end of epoch 305 | time:  8.35s |valid ppl   117.73 | valid loss:  4.84
2020-11-05 23:20:09,637 - full-3 - WARNING - | end of epoch 306 | time:  8.35s |valid ppl   117.73 | valid loss:  4.51
2020-11-05 23:20:17,987 - full-3 - WARNING - | end of epoch 307 | time:  8.35s |valid ppl   117.73 | valid loss:  4.78
2020-11-05 23:20:26,327 - full-3 - WARNING - | end of epoch 308 | time:  8.34s |valid ppl   117.73 | valid loss:  4.76
2020-11-05 23:20:34,670 - full-3 - WARNING - | end of epoch 309 | time:  8.34s |valid ppl   117.73 | valid loss:  4.73
2020-11-05 23:20:43,017 - full-3 - WARNING - | end of epoch 310 | time:  8.35s |valid ppl   117.73 | valid loss:  4.80
2020-11-05 23:20:51,360 - full-3 - WARNING - | end of epoch 311 | time:  8.34s |valid ppl   117.73 | valid loss:  4.75
2020-11-05 23:20:59,696 - full-3 - WARNING - | end of epoch 312 | time:  8.34s |valid ppl   117.73 | valid loss:  4.68
2020-11-05 23:21:08,036 - full-3 - WARNING - | end of epoch 313 | time:  8.34s |valid ppl   117.73 | valid loss:  4.67
2020-11-05 23:21:16,382 - full-3 - WARNING - | end of epoch 314 | time:  8.35s |valid ppl   117.73 | valid loss:  4.83
2020-11-05 23:21:24,719 - full-3 - WARNING - | end of epoch 315 | time:  8.34s |valid ppl   117.73 | valid loss:  4.68
2020-11-05 23:21:33,056 - full-3 - WARNING - | end of epoch 316 | time:  8.34s |valid ppl   117.73 | valid loss:  4.73
2020-11-05 23:21:41,390 - full-3 - WARNING - | end of epoch 317 | time:  8.33s |valid ppl   117.73 | valid loss:  4.84
2020-11-05 23:21:49,728 - full-3 - WARNING - | end of epoch 318 | time:  8.34s |valid ppl   117.73 | valid loss:  4.71
2020-11-05 23:21:58,066 - full-3 - WARNING - | end of epoch 319 | time:  8.34s |valid ppl   117.73 | valid loss:  4.63
2020-11-05 23:22:06,406 - full-3 - WARNING - | end of epoch 320 | time:  8.34s |valid ppl   117.73 | valid loss:  4.68
2020-11-05 23:22:14,733 - full-3 - WARNING - | end of epoch 321 | time:  8.33s |valid ppl   117.73 | valid loss:  4.94
2020-11-05 23:22:23,080 - full-3 - WARNING - | end of epoch 322 | time:  8.35s |valid ppl   117.73 | valid loss:  4.52
2020-11-05 23:22:31,421 - full-3 - WARNING - | end of epoch 323 | time:  8.34s |valid ppl   117.73 | valid loss:  4.61
2020-11-05 23:22:39,757 - full-3 - WARNING - | end of epoch 324 | time:  8.34s |valid ppl   117.73 | valid loss:  4.73
2020-11-05 23:22:48,095 - full-3 - WARNING - | end of epoch 325 | time:  8.34s |valid ppl   117.73 | valid loss:  4.81
2020-11-05 23:22:56,434 - full-3 - WARNING - | end of epoch 326 | time:  8.34s |valid ppl   117.73 | valid loss:  5.06
2020-11-05 23:23:04,794 - full-3 - WARNING - | end of epoch 327 | time:  8.36s |valid ppl   117.73 | valid loss:  4.60
2020-11-05 23:23:13,139 - full-3 - WARNING - | end of epoch 328 | time:  8.34s |valid ppl   117.73 | valid loss:  4.75
2020-11-05 23:23:21,488 - full-3 - WARNING - | end of epoch 329 | time:  8.35s |valid ppl   117.73 | valid loss:  4.91
2020-11-05 23:23:29,839 - full-3 - WARNING - | end of epoch 330 | time:  8.35s |valid ppl   117.73 | valid loss:  4.82
2020-11-05 23:23:38,187 - full-3 - WARNING - | end of epoch 331 | time:  8.35s |valid ppl   117.73 | valid loss:  4.82
2020-11-05 23:23:46,548 - full-3 - WARNING - | end of epoch 332 | time:  8.36s |valid ppl   117.73 | valid loss:  4.86
2020-11-05 23:23:54,898 - full-3 - WARNING - | end of epoch 333 | time:  8.35s |valid ppl   117.73 | valid loss:  4.56
2020-11-05 23:24:03,286 - full-3 - WARNING - | end of epoch 334 | time:  8.39s |valid ppl   117.73 | valid loss:  4.79
2020-11-05 23:24:11,647 - full-3 - WARNING - | end of epoch 335 | time:  8.36s |valid ppl   117.73 | valid loss:  4.89
2020-11-05 23:24:20,005 - full-3 - WARNING - | end of epoch 336 | time:  8.36s |valid ppl   117.73 | valid loss:  4.80
2020-11-05 23:24:28,363 - full-3 - WARNING - | end of epoch 337 | time:  8.36s |valid ppl   117.73 | valid loss:  5.09
2020-11-05 23:24:36,737 - full-3 - WARNING - | end of epoch 338 | time:  8.37s |valid ppl   117.73 | valid loss:  4.94
2020-11-05 23:24:45,101 - full-3 - WARNING - | end of epoch 339 | time:  8.36s |valid ppl   117.73 | valid loss:  5.01
2020-11-05 23:24:53,469 - full-3 - WARNING - | end of epoch 340 | time:  8.37s |valid ppl   117.73 | valid loss:  4.92
2020-11-05 23:25:01,839 - full-3 - WARNING - | end of epoch 341 | time:  8.37s |valid ppl   117.73 | valid loss:  4.55
2020-11-05 23:25:10,208 - full-3 - WARNING - | end of epoch 342 | time:  8.37s |valid ppl   117.73 | valid loss:  4.70
2020-11-05 23:25:18,581 - full-3 - WARNING - | end of epoch 343 | time:  8.37s |valid ppl   117.73 | valid loss:  4.82
2020-11-05 23:25:26,947 - full-3 - WARNING - | end of epoch 344 | time:  8.37s |valid ppl   117.73 | valid loss:  4.64
2020-11-05 23:25:35,312 - full-3 - WARNING - | end of epoch 345 | time:  8.36s |valid ppl   117.73 | valid loss:  4.72
2020-11-05 23:25:43,682 - full-3 - WARNING - | end of epoch 346 | time:  8.37s |valid ppl   117.73 | valid loss:  4.61
2020-11-05 23:25:52,059 - full-3 - WARNING - | end of epoch 347 | time:  8.38s |valid ppl   117.73 | valid loss:  4.82
2020-11-05 23:26:00,419 - full-3 - WARNING - | end of epoch 348 | time:  8.36s |valid ppl   117.73 | valid loss:  4.65
2020-11-05 23:26:08,782 - full-3 - WARNING - | end of epoch 349 | time:  8.36s |valid ppl   117.73 | valid loss:  4.77
2020-11-05 23:26:17,145 - full-3 - WARNING - | end of epoch 350 | time:  8.36s |valid ppl   117.73 | valid loss:  4.71
2020-11-05 23:26:25,486 - full-3 - WARNING - | end of epoch 351 | time:  8.34s |valid ppl   117.73 | valid loss:  4.79
2020-11-05 23:26:33,846 - full-3 - WARNING - | end of epoch 352 | time:  8.36s |valid ppl   117.73 | valid loss:  4.50
2020-11-05 23:26:42,188 - full-3 - WARNING - | end of epoch 353 | time:  8.34s |valid ppl   117.73 | valid loss:  4.97
2020-11-05 23:26:50,531 - full-3 - WARNING - | end of epoch 354 | time:  8.34s |valid ppl   117.73 | valid loss:  4.62
2020-11-05 23:26:58,874 - full-3 - WARNING - | end of epoch 355 | time:  8.34s |valid ppl   117.73 | valid loss:  4.82
2020-11-05 23:27:07,214 - full-3 - WARNING - | end of epoch 356 | time:  8.34s |valid ppl   117.73 | valid loss:  4.81
2020-11-05 23:27:15,581 - full-3 - WARNING - | end of epoch 357 | time:  8.37s |valid ppl   117.73 | valid loss:  4.85
2020-11-05 23:27:23,929 - full-3 - WARNING - | end of epoch 358 | time:  8.35s |valid ppl   117.73 | valid loss:  4.89
2020-11-05 23:27:32,272 - full-3 - WARNING - | end of epoch 359 | time:  8.34s |valid ppl   117.73 | valid loss:  4.70
2020-11-05 23:27:40,610 - full-3 - WARNING - | end of epoch 360 | time:  8.34s |valid ppl   117.73 | valid loss:  4.78
2020-11-05 23:27:48,955 - full-3 - WARNING - | end of epoch 361 | time:  8.34s |valid ppl   117.73 | valid loss:  4.79
2020-11-05 23:27:57,292 - full-3 - WARNING - | end of epoch 362 | time:  8.34s |valid ppl   117.73 | valid loss:  4.78
2020-11-05 23:28:05,636 - full-3 - WARNING - | end of epoch 363 | time:  8.34s |valid ppl   117.73 | valid loss:  4.79
2020-11-05 23:28:13,974 - full-3 - WARNING - | end of epoch 364 | time:  8.34s |valid ppl   117.73 | valid loss:  4.75
2020-11-05 23:28:22,317 - full-3 - WARNING - | end of epoch 365 | time:  8.34s |valid ppl   117.73 | valid loss:  4.85
2020-11-05 23:28:30,662 - full-3 - WARNING - | end of epoch 366 | time:  8.35s |valid ppl   117.73 | valid loss:  4.77
2020-11-05 23:28:39,001 - full-3 - WARNING - | end of epoch 367 | time:  8.34s |valid ppl   117.73 | valid loss:  4.90
2020-11-05 23:28:47,345 - full-3 - WARNING - | end of epoch 368 | time:  8.34s |valid ppl   117.73 | valid loss:  4.66
2020-11-05 23:28:55,684 - full-3 - WARNING - | end of epoch 369 | time:  8.34s |valid ppl   117.73 | valid loss:  4.85
2020-11-05 23:29:04,035 - full-3 - WARNING - | end of epoch 370 | time:  8.35s |valid ppl   117.73 | valid loss:  4.76
2020-11-05 23:29:12,376 - full-3 - WARNING - | end of epoch 371 | time:  8.34s |valid ppl   117.73 | valid loss:  4.72
2020-11-05 23:29:20,721 - full-3 - WARNING - | end of epoch 372 | time:  8.34s |valid ppl   117.73 | valid loss:  4.67
2020-11-05 23:29:29,059 - full-3 - WARNING - | end of epoch 373 | time:  8.34s |valid ppl   117.73 | valid loss:  4.89
2020-11-05 23:29:37,409 - full-3 - WARNING - | end of epoch 374 | time:  8.35s |valid ppl   117.73 | valid loss:  4.72
2020-11-05 23:29:45,749 - full-3 - WARNING - | end of epoch 375 | time:  8.34s |valid ppl   117.73 | valid loss:  4.88
2020-11-05 23:29:54,089 - full-3 - WARNING - | end of epoch 376 | time:  8.34s |valid ppl   117.73 | valid loss:  4.74
2020-11-05 23:30:02,430 - full-3 - WARNING - | end of epoch 377 | time:  8.34s |valid ppl   117.73 | valid loss:  4.78
2020-11-05 23:30:10,767 - full-3 - WARNING - | end of epoch 378 | time:  8.34s |valid ppl   117.73 | valid loss:  4.78
2020-11-05 23:30:19,105 - full-3 - WARNING - | end of epoch 379 | time:  8.34s |valid ppl   117.73 | valid loss:  4.89
2020-11-05 23:30:27,432 - full-3 - WARNING - | end of epoch 380 | time:  8.33s |valid ppl   117.73 | valid loss:  4.86
2020-11-05 23:30:35,767 - full-3 - WARNING - | end of epoch 381 | time:  8.34s |valid ppl   117.73 | valid loss:  4.78
2020-11-05 23:30:44,107 - full-3 - WARNING - | end of epoch 382 | time:  8.34s |valid ppl   117.73 | valid loss:  4.87
2020-11-05 23:30:52,437 - full-3 - WARNING - | end of epoch 383 | time:  8.33s |valid ppl   117.73 | valid loss:  4.78
2020-11-05 23:31:00,778 - full-3 - WARNING - | end of epoch 384 | time:  8.34s |valid ppl   117.73 | valid loss:  4.78
2020-11-05 23:31:09,121 - full-3 - WARNING - | end of epoch 385 | time:  8.34s |valid ppl   117.73 | valid loss:  4.52
2020-11-05 23:31:17,461 - full-3 - WARNING - | end of epoch 386 | time:  8.34s |valid ppl   117.73 | valid loss:  4.81
2020-11-05 23:31:25,798 - full-3 - WARNING - | end of epoch 387 | time:  8.34s |valid ppl   117.73 | valid loss:  4.67
2020-11-05 23:31:34,139 - full-3 - WARNING - | end of epoch 388 | time:  8.34s |valid ppl   117.73 | valid loss:  4.90
2020-11-05 23:31:42,482 - full-3 - WARNING - | end of epoch 389 | time:  8.34s |valid ppl   117.73 | valid loss:  4.73
2020-11-05 23:31:50,831 - full-3 - WARNING - | end of epoch 390 | time:  8.35s |valid ppl   117.73 | valid loss:  4.83
2020-11-05 23:31:59,180 - full-3 - WARNING - | end of epoch 391 | time:  8.35s |valid ppl   117.73 | valid loss:  4.79
2020-11-05 23:32:07,544 - full-3 - WARNING - | end of epoch 392 | time:  8.36s |valid ppl   117.73 | valid loss:  4.55
2020-11-05 23:32:15,903 - full-3 - WARNING - | end of epoch 393 | time:  8.36s |valid ppl   117.73 | valid loss:  4.82
2020-11-05 23:32:24,261 - full-3 - WARNING - | end of epoch 394 | time:  8.36s |valid ppl   117.73 | valid loss:  4.68
2020-11-05 23:32:32,625 - full-3 - WARNING - | end of epoch 395 | time:  8.36s |valid ppl   117.73 | valid loss:  4.85
2020-11-05 23:32:40,986 - full-3 - WARNING - | end of epoch 396 | time:  8.36s |valid ppl   117.73 | valid loss:  4.77
2020-11-05 23:32:49,340 - full-3 - WARNING - | end of epoch 397 | time:  8.35s |valid ppl   117.73 | valid loss:  4.80
2020-11-05 23:32:57,702 - full-3 - WARNING - | end of epoch 398 | time:  8.36s |valid ppl   117.73 | valid loss:  4.76
2020-11-05 23:33:06,072 - full-3 - WARNING - | end of epoch 399 | time:  8.37s |valid ppl   117.73 | valid loss:  4.77
2020-11-05 23:33:14,430 - full-3 - WARNING - | end of epoch 400 | time:  8.36s |valid ppl   117.73 | valid loss:  4.85
