2020-11-05 22:34:31,654 - nce-3 - INFO - Namespace(batch_size=96, bptt=35, clip=0.25, concat=True, cuda=True, data='data/penn', dropout=0.2, emsize=300, epochs=400, index_module='linear', log_interval=1000, loss='nce', lr=1.0, lr_decay=2, min_freq=3, nhid=300, nlayers=3, noise_ratio=500, norm_term=-1, prof=False, save='nce-3', seed=1111, tb_name=None, train=True, vocab=None, weight_decay=1e-08)
2020-11-05 22:34:31,940 - nce-3 - INFO - Vocabulary size is 9957
2020-11-05 22:34:41,133 - nce-3 - INFO - model definition:
 RNNModel(
  (drop): Dropout(p=0.2, inplace=False)
  (encoder): Embedding(9957, 300)
  (rnn): LSTM(300, 300, num_layers=3, batch_first=True, dropout=0.2)
  (proj): Linear(in_features=300, out_features=300, bias=True)
  (criterion): IndexLinear(
    (alias): AliasMultinomial()
    (bce_with_logits): BCEWithLogitsLoss()
    (ce): CrossEntropyLoss()
    (emb): Embedding(9957, 300)
    (bias): Embedding(9957, 1)
  )
)
2020-11-05 22:34:46,902 - nce-3 - WARNING - | end of epoch   1 | time:  5.77s |valid ppl   660.63 | valid loss:  6.54
2020-11-05 22:34:53,066 - nce-3 - WARNING - | end of epoch   2 | time:  5.54s |valid ppl   647.99 | valid loss:  6.52
2020-11-05 22:34:59,221 - nce-3 - WARNING - | end of epoch   3 | time:  5.56s |valid ppl   496.55 | valid loss:  6.27
2020-11-05 22:35:05,205 - nce-3 - WARNING - | end of epoch   4 | time:  5.61s |valid ppl   386.58 | valid loss:  6.13
2020-11-05 22:35:11,237 - nce-3 - WARNING - | end of epoch   5 | time:  5.66s |valid ppl   322.20 | valid loss:  5.74
2020-11-05 22:35:17,348 - nce-3 - WARNING - | end of epoch   6 | time:  5.74s |valid ppl   270.13 | valid loss:  5.62
2020-11-05 22:35:23,484 - nce-3 - WARNING - | end of epoch   7 | time:  5.76s |valid ppl   247.50 | valid loss:  5.55
2020-11-05 22:35:29,569 - nce-3 - WARNING - | end of epoch   8 | time:  5.72s |valid ppl   221.42 | valid loss:  5.48
2020-11-05 22:35:35,586 - nce-3 - WARNING - | end of epoch   9 | time:  5.66s |valid ppl   205.29 | valid loss:  5.42
2020-11-05 22:35:44,198 - nce-3 - WARNING - | end of epoch  10 | time:  5.72s |valid ppl   194.51 | valid loss:  5.33
2020-11-05 22:35:51,649 - nce-3 - WARNING - | end of epoch  11 | time:  5.72s |valid ppl   182.35 | valid loss:  5.28
2020-11-05 22:35:58,217 - nce-3 - WARNING - | end of epoch  12 | time:  5.68s |valid ppl   176.82 | valid loss:  5.14
2020-11-05 22:36:04,319 - nce-3 - WARNING - | end of epoch  13 | time:  5.72s |valid ppl   168.03 | valid loss:  5.24
2020-11-05 22:36:10,492 - nce-3 - WARNING - | end of epoch  14 | time:  5.71s |valid ppl   160.98 | valid loss:  5.03
2020-11-05 22:36:16,567 - nce-3 - WARNING - | end of epoch  15 | time:  5.71s |valid ppl   160.65 | valid loss:  5.08
2020-11-05 22:36:22,654 - nce-3 - WARNING - | end of epoch  16 | time:  5.74s |valid ppl   152.12 | valid loss:  5.02
2020-11-05 22:36:28,767 - nce-3 - WARNING - | end of epoch  17 | time:  5.73s |valid ppl   147.14 | valid loss:  4.98
2020-11-05 22:36:34,914 - nce-3 - WARNING - | end of epoch  18 | time:  5.74s |valid ppl   142.76 | valid loss:  4.96
2020-11-05 22:36:41,095 - nce-3 - WARNING - | end of epoch  19 | time:  5.75s |valid ppl   142.03 | valid loss:  5.03
2020-11-05 22:36:47,210 - nce-3 - WARNING - | end of epoch  20 | time:  5.75s |valid ppl   139.28 | valid loss:  4.98
2020-11-05 22:36:53,330 - nce-3 - WARNING - | end of epoch  21 | time:  5.76s |valid ppl   134.67 | valid loss:  4.81
2020-11-05 22:36:59,450 - nce-3 - WARNING - | end of epoch  22 | time:  5.76s |valid ppl   133.00 | valid loss:  4.89
2020-11-05 22:37:05,672 - nce-3 - WARNING - | end of epoch  23 | time:  5.76s |valid ppl   133.05 | valid loss:  4.91
2020-11-05 22:37:11,442 - nce-3 - WARNING - | end of epoch  24 | time:  5.77s |valid ppl   124.08 | valid loss:  4.71
2020-11-05 22:37:17,655 - nce-3 - WARNING - | end of epoch  25 | time:  5.78s |valid ppl   122.55 | valid loss:  4.84
2020-11-05 22:37:23,863 - nce-3 - WARNING - | end of epoch  26 | time:  5.79s |valid ppl   123.85 | valid loss:  4.86
2020-11-05 22:37:29,657 - nce-3 - WARNING - | end of epoch  27 | time:  5.77s |valid ppl   119.23 | valid loss:  4.95
2020-11-05 22:37:36,150 - nce-3 - WARNING - | end of epoch  28 | time:  5.79s |valid ppl   118.87 | valid loss:  4.83
2020-11-05 22:37:42,302 - nce-3 - WARNING - | end of epoch  29 | time:  5.80s |valid ppl   118.84 | valid loss:  4.77
2020-11-05 22:37:48,455 - nce-3 - WARNING - | end of epoch  30 | time:  5.79s |valid ppl   118.91 | valid loss:  4.76
2020-11-05 22:37:54,244 - nce-3 - WARNING - | end of epoch  31 | time:  5.79s |valid ppl   117.07 | valid loss:  4.82
2020-11-05 22:38:03,075 - nce-3 - WARNING - | end of epoch  32 | time:  5.81s |valid ppl   117.19 | valid loss:  4.84
2020-11-05 22:38:08,862 - nce-3 - WARNING - | end of epoch  33 | time:  5.79s |valid ppl   116.16 | valid loss:  4.62
2020-11-05 22:38:15,045 - nce-3 - WARNING - | end of epoch  34 | time:  5.79s |valid ppl   116.30 | valid loss:  4.83
2020-11-05 22:38:20,833 - nce-3 - WARNING - | end of epoch  35 | time:  5.79s |valid ppl   116.03 | valid loss:  4.83
2020-11-05 22:38:27,005 - nce-3 - WARNING - | end of epoch  36 | time:  5.80s |valid ppl   115.99 | valid loss:  4.66
2020-11-05 22:38:33,181 - nce-3 - WARNING - | end of epoch  37 | time:  5.80s |valid ppl   115.99 | valid loss:  4.75
2020-11-05 22:38:39,416 - nce-3 - WARNING - | end of epoch  38 | time:  5.80s |valid ppl   116.06 | valid loss:  4.77
2020-11-05 22:38:45,216 - nce-3 - WARNING - | end of epoch  39 | time:  5.80s |valid ppl   115.86 | valid loss:  4.71
2020-11-05 22:38:51,443 - nce-3 - WARNING - | end of epoch  40 | time:  5.80s |valid ppl   115.84 | valid loss:  4.91
2020-11-05 22:38:59,127 - nce-3 - WARNING - | end of epoch  41 | time:  5.83s |valid ppl   115.79 | valid loss:  4.62
2020-11-05 22:39:07,706 - nce-3 - WARNING - | end of epoch  42 | time:  5.82s |valid ppl   115.84 | valid loss:  4.80
2020-11-05 22:39:13,501 - nce-3 - WARNING - | end of epoch  43 | time:  5.80s |valid ppl   115.70 | valid loss:  4.79
2020-11-05 22:39:20,052 - nce-3 - WARNING - | end of epoch  44 | time:  5.79s |valid ppl   115.77 | valid loss:  4.91
2020-11-05 22:39:25,853 - nce-3 - WARNING - | end of epoch  45 | time:  5.80s |valid ppl   115.74 | valid loss:  4.69
2020-11-05 22:39:31,662 - nce-3 - WARNING - | end of epoch  46 | time:  5.81s |valid ppl   115.68 | valid loss:  4.91
2020-11-05 22:39:37,872 - nce-3 - WARNING - | end of epoch  47 | time:  5.82s |valid ppl   115.70 | valid loss:  4.83
2020-11-05 22:39:43,694 - nce-3 - WARNING - | end of epoch  48 | time:  5.82s |valid ppl   115.71 | valid loss:  4.79
2020-11-05 22:39:49,513 - nce-3 - WARNING - | end of epoch  49 | time:  5.82s |valid ppl   115.69 | valid loss:  4.68
2020-11-05 22:39:55,340 - nce-3 - WARNING - | end of epoch  50 | time:  5.83s |valid ppl   115.69 | valid loss:  4.80
2020-11-05 22:40:01,165 - nce-3 - WARNING - | end of epoch  51 | time:  5.82s |valid ppl   115.69 | valid loss:  4.78
2020-11-05 22:40:07,001 - nce-3 - WARNING - | end of epoch  52 | time:  5.84s |valid ppl   115.69 | valid loss:  4.74
2020-11-05 22:40:12,828 - nce-3 - WARNING - | end of epoch  53 | time:  5.83s |valid ppl   115.69 | valid loss:  4.76
2020-11-05 22:40:18,656 - nce-3 - WARNING - | end of epoch  54 | time:  5.83s |valid ppl   115.69 | valid loss:  4.87
2020-11-05 22:40:24,493 - nce-3 - WARNING - | end of epoch  55 | time:  5.84s |valid ppl   115.69 | valid loss:  4.71
2020-11-05 22:40:30,328 - nce-3 - WARNING - | end of epoch  56 | time:  5.83s |valid ppl   115.69 | valid loss:  4.80
2020-11-05 22:40:36,162 - nce-3 - WARNING - | end of epoch  57 | time:  5.83s |valid ppl   115.69 | valid loss:  4.93
2020-11-05 22:40:42,000 - nce-3 - WARNING - | end of epoch  58 | time:  5.84s |valid ppl   115.69 | valid loss:  4.84
2020-11-05 22:40:47,839 - nce-3 - WARNING - | end of epoch  59 | time:  5.84s |valid ppl   115.69 | valid loss:  4.63
2020-11-05 22:40:53,677 - nce-3 - WARNING - | end of epoch  60 | time:  5.84s |valid ppl   115.69 | valid loss:  4.66
2020-11-05 22:40:59,516 - nce-3 - WARNING - | end of epoch  61 | time:  5.84s |valid ppl   115.69 | valid loss:  4.76
2020-11-05 22:41:05,358 - nce-3 - WARNING - | end of epoch  62 | time:  5.84s |valid ppl   115.69 | valid loss:  4.72
2020-11-05 22:41:11,215 - nce-3 - WARNING - | end of epoch  63 | time:  5.86s |valid ppl   115.69 | valid loss:  4.74
2020-11-05 22:41:17,050 - nce-3 - WARNING - | end of epoch  64 | time:  5.83s |valid ppl   115.69 | valid loss:  4.73
2020-11-05 22:41:22,890 - nce-3 - WARNING - | end of epoch  65 | time:  5.84s |valid ppl   115.69 | valid loss:  4.81
2020-11-05 22:41:28,724 - nce-3 - WARNING - | end of epoch  66 | time:  5.83s |valid ppl   115.69 | valid loss:  4.90
2020-11-05 22:41:34,565 - nce-3 - WARNING - | end of epoch  67 | time:  5.84s |valid ppl   115.69 | valid loss:  4.84
2020-11-05 22:41:40,421 - nce-3 - WARNING - | end of epoch  68 | time:  5.86s |valid ppl   115.69 | valid loss:  4.67
2020-11-05 22:41:46,268 - nce-3 - WARNING - | end of epoch  69 | time:  5.85s |valid ppl   115.69 | valid loss:  4.70
2020-11-05 22:41:52,131 - nce-3 - WARNING - | end of epoch  70 | time:  5.86s |valid ppl   115.69 | valid loss:  4.63
2020-11-05 22:41:57,988 - nce-3 - WARNING - | end of epoch  71 | time:  5.86s |valid ppl   115.69 | valid loss:  4.92
2020-11-05 22:42:03,857 - nce-3 - WARNING - | end of epoch  72 | time:  5.87s |valid ppl   115.69 | valid loss:  4.85
2020-11-05 22:42:09,728 - nce-3 - WARNING - | end of epoch  73 | time:  5.87s |valid ppl   115.69 | valid loss:  4.80
2020-11-05 22:42:15,594 - nce-3 - WARNING - | end of epoch  74 | time:  5.87s |valid ppl   115.69 | valid loss:  4.78
2020-11-05 22:42:21,462 - nce-3 - WARNING - | end of epoch  75 | time:  5.87s |valid ppl   115.69 | valid loss:  4.85
2020-11-05 22:42:27,329 - nce-3 - WARNING - | end of epoch  76 | time:  5.87s |valid ppl   115.69 | valid loss:  4.72
2020-11-05 22:42:33,202 - nce-3 - WARNING - | end of epoch  77 | time:  5.87s |valid ppl   115.69 | valid loss:  4.65
2020-11-05 22:42:39,079 - nce-3 - WARNING - | end of epoch  78 | time:  5.88s |valid ppl   115.69 | valid loss:  4.93
2020-11-05 22:42:44,951 - nce-3 - WARNING - | end of epoch  79 | time:  5.87s |valid ppl   115.69 | valid loss:  4.74
2020-11-05 22:42:50,822 - nce-3 - WARNING - | end of epoch  80 | time:  5.87s |valid ppl   115.69 | valid loss:  4.75
2020-11-05 22:42:56,701 - nce-3 - WARNING - | end of epoch  81 | time:  5.88s |valid ppl   115.69 | valid loss:  4.71
2020-11-05 22:43:02,569 - nce-3 - WARNING - | end of epoch  82 | time:  5.87s |valid ppl   115.69 | valid loss:  4.71
2020-11-05 22:43:08,442 - nce-3 - WARNING - | end of epoch  83 | time:  5.87s |valid ppl   115.69 | valid loss:  4.57
2020-11-05 22:43:14,317 - nce-3 - WARNING - | end of epoch  84 | time:  5.87s |valid ppl   115.69 | valid loss:  4.67
2020-11-05 22:43:20,193 - nce-3 - WARNING - | end of epoch  85 | time:  5.88s |valid ppl   115.69 | valid loss:  4.71
2020-11-05 22:43:26,075 - nce-3 - WARNING - | end of epoch  86 | time:  5.88s |valid ppl   115.69 | valid loss:  4.85
2020-11-05 22:43:31,948 - nce-3 - WARNING - | end of epoch  87 | time:  5.87s |valid ppl   115.69 | valid loss:  4.79
2020-11-05 22:43:37,837 - nce-3 - WARNING - | end of epoch  88 | time:  5.89s |valid ppl   115.69 | valid loss:  4.69
2020-11-05 22:43:43,717 - nce-3 - WARNING - | end of epoch  89 | time:  5.88s |valid ppl   115.69 | valid loss:  4.68
2020-11-05 22:43:49,600 - nce-3 - WARNING - | end of epoch  90 | time:  5.88s |valid ppl   115.69 | valid loss:  4.74
2020-11-05 22:43:55,480 - nce-3 - WARNING - | end of epoch  91 | time:  5.88s |valid ppl   115.69 | valid loss:  4.54
2020-11-05 22:44:01,358 - nce-3 - WARNING - | end of epoch  92 | time:  5.88s |valid ppl   115.69 | valid loss:  4.66
2020-11-05 22:44:07,248 - nce-3 - WARNING - | end of epoch  93 | time:  5.89s |valid ppl   115.69 | valid loss:  4.74
2020-11-05 22:44:13,126 - nce-3 - WARNING - | end of epoch  94 | time:  5.88s |valid ppl   115.69 | valid loss:  4.68
2020-11-05 22:44:19,008 - nce-3 - WARNING - | end of epoch  95 | time:  5.88s |valid ppl   115.69 | valid loss:  4.87
2020-11-05 22:44:24,897 - nce-3 - WARNING - | end of epoch  96 | time:  5.89s |valid ppl   115.69 | valid loss:  4.85
2020-11-05 22:44:30,775 - nce-3 - WARNING - | end of epoch  97 | time:  5.88s |valid ppl   115.69 | valid loss:  4.79
2020-11-05 22:44:36,662 - nce-3 - WARNING - | end of epoch  98 | time:  5.89s |valid ppl   115.69 | valid loss:  4.81
2020-11-05 22:44:42,550 - nce-3 - WARNING - | end of epoch  99 | time:  5.89s |valid ppl   115.69 | valid loss:  4.84
2020-11-05 22:44:48,435 - nce-3 - WARNING - | end of epoch 100 | time:  5.88s |valid ppl   115.69 | valid loss:  4.69
2020-11-05 22:44:54,323 - nce-3 - WARNING - | end of epoch 101 | time:  5.89s |valid ppl   115.69 | valid loss:  4.74
2020-11-05 22:45:00,214 - nce-3 - WARNING - | end of epoch 102 | time:  5.89s |valid ppl   115.69 | valid loss:  4.81
2020-11-05 22:45:06,113 - nce-3 - WARNING - | end of epoch 103 | time:  5.90s |valid ppl   115.69 | valid loss:  4.82
2020-11-05 22:45:11,997 - nce-3 - WARNING - | end of epoch 104 | time:  5.88s |valid ppl   115.69 | valid loss:  4.61
2020-11-05 22:45:17,887 - nce-3 - WARNING - | end of epoch 105 | time:  5.89s |valid ppl   115.69 | valid loss:  4.72
2020-11-05 22:45:23,782 - nce-3 - WARNING - | end of epoch 106 | time:  5.89s |valid ppl   115.69 | valid loss:  4.80
2020-11-05 22:45:29,672 - nce-3 - WARNING - | end of epoch 107 | time:  5.89s |valid ppl   115.69 | valid loss:  5.06
2020-11-05 22:45:35,553 - nce-3 - WARNING - | end of epoch 108 | time:  5.88s |valid ppl   115.69 | valid loss:  4.82
2020-11-05 22:45:41,448 - nce-3 - WARNING - | end of epoch 109 | time:  5.89s |valid ppl   115.69 | valid loss:  4.74
2020-11-05 22:45:47,338 - nce-3 - WARNING - | end of epoch 110 | time:  5.89s |valid ppl   115.69 | valid loss:  4.73
2020-11-05 22:45:53,241 - nce-3 - WARNING - | end of epoch 111 | time:  5.90s |valid ppl   115.69 | valid loss:  4.70
2020-11-05 22:45:59,124 - nce-3 - WARNING - | end of epoch 112 | time:  5.88s |valid ppl   115.69 | valid loss:  4.82
2020-11-05 22:46:05,019 - nce-3 - WARNING - | end of epoch 113 | time:  5.89s |valid ppl   115.69 | valid loss:  4.78
2020-11-05 22:46:10,925 - nce-3 - WARNING - | end of epoch 114 | time:  5.91s |valid ppl   115.69 | valid loss:  4.62
2020-11-05 22:46:16,817 - nce-3 - WARNING - | end of epoch 115 | time:  5.89s |valid ppl   115.69 | valid loss:  4.79
2020-11-05 22:46:22,708 - nce-3 - WARNING - | end of epoch 116 | time:  5.89s |valid ppl   115.69 | valid loss:  4.65
2020-11-05 22:46:28,609 - nce-3 - WARNING - | end of epoch 117 | time:  5.90s |valid ppl   115.69 | valid loss:  4.74
2020-11-05 22:46:34,513 - nce-3 - WARNING - | end of epoch 118 | time:  5.90s |valid ppl   115.69 | valid loss:  4.76
2020-11-05 22:46:40,417 - nce-3 - WARNING - | end of epoch 119 | time:  5.90s |valid ppl   115.69 | valid loss:  4.65
2020-11-05 22:46:46,308 - nce-3 - WARNING - | end of epoch 120 | time:  5.89s |valid ppl   115.69 | valid loss:  4.77
2020-11-05 22:46:52,210 - nce-3 - WARNING - | end of epoch 121 | time:  5.90s |valid ppl   115.69 | valid loss:  4.64
2020-11-05 22:46:58,106 - nce-3 - WARNING - | end of epoch 122 | time:  5.90s |valid ppl   115.69 | valid loss:  4.78
2020-11-05 22:47:04,005 - nce-3 - WARNING - | end of epoch 123 | time:  5.90s |valid ppl   115.69 | valid loss:  4.75
2020-11-05 22:47:09,915 - nce-3 - WARNING - | end of epoch 124 | time:  5.91s |valid ppl   115.69 | valid loss:  4.82
2020-11-05 22:47:15,807 - nce-3 - WARNING - | end of epoch 125 | time:  5.89s |valid ppl   115.69 | valid loss:  4.83
2020-11-05 22:47:21,707 - nce-3 - WARNING - | end of epoch 126 | time:  5.90s |valid ppl   115.69 | valid loss:  4.79
2020-11-05 22:47:27,604 - nce-3 - WARNING - | end of epoch 127 | time:  5.90s |valid ppl   115.69 | valid loss:  4.69
2020-11-05 22:47:33,509 - nce-3 - WARNING - | end of epoch 128 | time:  5.90s |valid ppl   115.69 | valid loss:  4.85
2020-11-05 22:47:39,417 - nce-3 - WARNING - | end of epoch 129 | time:  5.91s |valid ppl   115.69 | valid loss:  4.83
2020-11-05 22:47:45,324 - nce-3 - WARNING - | end of epoch 130 | time:  5.91s |valid ppl   115.69 | valid loss:  4.85
2020-11-05 22:47:51,240 - nce-3 - WARNING - | end of epoch 131 | time:  5.92s |valid ppl   115.69 | valid loss:  4.73
2020-11-05 22:47:57,198 - nce-3 - WARNING - | end of epoch 132 | time:  5.96s |valid ppl   115.69 | valid loss:  4.74
2020-11-05 22:48:03,093 - nce-3 - WARNING - | end of epoch 133 | time:  5.89s |valid ppl   115.69 | valid loss:  4.75
2020-11-05 22:48:08,991 - nce-3 - WARNING - | end of epoch 134 | time:  5.90s |valid ppl   115.69 | valid loss:  4.69
2020-11-05 22:48:14,888 - nce-3 - WARNING - | end of epoch 135 | time:  5.90s |valid ppl   115.69 | valid loss:  4.66
2020-11-05 22:48:20,784 - nce-3 - WARNING - | end of epoch 136 | time:  5.89s |valid ppl   115.69 | valid loss:  4.75
2020-11-05 22:48:26,685 - nce-3 - WARNING - | end of epoch 137 | time:  5.90s |valid ppl   115.69 | valid loss:  4.71
2020-11-05 22:48:32,583 - nce-3 - WARNING - | end of epoch 138 | time:  5.90s |valid ppl   115.69 | valid loss:  4.84
2020-11-05 22:48:38,485 - nce-3 - WARNING - | end of epoch 139 | time:  5.90s |valid ppl   115.69 | valid loss:  4.80
2020-11-05 22:48:44,386 - nce-3 - WARNING - | end of epoch 140 | time:  5.90s |valid ppl   115.69 | valid loss:  4.48
2020-11-05 22:48:50,286 - nce-3 - WARNING - | end of epoch 141 | time:  5.90s |valid ppl   115.69 | valid loss:  4.68
2020-11-05 22:48:56,200 - nce-3 - WARNING - | end of epoch 142 | time:  5.91s |valid ppl   115.69 | valid loss:  4.81
2020-11-05 22:49:02,112 - nce-3 - WARNING - | end of epoch 143 | time:  5.91s |valid ppl   115.69 | valid loss:  4.82
2020-11-05 22:49:08,022 - nce-3 - WARNING - | end of epoch 144 | time:  5.91s |valid ppl   115.69 | valid loss:  4.79
2020-11-05 22:49:13,916 - nce-3 - WARNING - | end of epoch 145 | time:  5.89s |valid ppl   115.69 | valid loss:  4.79
2020-11-05 22:49:19,817 - nce-3 - WARNING - | end of epoch 146 | time:  5.90s |valid ppl   115.69 | valid loss:  4.79
2020-11-05 22:49:25,722 - nce-3 - WARNING - | end of epoch 147 | time:  5.90s |valid ppl   115.69 | valid loss:  4.76
2020-11-05 22:49:31,622 - nce-3 - WARNING - | end of epoch 148 | time:  5.90s |valid ppl   115.69 | valid loss:  4.71
2020-11-05 22:49:37,531 - nce-3 - WARNING - | end of epoch 149 | time:  5.91s |valid ppl   115.69 | valid loss:  4.70
2020-11-05 22:49:43,429 - nce-3 - WARNING - | end of epoch 150 | time:  5.90s |valid ppl   115.69 | valid loss:  4.48
2020-11-05 22:49:49,327 - nce-3 - WARNING - | end of epoch 151 | time:  5.90s |valid ppl   115.69 | valid loss:  4.70
2020-11-05 22:49:55,242 - nce-3 - WARNING - | end of epoch 152 | time:  5.91s |valid ppl   115.69 | valid loss:  4.83
2020-11-05 22:50:01,149 - nce-3 - WARNING - | end of epoch 153 | time:  5.91s |valid ppl   115.69 | valid loss:  4.80
2020-11-05 22:50:07,065 - nce-3 - WARNING - | end of epoch 154 | time:  5.92s |valid ppl   115.69 | valid loss:  4.64
2020-11-05 22:50:12,981 - nce-3 - WARNING - | end of epoch 155 | time:  5.92s |valid ppl   115.69 | valid loss:  4.76
2020-11-05 22:50:18,900 - nce-3 - WARNING - | end of epoch 156 | time:  5.92s |valid ppl   115.69 | valid loss:  4.73
2020-11-05 22:50:24,824 - nce-3 - WARNING - | end of epoch 157 | time:  5.92s |valid ppl   115.69 | valid loss:  4.75
2020-11-05 22:50:30,727 - nce-3 - WARNING - | end of epoch 158 | time:  5.90s |valid ppl   115.69 | valid loss:  4.73
2020-11-05 22:50:36,638 - nce-3 - WARNING - | end of epoch 159 | time:  5.91s |valid ppl   115.69 | valid loss:  4.57
2020-11-05 22:50:42,549 - nce-3 - WARNING - | end of epoch 160 | time:  5.91s |valid ppl   115.69 | valid loss:  4.65
2020-11-05 22:50:48,461 - nce-3 - WARNING - | end of epoch 161 | time:  5.91s |valid ppl   115.69 | valid loss:  4.68
2020-11-05 22:50:54,371 - nce-3 - WARNING - | end of epoch 162 | time:  5.91s |valid ppl   115.69 | valid loss:  4.87
2020-11-05 22:51:00,295 - nce-3 - WARNING - | end of epoch 163 | time:  5.92s |valid ppl   115.69 | valid loss:  4.76
2020-11-05 22:51:06,220 - nce-3 - WARNING - | end of epoch 164 | time:  5.92s |valid ppl   115.69 | valid loss:  4.75
2020-11-05 22:51:12,153 - nce-3 - WARNING - | end of epoch 165 | time:  5.93s |valid ppl   115.69 | valid loss:  4.57
2020-11-05 22:51:18,070 - nce-3 - WARNING - | end of epoch 166 | time:  5.92s |valid ppl   115.69 | valid loss:  4.72
2020-11-05 22:51:23,983 - nce-3 - WARNING - | end of epoch 167 | time:  5.91s |valid ppl   115.69 | valid loss:  4.61
2020-11-05 22:51:29,904 - nce-3 - WARNING - | end of epoch 168 | time:  5.92s |valid ppl   115.69 | valid loss:  4.67
2020-11-05 22:51:35,814 - nce-3 - WARNING - | end of epoch 169 | time:  5.91s |valid ppl   115.69 | valid loss:  4.74
2020-11-05 22:51:41,731 - nce-3 - WARNING - | end of epoch 170 | time:  5.92s |valid ppl   115.69 | valid loss:  4.72
2020-11-05 22:51:47,645 - nce-3 - WARNING - | end of epoch 171 | time:  5.91s |valid ppl   115.69 | valid loss:  4.86
2020-11-05 22:51:53,569 - nce-3 - WARNING - | end of epoch 172 | time:  5.92s |valid ppl   115.69 | valid loss:  4.80
2020-11-05 22:51:59,487 - nce-3 - WARNING - | end of epoch 173 | time:  5.92s |valid ppl   115.69 | valid loss:  4.72
2020-11-05 22:52:05,405 - nce-3 - WARNING - | end of epoch 174 | time:  5.92s |valid ppl   115.69 | valid loss:  4.66
2020-11-05 22:52:11,351 - nce-3 - WARNING - | end of epoch 175 | time:  5.95s |valid ppl   115.69 | valid loss:  4.79
2020-11-05 22:52:17,284 - nce-3 - WARNING - | end of epoch 176 | time:  5.93s |valid ppl   115.69 | valid loss:  4.77
2020-11-05 22:52:23,229 - nce-3 - WARNING - | end of epoch 177 | time:  5.94s |valid ppl   115.69 | valid loss:  4.95
2020-11-05 22:52:29,162 - nce-3 - WARNING - | end of epoch 178 | time:  5.93s |valid ppl   115.69 | valid loss:  4.74
2020-11-05 22:52:35,086 - nce-3 - WARNING - | end of epoch 179 | time:  5.92s |valid ppl   115.69 | valid loss:  4.78
2020-11-05 22:52:41,024 - nce-3 - WARNING - | end of epoch 180 | time:  5.94s |valid ppl   115.69 | valid loss:  4.68
2020-11-05 22:52:46,957 - nce-3 - WARNING - | end of epoch 181 | time:  5.93s |valid ppl   115.69 | valid loss:  4.63
2020-11-05 22:52:52,886 - nce-3 - WARNING - | end of epoch 182 | time:  5.93s |valid ppl   115.69 | valid loss:  4.84
2020-11-05 22:52:58,808 - nce-3 - WARNING - | end of epoch 183 | time:  5.92s |valid ppl   115.69 | valid loss:  4.76
2020-11-05 22:53:04,730 - nce-3 - WARNING - | end of epoch 184 | time:  5.92s |valid ppl   115.69 | valid loss:  4.74
2020-11-05 22:53:10,675 - nce-3 - WARNING - | end of epoch 185 | time:  5.94s |valid ppl   115.69 | valid loss:  4.71
2020-11-05 22:53:16,605 - nce-3 - WARNING - | end of epoch 186 | time:  5.93s |valid ppl   115.69 | valid loss:  4.68
2020-11-05 22:53:22,533 - nce-3 - WARNING - | end of epoch 187 | time:  5.93s |valid ppl   115.69 | valid loss:  4.73
2020-11-05 22:53:28,451 - nce-3 - WARNING - | end of epoch 188 | time:  5.92s |valid ppl   115.69 | valid loss:  4.87
2020-11-05 22:53:34,373 - nce-3 - WARNING - | end of epoch 189 | time:  5.92s |valid ppl   115.69 | valid loss:  4.63
2020-11-05 22:53:40,312 - nce-3 - WARNING - | end of epoch 190 | time:  5.94s |valid ppl   115.69 | valid loss:  4.89
2020-11-05 22:53:46,242 - nce-3 - WARNING - | end of epoch 191 | time:  5.93s |valid ppl   115.69 | valid loss:  4.84
2020-11-05 22:53:52,156 - nce-3 - WARNING - | end of epoch 192 | time:  5.91s |valid ppl   115.69 | valid loss:  4.81
2020-11-05 22:53:58,076 - nce-3 - WARNING - | end of epoch 193 | time:  5.92s |valid ppl   115.69 | valid loss:  4.83
2020-11-05 22:54:04,015 - nce-3 - WARNING - | end of epoch 194 | time:  5.94s |valid ppl   115.69 | valid loss:  4.80
2020-11-05 22:54:09,947 - nce-3 - WARNING - | end of epoch 195 | time:  5.93s |valid ppl   115.69 | valid loss:  4.75
2020-11-05 22:54:15,870 - nce-3 - WARNING - | end of epoch 196 | time:  5.92s |valid ppl   115.69 | valid loss:  4.71
2020-11-05 22:54:21,795 - nce-3 - WARNING - | end of epoch 197 | time:  5.92s |valid ppl   115.69 | valid loss:  4.63
2020-11-05 22:54:27,714 - nce-3 - WARNING - | end of epoch 198 | time:  5.92s |valid ppl   115.69 | valid loss:  5.03
2020-11-05 22:54:33,633 - nce-3 - WARNING - | end of epoch 199 | time:  5.92s |valid ppl   115.69 | valid loss:  4.79
2020-11-05 22:54:39,551 - nce-3 - WARNING - | end of epoch 200 | time:  5.92s |valid ppl   115.69 | valid loss:  4.89
2020-11-05 22:54:45,470 - nce-3 - WARNING - | end of epoch 201 | time:  5.92s |valid ppl   115.69 | valid loss:  4.74
2020-11-05 22:54:51,399 - nce-3 - WARNING - | end of epoch 202 | time:  5.93s |valid ppl   115.69 | valid loss:  4.62
2020-11-05 22:54:57,321 - nce-3 - WARNING - | end of epoch 203 | time:  5.92s |valid ppl   115.69 | valid loss:  4.66
2020-11-05 22:55:03,248 - nce-3 - WARNING - | end of epoch 204 | time:  5.93s |valid ppl   115.69 | valid loss:  4.80
2020-11-05 22:55:09,176 - nce-3 - WARNING - | end of epoch 205 | time:  5.93s |valid ppl   115.69 | valid loss:  4.64
2020-11-05 22:55:15,095 - nce-3 - WARNING - | end of epoch 206 | time:  5.92s |valid ppl   115.69 | valid loss:  4.73
2020-11-05 22:55:21,019 - nce-3 - WARNING - | end of epoch 207 | time:  5.92s |valid ppl   115.69 | valid loss:  4.89
2020-11-05 22:55:26,956 - nce-3 - WARNING - | end of epoch 208 | time:  5.94s |valid ppl   115.69 | valid loss:  4.74
2020-11-05 22:55:32,872 - nce-3 - WARNING - | end of epoch 209 | time:  5.92s |valid ppl   115.69 | valid loss:  4.63
2020-11-05 22:55:38,800 - nce-3 - WARNING - | end of epoch 210 | time:  5.93s |valid ppl   115.69 | valid loss:  4.71
2020-11-05 22:55:44,720 - nce-3 - WARNING - | end of epoch 211 | time:  5.92s |valid ppl   115.69 | valid loss:  4.74
2020-11-05 22:55:50,633 - nce-3 - WARNING - | end of epoch 212 | time:  5.91s |valid ppl   115.69 | valid loss:  4.77
2020-11-05 22:55:56,577 - nce-3 - WARNING - | end of epoch 213 | time:  5.94s |valid ppl   115.69 | valid loss:  4.62
2020-11-05 22:56:02,501 - nce-3 - WARNING - | end of epoch 214 | time:  5.92s |valid ppl   115.69 | valid loss:  4.96
2020-11-05 22:56:08,433 - nce-3 - WARNING - | end of epoch 215 | time:  5.93s |valid ppl   115.69 | valid loss:  4.65
2020-11-05 22:56:14,359 - nce-3 - WARNING - | end of epoch 216 | time:  5.93s |valid ppl   115.69 | valid loss:  4.75
2020-11-05 22:56:20,276 - nce-3 - WARNING - | end of epoch 217 | time:  5.92s |valid ppl   115.69 | valid loss:  4.68
2020-11-05 22:56:26,199 - nce-3 - WARNING - | end of epoch 218 | time:  5.92s |valid ppl   115.69 | valid loss:  4.74
2020-11-05 22:56:32,126 - nce-3 - WARNING - | end of epoch 219 | time:  5.93s |valid ppl   115.69 | valid loss:  4.53
2020-11-05 22:56:38,055 - nce-3 - WARNING - | end of epoch 220 | time:  5.93s |valid ppl   115.69 | valid loss:  4.69
2020-11-05 22:56:43,988 - nce-3 - WARNING - | end of epoch 221 | time:  5.93s |valid ppl   115.69 | valid loss:  4.76
2020-11-05 22:56:49,911 - nce-3 - WARNING - | end of epoch 222 | time:  5.92s |valid ppl   115.69 | valid loss:  4.64
2020-11-05 22:56:55,839 - nce-3 - WARNING - | end of epoch 223 | time:  5.93s |valid ppl   115.69 | valid loss:  4.76
2020-11-05 22:57:01,767 - nce-3 - WARNING - | end of epoch 224 | time:  5.93s |valid ppl   115.69 | valid loss:  4.74
2020-11-05 22:57:07,687 - nce-3 - WARNING - | end of epoch 225 | time:  5.92s |valid ppl   115.69 | valid loss:  4.82
2020-11-05 22:57:13,621 - nce-3 - WARNING - | end of epoch 226 | time:  5.93s |valid ppl   115.69 | valid loss:  4.81
2020-11-05 22:57:19,544 - nce-3 - WARNING - | end of epoch 227 | time:  5.92s |valid ppl   115.69 | valid loss:  4.82
2020-11-05 22:57:25,478 - nce-3 - WARNING - | end of epoch 228 | time:  5.93s |valid ppl   115.69 | valid loss:  4.74
2020-11-05 22:57:31,408 - nce-3 - WARNING - | end of epoch 229 | time:  5.93s |valid ppl   115.69 | valid loss:  4.72
2020-11-05 22:57:37,338 - nce-3 - WARNING - | end of epoch 230 | time:  5.93s |valid ppl   115.69 | valid loss:  4.83
2020-11-05 22:57:43,267 - nce-3 - WARNING - | end of epoch 231 | time:  5.93s |valid ppl   115.69 | valid loss:  4.74
2020-11-05 22:57:49,188 - nce-3 - WARNING - | end of epoch 232 | time:  5.92s |valid ppl   115.69 | valid loss:  4.67
2020-11-05 22:57:55,126 - nce-3 - WARNING - | end of epoch 233 | time:  5.94s |valid ppl   115.69 | valid loss:  4.71
2020-11-05 22:58:01,052 - nce-3 - WARNING - | end of epoch 234 | time:  5.93s |valid ppl   115.69 | valid loss:  4.75
2020-11-05 22:58:06,985 - nce-3 - WARNING - | end of epoch 235 | time:  5.93s |valid ppl   115.69 | valid loss:  4.86
2020-11-05 22:58:12,910 - nce-3 - WARNING - | end of epoch 236 | time:  5.92s |valid ppl   115.69 | valid loss:  4.74
2020-11-05 22:58:18,834 - nce-3 - WARNING - | end of epoch 237 | time:  5.92s |valid ppl   115.69 | valid loss:  4.69
2020-11-05 22:58:24,760 - nce-3 - WARNING - | end of epoch 238 | time:  5.93s |valid ppl   115.69 | valid loss:  4.73
2020-11-05 22:58:30,699 - nce-3 - WARNING - | end of epoch 239 | time:  5.94s |valid ppl   115.69 | valid loss:  4.79
2020-11-05 22:58:36,642 - nce-3 - WARNING - | end of epoch 240 | time:  5.94s |valid ppl   115.69 | valid loss:  4.63
2020-11-05 22:58:42,582 - nce-3 - WARNING - | end of epoch 241 | time:  5.94s |valid ppl   115.69 | valid loss:  4.76
2020-11-05 22:58:48,505 - nce-3 - WARNING - | end of epoch 242 | time:  5.92s |valid ppl   115.69 | valid loss:  4.81
2020-11-05 22:58:54,446 - nce-3 - WARNING - | end of epoch 243 | time:  5.94s |valid ppl   115.69 | valid loss:  4.75
2020-11-05 22:59:00,387 - nce-3 - WARNING - | end of epoch 244 | time:  5.94s |valid ppl   115.69 | valid loss:  4.71
2020-11-05 22:59:06,335 - nce-3 - WARNING - | end of epoch 245 | time:  5.95s |valid ppl   115.69 | valid loss:  4.79
2020-11-05 22:59:12,276 - nce-3 - WARNING - | end of epoch 246 | time:  5.94s |valid ppl   115.69 | valid loss:  4.84
2020-11-05 22:59:18,211 - nce-3 - WARNING - | end of epoch 247 | time:  5.93s |valid ppl   115.69 | valid loss:  4.81
2020-11-05 22:59:24,159 - nce-3 - WARNING - | end of epoch 248 | time:  5.95s |valid ppl   115.69 | valid loss:  4.70
2020-11-05 22:59:30,115 - nce-3 - WARNING - | end of epoch 249 | time:  5.96s |valid ppl   115.69 | valid loss:  4.66
2020-11-05 22:59:36,056 - nce-3 - WARNING - | end of epoch 250 | time:  5.94s |valid ppl   115.69 | valid loss:  4.89
2020-11-05 22:59:41,997 - nce-3 - WARNING - | end of epoch 251 | time:  5.94s |valid ppl   115.69 | valid loss:  4.72
2020-11-05 22:59:47,939 - nce-3 - WARNING - | end of epoch 252 | time:  5.94s |valid ppl   115.69 | valid loss:  4.75
2020-11-05 22:59:53,887 - nce-3 - WARNING - | end of epoch 253 | time:  5.95s |valid ppl   115.69 | valid loss:  4.81
2020-11-05 22:59:59,827 - nce-3 - WARNING - | end of epoch 254 | time:  5.94s |valid ppl   115.69 | valid loss:  4.68
2020-11-05 23:00:05,783 - nce-3 - WARNING - | end of epoch 255 | time:  5.95s |valid ppl   115.69 | valid loss:  4.83
2020-11-05 23:00:11,728 - nce-3 - WARNING - | end of epoch 256 | time:  5.94s |valid ppl   115.69 | valid loss:  4.72
2020-11-05 23:00:17,669 - nce-3 - WARNING - | end of epoch 257 | time:  5.94s |valid ppl   115.69 | valid loss:  4.74
2020-11-05 23:00:23,609 - nce-3 - WARNING - | end of epoch 258 | time:  5.94s |valid ppl   115.69 | valid loss:  4.68
2020-11-05 23:00:29,538 - nce-3 - WARNING - | end of epoch 259 | time:  5.93s |valid ppl   115.69 | valid loss:  4.83
2020-11-05 23:00:35,472 - nce-3 - WARNING - | end of epoch 260 | time:  5.93s |valid ppl   115.69 | valid loss:  4.87
2020-11-05 23:00:41,421 - nce-3 - WARNING - | end of epoch 261 | time:  5.95s |valid ppl   115.69 | valid loss:  4.66
2020-11-05 23:00:47,364 - nce-3 - WARNING - | end of epoch 262 | time:  5.94s |valid ppl   115.69 | valid loss:  4.80
2020-11-05 23:00:53,325 - nce-3 - WARNING - | end of epoch 263 | time:  5.96s |valid ppl   115.69 | valid loss:  4.86
2020-11-05 23:00:59,265 - nce-3 - WARNING - | end of epoch 264 | time:  5.94s |valid ppl   115.69 | valid loss:  4.73
2020-11-05 23:01:05,211 - nce-3 - WARNING - | end of epoch 265 | time:  5.95s |valid ppl   115.69 | valid loss:  4.69
2020-11-05 23:01:11,155 - nce-3 - WARNING - | end of epoch 266 | time:  5.94s |valid ppl   115.69 | valid loss:  4.68
2020-11-05 23:01:17,100 - nce-3 - WARNING - | end of epoch 267 | time:  5.94s |valid ppl   115.69 | valid loss:  4.83
2020-11-05 23:01:23,052 - nce-3 - WARNING - | end of epoch 268 | time:  5.95s |valid ppl   115.69 | valid loss:  4.92
2020-11-05 23:01:28,992 - nce-3 - WARNING - | end of epoch 269 | time:  5.94s |valid ppl   115.69 | valid loss:  4.75
2020-11-05 23:01:34,925 - nce-3 - WARNING - | end of epoch 270 | time:  5.93s |valid ppl   115.69 | valid loss:  4.73
2020-11-05 23:01:40,866 - nce-3 - WARNING - | end of epoch 271 | time:  5.94s |valid ppl   115.69 | valid loss:  4.60
2020-11-05 23:01:46,805 - nce-3 - WARNING - | end of epoch 272 | time:  5.94s |valid ppl   115.69 | valid loss:  4.73
2020-11-05 23:01:52,756 - nce-3 - WARNING - | end of epoch 273 | time:  5.95s |valid ppl   115.69 | valid loss:  4.78
2020-11-05 23:01:58,693 - nce-3 - WARNING - | end of epoch 274 | time:  5.94s |valid ppl   115.69 | valid loss:  4.87
2020-11-05 23:02:04,632 - nce-3 - WARNING - | end of epoch 275 | time:  5.94s |valid ppl   115.69 | valid loss:  4.71
2020-11-05 23:02:10,566 - nce-3 - WARNING - | end of epoch 276 | time:  5.93s |valid ppl   115.69 | valid loss:  4.84
2020-11-05 23:02:16,500 - nce-3 - WARNING - | end of epoch 277 | time:  5.93s |valid ppl   115.69 | valid loss:  4.48
2020-11-05 23:02:22,444 - nce-3 - WARNING - | end of epoch 278 | time:  5.94s |valid ppl   115.69 | valid loss:  4.80
2020-11-05 23:02:28,370 - nce-3 - WARNING - | end of epoch 279 | time:  5.93s |valid ppl   115.69 | valid loss:  4.77
2020-11-05 23:02:34,299 - nce-3 - WARNING - | end of epoch 280 | time:  5.93s |valid ppl   115.69 | valid loss:  4.67
2020-11-05 23:02:40,230 - nce-3 - WARNING - | end of epoch 281 | time:  5.93s |valid ppl   115.69 | valid loss:  4.77
2020-11-05 23:02:46,169 - nce-3 - WARNING - | end of epoch 282 | time:  5.94s |valid ppl   115.69 | valid loss:  4.59
2020-11-05 23:02:52,130 - nce-3 - WARNING - | end of epoch 283 | time:  5.96s |valid ppl   115.69 | valid loss:  4.67
2020-11-05 23:02:58,065 - nce-3 - WARNING - | end of epoch 284 | time:  5.93s |valid ppl   115.69 | valid loss:  4.77
2020-11-05 23:03:04,008 - nce-3 - WARNING - | end of epoch 285 | time:  5.94s |valid ppl   115.69 | valid loss:  4.68
2020-11-05 23:03:09,947 - nce-3 - WARNING - | end of epoch 286 | time:  5.94s |valid ppl   115.69 | valid loss:  4.92
2020-11-05 23:03:15,871 - nce-3 - WARNING - | end of epoch 287 | time:  5.92s |valid ppl   115.69 | valid loss:  4.73
2020-11-05 23:03:21,811 - nce-3 - WARNING - | end of epoch 288 | time:  5.94s |valid ppl   115.69 | valid loss:  4.57
2020-11-05 23:03:27,758 - nce-3 - WARNING - | end of epoch 289 | time:  5.95s |valid ppl   115.69 | valid loss:  4.77
2020-11-05 23:03:33,696 - nce-3 - WARNING - | end of epoch 290 | time:  5.94s |valid ppl   115.69 | valid loss:  4.79
2020-11-05 23:03:39,629 - nce-3 - WARNING - | end of epoch 291 | time:  5.93s |valid ppl   115.69 | valid loss:  4.69
2020-11-05 23:03:45,558 - nce-3 - WARNING - | end of epoch 292 | time:  5.93s |valid ppl   115.69 | valid loss:  4.70
2020-11-05 23:03:51,494 - nce-3 - WARNING - | end of epoch 293 | time:  5.94s |valid ppl   115.69 | valid loss:  4.58
2020-11-05 23:03:57,422 - nce-3 - WARNING - | end of epoch 294 | time:  5.93s |valid ppl   115.69 | valid loss:  4.84
2020-11-05 23:04:03,362 - nce-3 - WARNING - | end of epoch 295 | time:  5.94s |valid ppl   115.69 | valid loss:  4.95
2020-11-05 23:04:09,304 - nce-3 - WARNING - | end of epoch 296 | time:  5.94s |valid ppl   115.69 | valid loss:  4.80
2020-11-05 23:04:15,235 - nce-3 - WARNING - | end of epoch 297 | time:  5.93s |valid ppl   115.69 | valid loss:  4.85
2020-11-05 23:04:21,169 - nce-3 - WARNING - | end of epoch 298 | time:  5.93s |valid ppl   115.69 | valid loss:  4.82
2020-11-05 23:04:27,104 - nce-3 - WARNING - | end of epoch 299 | time:  5.93s |valid ppl   115.69 | valid loss:  4.76
2020-11-05 23:04:33,032 - nce-3 - WARNING - | end of epoch 300 | time:  5.93s |valid ppl   115.69 | valid loss:  4.75
2020-11-05 23:04:38,964 - nce-3 - WARNING - | end of epoch 301 | time:  5.93s |valid ppl   115.69 | valid loss:  4.67
2020-11-05 23:04:44,904 - nce-3 - WARNING - | end of epoch 302 | time:  5.94s |valid ppl   115.69 | valid loss:  4.70
2020-11-05 23:04:50,831 - nce-3 - WARNING - | end of epoch 303 | time:  5.93s |valid ppl   115.69 | valid loss:  4.76
2020-11-05 23:04:56,766 - nce-3 - WARNING - | end of epoch 304 | time:  5.93s |valid ppl   115.69 | valid loss:  4.70
2020-11-05 23:05:02,711 - nce-3 - WARNING - | end of epoch 305 | time:  5.94s |valid ppl   115.69 | valid loss:  4.81
2020-11-05 23:05:08,656 - nce-3 - WARNING - | end of epoch 306 | time:  5.94s |valid ppl   115.69 | valid loss:  4.52
2020-11-05 23:05:14,587 - nce-3 - WARNING - | end of epoch 307 | time:  5.93s |valid ppl   115.69 | valid loss:  4.75
2020-11-05 23:05:20,525 - nce-3 - WARNING - | end of epoch 308 | time:  5.94s |valid ppl   115.69 | valid loss:  4.73
2020-11-05 23:05:26,467 - nce-3 - WARNING - | end of epoch 309 | time:  5.94s |valid ppl   115.69 | valid loss:  4.75
2020-11-05 23:05:32,406 - nce-3 - WARNING - | end of epoch 310 | time:  5.94s |valid ppl   115.69 | valid loss:  4.76
2020-11-05 23:05:38,350 - nce-3 - WARNING - | end of epoch 311 | time:  5.94s |valid ppl   115.69 | valid loss:  4.75
2020-11-05 23:05:44,276 - nce-3 - WARNING - | end of epoch 312 | time:  5.93s |valid ppl   115.69 | valid loss:  4.67
2020-11-05 23:05:50,213 - nce-3 - WARNING - | end of epoch 313 | time:  5.94s |valid ppl   115.69 | valid loss:  4.67
2020-11-05 23:05:56,154 - nce-3 - WARNING - | end of epoch 314 | time:  5.94s |valid ppl   115.69 | valid loss:  4.79
2020-11-05 23:06:02,088 - nce-3 - WARNING - | end of epoch 315 | time:  5.93s |valid ppl   115.69 | valid loss:  4.68
2020-11-05 23:06:08,031 - nce-3 - WARNING - | end of epoch 316 | time:  5.94s |valid ppl   115.69 | valid loss:  4.69
2020-11-05 23:06:13,973 - nce-3 - WARNING - | end of epoch 317 | time:  5.94s |valid ppl   115.69 | valid loss:  4.82
2020-11-05 23:06:19,905 - nce-3 - WARNING - | end of epoch 318 | time:  5.93s |valid ppl   115.69 | valid loss:  4.67
2020-11-05 23:06:25,849 - nce-3 - WARNING - | end of epoch 319 | time:  5.94s |valid ppl   115.69 | valid loss:  4.63
2020-11-05 23:06:31,791 - nce-3 - WARNING - | end of epoch 320 | time:  5.94s |valid ppl   115.69 | valid loss:  4.66
2020-11-05 23:06:37,736 - nce-3 - WARNING - | end of epoch 321 | time:  5.94s |valid ppl   115.69 | valid loss:  4.89
2020-11-05 23:06:43,673 - nce-3 - WARNING - | end of epoch 322 | time:  5.94s |valid ppl   115.69 | valid loss:  4.50
2020-11-05 23:06:49,616 - nce-3 - WARNING - | end of epoch 323 | time:  5.94s |valid ppl   115.69 | valid loss:  4.60
2020-11-05 23:06:55,583 - nce-3 - WARNING - | end of epoch 324 | time:  5.97s |valid ppl   115.69 | valid loss:  4.70
2020-11-05 23:07:01,532 - nce-3 - WARNING - | end of epoch 325 | time:  5.95s |valid ppl   115.69 | valid loss:  4.80
2020-11-05 23:07:07,492 - nce-3 - WARNING - | end of epoch 326 | time:  5.96s |valid ppl   115.69 | valid loss:  5.06
2020-11-05 23:07:13,444 - nce-3 - WARNING - | end of epoch 327 | time:  5.95s |valid ppl   115.69 | valid loss:  4.60
2020-11-05 23:07:19,384 - nce-3 - WARNING - | end of epoch 328 | time:  5.94s |valid ppl   115.69 | valid loss:  4.73
2020-11-05 23:07:25,321 - nce-3 - WARNING - | end of epoch 329 | time:  5.94s |valid ppl   115.69 | valid loss:  4.89
2020-11-05 23:07:31,259 - nce-3 - WARNING - | end of epoch 330 | time:  5.94s |valid ppl   115.69 | valid loss:  4.75
2020-11-05 23:07:37,208 - nce-3 - WARNING - | end of epoch 331 | time:  5.95s |valid ppl   115.69 | valid loss:  4.81
2020-11-05 23:07:43,157 - nce-3 - WARNING - | end of epoch 332 | time:  5.95s |valid ppl   115.69 | valid loss:  4.84
2020-11-05 23:07:49,117 - nce-3 - WARNING - | end of epoch 333 | time:  5.96s |valid ppl   115.69 | valid loss:  4.52
2020-11-05 23:07:55,066 - nce-3 - WARNING - | end of epoch 334 | time:  5.95s |valid ppl   115.69 | valid loss:  4.79
2020-11-05 23:08:01,011 - nce-3 - WARNING - | end of epoch 335 | time:  5.94s |valid ppl   115.69 | valid loss:  4.85
2020-11-05 23:08:06,953 - nce-3 - WARNING - | end of epoch 336 | time:  5.94s |valid ppl   115.69 | valid loss:  4.77
2020-11-05 23:08:12,892 - nce-3 - WARNING - | end of epoch 337 | time:  5.94s |valid ppl   115.69 | valid loss:  5.07
2020-11-05 23:08:18,838 - nce-3 - WARNING - | end of epoch 338 | time:  5.95s |valid ppl   115.69 | valid loss:  4.94
2020-11-05 23:08:24,791 - nce-3 - WARNING - | end of epoch 339 | time:  5.95s |valid ppl   115.69 | valid loss:  4.98
2020-11-05 23:08:30,731 - nce-3 - WARNING - | end of epoch 340 | time:  5.94s |valid ppl   115.69 | valid loss:  4.88
2020-11-05 23:08:36,678 - nce-3 - WARNING - | end of epoch 341 | time:  5.95s |valid ppl   115.69 | valid loss:  4.58
2020-11-05 23:08:42,630 - nce-3 - WARNING - | end of epoch 342 | time:  5.95s |valid ppl   115.69 | valid loss:  4.67
2020-11-05 23:08:48,586 - nce-3 - WARNING - | end of epoch 343 | time:  5.96s |valid ppl   115.69 | valid loss:  4.77
2020-11-05 23:08:54,544 - nce-3 - WARNING - | end of epoch 344 | time:  5.96s |valid ppl   115.69 | valid loss:  4.66
2020-11-05 23:09:00,491 - nce-3 - WARNING - | end of epoch 345 | time:  5.95s |valid ppl   115.69 | valid loss:  4.71
2020-11-05 23:09:06,440 - nce-3 - WARNING - | end of epoch 346 | time:  5.95s |valid ppl   115.69 | valid loss:  4.59
2020-11-05 23:09:12,387 - nce-3 - WARNING - | end of epoch 347 | time:  5.95s |valid ppl   115.69 | valid loss:  4.80
2020-11-05 23:09:18,337 - nce-3 - WARNING - | end of epoch 348 | time:  5.95s |valid ppl   115.69 | valid loss:  4.65
2020-11-05 23:09:24,282 - nce-3 - WARNING - | end of epoch 349 | time:  5.94s |valid ppl   115.69 | valid loss:  4.79
2020-11-05 23:09:30,229 - nce-3 - WARNING - | end of epoch 350 | time:  5.95s |valid ppl   115.69 | valid loss:  4.72
2020-11-05 23:09:36,173 - nce-3 - WARNING - | end of epoch 351 | time:  5.94s |valid ppl   115.69 | valid loss:  4.78
2020-11-05 23:09:42,118 - nce-3 - WARNING - | end of epoch 352 | time:  5.94s |valid ppl   115.69 | valid loss:  4.51
2020-11-05 23:09:48,057 - nce-3 - WARNING - | end of epoch 353 | time:  5.94s |valid ppl   115.69 | valid loss:  4.92
2020-11-05 23:09:53,999 - nce-3 - WARNING - | end of epoch 354 | time:  5.94s |valid ppl   115.69 | valid loss:  4.59
2020-11-05 23:09:59,942 - nce-3 - WARNING - | end of epoch 355 | time:  5.94s |valid ppl   115.69 | valid loss:  4.81
2020-11-05 23:10:05,890 - nce-3 - WARNING - | end of epoch 356 | time:  5.95s |valid ppl   115.69 | valid loss:  4.82
2020-11-05 23:10:11,829 - nce-3 - WARNING - | end of epoch 357 | time:  5.94s |valid ppl   115.69 | valid loss:  4.81
2020-11-05 23:10:17,765 - nce-3 - WARNING - | end of epoch 358 | time:  5.94s |valid ppl   115.69 | valid loss:  4.86
2020-11-05 23:10:23,719 - nce-3 - WARNING - | end of epoch 359 | time:  5.95s |valid ppl   115.69 | valid loss:  4.70
2020-11-05 23:10:29,661 - nce-3 - WARNING - | end of epoch 360 | time:  5.94s |valid ppl   115.69 | valid loss:  4.79
2020-11-05 23:10:35,604 - nce-3 - WARNING - | end of epoch 361 | time:  5.94s |valid ppl   115.69 | valid loss:  4.74
2020-11-05 23:10:41,551 - nce-3 - WARNING - | end of epoch 362 | time:  5.95s |valid ppl   115.69 | valid loss:  4.78
2020-11-05 23:10:47,493 - nce-3 - WARNING - | end of epoch 363 | time:  5.94s |valid ppl   115.69 | valid loss:  4.78
2020-11-05 23:10:53,444 - nce-3 - WARNING - | end of epoch 364 | time:  5.95s |valid ppl   115.69 | valid loss:  4.74
2020-11-05 23:10:59,377 - nce-3 - WARNING - | end of epoch 365 | time:  5.93s |valid ppl   115.69 | valid loss:  4.80
2020-11-05 23:11:05,328 - nce-3 - WARNING - | end of epoch 366 | time:  5.95s |valid ppl   115.69 | valid loss:  4.76
2020-11-05 23:11:11,269 - nce-3 - WARNING - | end of epoch 367 | time:  5.94s |valid ppl   115.69 | valid loss:  4.85
2020-11-05 23:11:17,220 - nce-3 - WARNING - | end of epoch 368 | time:  5.95s |valid ppl   115.69 | valid loss:  4.64
2020-11-05 23:11:23,161 - nce-3 - WARNING - | end of epoch 369 | time:  5.94s |valid ppl   115.69 | valid loss:  4.83
2020-11-05 23:11:29,097 - nce-3 - WARNING - | end of epoch 370 | time:  5.94s |valid ppl   115.69 | valid loss:  4.72
2020-11-05 23:11:35,028 - nce-3 - WARNING - | end of epoch 371 | time:  5.93s |valid ppl   115.69 | valid loss:  4.71
2020-11-05 23:11:40,970 - nce-3 - WARNING - | end of epoch 372 | time:  5.94s |valid ppl   115.69 | valid loss:  4.66
2020-11-05 23:11:46,907 - nce-3 - WARNING - | end of epoch 373 | time:  5.94s |valid ppl   115.69 | valid loss:  4.86
2020-11-05 23:11:52,854 - nce-3 - WARNING - | end of epoch 374 | time:  5.95s |valid ppl   115.69 | valid loss:  4.72
2020-11-05 23:11:58,796 - nce-3 - WARNING - | end of epoch 375 | time:  5.94s |valid ppl   115.69 | valid loss:  4.86
2020-11-05 23:12:04,735 - nce-3 - WARNING - | end of epoch 376 | time:  5.94s |valid ppl   115.69 | valid loss:  4.72
2020-11-05 23:12:10,676 - nce-3 - WARNING - | end of epoch 377 | time:  5.94s |valid ppl   115.69 | valid loss:  4.74
2020-11-05 23:12:16,616 - nce-3 - WARNING - | end of epoch 378 | time:  5.94s |valid ppl   115.69 | valid loss:  4.72
2020-11-05 23:12:22,553 - nce-3 - WARNING - | end of epoch 379 | time:  5.94s |valid ppl   115.69 | valid loss:  4.82
2020-11-05 23:12:28,493 - nce-3 - WARNING - | end of epoch 380 | time:  5.94s |valid ppl   115.69 | valid loss:  4.82
2020-11-05 23:12:34,429 - nce-3 - WARNING - | end of epoch 381 | time:  5.93s |valid ppl   115.69 | valid loss:  4.76
2020-11-05 23:12:40,356 - nce-3 - WARNING - | end of epoch 382 | time:  5.93s |valid ppl   115.69 | valid loss:  4.83
2020-11-05 23:12:46,303 - nce-3 - WARNING - | end of epoch 383 | time:  5.95s |valid ppl   115.69 | valid loss:  4.78
2020-11-05 23:12:52,236 - nce-3 - WARNING - | end of epoch 384 | time:  5.93s |valid ppl   115.69 | valid loss:  4.77
2020-11-05 23:12:58,168 - nce-3 - WARNING - | end of epoch 385 | time:  5.93s |valid ppl   115.69 | valid loss:  4.51
2020-11-05 23:13:04,105 - nce-3 - WARNING - | end of epoch 386 | time:  5.94s |valid ppl   115.69 | valid loss:  4.78
2020-11-05 23:13:10,048 - nce-3 - WARNING - | end of epoch 387 | time:  5.94s |valid ppl   115.69 | valid loss:  4.67
2020-11-05 23:13:15,979 - nce-3 - WARNING - | end of epoch 388 | time:  5.93s |valid ppl   115.69 | valid loss:  4.86
2020-11-05 23:13:21,928 - nce-3 - WARNING - | end of epoch 389 | time:  5.95s |valid ppl   115.69 | valid loss:  4.72
2020-11-05 23:13:27,872 - nce-3 - WARNING - | end of epoch 390 | time:  5.94s |valid ppl   115.69 | valid loss:  4.82
2020-11-05 23:13:33,803 - nce-3 - WARNING - | end of epoch 391 | time:  5.93s |valid ppl   115.69 | valid loss:  4.75
2020-11-05 23:13:39,739 - nce-3 - WARNING - | end of epoch 392 | time:  5.94s |valid ppl   115.69 | valid loss:  4.54
2020-11-05 23:13:45,676 - nce-3 - WARNING - | end of epoch 393 | time:  5.94s |valid ppl   115.69 | valid loss:  4.79
2020-11-05 23:13:51,619 - nce-3 - WARNING - | end of epoch 394 | time:  5.94s |valid ppl   115.69 | valid loss:  4.66
2020-11-05 23:13:57,549 - nce-3 - WARNING - | end of epoch 395 | time:  5.93s |valid ppl   115.69 | valid loss:  4.87
2020-11-05 23:14:03,482 - nce-3 - WARNING - | end of epoch 396 | time:  5.93s |valid ppl   115.69 | valid loss:  4.74
2020-11-05 23:14:09,428 - nce-3 - WARNING - | end of epoch 397 | time:  5.94s |valid ppl   115.69 | valid loss:  4.77
2020-11-05 23:14:15,366 - nce-3 - WARNING - | end of epoch 398 | time:  5.94s |valid ppl   115.69 | valid loss:  4.75
2020-11-05 23:14:21,306 - nce-3 - WARNING - | end of epoch 399 | time:  5.94s |valid ppl   115.69 | valid loss:  4.77
2020-11-05 23:14:27,251 - nce-3 - WARNING - | end of epoch 400 | time:  5.94s |valid ppl   115.69 | valid loss:  4.84
