2020-11-05 22:34:18,659 - nce-2 - INFO - Namespace(batch_size=96, bptt=35, clip=0.25, concat=True, cuda=True, data='data/penn', dropout=0.2, emsize=300, epochs=400, index_module='linear', log_interval=1000, loss='nce', lr=1.0, lr_decay=2, min_freq=3, nhid=300, nlayers=3, noise_ratio=500, norm_term=-1, prof=False, save='nce-2', seed=1111, tb_name=None, train=True, vocab=None, weight_decay=1e-08)
2020-11-05 22:34:19,030 - nce-2 - INFO - Vocabulary size is 9957
2020-11-05 22:34:28,855 - nce-2 - INFO - model definition:
 RNNModel(
  (drop): Dropout(p=0.2, inplace=False)
  (encoder): Embedding(9957, 300)
  (rnn): LSTM(300, 300, num_layers=3, batch_first=True, dropout=0.2)
  (proj): Linear(in_features=300, out_features=300, bias=True)
  (criterion): IndexLinear(
    (alias): AliasMultinomial()
    (bce_with_logits): BCEWithLogitsLoss()
    (ce): CrossEntropyLoss()
    (emb): Embedding(9957, 300)
    (bias): Embedding(9957, 1)
  )
)
2020-11-05 22:34:34,821 - nce-2 - WARNING - | end of epoch   1 | time:  5.96s |valid ppl   660.63 | valid loss:  6.54
2020-11-05 22:34:40,879 - nce-2 - WARNING - | end of epoch   2 | time:  5.60s |valid ppl   647.67 | valid loss:  6.52
2020-11-05 22:34:46,881 - nce-2 - WARNING - | end of epoch   3 | time:  5.63s |valid ppl   496.19 | valid loss:  6.27
2020-11-05 22:34:53,128 - nce-2 - WARNING - | end of epoch   4 | time:  5.66s |valid ppl   385.99 | valid loss:  6.13
2020-11-05 22:34:59,649 - nce-2 - WARNING - | end of epoch   5 | time:  5.71s |valid ppl   322.10 | valid loss:  5.74
2020-11-05 22:35:05,790 - nce-2 - WARNING - | end of epoch   6 | time:  5.74s |valid ppl   270.02 | valid loss:  5.62
2020-11-05 22:35:11,979 - nce-2 - WARNING - | end of epoch   7 | time:  5.80s |valid ppl   247.09 | valid loss:  5.55
2020-11-05 22:35:18,134 - nce-2 - WARNING - | end of epoch   8 | time:  5.79s |valid ppl   220.88 | valid loss:  5.48
2020-11-05 22:35:24,246 - nce-2 - WARNING - | end of epoch   9 | time:  5.75s |valid ppl   205.12 | valid loss:  5.41
2020-11-05 22:35:30,385 - nce-2 - WARNING - | end of epoch  10 | time:  5.76s |valid ppl   194.24 | valid loss:  5.33
2020-11-05 22:35:36,518 - nce-2 - WARNING - | end of epoch  11 | time:  5.76s |valid ppl   182.55 | valid loss:  5.28
2020-11-05 22:35:44,837 - nce-2 - WARNING - | end of epoch  12 | time:  5.79s |valid ppl   176.75 | valid loss:  5.14
2020-11-05 22:35:53,090 - nce-2 - WARNING - | end of epoch  13 | time:  5.79s |valid ppl   168.03 | valid loss:  5.24
2020-11-05 22:35:59,827 - nce-2 - WARNING - | end of epoch  14 | time:  5.76s |valid ppl   160.92 | valid loss:  5.03
2020-11-05 22:36:05,959 - nce-2 - WARNING - | end of epoch  15 | time:  5.77s |valid ppl   160.70 | valid loss:  5.07
2020-11-05 22:36:12,130 - nce-2 - WARNING - | end of epoch  16 | time:  5.79s |valid ppl   152.18 | valid loss:  5.02
2020-11-05 22:36:18,349 - nce-2 - WARNING - | end of epoch  17 | time:  5.79s |valid ppl   147.54 | valid loss:  4.99
2020-11-05 22:36:24,554 - nce-2 - WARNING - | end of epoch  18 | time:  5.79s |valid ppl   142.86 | valid loss:  4.96
2020-11-05 22:36:30,722 - nce-2 - WARNING - | end of epoch  19 | time:  5.79s |valid ppl   142.05 | valid loss:  5.04
2020-11-05 22:36:36,912 - nce-2 - WARNING - | end of epoch  20 | time:  5.79s |valid ppl   139.27 | valid loss:  4.98
2020-11-05 22:36:43,098 - nce-2 - WARNING - | end of epoch  21 | time:  5.82s |valid ppl   134.61 | valid loss:  4.81
2020-11-05 22:36:49,297 - nce-2 - WARNING - | end of epoch  22 | time:  5.83s |valid ppl   132.94 | valid loss:  4.89
2020-11-05 22:36:55,556 - nce-2 - WARNING - | end of epoch  23 | time:  5.84s |valid ppl   133.12 | valid loss:  4.91
2020-11-05 22:37:01,415 - nce-2 - WARNING - | end of epoch  24 | time:  5.86s |valid ppl   124.26 | valid loss:  4.71
2020-11-05 22:37:07,899 - nce-2 - WARNING - | end of epoch  25 | time:  5.87s |valid ppl   122.81 | valid loss:  4.84
2020-11-05 22:37:14,291 - nce-2 - WARNING - | end of epoch  26 | time:  5.90s |valid ppl   124.01 | valid loss:  4.86
2020-11-05 22:37:20,202 - nce-2 - WARNING - | end of epoch  27 | time:  5.91s |valid ppl   119.49 | valid loss:  4.95
2020-11-05 22:37:26,595 - nce-2 - WARNING - | end of epoch  28 | time:  5.90s |valid ppl   118.93 | valid loss:  4.84
2020-11-05 22:37:33,113 - nce-2 - WARNING - | end of epoch  29 | time:  5.92s |valid ppl   119.07 | valid loss:  4.76
2020-11-05 22:37:39,042 - nce-2 - WARNING - | end of epoch  30 | time:  5.93s |valid ppl   117.38 | valid loss:  4.76
2020-11-05 22:37:45,516 - nce-2 - WARNING - | end of epoch  31 | time:  5.93s |valid ppl   117.39 | valid loss:  4.83
2020-11-05 22:37:51,477 - nce-2 - WARNING - | end of epoch  32 | time:  5.96s |valid ppl   116.74 | valid loss:  4.83
2020-11-05 22:38:01,416 - nce-2 - WARNING - | end of epoch  33 | time:  5.88s |valid ppl   116.45 | valid loss:  4.63
2020-11-05 22:38:07,745 - nce-2 - WARNING - | end of epoch  34 | time:  5.91s |valid ppl   116.61 | valid loss:  4.83
2020-11-05 22:38:13,684 - nce-2 - WARNING - | end of epoch  35 | time:  5.94s |valid ppl   116.31 | valid loss:  4.83
2020-11-05 22:38:20,382 - nce-2 - WARNING - | end of epoch  36 | time:  5.94s |valid ppl   116.27 | valid loss:  4.66
2020-11-05 22:38:26,720 - nce-2 - WARNING - | end of epoch  37 | time:  5.97s |valid ppl   116.27 | valid loss:  4.76
2020-11-05 22:38:32,724 - nce-2 - WARNING - | end of epoch  38 | time:  6.00s |valid ppl   116.22 | valid loss:  4.77
2020-11-05 22:38:39,096 - nce-2 - WARNING - | end of epoch  39 | time:  6.00s |valid ppl   116.13 | valid loss:  4.71
2020-11-05 22:38:45,441 - nce-2 - WARNING - | end of epoch  40 | time:  6.00s |valid ppl   116.11 | valid loss:  4.91
2020-11-05 22:38:51,912 - nce-2 - WARNING - | end of epoch  41 | time:  6.01s |valid ppl   116.09 | valid loss:  4.62
2020-11-05 22:38:59,272 - nce-2 - WARNING - | end of epoch  42 | time:  5.98s |valid ppl   116.14 | valid loss:  4.80
2020-11-05 22:39:05,323 - nce-2 - WARNING - | end of epoch  43 | time:  6.05s |valid ppl   115.98 | valid loss:  4.80
2020-11-05 22:39:12,623 - nce-2 - WARNING - | end of epoch  44 | time:  5.98s |valid ppl   116.05 | valid loss:  4.90
2020-11-05 22:39:18,674 - nce-2 - WARNING - | end of epoch  45 | time:  6.05s |valid ppl   116.02 | valid loss:  4.69
2020-11-05 22:39:24,756 - nce-2 - WARNING - | end of epoch  46 | time:  6.08s |valid ppl   115.96 | valid loss:  4.91
2020-11-05 22:39:31,209 - nce-2 - WARNING - | end of epoch  47 | time:  6.08s |valid ppl   115.98 | valid loss:  4.83
2020-11-05 22:39:37,314 - nce-2 - WARNING - | end of epoch  48 | time:  6.11s |valid ppl   115.99 | valid loss:  4.80
2020-11-05 22:39:43,421 - nce-2 - WARNING - | end of epoch  49 | time:  6.11s |valid ppl   115.97 | valid loss:  4.68
2020-11-05 22:39:49,526 - nce-2 - WARNING - | end of epoch  50 | time:  6.10s |valid ppl   115.97 | valid loss:  4.81
2020-11-05 22:39:55,647 - nce-2 - WARNING - | end of epoch  51 | time:  6.12s |valid ppl   115.97 | valid loss:  4.79
2020-11-05 22:40:01,805 - nce-2 - WARNING - | end of epoch  52 | time:  6.16s |valid ppl   115.97 | valid loss:  4.74
2020-11-05 22:40:07,925 - nce-2 - WARNING - | end of epoch  53 | time:  6.12s |valid ppl   115.97 | valid loss:  4.77
2020-11-05 22:40:14,069 - nce-2 - WARNING - | end of epoch  54 | time:  6.14s |valid ppl   115.97 | valid loss:  4.88
2020-11-05 22:40:20,209 - nce-2 - WARNING - | end of epoch  55 | time:  6.14s |valid ppl   115.97 | valid loss:  4.70
2020-11-05 22:40:26,349 - nce-2 - WARNING - | end of epoch  56 | time:  6.14s |valid ppl   115.97 | valid loss:  4.80
2020-11-05 22:40:32,512 - nce-2 - WARNING - | end of epoch  57 | time:  6.16s |valid ppl   115.97 | valid loss:  4.93
2020-11-05 22:40:38,646 - nce-2 - WARNING - | end of epoch  58 | time:  6.13s |valid ppl   115.97 | valid loss:  4.85
2020-11-05 22:40:44,780 - nce-2 - WARNING - | end of epoch  59 | time:  6.13s |valid ppl   115.97 | valid loss:  4.63
2020-11-05 22:40:50,919 - nce-2 - WARNING - | end of epoch  60 | time:  6.14s |valid ppl   115.97 | valid loss:  4.66
2020-11-05 22:40:57,059 - nce-2 - WARNING - | end of epoch  61 | time:  6.14s |valid ppl   115.97 | valid loss:  4.77
2020-11-05 22:41:03,204 - nce-2 - WARNING - | end of epoch  62 | time:  6.14s |valid ppl   115.97 | valid loss:  4.72
2020-11-05 22:41:09,347 - nce-2 - WARNING - | end of epoch  63 | time:  6.14s |valid ppl   115.97 | valid loss:  4.74
2020-11-05 22:41:15,509 - nce-2 - WARNING - | end of epoch  64 | time:  6.16s |valid ppl   115.97 | valid loss:  4.73
2020-11-05 22:41:21,646 - nce-2 - WARNING - | end of epoch  65 | time:  6.14s |valid ppl   115.97 | valid loss:  4.81
2020-11-05 22:41:27,785 - nce-2 - WARNING - | end of epoch  66 | time:  6.14s |valid ppl   115.97 | valid loss:  4.90
2020-11-05 22:41:33,931 - nce-2 - WARNING - | end of epoch  67 | time:  6.15s |valid ppl   115.97 | valid loss:  4.85
2020-11-05 22:41:40,072 - nce-2 - WARNING - | end of epoch  68 | time:  6.14s |valid ppl   115.97 | valid loss:  4.67
2020-11-05 22:41:46,228 - nce-2 - WARNING - | end of epoch  69 | time:  6.16s |valid ppl   115.97 | valid loss:  4.70
2020-11-05 22:41:52,368 - nce-2 - WARNING - | end of epoch  70 | time:  6.14s |valid ppl   115.97 | valid loss:  4.64
2020-11-05 22:41:58,501 - nce-2 - WARNING - | end of epoch  71 | time:  6.13s |valid ppl   115.97 | valid loss:  4.92
2020-11-05 22:42:04,651 - nce-2 - WARNING - | end of epoch  72 | time:  6.15s |valid ppl   115.97 | valid loss:  4.85
2020-11-05 22:42:10,783 - nce-2 - WARNING - | end of epoch  73 | time:  6.13s |valid ppl   115.97 | valid loss:  4.80
2020-11-05 22:42:16,923 - nce-2 - WARNING - | end of epoch  74 | time:  6.14s |valid ppl   115.97 | valid loss:  4.79
2020-11-05 22:42:23,058 - nce-2 - WARNING - | end of epoch  75 | time:  6.14s |valid ppl   115.97 | valid loss:  4.85
2020-11-05 22:42:29,204 - nce-2 - WARNING - | end of epoch  76 | time:  6.15s |valid ppl   115.97 | valid loss:  4.72
2020-11-05 22:42:35,338 - nce-2 - WARNING - | end of epoch  77 | time:  6.13s |valid ppl   115.97 | valid loss:  4.66
2020-11-05 22:42:41,471 - nce-2 - WARNING - | end of epoch  78 | time:  6.13s |valid ppl   115.97 | valid loss:  4.93
2020-11-05 22:42:47,620 - nce-2 - WARNING - | end of epoch  79 | time:  6.15s |valid ppl   115.97 | valid loss:  4.74
2020-11-05 22:42:53,755 - nce-2 - WARNING - | end of epoch  80 | time:  6.13s |valid ppl   115.97 | valid loss:  4.76
2020-11-05 22:42:59,900 - nce-2 - WARNING - | end of epoch  81 | time:  6.14s |valid ppl   115.97 | valid loss:  4.71
2020-11-05 22:43:06,038 - nce-2 - WARNING - | end of epoch  82 | time:  6.14s |valid ppl   115.97 | valid loss:  4.72
2020-11-05 22:43:12,171 - nce-2 - WARNING - | end of epoch  83 | time:  6.13s |valid ppl   115.97 | valid loss:  4.57
2020-11-05 22:43:18,311 - nce-2 - WARNING - | end of epoch  84 | time:  6.14s |valid ppl   115.97 | valid loss:  4.68
2020-11-05 22:43:24,440 - nce-2 - WARNING - | end of epoch  85 | time:  6.13s |valid ppl   115.97 | valid loss:  4.71
2020-11-05 22:43:30,578 - nce-2 - WARNING - | end of epoch  86 | time:  6.14s |valid ppl   115.97 | valid loss:  4.85
2020-11-05 22:43:36,710 - nce-2 - WARNING - | end of epoch  87 | time:  6.13s |valid ppl   115.97 | valid loss:  4.78
2020-11-05 22:43:42,843 - nce-2 - WARNING - | end of epoch  88 | time:  6.13s |valid ppl   115.97 | valid loss:  4.69
2020-11-05 22:43:49,008 - nce-2 - WARNING - | end of epoch  89 | time:  6.16s |valid ppl   115.97 | valid loss:  4.68
2020-11-05 22:43:55,144 - nce-2 - WARNING - | end of epoch  90 | time:  6.14s |valid ppl   115.97 | valid loss:  4.74
2020-11-05 22:44:01,285 - nce-2 - WARNING - | end of epoch  91 | time:  6.14s |valid ppl   115.97 | valid loss:  4.54
2020-11-05 22:44:07,424 - nce-2 - WARNING - | end of epoch  92 | time:  6.14s |valid ppl   115.97 | valid loss:  4.65
2020-11-05 22:44:13,565 - nce-2 - WARNING - | end of epoch  93 | time:  6.14s |valid ppl   115.97 | valid loss:  4.74
2020-11-05 22:44:19,701 - nce-2 - WARNING - | end of epoch  94 | time:  6.14s |valid ppl   115.97 | valid loss:  4.68
2020-11-05 22:44:25,837 - nce-2 - WARNING - | end of epoch  95 | time:  6.14s |valid ppl   115.97 | valid loss:  4.87
2020-11-05 22:44:31,978 - nce-2 - WARNING - | end of epoch  96 | time:  6.14s |valid ppl   115.97 | valid loss:  4.85
2020-11-05 22:44:38,110 - nce-2 - WARNING - | end of epoch  97 | time:  6.13s |valid ppl   115.97 | valid loss:  4.78
2020-11-05 22:44:44,242 - nce-2 - WARNING - | end of epoch  98 | time:  6.13s |valid ppl   115.97 | valid loss:  4.82
2020-11-05 22:44:50,373 - nce-2 - WARNING - | end of epoch  99 | time:  6.13s |valid ppl   115.97 | valid loss:  4.85
2020-11-05 22:44:56,504 - nce-2 - WARNING - | end of epoch 100 | time:  6.13s |valid ppl   115.97 | valid loss:  4.69
2020-11-05 22:45:02,646 - nce-2 - WARNING - | end of epoch 101 | time:  6.14s |valid ppl   115.97 | valid loss:  4.74
2020-11-05 22:45:08,776 - nce-2 - WARNING - | end of epoch 102 | time:  6.13s |valid ppl   115.97 | valid loss:  4.82
2020-11-05 22:45:14,919 - nce-2 - WARNING - | end of epoch 103 | time:  6.14s |valid ppl   115.97 | valid loss:  4.82
2020-11-05 22:45:21,056 - nce-2 - WARNING - | end of epoch 104 | time:  6.14s |valid ppl   115.97 | valid loss:  4.61
2020-11-05 22:45:27,202 - nce-2 - WARNING - | end of epoch 105 | time:  6.15s |valid ppl   115.97 | valid loss:  4.72
2020-11-05 22:45:33,350 - nce-2 - WARNING - | end of epoch 106 | time:  6.15s |valid ppl   115.97 | valid loss:  4.81
2020-11-05 22:45:39,496 - nce-2 - WARNING - | end of epoch 107 | time:  6.14s |valid ppl   115.97 | valid loss:  5.06
2020-11-05 22:45:45,639 - nce-2 - WARNING - | end of epoch 108 | time:  6.14s |valid ppl   115.97 | valid loss:  4.83
2020-11-05 22:45:51,783 - nce-2 - WARNING - | end of epoch 109 | time:  6.14s |valid ppl   115.97 | valid loss:  4.75
2020-11-05 22:45:57,921 - nce-2 - WARNING - | end of epoch 110 | time:  6.14s |valid ppl   115.97 | valid loss:  4.73
2020-11-05 22:46:04,065 - nce-2 - WARNING - | end of epoch 111 | time:  6.14s |valid ppl   115.97 | valid loss:  4.69
2020-11-05 22:46:10,206 - nce-2 - WARNING - | end of epoch 112 | time:  6.14s |valid ppl   115.97 | valid loss:  4.83
2020-11-05 22:46:16,346 - nce-2 - WARNING - | end of epoch 113 | time:  6.14s |valid ppl   115.97 | valid loss:  4.78
2020-11-05 22:46:22,484 - nce-2 - WARNING - | end of epoch 114 | time:  6.14s |valid ppl   115.97 | valid loss:  4.63
2020-11-05 22:46:28,623 - nce-2 - WARNING - | end of epoch 115 | time:  6.14s |valid ppl   115.97 | valid loss:  4.79
2020-11-05 22:46:34,767 - nce-2 - WARNING - | end of epoch 116 | time:  6.14s |valid ppl   115.97 | valid loss:  4.66
2020-11-05 22:46:40,916 - nce-2 - WARNING - | end of epoch 117 | time:  6.15s |valid ppl   115.97 | valid loss:  4.74
2020-11-05 22:46:47,063 - nce-2 - WARNING - | end of epoch 118 | time:  6.15s |valid ppl   115.97 | valid loss:  4.75
2020-11-05 22:46:53,211 - nce-2 - WARNING - | end of epoch 119 | time:  6.15s |valid ppl   115.97 | valid loss:  4.65
2020-11-05 22:46:59,360 - nce-2 - WARNING - | end of epoch 120 | time:  6.15s |valid ppl   115.97 | valid loss:  4.76
2020-11-05 22:47:05,512 - nce-2 - WARNING - | end of epoch 121 | time:  6.15s |valid ppl   115.97 | valid loss:  4.64
2020-11-05 22:47:11,666 - nce-2 - WARNING - | end of epoch 122 | time:  6.15s |valid ppl   115.97 | valid loss:  4.78
2020-11-05 22:47:17,815 - nce-2 - WARNING - | end of epoch 123 | time:  6.15s |valid ppl   115.97 | valid loss:  4.76
2020-11-05 22:47:23,957 - nce-2 - WARNING - | end of epoch 124 | time:  6.14s |valid ppl   115.97 | valid loss:  4.82
2020-11-05 22:47:30,110 - nce-2 - WARNING - | end of epoch 125 | time:  6.15s |valid ppl   115.97 | valid loss:  4.84
2020-11-05 22:47:36,250 - nce-2 - WARNING - | end of epoch 126 | time:  6.14s |valid ppl   115.97 | valid loss:  4.78
2020-11-05 22:47:42,392 - nce-2 - WARNING - | end of epoch 127 | time:  6.14s |valid ppl   115.97 | valid loss:  4.69
2020-11-05 22:47:48,540 - nce-2 - WARNING - | end of epoch 128 | time:  6.15s |valid ppl   115.97 | valid loss:  4.86
2020-11-05 22:47:54,686 - nce-2 - WARNING - | end of epoch 129 | time:  6.15s |valid ppl   115.97 | valid loss:  4.83
2020-11-05 22:48:00,837 - nce-2 - WARNING - | end of epoch 130 | time:  6.15s |valid ppl   115.97 | valid loss:  4.86
2020-11-05 22:48:07,013 - nce-2 - WARNING - | end of epoch 131 | time:  6.18s |valid ppl   115.97 | valid loss:  4.73
2020-11-05 22:48:13,222 - nce-2 - WARNING - | end of epoch 132 | time:  6.21s |valid ppl   115.97 | valid loss:  4.74
2020-11-05 22:48:19,369 - nce-2 - WARNING - | end of epoch 133 | time:  6.15s |valid ppl   115.97 | valid loss:  4.76
2020-11-05 22:48:25,514 - nce-2 - WARNING - | end of epoch 134 | time:  6.14s |valid ppl   115.97 | valid loss:  4.69
2020-11-05 22:48:31,667 - nce-2 - WARNING - | end of epoch 135 | time:  6.15s |valid ppl   115.97 | valid loss:  4.67
2020-11-05 22:48:37,824 - nce-2 - WARNING - | end of epoch 136 | time:  6.16s |valid ppl   115.97 | valid loss:  4.75
2020-11-05 22:48:43,988 - nce-2 - WARNING - | end of epoch 137 | time:  6.16s |valid ppl   115.97 | valid loss:  4.72
2020-11-05 22:48:50,139 - nce-2 - WARNING - | end of epoch 138 | time:  6.15s |valid ppl   115.97 | valid loss:  4.84
2020-11-05 22:48:56,296 - nce-2 - WARNING - | end of epoch 139 | time:  6.16s |valid ppl   115.97 | valid loss:  4.81
2020-11-05 22:49:02,471 - nce-2 - WARNING - | end of epoch 140 | time:  6.17s |valid ppl   115.97 | valid loss:  4.49
2020-11-05 22:49:08,629 - nce-2 - WARNING - | end of epoch 141 | time:  6.16s |valid ppl   115.97 | valid loss:  4.68
2020-11-05 22:49:14,796 - nce-2 - WARNING - | end of epoch 142 | time:  6.17s |valid ppl   115.97 | valid loss:  4.82
2020-11-05 22:49:20,961 - nce-2 - WARNING - | end of epoch 143 | time:  6.17s |valid ppl   115.97 | valid loss:  4.82
2020-11-05 22:49:27,129 - nce-2 - WARNING - | end of epoch 144 | time:  6.17s |valid ppl   115.97 | valid loss:  4.80
2020-11-05 22:49:33,325 - nce-2 - WARNING - | end of epoch 145 | time:  6.20s |valid ppl   115.97 | valid loss:  4.78
2020-11-05 22:49:39,496 - nce-2 - WARNING - | end of epoch 146 | time:  6.17s |valid ppl   115.97 | valid loss:  4.79
2020-11-05 22:49:45,675 - nce-2 - WARNING - | end of epoch 147 | time:  6.18s |valid ppl   115.97 | valid loss:  4.77
2020-11-05 22:49:51,837 - nce-2 - WARNING - | end of epoch 148 | time:  6.16s |valid ppl   115.97 | valid loss:  4.71
2020-11-05 22:49:58,005 - nce-2 - WARNING - | end of epoch 149 | time:  6.17s |valid ppl   115.97 | valid loss:  4.69
2020-11-05 22:50:04,196 - nce-2 - WARNING - | end of epoch 150 | time:  6.19s |valid ppl   115.97 | valid loss:  4.48
2020-11-05 22:50:10,372 - nce-2 - WARNING - | end of epoch 151 | time:  6.18s |valid ppl   115.97 | valid loss:  4.69
2020-11-05 22:50:16,557 - nce-2 - WARNING - | end of epoch 152 | time:  6.18s |valid ppl   115.97 | valid loss:  4.83
2020-11-05 22:50:22,737 - nce-2 - WARNING - | end of epoch 153 | time:  6.18s |valid ppl   115.97 | valid loss:  4.80
2020-11-05 22:50:28,925 - nce-2 - WARNING - | end of epoch 154 | time:  6.19s |valid ppl   115.97 | valid loss:  4.65
2020-11-05 22:50:35,109 - nce-2 - WARNING - | end of epoch 155 | time:  6.18s |valid ppl   115.97 | valid loss:  4.76
2020-11-05 22:50:41,294 - nce-2 - WARNING - | end of epoch 156 | time:  6.18s |valid ppl   115.97 | valid loss:  4.73
2020-11-05 22:50:47,483 - nce-2 - WARNING - | end of epoch 157 | time:  6.19s |valid ppl   115.97 | valid loss:  4.75
2020-11-05 22:50:53,664 - nce-2 - WARNING - | end of epoch 158 | time:  6.18s |valid ppl   115.97 | valid loss:  4.73
2020-11-05 22:50:59,848 - nce-2 - WARNING - | end of epoch 159 | time:  6.18s |valid ppl   115.97 | valid loss:  4.57
2020-11-05 22:51:06,042 - nce-2 - WARNING - | end of epoch 160 | time:  6.19s |valid ppl   115.97 | valid loss:  4.66
2020-11-05 22:51:12,235 - nce-2 - WARNING - | end of epoch 161 | time:  6.19s |valid ppl   115.97 | valid loss:  4.67
2020-11-05 22:51:18,432 - nce-2 - WARNING - | end of epoch 162 | time:  6.20s |valid ppl   115.97 | valid loss:  4.87
2020-11-05 22:51:24,623 - nce-2 - WARNING - | end of epoch 163 | time:  6.19s |valid ppl   115.97 | valid loss:  4.77
2020-11-05 22:51:30,800 - nce-2 - WARNING - | end of epoch 164 | time:  6.18s |valid ppl   115.97 | valid loss:  4.75
2020-11-05 22:51:36,975 - nce-2 - WARNING - | end of epoch 165 | time:  6.17s |valid ppl   115.97 | valid loss:  4.58
2020-11-05 22:51:43,147 - nce-2 - WARNING - | end of epoch 166 | time:  6.17s |valid ppl   115.97 | valid loss:  4.72
2020-11-05 22:51:49,331 - nce-2 - WARNING - | end of epoch 167 | time:  6.18s |valid ppl   115.97 | valid loss:  4.60
2020-11-05 22:51:55,514 - nce-2 - WARNING - | end of epoch 168 | time:  6.18s |valid ppl   115.97 | valid loss:  4.68
2020-11-05 22:52:01,696 - nce-2 - WARNING - | end of epoch 169 | time:  6.18s |valid ppl   115.97 | valid loss:  4.74
2020-11-05 22:52:07,861 - nce-2 - WARNING - | end of epoch 170 | time:  6.16s |valid ppl   115.97 | valid loss:  4.72
2020-11-05 22:52:14,039 - nce-2 - WARNING - | end of epoch 171 | time:  6.18s |valid ppl   115.97 | valid loss:  4.86
2020-11-05 22:52:20,218 - nce-2 - WARNING - | end of epoch 172 | time:  6.18s |valid ppl   115.97 | valid loss:  4.80
2020-11-05 22:52:26,401 - nce-2 - WARNING - | end of epoch 173 | time:  6.18s |valid ppl   115.97 | valid loss:  4.72
2020-11-05 22:52:32,581 - nce-2 - WARNING - | end of epoch 174 | time:  6.18s |valid ppl   115.97 | valid loss:  4.66
2020-11-05 22:52:38,755 - nce-2 - WARNING - | end of epoch 175 | time:  6.17s |valid ppl   115.97 | valid loss:  4.79
2020-11-05 22:52:44,942 - nce-2 - WARNING - | end of epoch 176 | time:  6.19s |valid ppl   115.97 | valid loss:  4.79
2020-11-05 22:52:51,117 - nce-2 - WARNING - | end of epoch 177 | time:  6.17s |valid ppl   115.97 | valid loss:  4.95
2020-11-05 22:52:57,280 - nce-2 - WARNING - | end of epoch 178 | time:  6.16s |valid ppl   115.97 | valid loss:  4.74
2020-11-05 22:53:03,457 - nce-2 - WARNING - | end of epoch 179 | time:  6.18s |valid ppl   115.97 | valid loss:  4.79
2020-11-05 22:53:09,614 - nce-2 - WARNING - | end of epoch 180 | time:  6.16s |valid ppl   115.97 | valid loss:  4.68
2020-11-05 22:53:15,800 - nce-2 - WARNING - | end of epoch 181 | time:  6.19s |valid ppl   115.97 | valid loss:  4.65
2020-11-05 22:53:21,965 - nce-2 - WARNING - | end of epoch 182 | time:  6.16s |valid ppl   115.97 | valid loss:  4.84
2020-11-05 22:53:28,127 - nce-2 - WARNING - | end of epoch 183 | time:  6.16s |valid ppl   115.97 | valid loss:  4.77
2020-11-05 22:53:34,297 - nce-2 - WARNING - | end of epoch 184 | time:  6.17s |valid ppl   115.97 | valid loss:  4.75
2020-11-05 22:53:40,459 - nce-2 - WARNING - | end of epoch 185 | time:  6.16s |valid ppl   115.97 | valid loss:  4.71
2020-11-05 22:53:46,635 - nce-2 - WARNING - | end of epoch 186 | time:  6.17s |valid ppl   115.97 | valid loss:  4.67
2020-11-05 22:53:52,794 - nce-2 - WARNING - | end of epoch 187 | time:  6.16s |valid ppl   115.97 | valid loss:  4.73
2020-11-05 22:53:58,964 - nce-2 - WARNING - | end of epoch 188 | time:  6.17s |valid ppl   115.97 | valid loss:  4.87
2020-11-05 22:54:05,142 - nce-2 - WARNING - | end of epoch 189 | time:  6.18s |valid ppl   115.97 | valid loss:  4.64
2020-11-05 22:54:11,313 - nce-2 - WARNING - | end of epoch 190 | time:  6.17s |valid ppl   115.97 | valid loss:  4.89
2020-11-05 22:54:17,478 - nce-2 - WARNING - | end of epoch 191 | time:  6.16s |valid ppl   115.97 | valid loss:  4.84
2020-11-05 22:54:23,638 - nce-2 - WARNING - | end of epoch 192 | time:  6.16s |valid ppl   115.97 | valid loss:  4.81
2020-11-05 22:54:29,806 - nce-2 - WARNING - | end of epoch 193 | time:  6.17s |valid ppl   115.97 | valid loss:  4.83
2020-11-05 22:54:35,972 - nce-2 - WARNING - | end of epoch 194 | time:  6.17s |valid ppl   115.97 | valid loss:  4.81
2020-11-05 22:54:42,130 - nce-2 - WARNING - | end of epoch 195 | time:  6.16s |valid ppl   115.97 | valid loss:  4.74
2020-11-05 22:54:48,292 - nce-2 - WARNING - | end of epoch 196 | time:  6.16s |valid ppl   115.97 | valid loss:  4.71
2020-11-05 22:54:54,456 - nce-2 - WARNING - | end of epoch 197 | time:  6.16s |valid ppl   115.97 | valid loss:  4.63
2020-11-05 22:55:00,640 - nce-2 - WARNING - | end of epoch 198 | time:  6.18s |valid ppl   115.97 | valid loss:  5.03
2020-11-05 22:55:06,802 - nce-2 - WARNING - | end of epoch 199 | time:  6.16s |valid ppl   115.97 | valid loss:  4.79
2020-11-05 22:55:12,961 - nce-2 - WARNING - | end of epoch 200 | time:  6.16s |valid ppl   115.97 | valid loss:  4.88
2020-11-05 22:55:19,123 - nce-2 - WARNING - | end of epoch 201 | time:  6.16s |valid ppl   115.97 | valid loss:  4.74
2020-11-05 22:55:25,279 - nce-2 - WARNING - | end of epoch 202 | time:  6.16s |valid ppl   115.97 | valid loss:  4.62
2020-11-05 22:55:31,442 - nce-2 - WARNING - | end of epoch 203 | time:  6.16s |valid ppl   115.97 | valid loss:  4.66
2020-11-05 22:55:37,603 - nce-2 - WARNING - | end of epoch 204 | time:  6.16s |valid ppl   115.97 | valid loss:  4.81
2020-11-05 22:55:43,784 - nce-2 - WARNING - | end of epoch 205 | time:  6.18s |valid ppl   115.97 | valid loss:  4.64
2020-11-05 22:55:49,955 - nce-2 - WARNING - | end of epoch 206 | time:  6.17s |valid ppl   115.97 | valid loss:  4.74
2020-11-05 22:55:56,133 - nce-2 - WARNING - | end of epoch 207 | time:  6.18s |valid ppl   115.97 | valid loss:  4.89
2020-11-05 22:56:02,309 - nce-2 - WARNING - | end of epoch 208 | time:  6.18s |valid ppl   115.97 | valid loss:  4.74
2020-11-05 22:56:08,479 - nce-2 - WARNING - | end of epoch 209 | time:  6.17s |valid ppl   115.97 | valid loss:  4.63
2020-11-05 22:56:14,660 - nce-2 - WARNING - | end of epoch 210 | time:  6.18s |valid ppl   115.97 | valid loss:  4.71
2020-11-05 22:56:20,823 - nce-2 - WARNING - | end of epoch 211 | time:  6.16s |valid ppl   115.97 | valid loss:  4.74
2020-11-05 22:56:26,982 - nce-2 - WARNING - | end of epoch 212 | time:  6.16s |valid ppl   115.97 | valid loss:  4.78
2020-11-05 22:56:33,149 - nce-2 - WARNING - | end of epoch 213 | time:  6.17s |valid ppl   115.97 | valid loss:  4.61
2020-11-05 22:56:39,318 - nce-2 - WARNING - | end of epoch 214 | time:  6.17s |valid ppl   115.97 | valid loss:  4.97
2020-11-05 22:56:45,492 - nce-2 - WARNING - | end of epoch 215 | time:  6.17s |valid ppl   115.97 | valid loss:  4.66
2020-11-05 22:56:51,663 - nce-2 - WARNING - | end of epoch 216 | time:  6.17s |valid ppl   115.97 | valid loss:  4.75
2020-11-05 22:56:57,829 - nce-2 - WARNING - | end of epoch 217 | time:  6.17s |valid ppl   115.97 | valid loss:  4.68
2020-11-05 22:57:04,030 - nce-2 - WARNING - | end of epoch 218 | time:  6.20s |valid ppl   115.97 | valid loss:  4.75
2020-11-05 22:57:10,215 - nce-2 - WARNING - | end of epoch 219 | time:  6.18s |valid ppl   115.97 | valid loss:  4.54
2020-11-05 22:57:16,407 - nce-2 - WARNING - | end of epoch 220 | time:  6.19s |valid ppl   115.97 | valid loss:  4.69
2020-11-05 22:57:22,582 - nce-2 - WARNING - | end of epoch 221 | time:  6.17s |valid ppl   115.97 | valid loss:  4.75
2020-11-05 22:57:28,764 - nce-2 - WARNING - | end of epoch 222 | time:  6.18s |valid ppl   115.97 | valid loss:  4.64
2020-11-05 22:57:34,939 - nce-2 - WARNING - | end of epoch 223 | time:  6.17s |valid ppl   115.97 | valid loss:  4.76
2020-11-05 22:57:41,120 - nce-2 - WARNING - | end of epoch 224 | time:  6.18s |valid ppl   115.97 | valid loss:  4.74
2020-11-05 22:57:47,307 - nce-2 - WARNING - | end of epoch 225 | time:  6.19s |valid ppl   115.97 | valid loss:  4.84
2020-11-05 22:57:53,495 - nce-2 - WARNING - | end of epoch 226 | time:  6.19s |valid ppl   115.97 | valid loss:  4.81
2020-11-05 22:57:59,675 - nce-2 - WARNING - | end of epoch 227 | time:  6.18s |valid ppl   115.97 | valid loss:  4.83
2020-11-05 22:58:05,867 - nce-2 - WARNING - | end of epoch 228 | time:  6.19s |valid ppl   115.97 | valid loss:  4.74
2020-11-05 22:58:12,052 - nce-2 - WARNING - | end of epoch 229 | time:  6.18s |valid ppl   115.97 | valid loss:  4.72
2020-11-05 22:58:18,266 - nce-2 - WARNING - | end of epoch 230 | time:  6.21s |valid ppl   115.97 | valid loss:  4.83
2020-11-05 22:58:24,450 - nce-2 - WARNING - | end of epoch 231 | time:  6.18s |valid ppl   115.97 | valid loss:  4.74
2020-11-05 22:58:30,647 - nce-2 - WARNING - | end of epoch 232 | time:  6.20s |valid ppl   115.97 | valid loss:  4.67
2020-11-05 22:58:36,837 - nce-2 - WARNING - | end of epoch 233 | time:  6.19s |valid ppl   115.97 | valid loss:  4.71
2020-11-05 22:58:43,035 - nce-2 - WARNING - | end of epoch 234 | time:  6.20s |valid ppl   115.97 | valid loss:  4.75
2020-11-05 22:58:49,261 - nce-2 - WARNING - | end of epoch 235 | time:  6.22s |valid ppl   115.97 | valid loss:  4.86
2020-11-05 22:58:55,452 - nce-2 - WARNING - | end of epoch 236 | time:  6.19s |valid ppl   115.97 | valid loss:  4.74
2020-11-05 22:59:01,656 - nce-2 - WARNING - | end of epoch 237 | time:  6.20s |valid ppl   115.97 | valid loss:  4.69
2020-11-05 22:59:07,858 - nce-2 - WARNING - | end of epoch 238 | time:  6.20s |valid ppl   115.97 | valid loss:  4.74
2020-11-05 22:59:14,059 - nce-2 - WARNING - | end of epoch 239 | time:  6.20s |valid ppl   115.97 | valid loss:  4.79
2020-11-05 22:59:20,267 - nce-2 - WARNING - | end of epoch 240 | time:  6.21s |valid ppl   115.97 | valid loss:  4.64
2020-11-05 22:59:26,475 - nce-2 - WARNING - | end of epoch 241 | time:  6.21s |valid ppl   115.97 | valid loss:  4.76
2020-11-05 22:59:32,694 - nce-2 - WARNING - | end of epoch 242 | time:  6.22s |valid ppl   115.97 | valid loss:  4.82
2020-11-05 22:59:38,911 - nce-2 - WARNING - | end of epoch 243 | time:  6.22s |valid ppl   115.97 | valid loss:  4.75
2020-11-05 22:59:45,130 - nce-2 - WARNING - | end of epoch 244 | time:  6.22s |valid ppl   115.97 | valid loss:  4.72
2020-11-05 22:59:51,381 - nce-2 - WARNING - | end of epoch 245 | time:  6.25s |valid ppl   115.97 | valid loss:  4.80
2020-11-05 22:59:57,606 - nce-2 - WARNING - | end of epoch 246 | time:  6.22s |valid ppl   115.97 | valid loss:  4.84
2020-11-05 23:00:03,842 - nce-2 - WARNING - | end of epoch 247 | time:  6.24s |valid ppl   115.97 | valid loss:  4.81
2020-11-05 23:00:10,063 - nce-2 - WARNING - | end of epoch 248 | time:  6.22s |valid ppl   115.97 | valid loss:  4.69
2020-11-05 23:00:16,328 - nce-2 - WARNING - | end of epoch 249 | time:  6.25s |valid ppl   115.97 | valid loss:  4.67
2020-11-05 23:00:22,610 - nce-2 - WARNING - | end of epoch 250 | time:  6.28s |valid ppl   115.97 | valid loss:  4.90
2020-11-05 23:00:28,891 - nce-2 - WARNING - | end of epoch 251 | time:  6.28s |valid ppl   115.97 | valid loss:  4.73
2020-11-05 23:00:35,163 - nce-2 - WARNING - | end of epoch 252 | time:  6.27s |valid ppl   115.97 | valid loss:  4.75
2020-11-05 23:00:41,431 - nce-2 - WARNING - | end of epoch 253 | time:  6.27s |valid ppl   115.97 | valid loss:  4.81
2020-11-05 23:00:47,731 - nce-2 - WARNING - | end of epoch 254 | time:  6.30s |valid ppl   115.97 | valid loss:  4.69
2020-11-05 23:00:53,992 - nce-2 - WARNING - | end of epoch 255 | time:  6.26s |valid ppl   115.97 | valid loss:  4.84
2020-11-05 23:01:00,269 - nce-2 - WARNING - | end of epoch 256 | time:  6.28s |valid ppl   115.97 | valid loss:  4.73
2020-11-05 23:01:06,544 - nce-2 - WARNING - | end of epoch 257 | time:  6.27s |valid ppl   115.97 | valid loss:  4.74
2020-11-05 23:01:12,859 - nce-2 - WARNING - | end of epoch 258 | time:  6.31s |valid ppl   115.97 | valid loss:  4.68
2020-11-05 23:01:19,181 - nce-2 - WARNING - | end of epoch 259 | time:  6.32s |valid ppl   115.97 | valid loss:  4.83
2020-11-05 23:01:25,441 - nce-2 - WARNING - | end of epoch 260 | time:  6.26s |valid ppl   115.97 | valid loss:  4.87
2020-11-05 23:01:31,694 - nce-2 - WARNING - | end of epoch 261 | time:  6.25s |valid ppl   115.97 | valid loss:  4.66
2020-11-05 23:01:37,940 - nce-2 - WARNING - | end of epoch 262 | time:  6.25s |valid ppl   115.97 | valid loss:  4.79
2020-11-05 23:01:44,190 - nce-2 - WARNING - | end of epoch 263 | time:  6.25s |valid ppl   115.97 | valid loss:  4.86
2020-11-05 23:01:50,434 - nce-2 - WARNING - | end of epoch 264 | time:  6.24s |valid ppl   115.97 | valid loss:  4.74
2020-11-05 23:01:56,682 - nce-2 - WARNING - | end of epoch 265 | time:  6.25s |valid ppl   115.97 | valid loss:  4.69
2020-11-05 23:02:02,938 - nce-2 - WARNING - | end of epoch 266 | time:  6.26s |valid ppl   115.97 | valid loss:  4.68
2020-11-05 23:02:09,178 - nce-2 - WARNING - | end of epoch 267 | time:  6.24s |valid ppl   115.97 | valid loss:  4.83
2020-11-05 23:02:15,420 - nce-2 - WARNING - | end of epoch 268 | time:  6.24s |valid ppl   115.97 | valid loss:  4.92
2020-11-05 23:02:21,657 - nce-2 - WARNING - | end of epoch 269 | time:  6.24s |valid ppl   115.97 | valid loss:  4.75
2020-11-05 23:02:27,902 - nce-2 - WARNING - | end of epoch 270 | time:  6.24s |valid ppl   115.97 | valid loss:  4.73
2020-11-05 23:02:34,161 - nce-2 - WARNING - | end of epoch 271 | time:  6.26s |valid ppl   115.97 | valid loss:  4.60
2020-11-05 23:02:40,404 - nce-2 - WARNING - | end of epoch 272 | time:  6.24s |valid ppl   115.97 | valid loss:  4.73
2020-11-05 23:02:46,648 - nce-2 - WARNING - | end of epoch 273 | time:  6.24s |valid ppl   115.97 | valid loss:  4.79
2020-11-05 23:02:52,891 - nce-2 - WARNING - | end of epoch 274 | time:  6.24s |valid ppl   115.97 | valid loss:  4.87
2020-11-05 23:02:59,133 - nce-2 - WARNING - | end of epoch 275 | time:  6.24s |valid ppl   115.97 | valid loss:  4.71
2020-11-05 23:03:05,384 - nce-2 - WARNING - | end of epoch 276 | time:  6.25s |valid ppl   115.97 | valid loss:  4.84
2020-11-05 23:03:11,631 - nce-2 - WARNING - | end of epoch 277 | time:  6.25s |valid ppl   115.97 | valid loss:  4.49
2020-11-05 23:03:17,879 - nce-2 - WARNING - | end of epoch 278 | time:  6.25s |valid ppl   115.97 | valid loss:  4.80
2020-11-05 23:03:24,116 - nce-2 - WARNING - | end of epoch 279 | time:  6.24s |valid ppl   115.97 | valid loss:  4.77
2020-11-05 23:03:30,368 - nce-2 - WARNING - | end of epoch 280 | time:  6.25s |valid ppl   115.97 | valid loss:  4.68
2020-11-05 23:03:36,609 - nce-2 - WARNING - | end of epoch 281 | time:  6.24s |valid ppl   115.97 | valid loss:  4.77
2020-11-05 23:03:42,853 - nce-2 - WARNING - | end of epoch 282 | time:  6.24s |valid ppl   115.97 | valid loss:  4.60
2020-11-05 23:03:49,095 - nce-2 - WARNING - | end of epoch 283 | time:  6.24s |valid ppl   115.97 | valid loss:  4.67
2020-11-05 23:03:55,337 - nce-2 - WARNING - | end of epoch 284 | time:  6.24s |valid ppl   115.97 | valid loss:  4.77
2020-11-05 23:04:01,593 - nce-2 - WARNING - | end of epoch 285 | time:  6.26s |valid ppl   115.97 | valid loss:  4.68
2020-11-05 23:04:07,834 - nce-2 - WARNING - | end of epoch 286 | time:  6.24s |valid ppl   115.97 | valid loss:  4.92
2020-11-05 23:04:14,072 - nce-2 - WARNING - | end of epoch 287 | time:  6.24s |valid ppl   115.97 | valid loss:  4.73
2020-11-05 23:04:20,315 - nce-2 - WARNING - | end of epoch 288 | time:  6.24s |valid ppl   115.97 | valid loss:  4.56
2020-11-05 23:04:26,561 - nce-2 - WARNING - | end of epoch 289 | time:  6.24s |valid ppl   115.97 | valid loss:  4.76
2020-11-05 23:04:32,805 - nce-2 - WARNING - | end of epoch 290 | time:  6.24s |valid ppl   115.97 | valid loss:  4.79
2020-11-05 23:04:39,048 - nce-2 - WARNING - | end of epoch 291 | time:  6.24s |valid ppl   115.97 | valid loss:  4.70
2020-11-05 23:04:45,286 - nce-2 - WARNING - | end of epoch 292 | time:  6.24s |valid ppl   115.97 | valid loss:  4.69
2020-11-05 23:04:51,522 - nce-2 - WARNING - | end of epoch 293 | time:  6.24s |valid ppl   115.97 | valid loss:  4.58
2020-11-05 23:04:57,767 - nce-2 - WARNING - | end of epoch 294 | time:  6.24s |valid ppl   115.97 | valid loss:  4.84
2020-11-05 23:05:04,016 - nce-2 - WARNING - | end of epoch 295 | time:  6.25s |valid ppl   115.97 | valid loss:  4.95
2020-11-05 23:05:10,259 - nce-2 - WARNING - | end of epoch 296 | time:  6.24s |valid ppl   115.97 | valid loss:  4.80
2020-11-05 23:05:16,507 - nce-2 - WARNING - | end of epoch 297 | time:  6.25s |valid ppl   115.97 | valid loss:  4.85
2020-11-05 23:05:22,752 - nce-2 - WARNING - | end of epoch 298 | time:  6.24s |valid ppl   115.97 | valid loss:  4.81
2020-11-05 23:05:29,003 - nce-2 - WARNING - | end of epoch 299 | time:  6.25s |valid ppl   115.97 | valid loss:  4.76
2020-11-05 23:05:35,256 - nce-2 - WARNING - | end of epoch 300 | time:  6.25s |valid ppl   115.97 | valid loss:  4.75
2020-11-05 23:05:41,507 - nce-2 - WARNING - | end of epoch 301 | time:  6.25s |valid ppl   115.97 | valid loss:  4.68
2020-11-05 23:05:47,769 - nce-2 - WARNING - | end of epoch 302 | time:  6.26s |valid ppl   115.97 | valid loss:  4.70
2020-11-05 23:05:54,027 - nce-2 - WARNING - | end of epoch 303 | time:  6.26s |valid ppl   115.97 | valid loss:  4.77
2020-11-05 23:06:00,279 - nce-2 - WARNING - | end of epoch 304 | time:  6.25s |valid ppl   115.97 | valid loss:  4.69
2020-11-05 23:06:06,546 - nce-2 - WARNING - | end of epoch 305 | time:  6.27s |valid ppl   115.97 | valid loss:  4.81
2020-11-05 23:06:12,801 - nce-2 - WARNING - | end of epoch 306 | time:  6.26s |valid ppl   115.97 | valid loss:  4.52
2020-11-05 23:06:19,060 - nce-2 - WARNING - | end of epoch 307 | time:  6.26s |valid ppl   115.97 | valid loss:  4.76
2020-11-05 23:06:25,325 - nce-2 - WARNING - | end of epoch 308 | time:  6.26s |valid ppl   115.97 | valid loss:  4.73
2020-11-05 23:06:31,595 - nce-2 - WARNING - | end of epoch 309 | time:  6.27s |valid ppl   115.97 | valid loss:  4.75
2020-11-05 23:06:37,870 - nce-2 - WARNING - | end of epoch 310 | time:  6.27s |valid ppl   115.97 | valid loss:  4.76
2020-11-05 23:06:44,159 - nce-2 - WARNING - | end of epoch 311 | time:  6.29s |valid ppl   115.97 | valid loss:  4.75
2020-11-05 23:06:50,430 - nce-2 - WARNING - | end of epoch 312 | time:  6.27s |valid ppl   115.97 | valid loss:  4.68
2020-11-05 23:06:56,699 - nce-2 - WARNING - | end of epoch 313 | time:  6.27s |valid ppl   115.97 | valid loss:  4.67
2020-11-05 23:07:02,977 - nce-2 - WARNING - | end of epoch 314 | time:  6.28s |valid ppl   115.97 | valid loss:  4.79
2020-11-05 23:07:09,259 - nce-2 - WARNING - | end of epoch 315 | time:  6.28s |valid ppl   115.97 | valid loss:  4.68
2020-11-05 23:07:15,550 - nce-2 - WARNING - | end of epoch 316 | time:  6.29s |valid ppl   115.97 | valid loss:  4.70
2020-11-05 23:07:21,829 - nce-2 - WARNING - | end of epoch 317 | time:  6.28s |valid ppl   115.97 | valid loss:  4.83
2020-11-05 23:07:28,102 - nce-2 - WARNING - | end of epoch 318 | time:  6.27s |valid ppl   115.97 | valid loss:  4.68
2020-11-05 23:07:34,375 - nce-2 - WARNING - | end of epoch 319 | time:  6.27s |valid ppl   115.97 | valid loss:  4.63
2020-11-05 23:07:40,652 - nce-2 - WARNING - | end of epoch 320 | time:  6.28s |valid ppl   115.97 | valid loss:  4.66
2020-11-05 23:07:46,933 - nce-2 - WARNING - | end of epoch 321 | time:  6.28s |valid ppl   115.97 | valid loss:  4.91
2020-11-05 23:07:53,221 - nce-2 - WARNING - | end of epoch 322 | time:  6.29s |valid ppl   115.97 | valid loss:  4.50
2020-11-05 23:07:59,506 - nce-2 - WARNING - | end of epoch 323 | time:  6.29s |valid ppl   115.97 | valid loss:  4.60
2020-11-05 23:08:05,791 - nce-2 - WARNING - | end of epoch 324 | time:  6.28s |valid ppl   115.97 | valid loss:  4.70
2020-11-05 23:08:12,065 - nce-2 - WARNING - | end of epoch 325 | time:  6.27s |valid ppl   115.97 | valid loss:  4.81
2020-11-05 23:08:18,345 - nce-2 - WARNING - | end of epoch 326 | time:  6.28s |valid ppl   115.97 | valid loss:  5.06
2020-11-05 23:08:24,626 - nce-2 - WARNING - | end of epoch 327 | time:  6.28s |valid ppl   115.97 | valid loss:  4.59
2020-11-05 23:08:30,908 - nce-2 - WARNING - | end of epoch 328 | time:  6.28s |valid ppl   115.97 | valid loss:  4.74
2020-11-05 23:08:37,192 - nce-2 - WARNING - | end of epoch 329 | time:  6.28s |valid ppl   115.97 | valid loss:  4.90
2020-11-05 23:08:43,472 - nce-2 - WARNING - | end of epoch 330 | time:  6.28s |valid ppl   115.97 | valid loss:  4.75
2020-11-05 23:08:49,742 - nce-2 - WARNING - | end of epoch 331 | time:  6.27s |valid ppl   115.97 | valid loss:  4.81
2020-11-05 23:08:56,016 - nce-2 - WARNING - | end of epoch 332 | time:  6.27s |valid ppl   115.97 | valid loss:  4.85
2020-11-05 23:09:02,300 - nce-2 - WARNING - | end of epoch 333 | time:  6.28s |valid ppl   115.97 | valid loss:  4.52
2020-11-05 23:09:08,569 - nce-2 - WARNING - | end of epoch 334 | time:  6.27s |valid ppl   115.97 | valid loss:  4.80
2020-11-05 23:09:14,835 - nce-2 - WARNING - | end of epoch 335 | time:  6.26s |valid ppl   115.97 | valid loss:  4.85
2020-11-05 23:09:21,094 - nce-2 - WARNING - | end of epoch 336 | time:  6.26s |valid ppl   115.97 | valid loss:  4.76
2020-11-05 23:09:27,356 - nce-2 - WARNING - | end of epoch 337 | time:  6.26s |valid ppl   115.97 | valid loss:  5.06
2020-11-05 23:09:33,613 - nce-2 - WARNING - | end of epoch 338 | time:  6.26s |valid ppl   115.97 | valid loss:  4.93
2020-11-05 23:09:39,868 - nce-2 - WARNING - | end of epoch 339 | time:  6.25s |valid ppl   115.97 | valid loss:  4.98
2020-11-05 23:09:46,127 - nce-2 - WARNING - | end of epoch 340 | time:  6.26s |valid ppl   115.97 | valid loss:  4.89
2020-11-05 23:09:52,388 - nce-2 - WARNING - | end of epoch 341 | time:  6.26s |valid ppl   115.97 | valid loss:  4.59
2020-11-05 23:09:58,648 - nce-2 - WARNING - | end of epoch 342 | time:  6.26s |valid ppl   115.97 | valid loss:  4.67
2020-11-05 23:10:04,910 - nce-2 - WARNING - | end of epoch 343 | time:  6.26s |valid ppl   115.97 | valid loss:  4.77
2020-11-05 23:10:11,170 - nce-2 - WARNING - | end of epoch 344 | time:  6.26s |valid ppl   115.97 | valid loss:  4.66
2020-11-05 23:10:17,427 - nce-2 - WARNING - | end of epoch 345 | time:  6.26s |valid ppl   115.97 | valid loss:  4.72
2020-11-05 23:10:23,676 - nce-2 - WARNING - | end of epoch 346 | time:  6.25s |valid ppl   115.97 | valid loss:  4.59
2020-11-05 23:10:29,951 - nce-2 - WARNING - | end of epoch 347 | time:  6.27s |valid ppl   115.97 | valid loss:  4.79
2020-11-05 23:10:36,200 - nce-2 - WARNING - | end of epoch 348 | time:  6.25s |valid ppl   115.97 | valid loss:  4.66
2020-11-05 23:10:42,447 - nce-2 - WARNING - | end of epoch 349 | time:  6.25s |valid ppl   115.97 | valid loss:  4.78
2020-11-05 23:10:48,701 - nce-2 - WARNING - | end of epoch 350 | time:  6.25s |valid ppl   115.97 | valid loss:  4.73
2020-11-05 23:10:54,945 - nce-2 - WARNING - | end of epoch 351 | time:  6.24s |valid ppl   115.97 | valid loss:  4.78
2020-11-05 23:11:01,196 - nce-2 - WARNING - | end of epoch 352 | time:  6.25s |valid ppl   115.97 | valid loss:  4.53
2020-11-05 23:11:07,445 - nce-2 - WARNING - | end of epoch 353 | time:  6.25s |valid ppl   115.97 | valid loss:  4.93
2020-11-05 23:11:13,697 - nce-2 - WARNING - | end of epoch 354 | time:  6.25s |valid ppl   115.97 | valid loss:  4.59
2020-11-05 23:11:19,941 - nce-2 - WARNING - | end of epoch 355 | time:  6.24s |valid ppl   115.97 | valid loss:  4.81
2020-11-05 23:11:26,192 - nce-2 - WARNING - | end of epoch 356 | time:  6.25s |valid ppl   115.97 | valid loss:  4.82
2020-11-05 23:11:32,443 - nce-2 - WARNING - | end of epoch 357 | time:  6.25s |valid ppl   115.97 | valid loss:  4.82
2020-11-05 23:11:38,696 - nce-2 - WARNING - | end of epoch 358 | time:  6.25s |valid ppl   115.97 | valid loss:  4.86
2020-11-05 23:11:44,942 - nce-2 - WARNING - | end of epoch 359 | time:  6.25s |valid ppl   115.97 | valid loss:  4.70
2020-11-05 23:11:51,184 - nce-2 - WARNING - | end of epoch 360 | time:  6.24s |valid ppl   115.97 | valid loss:  4.78
2020-11-05 23:11:57,427 - nce-2 - WARNING - | end of epoch 361 | time:  6.24s |valid ppl   115.97 | valid loss:  4.75
2020-11-05 23:12:03,699 - nce-2 - WARNING - | end of epoch 362 | time:  6.27s |valid ppl   115.97 | valid loss:  4.78
2020-11-05 23:12:09,935 - nce-2 - WARNING - | end of epoch 363 | time:  6.23s |valid ppl   115.97 | valid loss:  4.78
2020-11-05 23:12:16,185 - nce-2 - WARNING - | end of epoch 364 | time:  6.25s |valid ppl   115.97 | valid loss:  4.74
2020-11-05 23:12:22,426 - nce-2 - WARNING - | end of epoch 365 | time:  6.24s |valid ppl   115.97 | valid loss:  4.80
2020-11-05 23:12:28,674 - nce-2 - WARNING - | end of epoch 366 | time:  6.25s |valid ppl   115.97 | valid loss:  4.77
2020-11-05 23:12:34,922 - nce-2 - WARNING - | end of epoch 367 | time:  6.25s |valid ppl   115.97 | valid loss:  4.85
2020-11-05 23:12:41,167 - nce-2 - WARNING - | end of epoch 368 | time:  6.24s |valid ppl   115.97 | valid loss:  4.65
2020-11-05 23:12:47,438 - nce-2 - WARNING - | end of epoch 369 | time:  6.27s |valid ppl   115.97 | valid loss:  4.83
2020-11-05 23:12:53,692 - nce-2 - WARNING - | end of epoch 370 | time:  6.25s |valid ppl   115.97 | valid loss:  4.72
2020-11-05 23:12:59,952 - nce-2 - WARNING - | end of epoch 371 | time:  6.26s |valid ppl   115.97 | valid loss:  4.72
2020-11-05 23:13:06,208 - nce-2 - WARNING - | end of epoch 372 | time:  6.26s |valid ppl   115.97 | valid loss:  4.66
2020-11-05 23:13:12,466 - nce-2 - WARNING - | end of epoch 373 | time:  6.26s |valid ppl   115.97 | valid loss:  4.86
2020-11-05 23:13:18,725 - nce-2 - WARNING - | end of epoch 374 | time:  6.26s |valid ppl   115.97 | valid loss:  4.73
2020-11-05 23:13:24,987 - nce-2 - WARNING - | end of epoch 375 | time:  6.26s |valid ppl   115.97 | valid loss:  4.87
2020-11-05 23:13:31,250 - nce-2 - WARNING - | end of epoch 376 | time:  6.26s |valid ppl   115.97 | valid loss:  4.72
2020-11-05 23:13:37,512 - nce-2 - WARNING - | end of epoch 377 | time:  6.26s |valid ppl   115.97 | valid loss:  4.74
2020-11-05 23:13:43,781 - nce-2 - WARNING - | end of epoch 378 | time:  6.27s |valid ppl   115.97 | valid loss:  4.73
2020-11-05 23:13:50,041 - nce-2 - WARNING - | end of epoch 379 | time:  6.26s |valid ppl   115.97 | valid loss:  4.83
2020-11-05 23:13:56,295 - nce-2 - WARNING - | end of epoch 380 | time:  6.25s |valid ppl   115.97 | valid loss:  4.82
2020-11-05 23:14:02,565 - nce-2 - WARNING - | end of epoch 381 | time:  6.27s |valid ppl   115.97 | valid loss:  4.76
2020-11-05 23:14:08,898 - nce-2 - WARNING - | end of epoch 382 | time:  6.33s |valid ppl   115.97 | valid loss:  4.83
2020-11-05 23:14:15,230 - nce-2 - WARNING - | end of epoch 383 | time:  6.33s |valid ppl   115.97 | valid loss:  4.78
2020-11-05 23:14:21,472 - nce-2 - WARNING - | end of epoch 384 | time:  6.24s |valid ppl   115.97 | valid loss:  4.76
2020-11-05 23:14:27,715 - nce-2 - WARNING - | end of epoch 385 | time:  6.24s |valid ppl   115.97 | valid loss:  4.52
2020-11-05 23:14:33,961 - nce-2 - WARNING - | end of epoch 386 | time:  6.25s |valid ppl   115.97 | valid loss:  4.79
2020-11-05 23:14:40,216 - nce-2 - WARNING - | end of epoch 387 | time:  6.26s |valid ppl   115.97 | valid loss:  4.67
2020-11-05 23:14:46,473 - nce-2 - WARNING - | end of epoch 388 | time:  6.26s |valid ppl   115.97 | valid loss:  4.86
2020-11-05 23:14:52,728 - nce-2 - WARNING - | end of epoch 389 | time:  6.25s |valid ppl   115.97 | valid loss:  4.72
2020-11-05 23:14:59,000 - nce-2 - WARNING - | end of epoch 390 | time:  6.27s |valid ppl   115.97 | valid loss:  4.82
2020-11-05 23:15:05,269 - nce-2 - WARNING - | end of epoch 391 | time:  6.27s |valid ppl   115.97 | valid loss:  4.76
2020-11-05 23:15:11,534 - nce-2 - WARNING - | end of epoch 392 | time:  6.27s |valid ppl   115.97 | valid loss:  4.54
2020-11-05 23:15:17,797 - nce-2 - WARNING - | end of epoch 393 | time:  6.26s |valid ppl   115.97 | valid loss:  4.79
2020-11-05 23:15:24,068 - nce-2 - WARNING - | end of epoch 394 | time:  6.27s |valid ppl   115.97 | valid loss:  4.67
2020-11-05 23:15:30,349 - nce-2 - WARNING - | end of epoch 395 | time:  6.28s |valid ppl   115.97 | valid loss:  4.87
2020-11-05 23:15:36,628 - nce-2 - WARNING - | end of epoch 396 | time:  6.28s |valid ppl   115.97 | valid loss:  4.75
2020-11-05 23:15:42,914 - nce-2 - WARNING - | end of epoch 397 | time:  6.29s |valid ppl   115.97 | valid loss:  4.77
2020-11-05 23:15:49,201 - nce-2 - WARNING - | end of epoch 398 | time:  6.29s |valid ppl   115.97 | valid loss:  4.75
2020-11-05 23:15:55,485 - nce-2 - WARNING - | end of epoch 399 | time:  6.28s |valid ppl   115.97 | valid loss:  4.77
2020-11-05 23:16:01,791 - nce-2 - WARNING - | end of epoch 400 | time:  6.30s |valid ppl   115.97 | valid loss:  4.85
