2020-11-05 22:33:53,398 - nce-1 - INFO - Namespace(batch_size=96, bptt=35, clip=0.25, concat=True, cuda=True, data='data/penn', dropout=0.2, emsize=300, epochs=400, index_module='linear', log_interval=1000, loss='nce', lr=1.0, lr_decay=2, min_freq=3, nhid=300, nlayers=3, noise_ratio=500, norm_term=-1, prof=False, save='nce-1', seed=1111, tb_name=None, train=True, vocab=None, weight_decay=1e-08)
2020-11-05 22:33:53,514 - nce-1 - INFO - Vocabulary size is 9957
2020-11-05 22:33:56,375 - nce-1 - INFO - model definition:
 RNNModel(
  (drop): Dropout(p=0.2, inplace=False)
  (encoder): Embedding(9957, 300)
  (rnn): LSTM(300, 300, num_layers=3, batch_first=True, dropout=0.2)
  (proj): Linear(in_features=300, out_features=300, bias=True)
  (criterion): IndexLinear(
    (alias): AliasMultinomial()
    (bce_with_logits): BCEWithLogitsLoss()
    (ce): CrossEntropyLoss()
    (emb): Embedding(9957, 300)
    (bias): Embedding(9957, 1)
  )
)
2020-11-05 22:34:01,983 - nce-1 - WARNING - | end of epoch   1 | time:  5.61s |valid ppl   660.63 | valid loss:  6.54
2020-11-05 22:34:07,919 - nce-1 - WARNING - | end of epoch   2 | time:  5.55s |valid ppl   647.82 | valid loss:  6.52
2020-11-05 22:34:13,935 - nce-1 - WARNING - | end of epoch   3 | time:  5.59s |valid ppl   496.21 | valid loss:  6.27
2020-11-05 22:34:19,978 - nce-1 - WARNING - | end of epoch   4 | time:  5.61s |valid ppl   385.89 | valid loss:  6.13
2020-11-05 22:34:26,042 - nce-1 - WARNING - | end of epoch   5 | time:  5.66s |valid ppl   322.87 | valid loss:  5.74
2020-11-05 22:34:32,122 - nce-1 - WARNING - | end of epoch   6 | time:  5.67s |valid ppl   269.98 | valid loss:  5.62
2020-11-05 22:34:38,183 - nce-1 - WARNING - | end of epoch   7 | time:  5.69s |valid ppl   247.12 | valid loss:  5.55
2020-11-05 22:34:44,281 - nce-1 - WARNING - | end of epoch   8 | time:  5.71s |valid ppl   220.94 | valid loss:  5.48
2020-11-05 22:34:50,329 - nce-1 - WARNING - | end of epoch   9 | time:  5.68s |valid ppl   205.09 | valid loss:  5.41
2020-11-05 22:34:56,412 - nce-1 - WARNING - | end of epoch  10 | time:  5.69s |valid ppl   194.12 | valid loss:  5.33
2020-11-05 22:35:02,499 - nce-1 - WARNING - | end of epoch  11 | time:  5.71s |valid ppl   182.44 | valid loss:  5.28
2020-11-05 22:35:08,580 - nce-1 - WARNING - | end of epoch  12 | time:  5.71s |valid ppl   176.65 | valid loss:  5.14
2020-11-05 22:35:14,682 - nce-1 - WARNING - | end of epoch  13 | time:  5.72s |valid ppl   167.92 | valid loss:  5.24
2020-11-05 22:35:20,782 - nce-1 - WARNING - | end of epoch  14 | time:  5.73s |valid ppl   160.63 | valid loss:  5.03
2020-11-05 22:35:26,890 - nce-1 - WARNING - | end of epoch  15 | time:  5.74s |valid ppl   160.27 | valid loss:  5.07
2020-11-05 22:35:33,008 - nce-1 - WARNING - | end of epoch  16 | time:  5.74s |valid ppl   152.14 | valid loss:  5.02
2020-11-05 22:35:39,109 - nce-1 - WARNING - | end of epoch  17 | time:  5.74s |valid ppl   147.70 | valid loss:  4.99
2020-11-05 22:35:45,620 - nce-1 - WARNING - | end of epoch  18 | time:  5.74s |valid ppl   142.78 | valid loss:  4.96
2020-11-05 22:35:53,352 - nce-1 - WARNING - | end of epoch  19 | time:  5.77s |valid ppl   142.00 | valid loss:  5.04
2020-11-05 22:36:03,232 - nce-1 - WARNING - | end of epoch  20 | time:  5.77s |valid ppl   139.18 | valid loss:  4.98
2020-11-05 22:36:09,490 - nce-1 - WARNING - | end of epoch  21 | time:  5.74s |valid ppl   134.58 | valid loss:  4.81
2020-11-05 22:36:15,648 - nce-1 - WARNING - | end of epoch  22 | time:  5.78s |valid ppl   132.70 | valid loss:  4.89
2020-11-05 22:36:21,766 - nce-1 - WARNING - | end of epoch  23 | time:  5.76s |valid ppl   133.14 | valid loss:  4.91
2020-11-05 22:36:27,541 - nce-1 - WARNING - | end of epoch  24 | time:  5.77s |valid ppl   124.16 | valid loss:  4.71
2020-11-05 22:36:33,967 - nce-1 - WARNING - | end of epoch  25 | time:  5.77s |valid ppl   122.66 | valid loss:  4.84
2020-11-05 22:36:40,130 - nce-1 - WARNING - | end of epoch  26 | time:  5.78s |valid ppl   123.88 | valid loss:  4.86
2020-11-05 22:36:45,908 - nce-1 - WARNING - | end of epoch  27 | time:  5.78s |valid ppl   119.43 | valid loss:  4.95
2020-11-05 22:36:52,056 - nce-1 - WARNING - | end of epoch  28 | time:  5.78s |valid ppl   118.91 | valid loss:  4.84
2020-11-05 22:36:58,209 - nce-1 - WARNING - | end of epoch  29 | time:  5.79s |valid ppl   118.99 | valid loss:  4.76
2020-11-05 22:37:03,994 - nce-1 - WARNING - | end of epoch  30 | time:  5.79s |valid ppl   117.34 | valid loss:  4.76
2020-11-05 22:37:10,259 - nce-1 - WARNING - | end of epoch  31 | time:  5.80s |valid ppl   117.31 | valid loss:  4.83
2020-11-05 22:37:16,435 - nce-1 - WARNING - | end of epoch  32 | time:  5.81s |valid ppl   117.41 | valid loss:  4.84
2020-11-05 22:37:22,237 - nce-1 - WARNING - | end of epoch  33 | time:  5.80s |valid ppl   116.34 | valid loss:  4.63
2020-11-05 22:37:28,412 - nce-1 - WARNING - | end of epoch  34 | time:  5.81s |valid ppl   116.48 | valid loss:  4.83
2020-11-05 22:37:34,216 - nce-1 - WARNING - | end of epoch  35 | time:  5.80s |valid ppl   116.20 | valid loss:  4.82
2020-11-05 22:37:40,390 - nce-1 - WARNING - | end of epoch  36 | time:  5.81s |valid ppl   116.15 | valid loss:  4.66
2020-11-05 22:37:46,564 - nce-1 - WARNING - | end of epoch  37 | time:  5.81s |valid ppl   116.16 | valid loss:  4.76
2020-11-05 22:37:52,372 - nce-1 - WARNING - | end of epoch  38 | time:  5.81s |valid ppl   116.11 | valid loss:  4.77
2020-11-05 22:38:03,101 - nce-1 - WARNING - | end of epoch  39 | time:  5.84s |valid ppl   116.02 | valid loss:  4.71
2020-11-05 22:38:09,558 - nce-1 - WARNING - | end of epoch  40 | time:  5.79s |valid ppl   116.00 | valid loss:  4.91
2020-11-05 22:38:15,882 - nce-1 - WARNING - | end of epoch  41 | time:  5.81s |valid ppl   115.97 | valid loss:  4.62
2020-11-05 22:38:22,146 - nce-1 - WARNING - | end of epoch  42 | time:  5.80s |valid ppl   116.01 | valid loss:  4.80
2020-11-05 22:38:27,953 - nce-1 - WARNING - | end of epoch  43 | time:  5.81s |valid ppl   115.87 | valid loss:  4.80
2020-11-05 22:38:34,194 - nce-1 - WARNING - | end of epoch  44 | time:  5.81s |valid ppl   115.94 | valid loss:  4.91
2020-11-05 22:38:40,005 - nce-1 - WARNING - | end of epoch  45 | time:  5.81s |valid ppl   115.90 | valid loss:  4.69
2020-11-05 22:38:45,813 - nce-1 - WARNING - | end of epoch  46 | time:  5.81s |valid ppl   115.85 | valid loss:  4.91
2020-11-05 22:38:52,084 - nce-1 - WARNING - | end of epoch  47 | time:  5.81s |valid ppl   115.87 | valid loss:  4.83
2020-11-05 22:38:57,908 - nce-1 - WARNING - | end of epoch  48 | time:  5.82s |valid ppl   115.87 | valid loss:  4.80
2020-11-05 22:39:03,723 - nce-1 - WARNING - | end of epoch  49 | time:  5.81s |valid ppl   115.86 | valid loss:  4.68
2020-11-05 22:39:09,529 - nce-1 - WARNING - | end of epoch  50 | time:  5.81s |valid ppl   115.86 | valid loss:  4.81
2020-11-05 22:39:15,348 - nce-1 - WARNING - | end of epoch  51 | time:  5.82s |valid ppl   115.86 | valid loss:  4.79
2020-11-05 22:39:21,160 - nce-1 - WARNING - | end of epoch  52 | time:  5.81s |valid ppl   115.86 | valid loss:  4.74
2020-11-05 22:39:26,991 - nce-1 - WARNING - | end of epoch  53 | time:  5.83s |valid ppl   115.86 | valid loss:  4.77
2020-11-05 22:39:32,804 - nce-1 - WARNING - | end of epoch  54 | time:  5.81s |valid ppl   115.86 | valid loss:  4.87
2020-11-05 22:39:38,619 - nce-1 - WARNING - | end of epoch  55 | time:  5.82s |valid ppl   115.86 | valid loss:  4.71
2020-11-05 22:39:44,438 - nce-1 - WARNING - | end of epoch  56 | time:  5.82s |valid ppl   115.86 | valid loss:  4.80
2020-11-05 22:39:50,259 - nce-1 - WARNING - | end of epoch  57 | time:  5.82s |valid ppl   115.86 | valid loss:  4.93
2020-11-05 22:39:56,100 - nce-1 - WARNING - | end of epoch  58 | time:  5.84s |valid ppl   115.86 | valid loss:  4.85
2020-11-05 22:40:01,927 - nce-1 - WARNING - | end of epoch  59 | time:  5.83s |valid ppl   115.86 | valid loss:  4.63
2020-11-05 22:40:07,762 - nce-1 - WARNING - | end of epoch  60 | time:  5.84s |valid ppl   115.86 | valid loss:  4.66
2020-11-05 22:40:13,600 - nce-1 - WARNING - | end of epoch  61 | time:  5.84s |valid ppl   115.86 | valid loss:  4.77
2020-11-05 22:40:19,432 - nce-1 - WARNING - | end of epoch  62 | time:  5.83s |valid ppl   115.86 | valid loss:  4.72
2020-11-05 22:40:25,270 - nce-1 - WARNING - | end of epoch  63 | time:  5.84s |valid ppl   115.86 | valid loss:  4.73
2020-11-05 22:40:31,104 - nce-1 - WARNING - | end of epoch  64 | time:  5.83s |valid ppl   115.86 | valid loss:  4.73
2020-11-05 22:40:36,935 - nce-1 - WARNING - | end of epoch  65 | time:  5.83s |valid ppl   115.86 | valid loss:  4.81
2020-11-05 22:40:42,774 - nce-1 - WARNING - | end of epoch  66 | time:  5.84s |valid ppl   115.86 | valid loss:  4.90
2020-11-05 22:40:48,608 - nce-1 - WARNING - | end of epoch  67 | time:  5.83s |valid ppl   115.86 | valid loss:  4.85
2020-11-05 22:40:54,444 - nce-1 - WARNING - | end of epoch  68 | time:  5.84s |valid ppl   115.86 | valid loss:  4.67
2020-11-05 22:41:00,282 - nce-1 - WARNING - | end of epoch  69 | time:  5.84s |valid ppl   115.86 | valid loss:  4.70
2020-11-05 22:41:06,123 - nce-1 - WARNING - | end of epoch  70 | time:  5.84s |valid ppl   115.86 | valid loss:  4.64
2020-11-05 22:41:11,968 - nce-1 - WARNING - | end of epoch  71 | time:  5.85s |valid ppl   115.86 | valid loss:  4.92
2020-11-05 22:41:17,802 - nce-1 - WARNING - | end of epoch  72 | time:  5.83s |valid ppl   115.86 | valid loss:  4.84
2020-11-05 22:41:23,641 - nce-1 - WARNING - | end of epoch  73 | time:  5.84s |valid ppl   115.86 | valid loss:  4.81
2020-11-05 22:41:29,482 - nce-1 - WARNING - | end of epoch  74 | time:  5.84s |valid ppl   115.86 | valid loss:  4.78
2020-11-05 22:41:35,325 - nce-1 - WARNING - | end of epoch  75 | time:  5.84s |valid ppl   115.86 | valid loss:  4.85
2020-11-05 22:41:41,171 - nce-1 - WARNING - | end of epoch  76 | time:  5.85s |valid ppl   115.86 | valid loss:  4.72
2020-11-05 22:41:47,010 - nce-1 - WARNING - | end of epoch  77 | time:  5.84s |valid ppl   115.86 | valid loss:  4.66
2020-11-05 22:41:52,852 - nce-1 - WARNING - | end of epoch  78 | time:  5.84s |valid ppl   115.86 | valid loss:  4.93
2020-11-05 22:41:58,704 - nce-1 - WARNING - | end of epoch  79 | time:  5.85s |valid ppl   115.86 | valid loss:  4.74
2020-11-05 22:42:04,570 - nce-1 - WARNING - | end of epoch  80 | time:  5.87s |valid ppl   115.86 | valid loss:  4.76
2020-11-05 22:42:10,437 - nce-1 - WARNING - | end of epoch  81 | time:  5.87s |valid ppl   115.86 | valid loss:  4.71
2020-11-05 22:42:17,579 - nce-1 - WARNING - | end of epoch  82 | time:  5.84s |valid ppl   115.86 | valid loss:  4.72
2020-11-05 22:42:23,419 - nce-1 - WARNING - | end of epoch  83 | time:  5.84s |valid ppl   115.86 | valid loss:  4.57
2020-11-05 22:42:29,272 - nce-1 - WARNING - | end of epoch  84 | time:  5.85s |valid ppl   115.86 | valid loss:  4.68
2020-11-05 22:42:35,118 - nce-1 - WARNING - | end of epoch  85 | time:  5.85s |valid ppl   115.86 | valid loss:  4.71
2020-11-05 22:42:40,979 - nce-1 - WARNING - | end of epoch  86 | time:  5.86s |valid ppl   115.86 | valid loss:  4.85
2020-11-05 22:42:46,828 - nce-1 - WARNING - | end of epoch  87 | time:  5.85s |valid ppl   115.86 | valid loss:  4.78
2020-11-05 22:42:52,674 - nce-1 - WARNING - | end of epoch  88 | time:  5.85s |valid ppl   115.86 | valid loss:  4.69
2020-11-05 22:42:58,528 - nce-1 - WARNING - | end of epoch  89 | time:  5.85s |valid ppl   115.86 | valid loss:  4.68
2020-11-05 22:43:04,384 - nce-1 - WARNING - | end of epoch  90 | time:  5.86s |valid ppl   115.86 | valid loss:  4.74
2020-11-05 22:43:10,229 - nce-1 - WARNING - | end of epoch  91 | time:  5.84s |valid ppl   115.86 | valid loss:  4.54
2020-11-05 22:43:16,078 - nce-1 - WARNING - | end of epoch  92 | time:  5.85s |valid ppl   115.86 | valid loss:  4.65
2020-11-05 22:43:21,929 - nce-1 - WARNING - | end of epoch  93 | time:  5.85s |valid ppl   115.86 | valid loss:  4.74
2020-11-05 22:43:27,781 - nce-1 - WARNING - | end of epoch  94 | time:  5.85s |valid ppl   115.86 | valid loss:  4.68
2020-11-05 22:43:33,632 - nce-1 - WARNING - | end of epoch  95 | time:  5.85s |valid ppl   115.86 | valid loss:  4.88
2020-11-05 22:43:39,481 - nce-1 - WARNING - | end of epoch  96 | time:  5.85s |valid ppl   115.86 | valid loss:  4.85
2020-11-05 22:43:45,332 - nce-1 - WARNING - | end of epoch  97 | time:  5.85s |valid ppl   115.86 | valid loss:  4.78
2020-11-05 22:43:51,182 - nce-1 - WARNING - | end of epoch  98 | time:  5.85s |valid ppl   115.86 | valid loss:  4.81
2020-11-05 22:43:57,043 - nce-1 - WARNING - | end of epoch  99 | time:  5.86s |valid ppl   115.86 | valid loss:  4.84
2020-11-05 22:44:02,899 - nce-1 - WARNING - | end of epoch 100 | time:  5.86s |valid ppl   115.86 | valid loss:  4.69
2020-11-05 22:44:08,751 - nce-1 - WARNING - | end of epoch 101 | time:  5.85s |valid ppl   115.86 | valid loss:  4.74
2020-11-05 22:44:14,613 - nce-1 - WARNING - | end of epoch 102 | time:  5.86s |valid ppl   115.86 | valid loss:  4.82
2020-11-05 22:44:20,460 - nce-1 - WARNING - | end of epoch 103 | time:  5.85s |valid ppl   115.86 | valid loss:  4.82
2020-11-05 22:44:26,306 - nce-1 - WARNING - | end of epoch 104 | time:  5.85s |valid ppl   115.86 | valid loss:  4.61
2020-11-05 22:44:32,151 - nce-1 - WARNING - | end of epoch 105 | time:  5.85s |valid ppl   115.86 | valid loss:  4.72
2020-11-05 22:44:38,001 - nce-1 - WARNING - | end of epoch 106 | time:  5.85s |valid ppl   115.86 | valid loss:  4.81
2020-11-05 22:44:43,851 - nce-1 - WARNING - | end of epoch 107 | time:  5.85s |valid ppl   115.86 | valid loss:  5.06
2020-11-05 22:44:49,703 - nce-1 - WARNING - | end of epoch 108 | time:  5.85s |valid ppl   115.86 | valid loss:  4.83
2020-11-05 22:44:55,556 - nce-1 - WARNING - | end of epoch 109 | time:  5.85s |valid ppl   115.86 | valid loss:  4.75
2020-11-05 22:45:01,412 - nce-1 - WARNING - | end of epoch 110 | time:  5.86s |valid ppl   115.86 | valid loss:  4.73
2020-11-05 22:45:07,257 - nce-1 - WARNING - | end of epoch 111 | time:  5.84s |valid ppl   115.86 | valid loss:  4.70
2020-11-05 22:45:13,123 - nce-1 - WARNING - | end of epoch 112 | time:  5.87s |valid ppl   115.86 | valid loss:  4.83
2020-11-05 22:45:18,973 - nce-1 - WARNING - | end of epoch 113 | time:  5.85s |valid ppl   115.86 | valid loss:  4.78
2020-11-05 22:45:24,824 - nce-1 - WARNING - | end of epoch 114 | time:  5.85s |valid ppl   115.86 | valid loss:  4.63
2020-11-05 22:45:30,678 - nce-1 - WARNING - | end of epoch 115 | time:  5.85s |valid ppl   115.86 | valid loss:  4.78
2020-11-05 22:45:36,525 - nce-1 - WARNING - | end of epoch 116 | time:  5.85s |valid ppl   115.86 | valid loss:  4.66
2020-11-05 22:45:42,403 - nce-1 - WARNING - | end of epoch 117 | time:  5.88s |valid ppl   115.86 | valid loss:  4.74
2020-11-05 22:45:48,270 - nce-1 - WARNING - | end of epoch 118 | time:  5.87s |valid ppl   115.86 | valid loss:  4.75
2020-11-05 22:45:54,136 - nce-1 - WARNING - | end of epoch 119 | time:  5.87s |valid ppl   115.86 | valid loss:  4.65
2020-11-05 22:45:59,999 - nce-1 - WARNING - | end of epoch 120 | time:  5.86s |valid ppl   115.86 | valid loss:  4.76
2020-11-05 22:46:05,869 - nce-1 - WARNING - | end of epoch 121 | time:  5.87s |valid ppl   115.86 | valid loss:  4.64
2020-11-05 22:46:11,750 - nce-1 - WARNING - | end of epoch 122 | time:  5.88s |valid ppl   115.86 | valid loss:  4.78
2020-11-05 22:46:17,604 - nce-1 - WARNING - | end of epoch 123 | time:  5.85s |valid ppl   115.86 | valid loss:  4.75
2020-11-05 22:46:23,465 - nce-1 - WARNING - | end of epoch 124 | time:  5.86s |valid ppl   115.86 | valid loss:  4.82
2020-11-05 22:46:29,326 - nce-1 - WARNING - | end of epoch 125 | time:  5.86s |valid ppl   115.86 | valid loss:  4.84
2020-11-05 22:46:35,185 - nce-1 - WARNING - | end of epoch 126 | time:  5.86s |valid ppl   115.86 | valid loss:  4.78
2020-11-05 22:46:41,055 - nce-1 - WARNING - | end of epoch 127 | time:  5.87s |valid ppl   115.86 | valid loss:  4.69
2020-11-05 22:46:46,909 - nce-1 - WARNING - | end of epoch 128 | time:  5.85s |valid ppl   115.86 | valid loss:  4.86
2020-11-05 22:46:52,772 - nce-1 - WARNING - | end of epoch 129 | time:  5.86s |valid ppl   115.86 | valid loss:  4.83
2020-11-05 22:46:58,643 - nce-1 - WARNING - | end of epoch 130 | time:  5.87s |valid ppl   115.86 | valid loss:  4.86
2020-11-05 22:47:04,512 - nce-1 - WARNING - | end of epoch 131 | time:  5.87s |valid ppl   115.86 | valid loss:  4.73
2020-11-05 22:47:10,379 - nce-1 - WARNING - | end of epoch 132 | time:  5.87s |valid ppl   115.86 | valid loss:  4.75
2020-11-05 22:47:16,242 - nce-1 - WARNING - | end of epoch 133 | time:  5.86s |valid ppl   115.86 | valid loss:  4.76
2020-11-05 22:47:22,101 - nce-1 - WARNING - | end of epoch 134 | time:  5.86s |valid ppl   115.86 | valid loss:  4.69
2020-11-05 22:47:28,018 - nce-1 - WARNING - | end of epoch 135 | time:  5.92s |valid ppl   115.86 | valid loss:  4.67
2020-11-05 22:47:33,930 - nce-1 - WARNING - | end of epoch 136 | time:  5.91s |valid ppl   115.86 | valid loss:  4.75
2020-11-05 22:47:39,785 - nce-1 - WARNING - | end of epoch 137 | time:  5.85s |valid ppl   115.86 | valid loss:  4.72
2020-11-05 22:47:45,643 - nce-1 - WARNING - | end of epoch 138 | time:  5.86s |valid ppl   115.86 | valid loss:  4.84
2020-11-05 22:47:51,494 - nce-1 - WARNING - | end of epoch 139 | time:  5.85s |valid ppl   115.86 | valid loss:  4.81
2020-11-05 22:47:57,350 - nce-1 - WARNING - | end of epoch 140 | time:  5.86s |valid ppl   115.86 | valid loss:  4.49
2020-11-05 22:48:03,227 - nce-1 - WARNING - | end of epoch 141 | time:  5.88s |valid ppl   115.86 | valid loss:  4.68
2020-11-05 22:48:09,079 - nce-1 - WARNING - | end of epoch 142 | time:  5.85s |valid ppl   115.86 | valid loss:  4.82
2020-11-05 22:48:14,944 - nce-1 - WARNING - | end of epoch 143 | time:  5.86s |valid ppl   115.86 | valid loss:  4.82
2020-11-05 22:48:20,807 - nce-1 - WARNING - | end of epoch 144 | time:  5.86s |valid ppl   115.86 | valid loss:  4.79
2020-11-05 22:48:26,687 - nce-1 - WARNING - | end of epoch 145 | time:  5.88s |valid ppl   115.86 | valid loss:  4.78
2020-11-05 22:48:32,560 - nce-1 - WARNING - | end of epoch 146 | time:  5.87s |valid ppl   115.86 | valid loss:  4.79
2020-11-05 22:48:38,419 - nce-1 - WARNING - | end of epoch 147 | time:  5.86s |valid ppl   115.86 | valid loss:  4.77
2020-11-05 22:48:44,285 - nce-1 - WARNING - | end of epoch 148 | time:  5.87s |valid ppl   115.86 | valid loss:  4.71
2020-11-05 22:48:50,151 - nce-1 - WARNING - | end of epoch 149 | time:  5.87s |valid ppl   115.86 | valid loss:  4.69
2020-11-05 22:48:56,015 - nce-1 - WARNING - | end of epoch 150 | time:  5.86s |valid ppl   115.86 | valid loss:  4.48
2020-11-05 22:49:01,883 - nce-1 - WARNING - | end of epoch 151 | time:  5.87s |valid ppl   115.86 | valid loss:  4.69
2020-11-05 22:49:07,756 - nce-1 - WARNING - | end of epoch 152 | time:  5.87s |valid ppl   115.86 | valid loss:  4.83
2020-11-05 22:49:13,637 - nce-1 - WARNING - | end of epoch 153 | time:  5.88s |valid ppl   115.86 | valid loss:  4.80
2020-11-05 22:49:19,514 - nce-1 - WARNING - | end of epoch 154 | time:  5.88s |valid ppl   115.86 | valid loss:  4.64
2020-11-05 22:49:25,388 - nce-1 - WARNING - | end of epoch 155 | time:  5.87s |valid ppl   115.86 | valid loss:  4.76
2020-11-05 22:49:31,260 - nce-1 - WARNING - | end of epoch 156 | time:  5.87s |valid ppl   115.86 | valid loss:  4.73
2020-11-05 22:49:37,134 - nce-1 - WARNING - | end of epoch 157 | time:  5.87s |valid ppl   115.86 | valid loss:  4.75
2020-11-05 22:49:43,009 - nce-1 - WARNING - | end of epoch 158 | time:  5.87s |valid ppl   115.86 | valid loss:  4.72
2020-11-05 22:49:48,880 - nce-1 - WARNING - | end of epoch 159 | time:  5.87s |valid ppl   115.86 | valid loss:  4.57
2020-11-05 22:49:54,758 - nce-1 - WARNING - | end of epoch 160 | time:  5.88s |valid ppl   115.86 | valid loss:  4.66
2020-11-05 22:50:00,640 - nce-1 - WARNING - | end of epoch 161 | time:  5.88s |valid ppl   115.86 | valid loss:  4.67
2020-11-05 22:50:06,527 - nce-1 - WARNING - | end of epoch 162 | time:  5.89s |valid ppl   115.86 | valid loss:  4.87
2020-11-05 22:50:12,408 - nce-1 - WARNING - | end of epoch 163 | time:  5.88s |valid ppl   115.86 | valid loss:  4.76
2020-11-05 22:50:18,284 - nce-1 - WARNING - | end of epoch 164 | time:  5.88s |valid ppl   115.86 | valid loss:  4.75
2020-11-05 22:50:24,163 - nce-1 - WARNING - | end of epoch 165 | time:  5.88s |valid ppl   115.86 | valid loss:  4.57
2020-11-05 22:50:30,060 - nce-1 - WARNING - | end of epoch 166 | time:  5.90s |valid ppl   115.86 | valid loss:  4.73
2020-11-05 22:50:35,943 - nce-1 - WARNING - | end of epoch 167 | time:  5.88s |valid ppl   115.86 | valid loss:  4.60
2020-11-05 22:50:41,866 - nce-1 - WARNING - | end of epoch 168 | time:  5.92s |valid ppl   115.86 | valid loss:  4.67
2020-11-05 22:50:47,758 - nce-1 - WARNING - | end of epoch 169 | time:  5.89s |valid ppl   115.86 | valid loss:  4.74
2020-11-05 22:50:53,657 - nce-1 - WARNING - | end of epoch 170 | time:  5.90s |valid ppl   115.86 | valid loss:  4.72
2020-11-05 22:50:59,553 - nce-1 - WARNING - | end of epoch 171 | time:  5.90s |valid ppl   115.86 | valid loss:  4.86
2020-11-05 22:51:05,438 - nce-1 - WARNING - | end of epoch 172 | time:  5.88s |valid ppl   115.86 | valid loss:  4.80
2020-11-05 22:51:11,348 - nce-1 - WARNING - | end of epoch 173 | time:  5.91s |valid ppl   115.86 | valid loss:  4.72
2020-11-05 22:51:17,231 - nce-1 - WARNING - | end of epoch 174 | time:  5.88s |valid ppl   115.86 | valid loss:  4.66
2020-11-05 22:51:23,112 - nce-1 - WARNING - | end of epoch 175 | time:  5.88s |valid ppl   115.86 | valid loss:  4.79
2020-11-05 22:51:29,007 - nce-1 - WARNING - | end of epoch 176 | time:  5.89s |valid ppl   115.86 | valid loss:  4.78
2020-11-05 22:51:34,885 - nce-1 - WARNING - | end of epoch 177 | time:  5.88s |valid ppl   115.86 | valid loss:  4.95
2020-11-05 22:51:40,781 - nce-1 - WARNING - | end of epoch 178 | time:  5.90s |valid ppl   115.86 | valid loss:  4.74
2020-11-05 22:51:46,658 - nce-1 - WARNING - | end of epoch 179 | time:  5.88s |valid ppl   115.86 | valid loss:  4.78
2020-11-05 22:51:52,535 - nce-1 - WARNING - | end of epoch 180 | time:  5.88s |valid ppl   115.86 | valid loss:  4.68
2020-11-05 22:51:58,423 - nce-1 - WARNING - | end of epoch 181 | time:  5.89s |valid ppl   115.86 | valid loss:  4.65
2020-11-05 22:52:04,310 - nce-1 - WARNING - | end of epoch 182 | time:  5.89s |valid ppl   115.86 | valid loss:  4.84
2020-11-05 22:52:10,191 - nce-1 - WARNING - | end of epoch 183 | time:  5.88s |valid ppl   115.86 | valid loss:  4.77
2020-11-05 22:52:16,058 - nce-1 - WARNING - | end of epoch 184 | time:  5.87s |valid ppl   115.86 | valid loss:  4.75
2020-11-05 22:52:21,934 - nce-1 - WARNING - | end of epoch 185 | time:  5.88s |valid ppl   115.86 | valid loss:  4.71
2020-11-05 22:52:27,814 - nce-1 - WARNING - | end of epoch 186 | time:  5.88s |valid ppl   115.86 | valid loss:  4.67
2020-11-05 22:52:33,687 - nce-1 - WARNING - | end of epoch 187 | time:  5.87s |valid ppl   115.86 | valid loss:  4.73
2020-11-05 22:52:39,557 - nce-1 - WARNING - | end of epoch 188 | time:  5.87s |valid ppl   115.86 | valid loss:  4.88
2020-11-05 22:52:45,436 - nce-1 - WARNING - | end of epoch 189 | time:  5.88s |valid ppl   115.86 | valid loss:  4.63
2020-11-05 22:52:51,311 - nce-1 - WARNING - | end of epoch 190 | time:  5.87s |valid ppl   115.86 | valid loss:  4.89
2020-11-05 22:52:57,187 - nce-1 - WARNING - | end of epoch 191 | time:  5.88s |valid ppl   115.86 | valid loss:  4.84
2020-11-05 22:53:03,054 - nce-1 - WARNING - | end of epoch 192 | time:  5.87s |valid ppl   115.86 | valid loss:  4.81
2020-11-05 22:53:08,916 - nce-1 - WARNING - | end of epoch 193 | time:  5.86s |valid ppl   115.86 | valid loss:  4.83
2020-11-05 22:53:14,788 - nce-1 - WARNING - | end of epoch 194 | time:  5.87s |valid ppl   115.86 | valid loss:  4.81
2020-11-05 22:53:20,645 - nce-1 - WARNING - | end of epoch 195 | time:  5.86s |valid ppl   115.86 | valid loss:  4.74
2020-11-05 22:53:26,534 - nce-1 - WARNING - | end of epoch 196 | time:  5.89s |valid ppl   115.86 | valid loss:  4.71
2020-11-05 22:53:32,397 - nce-1 - WARNING - | end of epoch 197 | time:  5.86s |valid ppl   115.86 | valid loss:  4.63
2020-11-05 22:53:38,262 - nce-1 - WARNING - | end of epoch 198 | time:  5.86s |valid ppl   115.86 | valid loss:  5.03
2020-11-05 22:53:44,130 - nce-1 - WARNING - | end of epoch 199 | time:  5.87s |valid ppl   115.86 | valid loss:  4.79
2020-11-05 22:53:49,995 - nce-1 - WARNING - | end of epoch 200 | time:  5.86s |valid ppl   115.86 | valid loss:  4.89
2020-11-05 22:53:55,874 - nce-1 - WARNING - | end of epoch 201 | time:  5.88s |valid ppl   115.86 | valid loss:  4.74
2020-11-05 22:54:01,740 - nce-1 - WARNING - | end of epoch 202 | time:  5.87s |valid ppl   115.86 | valid loss:  4.62
2020-11-05 22:54:07,603 - nce-1 - WARNING - | end of epoch 203 | time:  5.86s |valid ppl   115.86 | valid loss:  4.66
2020-11-05 22:54:13,473 - nce-1 - WARNING - | end of epoch 204 | time:  5.87s |valid ppl   115.86 | valid loss:  4.81
2020-11-05 22:54:19,324 - nce-1 - WARNING - | end of epoch 205 | time:  5.85s |valid ppl   115.86 | valid loss:  4.64
2020-11-05 22:54:25,187 - nce-1 - WARNING - | end of epoch 206 | time:  5.86s |valid ppl   115.86 | valid loss:  4.74
2020-11-05 22:54:31,056 - nce-1 - WARNING - | end of epoch 207 | time:  5.87s |valid ppl   115.86 | valid loss:  4.89
2020-11-05 22:54:36,919 - nce-1 - WARNING - | end of epoch 208 | time:  5.86s |valid ppl   115.86 | valid loss:  4.74
2020-11-05 22:54:42,791 - nce-1 - WARNING - | end of epoch 209 | time:  5.87s |valid ppl   115.86 | valid loss:  4.63
2020-11-05 22:54:48,661 - nce-1 - WARNING - | end of epoch 210 | time:  5.87s |valid ppl   115.86 | valid loss:  4.71
2020-11-05 22:54:54,526 - nce-1 - WARNING - | end of epoch 211 | time:  5.86s |valid ppl   115.86 | valid loss:  4.74
2020-11-05 22:55:00,384 - nce-1 - WARNING - | end of epoch 212 | time:  5.86s |valid ppl   115.86 | valid loss:  4.79
2020-11-05 22:55:06,251 - nce-1 - WARNING - | end of epoch 213 | time:  5.87s |valid ppl   115.86 | valid loss:  4.61
2020-11-05 22:55:12,119 - nce-1 - WARNING - | end of epoch 214 | time:  5.87s |valid ppl   115.86 | valid loss:  4.97
2020-11-05 22:55:17,979 - nce-1 - WARNING - | end of epoch 215 | time:  5.86s |valid ppl   115.86 | valid loss:  4.66
2020-11-05 22:55:23,839 - nce-1 - WARNING - | end of epoch 216 | time:  5.86s |valid ppl   115.86 | valid loss:  4.75
2020-11-05 22:55:29,710 - nce-1 - WARNING - | end of epoch 217 | time:  5.87s |valid ppl   115.86 | valid loss:  4.68
2020-11-05 22:55:35,566 - nce-1 - WARNING - | end of epoch 218 | time:  5.86s |valid ppl   115.86 | valid loss:  4.75
2020-11-05 22:55:41,431 - nce-1 - WARNING - | end of epoch 219 | time:  5.86s |valid ppl   115.86 | valid loss:  4.54
2020-11-05 22:55:47,286 - nce-1 - WARNING - | end of epoch 220 | time:  5.86s |valid ppl   115.86 | valid loss:  4.69
2020-11-05 22:55:53,149 - nce-1 - WARNING - | end of epoch 221 | time:  5.86s |valid ppl   115.86 | valid loss:  4.75
2020-11-05 22:55:59,012 - nce-1 - WARNING - | end of epoch 222 | time:  5.86s |valid ppl   115.86 | valid loss:  4.64
2020-11-05 22:56:04,881 - nce-1 - WARNING - | end of epoch 223 | time:  5.87s |valid ppl   115.86 | valid loss:  4.76
2020-11-05 22:56:10,743 - nce-1 - WARNING - | end of epoch 224 | time:  5.86s |valid ppl   115.86 | valid loss:  4.74
2020-11-05 22:56:16,605 - nce-1 - WARNING - | end of epoch 225 | time:  5.86s |valid ppl   115.86 | valid loss:  4.83
2020-11-05 22:56:22,467 - nce-1 - WARNING - | end of epoch 226 | time:  5.86s |valid ppl   115.86 | valid loss:  4.81
2020-11-05 22:56:28,330 - nce-1 - WARNING - | end of epoch 227 | time:  5.86s |valid ppl   115.86 | valid loss:  4.83
2020-11-05 22:56:34,189 - nce-1 - WARNING - | end of epoch 228 | time:  5.86s |valid ppl   115.86 | valid loss:  4.74
2020-11-05 22:56:40,062 - nce-1 - WARNING - | end of epoch 229 | time:  5.87s |valid ppl   115.86 | valid loss:  4.72
2020-11-05 22:56:45,924 - nce-1 - WARNING - | end of epoch 230 | time:  5.86s |valid ppl   115.86 | valid loss:  4.83
2020-11-05 22:56:51,789 - nce-1 - WARNING - | end of epoch 231 | time:  5.86s |valid ppl   115.86 | valid loss:  4.74
2020-11-05 22:56:57,660 - nce-1 - WARNING - | end of epoch 232 | time:  5.87s |valid ppl   115.86 | valid loss:  4.67
2020-11-05 22:57:03,534 - nce-1 - WARNING - | end of epoch 233 | time:  5.87s |valid ppl   115.86 | valid loss:  4.71
2020-11-05 22:57:09,404 - nce-1 - WARNING - | end of epoch 234 | time:  5.87s |valid ppl   115.86 | valid loss:  4.75
2020-11-05 22:57:15,275 - nce-1 - WARNING - | end of epoch 235 | time:  5.87s |valid ppl   115.86 | valid loss:  4.86
2020-11-05 22:57:21,142 - nce-1 - WARNING - | end of epoch 236 | time:  5.87s |valid ppl   115.86 | valid loss:  4.74
2020-11-05 22:57:27,010 - nce-1 - WARNING - | end of epoch 237 | time:  5.87s |valid ppl   115.86 | valid loss:  4.69
2020-11-05 22:57:32,884 - nce-1 - WARNING - | end of epoch 238 | time:  5.87s |valid ppl   115.86 | valid loss:  4.73
2020-11-05 22:57:38,757 - nce-1 - WARNING - | end of epoch 239 | time:  5.87s |valid ppl   115.86 | valid loss:  4.79
2020-11-05 22:57:44,640 - nce-1 - WARNING - | end of epoch 240 | time:  5.88s |valid ppl   115.86 | valid loss:  4.64
2020-11-05 22:57:50,521 - nce-1 - WARNING - | end of epoch 241 | time:  5.88s |valid ppl   115.86 | valid loss:  4.76
2020-11-05 22:57:56,401 - nce-1 - WARNING - | end of epoch 242 | time:  5.88s |valid ppl   115.86 | valid loss:  4.82
2020-11-05 22:58:02,287 - nce-1 - WARNING - | end of epoch 243 | time:  5.89s |valid ppl   115.86 | valid loss:  4.75
2020-11-05 22:58:08,174 - nce-1 - WARNING - | end of epoch 244 | time:  5.89s |valid ppl   115.86 | valid loss:  4.72
2020-11-05 22:58:14,065 - nce-1 - WARNING - | end of epoch 245 | time:  5.89s |valid ppl   115.86 | valid loss:  4.80
2020-11-05 22:58:19,953 - nce-1 - WARNING - | end of epoch 246 | time:  5.89s |valid ppl   115.86 | valid loss:  4.84
2020-11-05 22:58:25,845 - nce-1 - WARNING - | end of epoch 247 | time:  5.89s |valid ppl   115.86 | valid loss:  4.82
2020-11-05 22:58:31,744 - nce-1 - WARNING - | end of epoch 248 | time:  5.90s |valid ppl   115.86 | valid loss:  4.69
2020-11-05 22:58:37,649 - nce-1 - WARNING - | end of epoch 249 | time:  5.91s |valid ppl   115.86 | valid loss:  4.67
2020-11-05 22:58:43,554 - nce-1 - WARNING - | end of epoch 250 | time:  5.90s |valid ppl   115.86 | valid loss:  4.89
2020-11-05 22:58:49,448 - nce-1 - WARNING - | end of epoch 251 | time:  5.89s |valid ppl   115.86 | valid loss:  4.73
2020-11-05 22:58:55,354 - nce-1 - WARNING - | end of epoch 252 | time:  5.91s |valid ppl   115.86 | valid loss:  4.75
2020-11-05 22:59:01,251 - nce-1 - WARNING - | end of epoch 253 | time:  5.90s |valid ppl   115.86 | valid loss:  4.81
2020-11-05 22:59:07,152 - nce-1 - WARNING - | end of epoch 254 | time:  5.90s |valid ppl   115.86 | valid loss:  4.69
2020-11-05 22:59:13,064 - nce-1 - WARNING - | end of epoch 255 | time:  5.91s |valid ppl   115.86 | valid loss:  4.84
2020-11-05 22:59:18,973 - nce-1 - WARNING - | end of epoch 256 | time:  5.91s |valid ppl   115.86 | valid loss:  4.73
2020-11-05 22:59:24,875 - nce-1 - WARNING - | end of epoch 257 | time:  5.90s |valid ppl   115.86 | valid loss:  4.74
2020-11-05 22:59:30,868 - nce-1 - WARNING - | end of epoch 258 | time:  5.99s |valid ppl   115.86 | valid loss:  4.68
2020-11-05 22:59:36,901 - nce-1 - WARNING - | end of epoch 259 | time:  6.03s |valid ppl   115.86 | valid loss:  4.83
2020-11-05 22:59:42,806 - nce-1 - WARNING - | end of epoch 260 | time:  5.91s |valid ppl   115.86 | valid loss:  4.88
2020-11-05 22:59:48,707 - nce-1 - WARNING - | end of epoch 261 | time:  5.90s |valid ppl   115.86 | valid loss:  4.66
2020-11-05 22:59:54,600 - nce-1 - WARNING - | end of epoch 262 | time:  5.89s |valid ppl   115.86 | valid loss:  4.79
2020-11-05 23:00:00,497 - nce-1 - WARNING - | end of epoch 263 | time:  5.90s |valid ppl   115.86 | valid loss:  4.86
2020-11-05 23:00:06,393 - nce-1 - WARNING - | end of epoch 264 | time:  5.90s |valid ppl   115.86 | valid loss:  4.74
2020-11-05 23:00:12,280 - nce-1 - WARNING - | end of epoch 265 | time:  5.89s |valid ppl   115.86 | valid loss:  4.69
2020-11-05 23:00:18,171 - nce-1 - WARNING - | end of epoch 266 | time:  5.89s |valid ppl   115.86 | valid loss:  4.68
2020-11-05 23:00:24,054 - nce-1 - WARNING - | end of epoch 267 | time:  5.88s |valid ppl   115.86 | valid loss:  4.83
2020-11-05 23:00:29,952 - nce-1 - WARNING - | end of epoch 268 | time:  5.90s |valid ppl   115.86 | valid loss:  4.92
2020-11-05 23:00:35,829 - nce-1 - WARNING - | end of epoch 269 | time:  5.88s |valid ppl   115.86 | valid loss:  4.75
2020-11-05 23:00:41,708 - nce-1 - WARNING - | end of epoch 270 | time:  5.88s |valid ppl   115.86 | valid loss:  4.73
2020-11-05 23:00:47,586 - nce-1 - WARNING - | end of epoch 271 | time:  5.88s |valid ppl   115.86 | valid loss:  4.60
2020-11-05 23:00:53,460 - nce-1 - WARNING - | end of epoch 272 | time:  5.87s |valid ppl   115.86 | valid loss:  4.72
2020-11-05 23:00:59,342 - nce-1 - WARNING - | end of epoch 273 | time:  5.88s |valid ppl   115.86 | valid loss:  4.78
2020-11-05 23:01:05,219 - nce-1 - WARNING - | end of epoch 274 | time:  5.88s |valid ppl   115.86 | valid loss:  4.87
2020-11-05 23:01:11,098 - nce-1 - WARNING - | end of epoch 275 | time:  5.88s |valid ppl   115.86 | valid loss:  4.71
2020-11-05 23:01:16,973 - nce-1 - WARNING - | end of epoch 276 | time:  5.87s |valid ppl   115.86 | valid loss:  4.84
2020-11-05 23:01:22,852 - nce-1 - WARNING - | end of epoch 277 | time:  5.88s |valid ppl   115.86 | valid loss:  4.49
2020-11-05 23:01:28,730 - nce-1 - WARNING - | end of epoch 278 | time:  5.88s |valid ppl   115.86 | valid loss:  4.80
2020-11-05 23:01:34,604 - nce-1 - WARNING - | end of epoch 279 | time:  5.87s |valid ppl   115.86 | valid loss:  4.77
2020-11-05 23:01:40,481 - nce-1 - WARNING - | end of epoch 280 | time:  5.88s |valid ppl   115.86 | valid loss:  4.67
2020-11-05 23:01:46,347 - nce-1 - WARNING - | end of epoch 281 | time:  5.87s |valid ppl   115.86 | valid loss:  4.77
2020-11-05 23:01:52,215 - nce-1 - WARNING - | end of epoch 282 | time:  5.87s |valid ppl   115.86 | valid loss:  4.59
2020-11-05 23:01:58,087 - nce-1 - WARNING - | end of epoch 283 | time:  5.87s |valid ppl   115.86 | valid loss:  4.67
2020-11-05 23:02:03,962 - nce-1 - WARNING - | end of epoch 284 | time:  5.87s |valid ppl   115.86 | valid loss:  4.77
2020-11-05 23:02:09,836 - nce-1 - WARNING - | end of epoch 285 | time:  5.87s |valid ppl   115.86 | valid loss:  4.68
2020-11-05 23:02:15,716 - nce-1 - WARNING - | end of epoch 286 | time:  5.88s |valid ppl   115.86 | valid loss:  4.92
2020-11-05 23:02:21,581 - nce-1 - WARNING - | end of epoch 287 | time:  5.86s |valid ppl   115.86 | valid loss:  4.74
2020-11-05 23:02:27,453 - nce-1 - WARNING - | end of epoch 288 | time:  5.87s |valid ppl   115.86 | valid loss:  4.57
2020-11-05 23:02:33,327 - nce-1 - WARNING - | end of epoch 289 | time:  5.87s |valid ppl   115.86 | valid loss:  4.76
2020-11-05 23:02:39,194 - nce-1 - WARNING - | end of epoch 290 | time:  5.87s |valid ppl   115.86 | valid loss:  4.79
2020-11-05 23:02:45,067 - nce-1 - WARNING - | end of epoch 291 | time:  5.87s |valid ppl   115.86 | valid loss:  4.70
2020-11-05 23:02:50,933 - nce-1 - WARNING - | end of epoch 292 | time:  5.87s |valid ppl   115.86 | valid loss:  4.69
2020-11-05 23:02:56,805 - nce-1 - WARNING - | end of epoch 293 | time:  5.87s |valid ppl   115.86 | valid loss:  4.58
2020-11-05 23:03:02,670 - nce-1 - WARNING - | end of epoch 294 | time:  5.86s |valid ppl   115.86 | valid loss:  4.84
2020-11-05 23:03:08,543 - nce-1 - WARNING - | end of epoch 295 | time:  5.87s |valid ppl   115.86 | valid loss:  4.95
2020-11-05 23:03:14,421 - nce-1 - WARNING - | end of epoch 296 | time:  5.88s |valid ppl   115.86 | valid loss:  4.80
2020-11-05 23:03:20,289 - nce-1 - WARNING - | end of epoch 297 | time:  5.87s |valid ppl   115.86 | valid loss:  4.85
2020-11-05 23:03:26,176 - nce-1 - WARNING - | end of epoch 298 | time:  5.89s |valid ppl   115.86 | valid loss:  4.82
2020-11-05 23:03:32,048 - nce-1 - WARNING - | end of epoch 299 | time:  5.87s |valid ppl   115.86 | valid loss:  4.75
2020-11-05 23:03:37,917 - nce-1 - WARNING - | end of epoch 300 | time:  5.87s |valid ppl   115.86 | valid loss:  4.75
2020-11-05 23:03:43,787 - nce-1 - WARNING - | end of epoch 301 | time:  5.87s |valid ppl   115.86 | valid loss:  4.67
2020-11-05 23:03:49,650 - nce-1 - WARNING - | end of epoch 302 | time:  5.86s |valid ppl   115.86 | valid loss:  4.70
2020-11-05 23:03:55,529 - nce-1 - WARNING - | end of epoch 303 | time:  5.88s |valid ppl   115.86 | valid loss:  4.77
2020-11-05 23:04:01,400 - nce-1 - WARNING - | end of epoch 304 | time:  5.87s |valid ppl   115.86 | valid loss:  4.69
2020-11-05 23:04:07,282 - nce-1 - WARNING - | end of epoch 305 | time:  5.88s |valid ppl   115.86 | valid loss:  4.81
2020-11-05 23:04:13,163 - nce-1 - WARNING - | end of epoch 306 | time:  5.88s |valid ppl   115.86 | valid loss:  4.52
2020-11-05 23:04:19,030 - nce-1 - WARNING - | end of epoch 307 | time:  5.87s |valid ppl   115.86 | valid loss:  4.75
2020-11-05 23:04:24,894 - nce-1 - WARNING - | end of epoch 308 | time:  5.86s |valid ppl   115.86 | valid loss:  4.73
2020-11-05 23:04:30,764 - nce-1 - WARNING - | end of epoch 309 | time:  5.87s |valid ppl   115.86 | valid loss:  4.75
2020-11-05 23:04:36,642 - nce-1 - WARNING - | end of epoch 310 | time:  5.88s |valid ppl   115.86 | valid loss:  4.76
2020-11-05 23:04:42,513 - nce-1 - WARNING - | end of epoch 311 | time:  5.87s |valid ppl   115.86 | valid loss:  4.75
2020-11-05 23:04:48,381 - nce-1 - WARNING - | end of epoch 312 | time:  5.87s |valid ppl   115.86 | valid loss:  4.67
2020-11-05 23:04:54,247 - nce-1 - WARNING - | end of epoch 313 | time:  5.87s |valid ppl   115.86 | valid loss:  4.67
2020-11-05 23:05:00,122 - nce-1 - WARNING - | end of epoch 314 | time:  5.87s |valid ppl   115.86 | valid loss:  4.79
2020-11-05 23:05:05,984 - nce-1 - WARNING - | end of epoch 315 | time:  5.86s |valid ppl   115.86 | valid loss:  4.68
2020-11-05 23:05:11,855 - nce-1 - WARNING - | end of epoch 316 | time:  5.87s |valid ppl   115.86 | valid loss:  4.70
2020-11-05 23:05:17,722 - nce-1 - WARNING - | end of epoch 317 | time:  5.87s |valid ppl   115.86 | valid loss:  4.82
2020-11-05 23:05:23,592 - nce-1 - WARNING - | end of epoch 318 | time:  5.87s |valid ppl   115.86 | valid loss:  4.67
2020-11-05 23:05:29,469 - nce-1 - WARNING - | end of epoch 319 | time:  5.88s |valid ppl   115.86 | valid loss:  4.63
2020-11-05 23:05:35,340 - nce-1 - WARNING - | end of epoch 320 | time:  5.87s |valid ppl   115.86 | valid loss:  4.65
2020-11-05 23:05:41,223 - nce-1 - WARNING - | end of epoch 321 | time:  5.88s |valid ppl   115.86 | valid loss:  4.90
2020-11-05 23:05:47,100 - nce-1 - WARNING - | end of epoch 322 | time:  5.88s |valid ppl   115.86 | valid loss:  4.50
2020-11-05 23:05:52,973 - nce-1 - WARNING - | end of epoch 323 | time:  5.87s |valid ppl   115.86 | valid loss:  4.60
2020-11-05 23:05:58,846 - nce-1 - WARNING - | end of epoch 324 | time:  5.87s |valid ppl   115.86 | valid loss:  4.70
2020-11-05 23:06:04,730 - nce-1 - WARNING - | end of epoch 325 | time:  5.88s |valid ppl   115.86 | valid loss:  4.81
2020-11-05 23:06:10,615 - nce-1 - WARNING - | end of epoch 326 | time:  5.88s |valid ppl   115.86 | valid loss:  5.06
2020-11-05 23:06:16,491 - nce-1 - WARNING - | end of epoch 327 | time:  5.88s |valid ppl   115.86 | valid loss:  4.60
2020-11-05 23:06:22,374 - nce-1 - WARNING - | end of epoch 328 | time:  5.88s |valid ppl   115.86 | valid loss:  4.74
2020-11-05 23:06:28,274 - nce-1 - WARNING - | end of epoch 329 | time:  5.90s |valid ppl   115.86 | valid loss:  4.89
2020-11-05 23:06:34,168 - nce-1 - WARNING - | end of epoch 330 | time:  5.89s |valid ppl   115.86 | valid loss:  4.75
2020-11-05 23:06:40,062 - nce-1 - WARNING - | end of epoch 331 | time:  5.89s |valid ppl   115.86 | valid loss:  4.81
2020-11-05 23:06:45,955 - nce-1 - WARNING - | end of epoch 332 | time:  5.89s |valid ppl   115.86 | valid loss:  4.85
2020-11-05 23:06:51,847 - nce-1 - WARNING - | end of epoch 333 | time:  5.89s |valid ppl   115.86 | valid loss:  4.52
2020-11-05 23:06:57,743 - nce-1 - WARNING - | end of epoch 334 | time:  5.90s |valid ppl   115.86 | valid loss:  4.80
2020-11-05 23:07:03,645 - nce-1 - WARNING - | end of epoch 335 | time:  5.90s |valid ppl   115.86 | valid loss:  4.84
2020-11-05 23:07:09,542 - nce-1 - WARNING - | end of epoch 336 | time:  5.90s |valid ppl   115.86 | valid loss:  4.76
2020-11-05 23:07:15,439 - nce-1 - WARNING - | end of epoch 337 | time:  5.90s |valid ppl   115.86 | valid loss:  5.06
2020-11-05 23:07:21,338 - nce-1 - WARNING - | end of epoch 338 | time:  5.90s |valid ppl   115.86 | valid loss:  4.94
2020-11-05 23:07:27,248 - nce-1 - WARNING - | end of epoch 339 | time:  5.91s |valid ppl   115.86 | valid loss:  4.98
2020-11-05 23:07:33,143 - nce-1 - WARNING - | end of epoch 340 | time:  5.89s |valid ppl   115.86 | valid loss:  4.89
2020-11-05 23:07:39,032 - nce-1 - WARNING - | end of epoch 341 | time:  5.89s |valid ppl   115.86 | valid loss:  4.58
2020-11-05 23:07:44,934 - nce-1 - WARNING - | end of epoch 342 | time:  5.90s |valid ppl   115.86 | valid loss:  4.67
2020-11-05 23:07:50,829 - nce-1 - WARNING - | end of epoch 343 | time:  5.90s |valid ppl   115.86 | valid loss:  4.77
2020-11-05 23:07:56,739 - nce-1 - WARNING - | end of epoch 344 | time:  5.91s |valid ppl   115.86 | valid loss:  4.66
2020-11-05 23:08:02,633 - nce-1 - WARNING - | end of epoch 345 | time:  5.89s |valid ppl   115.86 | valid loss:  4.72
2020-11-05 23:08:08,538 - nce-1 - WARNING - | end of epoch 346 | time:  5.90s |valid ppl   115.86 | valid loss:  4.58
2020-11-05 23:08:14,446 - nce-1 - WARNING - | end of epoch 347 | time:  5.91s |valid ppl   115.86 | valid loss:  4.79
2020-11-05 23:08:20,348 - nce-1 - WARNING - | end of epoch 348 | time:  5.90s |valid ppl   115.86 | valid loss:  4.66
2020-11-05 23:08:26,257 - nce-1 - WARNING - | end of epoch 349 | time:  5.91s |valid ppl   115.86 | valid loss:  4.79
2020-11-05 23:08:32,153 - nce-1 - WARNING - | end of epoch 350 | time:  5.89s |valid ppl   115.86 | valid loss:  4.73
2020-11-05 23:08:38,042 - nce-1 - WARNING - | end of epoch 351 | time:  5.89s |valid ppl   115.86 | valid loss:  4.78
2020-11-05 23:08:43,938 - nce-1 - WARNING - | end of epoch 352 | time:  5.89s |valid ppl   115.86 | valid loss:  4.53
2020-11-05 23:08:49,825 - nce-1 - WARNING - | end of epoch 353 | time:  5.89s |valid ppl   115.86 | valid loss:  4.93
2020-11-05 23:08:55,718 - nce-1 - WARNING - | end of epoch 354 | time:  5.89s |valid ppl   115.86 | valid loss:  4.59
2020-11-05 23:09:01,609 - nce-1 - WARNING - | end of epoch 355 | time:  5.89s |valid ppl   115.86 | valid loss:  4.81
2020-11-05 23:09:07,496 - nce-1 - WARNING - | end of epoch 356 | time:  5.89s |valid ppl   115.86 | valid loss:  4.82
2020-11-05 23:09:13,404 - nce-1 - WARNING - | end of epoch 357 | time:  5.91s |valid ppl   115.86 | valid loss:  4.81
2020-11-05 23:09:19,279 - nce-1 - WARNING - | end of epoch 358 | time:  5.87s |valid ppl   115.86 | valid loss:  4.86
2020-11-05 23:09:25,163 - nce-1 - WARNING - | end of epoch 359 | time:  5.88s |valid ppl   115.86 | valid loss:  4.70
2020-11-05 23:09:31,042 - nce-1 - WARNING - | end of epoch 360 | time:  5.88s |valid ppl   115.86 | valid loss:  4.79
2020-11-05 23:09:36,912 - nce-1 - WARNING - | end of epoch 361 | time:  5.87s |valid ppl   115.86 | valid loss:  4.74
2020-11-05 23:09:42,790 - nce-1 - WARNING - | end of epoch 362 | time:  5.88s |valid ppl   115.86 | valid loss:  4.78
2020-11-05 23:09:48,667 - nce-1 - WARNING - | end of epoch 363 | time:  5.88s |valid ppl   115.86 | valid loss:  4.78
2020-11-05 23:09:54,543 - nce-1 - WARNING - | end of epoch 364 | time:  5.88s |valid ppl   115.86 | valid loss:  4.74
2020-11-05 23:10:00,431 - nce-1 - WARNING - | end of epoch 365 | time:  5.89s |valid ppl   115.86 | valid loss:  4.80
2020-11-05 23:10:06,312 - nce-1 - WARNING - | end of epoch 366 | time:  5.88s |valid ppl   115.86 | valid loss:  4.77
2020-11-05 23:10:12,189 - nce-1 - WARNING - | end of epoch 367 | time:  5.88s |valid ppl   115.86 | valid loss:  4.85
2020-11-05 23:10:18,064 - nce-1 - WARNING - | end of epoch 368 | time:  5.87s |valid ppl   115.86 | valid loss:  4.64
2020-11-05 23:10:23,941 - nce-1 - WARNING - | end of epoch 369 | time:  5.88s |valid ppl   115.86 | valid loss:  4.83
2020-11-05 23:10:29,850 - nce-1 - WARNING - | end of epoch 370 | time:  5.91s |valid ppl   115.86 | valid loss:  4.73
2020-11-05 23:10:35,723 - nce-1 - WARNING - | end of epoch 371 | time:  5.87s |valid ppl   115.86 | valid loss:  4.72
2020-11-05 23:10:41,607 - nce-1 - WARNING - | end of epoch 372 | time:  5.88s |valid ppl   115.86 | valid loss:  4.66
2020-11-05 23:10:47,491 - nce-1 - WARNING - | end of epoch 373 | time:  5.88s |valid ppl   115.86 | valid loss:  4.86
2020-11-05 23:10:53,373 - nce-1 - WARNING - | end of epoch 374 | time:  5.88s |valid ppl   115.86 | valid loss:  4.72
2020-11-05 23:10:59,259 - nce-1 - WARNING - | end of epoch 375 | time:  5.89s |valid ppl   115.86 | valid loss:  4.87
2020-11-05 23:11:05,143 - nce-1 - WARNING - | end of epoch 376 | time:  5.88s |valid ppl   115.86 | valid loss:  4.72
2020-11-05 23:11:11,028 - nce-1 - WARNING - | end of epoch 377 | time:  5.89s |valid ppl   115.86 | valid loss:  4.74
2020-11-05 23:11:16,903 - nce-1 - WARNING - | end of epoch 378 | time:  5.87s |valid ppl   115.86 | valid loss:  4.73
2020-11-05 23:11:22,781 - nce-1 - WARNING - | end of epoch 379 | time:  5.88s |valid ppl   115.86 | valid loss:  4.83
2020-11-05 23:11:28,664 - nce-1 - WARNING - | end of epoch 380 | time:  5.88s |valid ppl   115.86 | valid loss:  4.82
2020-11-05 23:11:34,542 - nce-1 - WARNING - | end of epoch 381 | time:  5.88s |valid ppl   115.86 | valid loss:  4.76
2020-11-05 23:11:40,425 - nce-1 - WARNING - | end of epoch 382 | time:  5.88s |valid ppl   115.86 | valid loss:  4.83
2020-11-05 23:11:46,328 - nce-1 - WARNING - | end of epoch 383 | time:  5.90s |valid ppl   115.86 | valid loss:  4.78
2020-11-05 23:11:52,255 - nce-1 - WARNING - | end of epoch 384 | time:  5.93s |valid ppl   115.86 | valid loss:  4.76
2020-11-05 23:11:58,182 - nce-1 - WARNING - | end of epoch 385 | time:  5.93s |valid ppl   115.86 | valid loss:  4.51
2020-11-05 23:12:04,128 - nce-1 - WARNING - | end of epoch 386 | time:  5.95s |valid ppl   115.86 | valid loss:  4.79
2020-11-05 23:12:10,010 - nce-1 - WARNING - | end of epoch 387 | time:  5.88s |valid ppl   115.86 | valid loss:  4.67
2020-11-05 23:12:15,872 - nce-1 - WARNING - | end of epoch 388 | time:  5.86s |valid ppl   115.86 | valid loss:  4.86
2020-11-05 23:12:21,739 - nce-1 - WARNING - | end of epoch 389 | time:  5.87s |valid ppl   115.86 | valid loss:  4.72
2020-11-05 23:12:27,606 - nce-1 - WARNING - | end of epoch 390 | time:  5.87s |valid ppl   115.86 | valid loss:  4.82
2020-11-05 23:12:33,473 - nce-1 - WARNING - | end of epoch 391 | time:  5.87s |valid ppl   115.86 | valid loss:  4.76
2020-11-05 23:12:39,338 - nce-1 - WARNING - | end of epoch 392 | time:  5.86s |valid ppl   115.86 | valid loss:  4.54
2020-11-05 23:12:45,200 - nce-1 - WARNING - | end of epoch 393 | time:  5.86s |valid ppl   115.86 | valid loss:  4.79
2020-11-05 23:12:51,066 - nce-1 - WARNING - | end of epoch 394 | time:  5.87s |valid ppl   115.86 | valid loss:  4.67
2020-11-05 23:12:56,938 - nce-1 - WARNING - | end of epoch 395 | time:  5.87s |valid ppl   115.86 | valid loss:  4.87
2020-11-05 23:13:02,802 - nce-1 - WARNING - | end of epoch 396 | time:  5.86s |valid ppl   115.86 | valid loss:  4.75
2020-11-05 23:13:08,667 - nce-1 - WARNING - | end of epoch 397 | time:  5.86s |valid ppl   115.86 | valid loss:  4.77
2020-11-05 23:13:14,546 - nce-1 - WARNING - | end of epoch 398 | time:  5.88s |valid ppl   115.86 | valid loss:  4.75
2020-11-05 23:13:20,413 - nce-1 - WARNING - | end of epoch 399 | time:  5.87s |valid ppl   115.86 | valid loss:  4.77
2020-11-05 23:13:26,280 - nce-1 - WARNING - | end of epoch 400 | time:  5.87s |valid ppl   115.86 | valid loss:  4.85
