2020-11-05 22:36:16,519 - sampled-2 - INFO - Namespace(batch_size=96, bptt=35, clip=0.25, concat=True, cuda=True, data='data/penn', dropout=0.2, emsize=300, epochs=400, index_module='linear', log_interval=1000, loss='sampled', lr=1.0, lr_decay=2, min_freq=3, nhid=300, nlayers=3, noise_ratio=500, norm_term=-1, prof=False, save='sampled-2', seed=1111, tb_name=None, train=True, vocab=None, weight_decay=1e-08)
2020-11-05 22:36:16,843 - sampled-2 - INFO - Vocabulary size is 9957
2020-11-05 22:36:26,277 - sampled-2 - INFO - model definition:
 RNNModel(
  (drop): Dropout(p=0.2, inplace=False)
  (encoder): Embedding(9957, 300)
  (rnn): LSTM(300, 300, num_layers=3, batch_first=True, dropout=0.2)
  (proj): Linear(in_features=300, out_features=300, bias=True)
  (criterion): IndexLinear(
    (alias): AliasMultinomial()
    (bce_with_logits): BCEWithLogitsLoss()
    (ce): CrossEntropyLoss()
    (emb): Embedding(9957, 300)
    (bias): Embedding(9957, 1)
  )
)
2020-11-05 22:36:31,962 - sampled-2 - WARNING - | end of epoch   1 | time:  5.68s |valid ppl   660.50 | valid loss:  6.54
2020-11-05 22:36:37,885 - sampled-2 - WARNING - | end of epoch   2 | time:  5.36s |valid ppl   644.89 | valid loss:  6.52
2020-11-05 22:36:43,670 - sampled-2 - WARNING - | end of epoch   3 | time:  5.42s |valid ppl   489.11 | valid loss:  6.26
2020-11-05 22:36:49,528 - sampled-2 - WARNING - | end of epoch   4 | time:  5.49s |valid ppl   381.15 | valid loss:  6.11
2020-11-05 22:36:55,453 - sampled-2 - WARNING - | end of epoch   5 | time:  5.52s |valid ppl   298.22 | valid loss:  5.63
2020-11-05 22:37:01,456 - sampled-2 - WARNING - | end of epoch   6 | time:  5.61s |valid ppl   247.64 | valid loss:  5.55
2020-11-05 22:37:07,703 - sampled-2 - WARNING - | end of epoch   7 | time:  5.62s |valid ppl   220.07 | valid loss:  5.43
2020-11-05 22:37:13,782 - sampled-2 - WARNING - | end of epoch   8 | time:  5.60s |valid ppl   198.25 | valid loss:  5.39
2020-11-05 22:37:19,736 - sampled-2 - WARNING - | end of epoch   9 | time:  5.56s |valid ppl   187.66 | valid loss:  5.32
2020-11-05 22:37:25,737 - sampled-2 - WARNING - | end of epoch  10 | time:  5.56s |valid ppl   172.77 | valid loss:  5.22
2020-11-05 22:37:32,005 - sampled-2 - WARNING - | end of epoch  11 | time:  5.58s |valid ppl   163.73 | valid loss:  5.17
2020-11-05 22:37:37,989 - sampled-2 - WARNING - | end of epoch  12 | time:  5.61s |valid ppl   157.57 | valid loss:  5.05
2020-11-05 22:37:44,174 - sampled-2 - WARNING - | end of epoch  13 | time:  5.57s |valid ppl   151.95 | valid loss:  5.15
2020-11-05 22:37:51,568 - sampled-2 - WARNING - | end of epoch  14 | time:  5.60s |valid ppl   144.60 | valid loss:  4.92
2020-11-05 22:38:00,789 - sampled-2 - WARNING - | end of epoch  15 | time:  5.64s |valid ppl   141.33 | valid loss:  4.94
2020-11-05 22:38:07,099 - sampled-2 - WARNING - | end of epoch  16 | time:  5.62s |valid ppl   138.13 | valid loss:  4.92
2020-11-05 22:38:13,082 - sampled-2 - WARNING - | end of epoch  17 | time:  5.61s |valid ppl   134.85 | valid loss:  4.92
2020-11-05 22:38:19,068 - sampled-2 - WARNING - | end of epoch  18 | time:  5.62s |valid ppl   131.88 | valid loss:  4.85
2020-11-05 22:38:25,070 - sampled-2 - WARNING - | end of epoch  19 | time:  5.64s |valid ppl   130.13 | valid loss:  4.96
2020-11-05 22:38:31,123 - sampled-2 - WARNING - | end of epoch  20 | time:  5.69s |valid ppl   130.08 | valid loss:  4.95
2020-11-05 22:38:37,263 - sampled-2 - WARNING - | end of epoch  21 | time:  5.68s |valid ppl   128.00 | valid loss:  4.77
2020-11-05 22:38:43,344 - sampled-2 - WARNING - | end of epoch  22 | time:  5.72s |valid ppl   126.73 | valid loss:  4.84
2020-11-05 22:38:49,512 - sampled-2 - WARNING - | end of epoch  23 | time:  5.76s |valid ppl   126.45 | valid loss:  4.87
2020-11-05 22:38:56,210 - sampled-2 - WARNING - | end of epoch  24 | time:  5.75s |valid ppl   125.40 | valid loss:  4.72
2020-11-05 22:39:02,860 - sampled-2 - WARNING - | end of epoch  25 | time:  5.76s |valid ppl   124.70 | valid loss:  4.89
2020-11-05 22:39:09,712 - sampled-2 - WARNING - | end of epoch  26 | time:  5.74s |valid ppl   125.33 | valid loss:  4.87
2020-11-05 22:39:15,520 - sampled-2 - WARNING - | end of epoch  27 | time:  5.81s |valid ppl   119.86 | valid loss:  4.97
2020-11-05 22:39:22,155 - sampled-2 - WARNING - | end of epoch  28 | time:  5.81s |valid ppl   120.58 | valid loss:  4.86
2020-11-05 22:39:27,990 - sampled-2 - WARNING - | end of epoch  29 | time:  5.83s |valid ppl   119.49 | valid loss:  4.79
2020-11-05 22:39:34,204 - sampled-2 - WARNING - | end of epoch  30 | time:  5.85s |valid ppl   119.69 | valid loss:  4.78
2020-11-05 22:39:40,091 - sampled-2 - WARNING - | end of epoch  31 | time:  5.89s |valid ppl   118.79 | valid loss:  4.83
2020-11-05 22:39:46,412 - sampled-2 - WARNING - | end of epoch  32 | time:  5.87s |valid ppl   119.31 | valid loss:  4.86
2020-11-05 22:39:52,317 - sampled-2 - WARNING - | end of epoch  33 | time:  5.90s |valid ppl   118.61 | valid loss:  4.63
2020-11-05 22:39:58,569 - sampled-2 - WARNING - | end of epoch  34 | time:  5.88s |valid ppl   119.30 | valid loss:  4.87
2020-11-05 22:40:04,512 - sampled-2 - WARNING - | end of epoch  35 | time:  5.94s |valid ppl   119.06 | valid loss:  4.85
2020-11-05 22:40:10,473 - sampled-2 - WARNING - | end of epoch  36 | time:  5.96s |valid ppl   118.86 | valid loss:  4.70
2020-11-05 22:40:16,430 - sampled-2 - WARNING - | end of epoch  37 | time:  5.96s |valid ppl   118.96 | valid loss:  4.80
2020-11-05 22:40:22,386 - sampled-2 - WARNING - | end of epoch  38 | time:  5.95s |valid ppl   118.94 | valid loss:  4.81
2020-11-05 22:40:28,363 - sampled-2 - WARNING - | end of epoch  39 | time:  5.98s |valid ppl   118.93 | valid loss:  4.71
2020-11-05 22:40:34,331 - sampled-2 - WARNING - | end of epoch  40 | time:  5.97s |valid ppl   118.94 | valid loss:  4.97
2020-11-05 22:40:40,322 - sampled-2 - WARNING - | end of epoch  41 | time:  5.99s |valid ppl   118.94 | valid loss:  4.64
2020-11-05 22:40:46,298 - sampled-2 - WARNING - | end of epoch  42 | time:  5.98s |valid ppl   118.95 | valid loss:  4.83
2020-11-05 22:40:52,297 - sampled-2 - WARNING - | end of epoch  43 | time:  6.00s |valid ppl   118.95 | valid loss:  4.82
2020-11-05 22:40:58,311 - sampled-2 - WARNING - | end of epoch  44 | time:  6.01s |valid ppl   118.95 | valid loss:  4.95
2020-11-05 22:41:04,359 - sampled-2 - WARNING - | end of epoch  45 | time:  6.05s |valid ppl   118.95 | valid loss:  4.72
2020-11-05 22:41:10,332 - sampled-2 - WARNING - | end of epoch  46 | time:  5.97s |valid ppl   118.95 | valid loss:  4.93
2020-11-05 22:41:16,354 - sampled-2 - WARNING - | end of epoch  47 | time:  6.02s |valid ppl   118.95 | valid loss:  4.87
2020-11-05 22:41:22,410 - sampled-2 - WARNING - | end of epoch  48 | time:  6.06s |valid ppl   118.95 | valid loss:  4.82
2020-11-05 22:41:28,454 - sampled-2 - WARNING - | end of epoch  49 | time:  6.04s |valid ppl   118.95 | valid loss:  4.72
2020-11-05 22:41:34,479 - sampled-2 - WARNING - | end of epoch  50 | time:  6.03s |valid ppl   118.95 | valid loss:  4.83
2020-11-05 22:41:40,518 - sampled-2 - WARNING - | end of epoch  51 | time:  6.04s |valid ppl   118.95 | valid loss:  4.83
2020-11-05 22:41:46,550 - sampled-2 - WARNING - | end of epoch  52 | time:  6.03s |valid ppl   118.95 | valid loss:  4.80
2020-11-05 22:41:52,588 - sampled-2 - WARNING - | end of epoch  53 | time:  6.04s |valid ppl   118.95 | valid loss:  4.78
2020-11-05 22:41:58,625 - sampled-2 - WARNING - | end of epoch  54 | time:  6.04s |valid ppl   118.95 | valid loss:  4.90
2020-11-05 22:42:04,656 - sampled-2 - WARNING - | end of epoch  55 | time:  6.03s |valid ppl   118.95 | valid loss:  4.68
2020-11-05 22:42:10,706 - sampled-2 - WARNING - | end of epoch  56 | time:  6.05s |valid ppl   118.95 | valid loss:  4.81
2020-11-05 22:42:17,770 - sampled-2 - WARNING - | end of epoch  57 | time:  6.03s |valid ppl   118.95 | valid loss:  4.99
2020-11-05 22:42:23,806 - sampled-2 - WARNING - | end of epoch  58 | time:  6.04s |valid ppl   118.95 | valid loss:  4.87
2020-11-05 22:42:29,854 - sampled-2 - WARNING - | end of epoch  59 | time:  6.05s |valid ppl   118.95 | valid loss:  4.64
2020-11-05 22:42:35,905 - sampled-2 - WARNING - | end of epoch  60 | time:  6.05s |valid ppl   118.95 | valid loss:  4.68
2020-11-05 22:42:41,947 - sampled-2 - WARNING - | end of epoch  61 | time:  6.04s |valid ppl   118.95 | valid loss:  4.79
2020-11-05 22:42:48,006 - sampled-2 - WARNING - | end of epoch  62 | time:  6.06s |valid ppl   118.95 | valid loss:  4.75
2020-11-05 22:42:54,056 - sampled-2 - WARNING - | end of epoch  63 | time:  6.05s |valid ppl   118.95 | valid loss:  4.76
2020-11-05 22:43:00,100 - sampled-2 - WARNING - | end of epoch  64 | time:  6.04s |valid ppl   118.95 | valid loss:  4.74
2020-11-05 22:43:06,157 - sampled-2 - WARNING - | end of epoch  65 | time:  6.06s |valid ppl   118.95 | valid loss:  4.86
2020-11-05 22:43:12,193 - sampled-2 - WARNING - | end of epoch  66 | time:  6.04s |valid ppl   118.95 | valid loss:  4.93
2020-11-05 22:43:18,256 - sampled-2 - WARNING - | end of epoch  67 | time:  6.06s |valid ppl   118.95 | valid loss:  4.89
2020-11-05 22:43:24,309 - sampled-2 - WARNING - | end of epoch  68 | time:  6.05s |valid ppl   118.95 | valid loss:  4.67
2020-11-05 22:43:30,366 - sampled-2 - WARNING - | end of epoch  69 | time:  6.06s |valid ppl   118.95 | valid loss:  4.73
2020-11-05 22:43:36,408 - sampled-2 - WARNING - | end of epoch  70 | time:  6.04s |valid ppl   118.95 | valid loss:  4.65
2020-11-05 22:43:42,461 - sampled-2 - WARNING - | end of epoch  71 | time:  6.05s |valid ppl   118.95 | valid loss:  4.96
2020-11-05 22:43:48,523 - sampled-2 - WARNING - | end of epoch  72 | time:  6.06s |valid ppl   118.95 | valid loss:  4.88
2020-11-05 22:43:54,571 - sampled-2 - WARNING - | end of epoch  73 | time:  6.05s |valid ppl   118.95 | valid loss:  4.82
2020-11-05 22:44:00,622 - sampled-2 - WARNING - | end of epoch  74 | time:  6.05s |valid ppl   118.95 | valid loss:  4.79
2020-11-05 22:44:06,674 - sampled-2 - WARNING - | end of epoch  75 | time:  6.05s |valid ppl   118.95 | valid loss:  4.91
2020-11-05 22:44:12,727 - sampled-2 - WARNING - | end of epoch  76 | time:  6.05s |valid ppl   118.95 | valid loss:  4.75
2020-11-05 22:44:18,781 - sampled-2 - WARNING - | end of epoch  77 | time:  6.05s |valid ppl   118.95 | valid loss:  4.68
2020-11-05 22:44:24,818 - sampled-2 - WARNING - | end of epoch  78 | time:  6.04s |valid ppl   118.95 | valid loss:  5.01
2020-11-05 22:44:30,878 - sampled-2 - WARNING - | end of epoch  79 | time:  6.06s |valid ppl   118.95 | valid loss:  4.74
2020-11-05 22:44:36,928 - sampled-2 - WARNING - | end of epoch  80 | time:  6.05s |valid ppl   118.95 | valid loss:  4.80
2020-11-05 22:44:42,968 - sampled-2 - WARNING - | end of epoch  81 | time:  6.04s |valid ppl   118.95 | valid loss:  4.74
2020-11-05 22:44:49,016 - sampled-2 - WARNING - | end of epoch  82 | time:  6.05s |valid ppl   118.95 | valid loss:  4.76
2020-11-05 22:44:55,059 - sampled-2 - WARNING - | end of epoch  83 | time:  6.04s |valid ppl   118.95 | valid loss:  4.61
2020-11-05 22:45:01,119 - sampled-2 - WARNING - | end of epoch  84 | time:  6.06s |valid ppl   118.95 | valid loss:  4.70
2020-11-05 22:45:07,170 - sampled-2 - WARNING - | end of epoch  85 | time:  6.05s |valid ppl   118.95 | valid loss:  4.74
2020-11-05 22:45:13,221 - sampled-2 - WARNING - | end of epoch  86 | time:  6.05s |valid ppl   118.95 | valid loss:  4.88
2020-11-05 22:45:19,274 - sampled-2 - WARNING - | end of epoch  87 | time:  6.05s |valid ppl   118.95 | valid loss:  4.81
2020-11-05 22:45:25,322 - sampled-2 - WARNING - | end of epoch  88 | time:  6.05s |valid ppl   118.95 | valid loss:  4.73
2020-11-05 22:45:31,362 - sampled-2 - WARNING - | end of epoch  89 | time:  6.04s |valid ppl   118.95 | valid loss:  4.73
2020-11-05 22:45:37,399 - sampled-2 - WARNING - | end of epoch  90 | time:  6.04s |valid ppl   118.95 | valid loss:  4.78
2020-11-05 22:45:43,446 - sampled-2 - WARNING - | end of epoch  91 | time:  6.05s |valid ppl   118.95 | valid loss:  4.58
2020-11-05 22:45:49,492 - sampled-2 - WARNING - | end of epoch  92 | time:  6.05s |valid ppl   118.95 | valid loss:  4.69
2020-11-05 22:45:55,532 - sampled-2 - WARNING - | end of epoch  93 | time:  6.04s |valid ppl   118.95 | valid loss:  4.79
2020-11-05 22:46:01,571 - sampled-2 - WARNING - | end of epoch  94 | time:  6.04s |valid ppl   118.95 | valid loss:  4.73
2020-11-05 22:46:07,620 - sampled-2 - WARNING - | end of epoch  95 | time:  6.05s |valid ppl   118.95 | valid loss:  4.90
2020-11-05 22:46:13,669 - sampled-2 - WARNING - | end of epoch  96 | time:  6.05s |valid ppl   118.95 | valid loss:  4.88
2020-11-05 22:46:19,715 - sampled-2 - WARNING - | end of epoch  97 | time:  6.05s |valid ppl   118.95 | valid loss:  4.81
2020-11-05 22:46:25,752 - sampled-2 - WARNING - | end of epoch  98 | time:  6.04s |valid ppl   118.95 | valid loss:  4.81
2020-11-05 22:46:31,808 - sampled-2 - WARNING - | end of epoch  99 | time:  6.06s |valid ppl   118.95 | valid loss:  4.87
2020-11-05 22:46:37,859 - sampled-2 - WARNING - | end of epoch 100 | time:  6.05s |valid ppl   118.95 | valid loss:  4.71
2020-11-05 22:46:43,900 - sampled-2 - WARNING - | end of epoch 101 | time:  6.04s |valid ppl   118.95 | valid loss:  4.77
2020-11-05 22:46:49,940 - sampled-2 - WARNING - | end of epoch 102 | time:  6.04s |valid ppl   118.95 | valid loss:  4.87
2020-11-05 22:46:55,989 - sampled-2 - WARNING - | end of epoch 103 | time:  6.05s |valid ppl   118.95 | valid loss:  4.85
2020-11-05 22:47:02,055 - sampled-2 - WARNING - | end of epoch 104 | time:  6.06s |valid ppl   118.95 | valid loss:  4.63
2020-11-05 22:47:08,100 - sampled-2 - WARNING - | end of epoch 105 | time:  6.05s |valid ppl   118.95 | valid loss:  4.75
2020-11-05 22:47:14,149 - sampled-2 - WARNING - | end of epoch 106 | time:  6.05s |valid ppl   118.95 | valid loss:  4.86
2020-11-05 22:47:20,226 - sampled-2 - WARNING - | end of epoch 107 | time:  6.08s |valid ppl   118.95 | valid loss:  5.07
2020-11-05 22:47:26,299 - sampled-2 - WARNING - | end of epoch 108 | time:  6.07s |valid ppl   118.95 | valid loss:  4.81
2020-11-05 22:47:32,365 - sampled-2 - WARNING - | end of epoch 109 | time:  6.07s |valid ppl   118.95 | valid loss:  4.78
2020-11-05 22:47:38,424 - sampled-2 - WARNING - | end of epoch 110 | time:  6.06s |valid ppl   118.95 | valid loss:  4.77
2020-11-05 22:47:44,501 - sampled-2 - WARNING - | end of epoch 111 | time:  6.08s |valid ppl   118.95 | valid loss:  4.71
2020-11-05 22:47:50,577 - sampled-2 - WARNING - | end of epoch 112 | time:  6.08s |valid ppl   118.95 | valid loss:  4.88
2020-11-05 22:47:56,656 - sampled-2 - WARNING - | end of epoch 113 | time:  6.08s |valid ppl   118.95 | valid loss:  4.78
2020-11-05 22:48:02,744 - sampled-2 - WARNING - | end of epoch 114 | time:  6.09s |valid ppl   118.95 | valid loss:  4.67
2020-11-05 22:48:08,833 - sampled-2 - WARNING - | end of epoch 115 | time:  6.09s |valid ppl   118.95 | valid loss:  4.81
2020-11-05 22:48:14,921 - sampled-2 - WARNING - | end of epoch 116 | time:  6.09s |valid ppl   118.95 | valid loss:  4.68
2020-11-05 22:48:20,996 - sampled-2 - WARNING - | end of epoch 117 | time:  6.07s |valid ppl   118.95 | valid loss:  4.77
2020-11-05 22:48:27,092 - sampled-2 - WARNING - | end of epoch 118 | time:  6.10s |valid ppl   118.95 | valid loss:  4.78
2020-11-05 22:48:33,208 - sampled-2 - WARNING - | end of epoch 119 | time:  6.12s |valid ppl   118.95 | valid loss:  4.64
2020-11-05 22:48:39,299 - sampled-2 - WARNING - | end of epoch 120 | time:  6.09s |valid ppl   118.95 | valid loss:  4.76
2020-11-05 22:48:45,400 - sampled-2 - WARNING - | end of epoch 121 | time:  6.10s |valid ppl   118.95 | valid loss:  4.67
2020-11-05 22:48:51,484 - sampled-2 - WARNING - | end of epoch 122 | time:  6.08s |valid ppl   118.95 | valid loss:  4.85
2020-11-05 22:48:57,585 - sampled-2 - WARNING - | end of epoch 123 | time:  6.10s |valid ppl   118.95 | valid loss:  4.76
2020-11-05 22:49:03,694 - sampled-2 - WARNING - | end of epoch 124 | time:  6.11s |valid ppl   118.95 | valid loss:  4.85
2020-11-05 22:49:09,783 - sampled-2 - WARNING - | end of epoch 125 | time:  6.09s |valid ppl   118.95 | valid loss:  4.89
2020-11-05 22:49:15,876 - sampled-2 - WARNING - | end of epoch 126 | time:  6.09s |valid ppl   118.95 | valid loss:  4.78
2020-11-05 22:49:21,997 - sampled-2 - WARNING - | end of epoch 127 | time:  6.12s |valid ppl   118.95 | valid loss:  4.73
2020-11-05 22:49:28,104 - sampled-2 - WARNING - | end of epoch 128 | time:  6.11s |valid ppl   118.95 | valid loss:  4.85
2020-11-05 22:49:34,210 - sampled-2 - WARNING - | end of epoch 129 | time:  6.11s |valid ppl   118.95 | valid loss:  4.87
2020-11-05 22:49:40,312 - sampled-2 - WARNING - | end of epoch 130 | time:  6.10s |valid ppl   118.95 | valid loss:  4.84
2020-11-05 22:49:46,444 - sampled-2 - WARNING - | end of epoch 131 | time:  6.13s |valid ppl   118.95 | valid loss:  4.75
2020-11-05 22:49:52,634 - sampled-2 - WARNING - | end of epoch 132 | time:  6.19s |valid ppl   118.95 | valid loss:  4.78
2020-11-05 22:49:58,714 - sampled-2 - WARNING - | end of epoch 133 | time:  6.08s |valid ppl   118.95 | valid loss:  4.81
2020-11-05 22:50:04,808 - sampled-2 - WARNING - | end of epoch 134 | time:  6.09s |valid ppl   118.95 | valid loss:  4.68
2020-11-05 22:50:10,906 - sampled-2 - WARNING - | end of epoch 135 | time:  6.10s |valid ppl   118.95 | valid loss:  4.69
2020-11-05 22:50:17,005 - sampled-2 - WARNING - | end of epoch 136 | time:  6.10s |valid ppl   118.95 | valid loss:  4.77
2020-11-05 22:50:23,101 - sampled-2 - WARNING - | end of epoch 137 | time:  6.10s |valid ppl   118.95 | valid loss:  4.76
2020-11-05 22:50:29,202 - sampled-2 - WARNING - | end of epoch 138 | time:  6.10s |valid ppl   118.95 | valid loss:  4.87
2020-11-05 22:50:35,331 - sampled-2 - WARNING - | end of epoch 139 | time:  6.13s |valid ppl   118.95 | valid loss:  4.84
2020-11-05 22:50:41,448 - sampled-2 - WARNING - | end of epoch 140 | time:  6.12s |valid ppl   118.95 | valid loss:  4.52
2020-11-05 22:50:47,576 - sampled-2 - WARNING - | end of epoch 141 | time:  6.13s |valid ppl   118.95 | valid loss:  4.73
2020-11-05 22:50:53,687 - sampled-2 - WARNING - | end of epoch 142 | time:  6.11s |valid ppl   118.95 | valid loss:  4.86
2020-11-05 22:50:59,815 - sampled-2 - WARNING - | end of epoch 143 | time:  6.13s |valid ppl   118.95 | valid loss:  4.83
2020-11-05 22:51:05,969 - sampled-2 - WARNING - | end of epoch 144 | time:  6.15s |valid ppl   118.95 | valid loss:  4.84
2020-11-05 22:51:12,079 - sampled-2 - WARNING - | end of epoch 145 | time:  6.11s |valid ppl   118.95 | valid loss:  4.83
2020-11-05 22:51:18,190 - sampled-2 - WARNING - | end of epoch 146 | time:  6.11s |valid ppl   118.95 | valid loss:  4.80
2020-11-05 22:51:24,309 - sampled-2 - WARNING - | end of epoch 147 | time:  6.12s |valid ppl   118.95 | valid loss:  4.76
2020-11-05 22:51:30,441 - sampled-2 - WARNING - | end of epoch 148 | time:  6.13s |valid ppl   118.95 | valid loss:  4.73
2020-11-05 22:51:36,558 - sampled-2 - WARNING - | end of epoch 149 | time:  6.12s |valid ppl   118.95 | valid loss:  4.68
2020-11-05 22:51:42,668 - sampled-2 - WARNING - | end of epoch 150 | time:  6.11s |valid ppl   118.95 | valid loss:  4.54
2020-11-05 22:51:48,790 - sampled-2 - WARNING - | end of epoch 151 | time:  6.12s |valid ppl   118.95 | valid loss:  4.70
2020-11-05 22:51:54,908 - sampled-2 - WARNING - | end of epoch 152 | time:  6.12s |valid ppl   118.95 | valid loss:  4.89
2020-11-05 22:52:01,046 - sampled-2 - WARNING - | end of epoch 153 | time:  6.14s |valid ppl   118.95 | valid loss:  4.83
2020-11-05 22:52:07,167 - sampled-2 - WARNING - | end of epoch 154 | time:  6.12s |valid ppl   118.95 | valid loss:  4.67
2020-11-05 22:52:13,287 - sampled-2 - WARNING - | end of epoch 155 | time:  6.12s |valid ppl   118.95 | valid loss:  4.81
2020-11-05 22:52:19,415 - sampled-2 - WARNING - | end of epoch 156 | time:  6.13s |valid ppl   118.95 | valid loss:  4.79
2020-11-05 22:52:25,538 - sampled-2 - WARNING - | end of epoch 157 | time:  6.12s |valid ppl   118.95 | valid loss:  4.83
2020-11-05 22:52:31,667 - sampled-2 - WARNING - | end of epoch 158 | time:  6.13s |valid ppl   118.95 | valid loss:  4.73
2020-11-05 22:52:37,802 - sampled-2 - WARNING - | end of epoch 159 | time:  6.13s |valid ppl   118.95 | valid loss:  4.58
2020-11-05 22:52:43,931 - sampled-2 - WARNING - | end of epoch 160 | time:  6.13s |valid ppl   118.95 | valid loss:  4.68
2020-11-05 22:52:50,063 - sampled-2 - WARNING - | end of epoch 161 | time:  6.13s |valid ppl   118.95 | valid loss:  4.70
2020-11-05 22:52:56,184 - sampled-2 - WARNING - | end of epoch 162 | time:  6.12s |valid ppl   118.95 | valid loss:  4.90
2020-11-05 22:53:02,321 - sampled-2 - WARNING - | end of epoch 163 | time:  6.14s |valid ppl   118.95 | valid loss:  4.78
2020-11-05 22:53:08,431 - sampled-2 - WARNING - | end of epoch 164 | time:  6.11s |valid ppl   118.95 | valid loss:  4.76
2020-11-05 22:53:14,542 - sampled-2 - WARNING - | end of epoch 165 | time:  6.11s |valid ppl   118.95 | valid loss:  4.59
2020-11-05 22:53:20,654 - sampled-2 - WARNING - | end of epoch 166 | time:  6.11s |valid ppl   118.95 | valid loss:  4.77
2020-11-05 22:53:26,778 - sampled-2 - WARNING - | end of epoch 167 | time:  6.12s |valid ppl   118.95 | valid loss:  4.63
2020-11-05 22:53:32,915 - sampled-2 - WARNING - | end of epoch 168 | time:  6.14s |valid ppl   118.95 | valid loss:  4.71
2020-11-05 22:53:39,040 - sampled-2 - WARNING - | end of epoch 169 | time:  6.12s |valid ppl   118.95 | valid loss:  4.76
2020-11-05 22:53:45,162 - sampled-2 - WARNING - | end of epoch 170 | time:  6.12s |valid ppl   118.95 | valid loss:  4.75
2020-11-05 22:53:51,300 - sampled-2 - WARNING - | end of epoch 171 | time:  6.14s |valid ppl   118.95 | valid loss:  4.91
2020-11-05 22:53:57,428 - sampled-2 - WARNING - | end of epoch 172 | time:  6.13s |valid ppl   118.95 | valid loss:  4.82
2020-11-05 22:54:03,570 - sampled-2 - WARNING - | end of epoch 173 | time:  6.14s |valid ppl   118.95 | valid loss:  4.71
2020-11-05 22:54:09,703 - sampled-2 - WARNING - | end of epoch 174 | time:  6.13s |valid ppl   118.95 | valid loss:  4.69
2020-11-05 22:54:15,854 - sampled-2 - WARNING - | end of epoch 175 | time:  6.15s |valid ppl   118.95 | valid loss:  4.80
2020-11-05 22:54:21,976 - sampled-2 - WARNING - | end of epoch 176 | time:  6.12s |valid ppl   118.95 | valid loss:  4.79
2020-11-05 22:54:28,092 - sampled-2 - WARNING - | end of epoch 177 | time:  6.12s |valid ppl   118.95 | valid loss:  5.00
2020-11-05 22:54:34,214 - sampled-2 - WARNING - | end of epoch 178 | time:  6.12s |valid ppl   118.95 | valid loss:  4.77
2020-11-05 22:54:40,321 - sampled-2 - WARNING - | end of epoch 179 | time:  6.11s |valid ppl   118.95 | valid loss:  4.81
2020-11-05 22:54:46,457 - sampled-2 - WARNING - | end of epoch 180 | time:  6.13s |valid ppl   118.95 | valid loss:  4.73
2020-11-05 22:54:52,566 - sampled-2 - WARNING - | end of epoch 181 | time:  6.11s |valid ppl   118.95 | valid loss:  4.67
2020-11-05 22:54:58,691 - sampled-2 - WARNING - | end of epoch 182 | time:  6.12s |valid ppl   118.95 | valid loss:  4.87
2020-11-05 22:55:04,829 - sampled-2 - WARNING - | end of epoch 183 | time:  6.14s |valid ppl   118.95 | valid loss:  4.80
2020-11-05 22:55:10,963 - sampled-2 - WARNING - | end of epoch 184 | time:  6.13s |valid ppl   118.95 | valid loss:  4.77
2020-11-05 22:55:17,088 - sampled-2 - WARNING - | end of epoch 185 | time:  6.12s |valid ppl   118.95 | valid loss:  4.73
2020-11-05 22:55:23,206 - sampled-2 - WARNING - | end of epoch 186 | time:  6.12s |valid ppl   118.95 | valid loss:  4.72
2020-11-05 22:55:29,333 - sampled-2 - WARNING - | end of epoch 187 | time:  6.13s |valid ppl   118.95 | valid loss:  4.76
2020-11-05 22:55:35,468 - sampled-2 - WARNING - | end of epoch 188 | time:  6.14s |valid ppl   118.95 | valid loss:  4.86
2020-11-05 22:55:41,594 - sampled-2 - WARNING - | end of epoch 189 | time:  6.13s |valid ppl   118.95 | valid loss:  4.69
2020-11-05 22:55:47,717 - sampled-2 - WARNING - | end of epoch 190 | time:  6.12s |valid ppl   118.95 | valid loss:  4.91
2020-11-05 22:55:53,851 - sampled-2 - WARNING - | end of epoch 191 | time:  6.13s |valid ppl   118.95 | valid loss:  4.86
2020-11-05 22:55:59,982 - sampled-2 - WARNING - | end of epoch 192 | time:  6.13s |valid ppl   118.95 | valid loss:  4.85
2020-11-05 22:56:06,113 - sampled-2 - WARNING - | end of epoch 193 | time:  6.13s |valid ppl   118.95 | valid loss:  4.85
2020-11-05 22:56:12,240 - sampled-2 - WARNING - | end of epoch 194 | time:  6.13s |valid ppl   118.95 | valid loss:  4.83
2020-11-05 22:56:18,383 - sampled-2 - WARNING - | end of epoch 195 | time:  6.14s |valid ppl   118.95 | valid loss:  4.73
2020-11-05 22:56:24,514 - sampled-2 - WARNING - | end of epoch 196 | time:  6.13s |valid ppl   118.95 | valid loss:  4.74
2020-11-05 22:56:30,649 - sampled-2 - WARNING - | end of epoch 197 | time:  6.13s |valid ppl   118.95 | valid loss:  4.69
2020-11-05 22:56:36,782 - sampled-2 - WARNING - | end of epoch 198 | time:  6.13s |valid ppl   118.95 | valid loss:  5.05
2020-11-05 22:56:42,924 - sampled-2 - WARNING - | end of epoch 199 | time:  6.14s |valid ppl   118.95 | valid loss:  4.82
2020-11-05 22:56:49,075 - sampled-2 - WARNING - | end of epoch 200 | time:  6.15s |valid ppl   118.95 | valid loss:  4.91
2020-11-05 22:56:55,200 - sampled-2 - WARNING - | end of epoch 201 | time:  6.12s |valid ppl   118.95 | valid loss:  4.72
2020-11-05 22:57:01,326 - sampled-2 - WARNING - | end of epoch 202 | time:  6.12s |valid ppl   118.95 | valid loss:  4.62
2020-11-05 22:57:07,572 - sampled-2 - WARNING - | end of epoch 203 | time:  6.14s |valid ppl   118.95 | valid loss:  4.67
2020-11-05 22:57:13,685 - sampled-2 - WARNING - | end of epoch 204 | time:  6.11s |valid ppl   118.95 | valid loss:  4.83
2020-11-05 22:57:19,814 - sampled-2 - WARNING - | end of epoch 205 | time:  6.13s |valid ppl   118.95 | valid loss:  4.67
2020-11-05 22:57:25,929 - sampled-2 - WARNING - | end of epoch 206 | time:  6.12s |valid ppl   118.95 | valid loss:  4.77
2020-11-05 22:57:32,063 - sampled-2 - WARNING - | end of epoch 207 | time:  6.13s |valid ppl   118.95 | valid loss:  4.94
2020-11-05 22:57:38,193 - sampled-2 - WARNING - | end of epoch 208 | time:  6.13s |valid ppl   118.95 | valid loss:  4.75
2020-11-05 22:57:44,313 - sampled-2 - WARNING - | end of epoch 209 | time:  6.12s |valid ppl   118.95 | valid loss:  4.67
2020-11-05 22:57:50,429 - sampled-2 - WARNING - | end of epoch 210 | time:  6.12s |valid ppl   118.95 | valid loss:  4.72
2020-11-05 22:57:56,556 - sampled-2 - WARNING - | end of epoch 211 | time:  6.13s |valid ppl   118.95 | valid loss:  4.79
2020-11-05 22:58:02,691 - sampled-2 - WARNING - | end of epoch 212 | time:  6.13s |valid ppl   118.95 | valid loss:  4.81
2020-11-05 22:58:08,817 - sampled-2 - WARNING - | end of epoch 213 | time:  6.13s |valid ppl   118.95 | valid loss:  4.64
2020-11-05 22:58:14,940 - sampled-2 - WARNING - | end of epoch 214 | time:  6.12s |valid ppl   118.95 | valid loss:  4.99
2020-11-05 22:58:21,072 - sampled-2 - WARNING - | end of epoch 215 | time:  6.13s |valid ppl   118.95 | valid loss:  4.72
2020-11-05 22:58:27,208 - sampled-2 - WARNING - | end of epoch 216 | time:  6.14s |valid ppl   118.95 | valid loss:  4.78
2020-11-05 22:58:33,343 - sampled-2 - WARNING - | end of epoch 217 | time:  6.13s |valid ppl   118.95 | valid loss:  4.67
2020-11-05 22:58:39,468 - sampled-2 - WARNING - | end of epoch 218 | time:  6.13s |valid ppl   118.95 | valid loss:  4.74
2020-11-05 22:58:45,622 - sampled-2 - WARNING - | end of epoch 219 | time:  6.15s |valid ppl   118.95 | valid loss:  4.56
2020-11-05 22:58:51,759 - sampled-2 - WARNING - | end of epoch 220 | time:  6.14s |valid ppl   118.95 | valid loss:  4.70
2020-11-05 22:58:57,896 - sampled-2 - WARNING - | end of epoch 221 | time:  6.14s |valid ppl   118.95 | valid loss:  4.76
2020-11-05 22:59:04,045 - sampled-2 - WARNING - | end of epoch 222 | time:  6.15s |valid ppl   118.95 | valid loss:  4.67
2020-11-05 22:59:10,184 - sampled-2 - WARNING - | end of epoch 223 | time:  6.14s |valid ppl   118.95 | valid loss:  4.80
2020-11-05 22:59:16,337 - sampled-2 - WARNING - | end of epoch 224 | time:  6.15s |valid ppl   118.95 | valid loss:  4.72
2020-11-05 22:59:22,474 - sampled-2 - WARNING - | end of epoch 225 | time:  6.14s |valid ppl   118.95 | valid loss:  4.87
2020-11-05 22:59:28,609 - sampled-2 - WARNING - | end of epoch 226 | time:  6.13s |valid ppl   118.95 | valid loss:  4.82
2020-11-05 22:59:34,774 - sampled-2 - WARNING - | end of epoch 227 | time:  6.16s |valid ppl   118.95 | valid loss:  4.85
2020-11-05 22:59:40,928 - sampled-2 - WARNING - | end of epoch 228 | time:  6.15s |valid ppl   118.95 | valid loss:  4.77
2020-11-05 22:59:47,082 - sampled-2 - WARNING - | end of epoch 229 | time:  6.15s |valid ppl   118.95 | valid loss:  4.73
2020-11-05 22:59:53,218 - sampled-2 - WARNING - | end of epoch 230 | time:  6.13s |valid ppl   118.95 | valid loss:  4.86
2020-11-05 22:59:59,370 - sampled-2 - WARNING - | end of epoch 231 | time:  6.15s |valid ppl   118.95 | valid loss:  4.75
2020-11-05 23:00:05,557 - sampled-2 - WARNING - | end of epoch 232 | time:  6.19s |valid ppl   118.95 | valid loss:  4.67
2020-11-05 23:00:11,719 - sampled-2 - WARNING - | end of epoch 233 | time:  6.16s |valid ppl   118.95 | valid loss:  4.73
2020-11-05 23:00:17,862 - sampled-2 - WARNING - | end of epoch 234 | time:  6.14s |valid ppl   118.95 | valid loss:  4.77
2020-11-05 23:00:24,014 - sampled-2 - WARNING - | end of epoch 235 | time:  6.15s |valid ppl   118.95 | valid loss:  4.87
2020-11-05 23:00:30,158 - sampled-2 - WARNING - | end of epoch 236 | time:  6.14s |valid ppl   118.95 | valid loss:  4.77
2020-11-05 23:00:36,299 - sampled-2 - WARNING - | end of epoch 237 | time:  6.14s |valid ppl   118.95 | valid loss:  4.73
2020-11-05 23:00:42,432 - sampled-2 - WARNING - | end of epoch 238 | time:  6.13s |valid ppl   118.95 | valid loss:  4.77
2020-11-05 23:00:48,577 - sampled-2 - WARNING - | end of epoch 239 | time:  6.14s |valid ppl   118.95 | valid loss:  4.83
2020-11-05 23:00:54,729 - sampled-2 - WARNING - | end of epoch 240 | time:  6.15s |valid ppl   118.95 | valid loss:  4.65
2020-11-05 23:01:00,887 - sampled-2 - WARNING - | end of epoch 241 | time:  6.16s |valid ppl   118.95 | valid loss:  4.73
2020-11-05 23:01:07,038 - sampled-2 - WARNING - | end of epoch 242 | time:  6.15s |valid ppl   118.95 | valid loss:  4.83
2020-11-05 23:01:13,190 - sampled-2 - WARNING - | end of epoch 243 | time:  6.15s |valid ppl   118.95 | valid loss:  4.80
2020-11-05 23:01:19,360 - sampled-2 - WARNING - | end of epoch 244 | time:  6.17s |valid ppl   118.95 | valid loss:  4.70
2020-11-05 23:01:25,504 - sampled-2 - WARNING - | end of epoch 245 | time:  6.14s |valid ppl   118.95 | valid loss:  4.80
2020-11-05 23:01:31,665 - sampled-2 - WARNING - | end of epoch 246 | time:  6.16s |valid ppl   118.95 | valid loss:  4.85
2020-11-05 23:01:37,823 - sampled-2 - WARNING - | end of epoch 247 | time:  6.16s |valid ppl   118.95 | valid loss:  4.86
2020-11-05 23:01:44,336 - sampled-2 - WARNING - | end of epoch 248 | time:  6.13s |valid ppl   118.95 | valid loss:  4.75
2020-11-05 23:01:50,483 - sampled-2 - WARNING - | end of epoch 249 | time:  6.15s |valid ppl   118.95 | valid loss:  4.68
2020-11-05 23:01:56,630 - sampled-2 - WARNING - | end of epoch 250 | time:  6.15s |valid ppl   118.95 | valid loss:  4.95
2020-11-05 23:02:02,786 - sampled-2 - WARNING - | end of epoch 251 | time:  6.16s |valid ppl   118.95 | valid loss:  4.80
2020-11-05 23:02:08,936 - sampled-2 - WARNING - | end of epoch 252 | time:  6.15s |valid ppl   118.95 | valid loss:  4.78
2020-11-05 23:02:15,070 - sampled-2 - WARNING - | end of epoch 253 | time:  6.13s |valid ppl   118.95 | valid loss:  4.85
2020-11-05 23:02:21,211 - sampled-2 - WARNING - | end of epoch 254 | time:  6.14s |valid ppl   118.95 | valid loss:  4.67
2020-11-05 23:02:27,373 - sampled-2 - WARNING - | end of epoch 255 | time:  6.16s |valid ppl   118.95 | valid loss:  4.90
2020-11-05 23:02:33,543 - sampled-2 - WARNING - | end of epoch 256 | time:  6.17s |valid ppl   118.95 | valid loss:  4.76
2020-11-05 23:02:39,691 - sampled-2 - WARNING - | end of epoch 257 | time:  6.15s |valid ppl   118.95 | valid loss:  4.72
2020-11-05 23:02:45,838 - sampled-2 - WARNING - | end of epoch 258 | time:  6.15s |valid ppl   118.95 | valid loss:  4.72
2020-11-05 23:02:52,006 - sampled-2 - WARNING - | end of epoch 259 | time:  6.17s |valid ppl   118.95 | valid loss:  4.88
2020-11-05 23:02:58,168 - sampled-2 - WARNING - | end of epoch 260 | time:  6.16s |valid ppl   118.95 | valid loss:  4.88
2020-11-05 23:03:04,344 - sampled-2 - WARNING - | end of epoch 261 | time:  6.18s |valid ppl   118.95 | valid loss:  4.72
2020-11-05 23:03:10,499 - sampled-2 - WARNING - | end of epoch 262 | time:  6.15s |valid ppl   118.95 | valid loss:  4.81
2020-11-05 23:03:16,666 - sampled-2 - WARNING - | end of epoch 263 | time:  6.17s |valid ppl   118.95 | valid loss:  4.92
2020-11-05 23:03:22,837 - sampled-2 - WARNING - | end of epoch 264 | time:  6.17s |valid ppl   118.95 | valid loss:  4.77
2020-11-05 23:03:28,991 - sampled-2 - WARNING - | end of epoch 265 | time:  6.15s |valid ppl   118.95 | valid loss:  4.74
2020-11-05 23:03:35,145 - sampled-2 - WARNING - | end of epoch 266 | time:  6.15s |valid ppl   118.95 | valid loss:  4.74
2020-11-05 23:03:41,312 - sampled-2 - WARNING - | end of epoch 267 | time:  6.17s |valid ppl   118.95 | valid loss:  4.82
2020-11-05 23:03:47,484 - sampled-2 - WARNING - | end of epoch 268 | time:  6.17s |valid ppl   118.95 | valid loss:  4.95
2020-11-05 23:03:53,646 - sampled-2 - WARNING - | end of epoch 269 | time:  6.16s |valid ppl   118.95 | valid loss:  4.76
2020-11-05 23:03:59,805 - sampled-2 - WARNING - | end of epoch 270 | time:  6.16s |valid ppl   118.95 | valid loss:  4.75
2020-11-05 23:04:05,972 - sampled-2 - WARNING - | end of epoch 271 | time:  6.17s |valid ppl   118.95 | valid loss:  4.62
2020-11-05 23:04:12,151 - sampled-2 - WARNING - | end of epoch 272 | time:  6.18s |valid ppl   118.95 | valid loss:  4.77
2020-11-05 23:04:18,331 - sampled-2 - WARNING - | end of epoch 273 | time:  6.18s |valid ppl   118.95 | valid loss:  4.81
2020-11-05 23:04:24,488 - sampled-2 - WARNING - | end of epoch 274 | time:  6.16s |valid ppl   118.95 | valid loss:  4.92
2020-11-05 23:04:30,660 - sampled-2 - WARNING - | end of epoch 275 | time:  6.17s |valid ppl   118.95 | valid loss:  4.68
2020-11-05 23:04:36,824 - sampled-2 - WARNING - | end of epoch 276 | time:  6.16s |valid ppl   118.95 | valid loss:  4.88
2020-11-05 23:04:42,983 - sampled-2 - WARNING - | end of epoch 277 | time:  6.16s |valid ppl   118.95 | valid loss:  4.47
2020-11-05 23:04:49,139 - sampled-2 - WARNING - | end of epoch 278 | time:  6.16s |valid ppl   118.95 | valid loss:  4.86
2020-11-05 23:04:55,303 - sampled-2 - WARNING - | end of epoch 279 | time:  6.16s |valid ppl   118.95 | valid loss:  4.79
2020-11-05 23:05:01,463 - sampled-2 - WARNING - | end of epoch 280 | time:  6.16s |valid ppl   118.95 | valid loss:  4.66
2020-11-05 23:05:07,622 - sampled-2 - WARNING - | end of epoch 281 | time:  6.16s |valid ppl   118.95 | valid loss:  4.85
2020-11-05 23:05:13,780 - sampled-2 - WARNING - | end of epoch 282 | time:  6.16s |valid ppl   118.95 | valid loss:  4.61
2020-11-05 23:05:19,954 - sampled-2 - WARNING - | end of epoch 283 | time:  6.17s |valid ppl   118.95 | valid loss:  4.69
2020-11-05 23:05:26,122 - sampled-2 - WARNING - | end of epoch 284 | time:  6.17s |valid ppl   118.95 | valid loss:  4.79
2020-11-05 23:05:32,285 - sampled-2 - WARNING - | end of epoch 285 | time:  6.16s |valid ppl   118.95 | valid loss:  4.70
2020-11-05 23:05:38,431 - sampled-2 - WARNING - | end of epoch 286 | time:  6.15s |valid ppl   118.95 | valid loss:  4.94
2020-11-05 23:05:44,589 - sampled-2 - WARNING - | end of epoch 287 | time:  6.16s |valid ppl   118.95 | valid loss:  4.78
2020-11-05 23:05:50,732 - sampled-2 - WARNING - | end of epoch 288 | time:  6.14s |valid ppl   118.95 | valid loss:  4.59
2020-11-05 23:05:56,873 - sampled-2 - WARNING - | end of epoch 289 | time:  6.14s |valid ppl   118.95 | valid loss:  4.80
2020-11-05 23:06:03,024 - sampled-2 - WARNING - | end of epoch 290 | time:  6.15s |valid ppl   118.95 | valid loss:  4.81
2020-11-05 23:06:09,167 - sampled-2 - WARNING - | end of epoch 291 | time:  6.14s |valid ppl   118.95 | valid loss:  4.71
2020-11-05 23:06:15,325 - sampled-2 - WARNING - | end of epoch 292 | time:  6.16s |valid ppl   118.95 | valid loss:  4.72
2020-11-05 23:06:21,474 - sampled-2 - WARNING - | end of epoch 293 | time:  6.15s |valid ppl   118.95 | valid loss:  4.57
2020-11-05 23:06:27,620 - sampled-2 - WARNING - | end of epoch 294 | time:  6.15s |valid ppl   118.95 | valid loss:  4.87
2020-11-05 23:06:33,795 - sampled-2 - WARNING - | end of epoch 295 | time:  6.17s |valid ppl   118.95 | valid loss:  4.99
2020-11-05 23:06:39,961 - sampled-2 - WARNING - | end of epoch 296 | time:  6.17s |valid ppl   118.95 | valid loss:  4.84
2020-11-05 23:06:46,125 - sampled-2 - WARNING - | end of epoch 297 | time:  6.16s |valid ppl   118.95 | valid loss:  4.86
2020-11-05 23:06:52,282 - sampled-2 - WARNING - | end of epoch 298 | time:  6.16s |valid ppl   118.95 | valid loss:  4.84
2020-11-05 23:06:58,448 - sampled-2 - WARNING - | end of epoch 299 | time:  6.17s |valid ppl   118.95 | valid loss:  4.78
2020-11-05 23:07:04,637 - sampled-2 - WARNING - | end of epoch 300 | time:  6.19s |valid ppl   118.95 | valid loss:  4.77
2020-11-05 23:07:10,783 - sampled-2 - WARNING - | end of epoch 301 | time:  6.15s |valid ppl   118.95 | valid loss:  4.68
2020-11-05 23:07:16,934 - sampled-2 - WARNING - | end of epoch 302 | time:  6.15s |valid ppl   118.95 | valid loss:  4.69
2020-11-05 23:07:23,090 - sampled-2 - WARNING - | end of epoch 303 | time:  6.16s |valid ppl   118.95 | valid loss:  4.80
2020-11-05 23:07:29,249 - sampled-2 - WARNING - | end of epoch 304 | time:  6.16s |valid ppl   118.95 | valid loss:  4.73
2020-11-05 23:07:35,438 - sampled-2 - WARNING - | end of epoch 305 | time:  6.19s |valid ppl   118.95 | valid loss:  4.82
2020-11-05 23:07:41,594 - sampled-2 - WARNING - | end of epoch 306 | time:  6.16s |valid ppl   118.95 | valid loss:  4.52
2020-11-05 23:07:47,760 - sampled-2 - WARNING - | end of epoch 307 | time:  6.17s |valid ppl   118.95 | valid loss:  4.79
2020-11-05 23:07:53,921 - sampled-2 - WARNING - | end of epoch 308 | time:  6.16s |valid ppl   118.95 | valid loss:  4.77
2020-11-05 23:08:00,081 - sampled-2 - WARNING - | end of epoch 309 | time:  6.16s |valid ppl   118.95 | valid loss:  4.76
2020-11-05 23:08:06,235 - sampled-2 - WARNING - | end of epoch 310 | time:  6.15s |valid ppl   118.95 | valid loss:  4.78
2020-11-05 23:08:12,404 - sampled-2 - WARNING - | end of epoch 311 | time:  6.17s |valid ppl   118.95 | valid loss:  4.77
2020-11-05 23:08:18,572 - sampled-2 - WARNING - | end of epoch 312 | time:  6.17s |valid ppl   118.95 | valid loss:  4.72
2020-11-05 23:08:24,733 - sampled-2 - WARNING - | end of epoch 313 | time:  6.16s |valid ppl   118.95 | valid loss:  4.69
2020-11-05 23:08:30,908 - sampled-2 - WARNING - | end of epoch 314 | time:  6.17s |valid ppl   118.95 | valid loss:  4.82
2020-11-05 23:08:37,083 - sampled-2 - WARNING - | end of epoch 315 | time:  6.17s |valid ppl   118.95 | valid loss:  4.70
2020-11-05 23:08:43,248 - sampled-2 - WARNING - | end of epoch 316 | time:  6.16s |valid ppl   118.95 | valid loss:  4.73
2020-11-05 23:08:49,416 - sampled-2 - WARNING - | end of epoch 317 | time:  6.17s |valid ppl   118.95 | valid loss:  4.86
2020-11-05 23:08:55,575 - sampled-2 - WARNING - | end of epoch 318 | time:  6.16s |valid ppl   118.95 | valid loss:  4.71
2020-11-05 23:09:01,764 - sampled-2 - WARNING - | end of epoch 319 | time:  6.19s |valid ppl   118.95 | valid loss:  4.66
2020-11-05 23:09:07,954 - sampled-2 - WARNING - | end of epoch 320 | time:  6.19s |valid ppl   118.95 | valid loss:  4.68
2020-11-05 23:09:14,117 - sampled-2 - WARNING - | end of epoch 321 | time:  6.16s |valid ppl   118.95 | valid loss:  4.93
2020-11-05 23:09:20,292 - sampled-2 - WARNING - | end of epoch 322 | time:  6.18s |valid ppl   118.95 | valid loss:  4.53
2020-11-05 23:09:26,468 - sampled-2 - WARNING - | end of epoch 323 | time:  6.18s |valid ppl   118.95 | valid loss:  4.61
2020-11-05 23:09:32,635 - sampled-2 - WARNING - | end of epoch 324 | time:  6.17s |valid ppl   118.95 | valid loss:  4.77
2020-11-05 23:09:38,801 - sampled-2 - WARNING - | end of epoch 325 | time:  6.17s |valid ppl   118.95 | valid loss:  4.85
2020-11-05 23:09:44,974 - sampled-2 - WARNING - | end of epoch 326 | time:  6.17s |valid ppl   118.95 | valid loss:  5.06
2020-11-05 23:09:51,152 - sampled-2 - WARNING - | end of epoch 327 | time:  6.18s |valid ppl   118.95 | valid loss:  4.61
2020-11-05 23:09:57,338 - sampled-2 - WARNING - | end of epoch 328 | time:  6.19s |valid ppl   118.95 | valid loss:  4.82
2020-11-05 23:10:03,532 - sampled-2 - WARNING - | end of epoch 329 | time:  6.19s |valid ppl   118.95 | valid loss:  4.91
2020-11-05 23:10:09,696 - sampled-2 - WARNING - | end of epoch 330 | time:  6.16s |valid ppl   118.95 | valid loss:  4.82
2020-11-05 23:10:15,870 - sampled-2 - WARNING - | end of epoch 331 | time:  6.17s |valid ppl   118.95 | valid loss:  4.83
2020-11-05 23:10:22,040 - sampled-2 - WARNING - | end of epoch 332 | time:  6.17s |valid ppl   118.95 | valid loss:  4.87
2020-11-05 23:10:28,198 - sampled-2 - WARNING - | end of epoch 333 | time:  6.16s |valid ppl   118.95 | valid loss:  4.56
2020-11-05 23:10:34,368 - sampled-2 - WARNING - | end of epoch 334 | time:  6.17s |valid ppl   118.95 | valid loss:  4.83
2020-11-05 23:10:40,539 - sampled-2 - WARNING - | end of epoch 335 | time:  6.17s |valid ppl   118.95 | valid loss:  4.87
2020-11-05 23:10:46,721 - sampled-2 - WARNING - | end of epoch 336 | time:  6.18s |valid ppl   118.95 | valid loss:  4.81
2020-11-05 23:10:52,884 - sampled-2 - WARNING - | end of epoch 337 | time:  6.16s |valid ppl   118.95 | valid loss:  5.12
2020-11-05 23:10:59,042 - sampled-2 - WARNING - | end of epoch 338 | time:  6.16s |valid ppl   118.95 | valid loss:  4.94
2020-11-05 23:11:05,218 - sampled-2 - WARNING - | end of epoch 339 | time:  6.18s |valid ppl   118.95 | valid loss:  5.02
2020-11-05 23:11:11,405 - sampled-2 - WARNING - | end of epoch 340 | time:  6.19s |valid ppl   118.95 | valid loss:  4.94
2020-11-05 23:11:17,578 - sampled-2 - WARNING - | end of epoch 341 | time:  6.17s |valid ppl   118.95 | valid loss:  4.59
2020-11-05 23:11:23,748 - sampled-2 - WARNING - | end of epoch 342 | time:  6.17s |valid ppl   118.95 | valid loss:  4.72
2020-11-05 23:11:29,925 - sampled-2 - WARNING - | end of epoch 343 | time:  6.18s |valid ppl   118.95 | valid loss:  4.82
2020-11-05 23:11:36,101 - sampled-2 - WARNING - | end of epoch 344 | time:  6.17s |valid ppl   118.95 | valid loss:  4.67
2020-11-05 23:11:42,266 - sampled-2 - WARNING - | end of epoch 345 | time:  6.16s |valid ppl   118.95 | valid loss:  4.74
2020-11-05 23:11:48,445 - sampled-2 - WARNING - | end of epoch 346 | time:  6.18s |valid ppl   118.95 | valid loss:  4.60
2020-11-05 23:11:54,631 - sampled-2 - WARNING - | end of epoch 347 | time:  6.19s |valid ppl   118.95 | valid loss:  4.82
2020-11-05 23:12:00,808 - sampled-2 - WARNING - | end of epoch 348 | time:  6.18s |valid ppl   118.95 | valid loss:  4.66
2020-11-05 23:12:06,980 - sampled-2 - WARNING - | end of epoch 349 | time:  6.17s |valid ppl   118.95 | valid loss:  4.79
2020-11-05 23:12:13,138 - sampled-2 - WARNING - | end of epoch 350 | time:  6.16s |valid ppl   118.95 | valid loss:  4.72
2020-11-05 23:12:19,310 - sampled-2 - WARNING - | end of epoch 351 | time:  6.17s |valid ppl   118.95 | valid loss:  4.76
2020-11-05 23:12:25,476 - sampled-2 - WARNING - | end of epoch 352 | time:  6.17s |valid ppl   118.95 | valid loss:  4.52
2020-11-05 23:12:31,639 - sampled-2 - WARNING - | end of epoch 353 | time:  6.16s |valid ppl   118.95 | valid loss:  4.97
2020-11-05 23:12:37,802 - sampled-2 - WARNING - | end of epoch 354 | time:  6.16s |valid ppl   118.95 | valid loss:  4.63
2020-11-05 23:12:43,972 - sampled-2 - WARNING - | end of epoch 355 | time:  6.17s |valid ppl   118.95 | valid loss:  4.82
2020-11-05 23:12:50,163 - sampled-2 - WARNING - | end of epoch 356 | time:  6.19s |valid ppl   118.95 | valid loss:  4.82
2020-11-05 23:12:56,334 - sampled-2 - WARNING - | end of epoch 357 | time:  6.17s |valid ppl   118.95 | valid loss:  4.84
2020-11-05 23:13:02,496 - sampled-2 - WARNING - | end of epoch 358 | time:  6.16s |valid ppl   118.95 | valid loss:  4.90
2020-11-05 23:13:08,673 - sampled-2 - WARNING - | end of epoch 359 | time:  6.18s |valid ppl   118.95 | valid loss:  4.70
2020-11-05 23:13:14,844 - sampled-2 - WARNING - | end of epoch 360 | time:  6.17s |valid ppl   118.95 | valid loss:  4.82
2020-11-05 23:13:21,015 - sampled-2 - WARNING - | end of epoch 361 | time:  6.17s |valid ppl   118.95 | valid loss:  4.80
2020-11-05 23:13:27,179 - sampled-2 - WARNING - | end of epoch 362 | time:  6.16s |valid ppl   118.95 | valid loss:  4.80
2020-11-05 23:13:33,367 - sampled-2 - WARNING - | end of epoch 363 | time:  6.19s |valid ppl   118.95 | valid loss:  4.79
2020-11-05 23:13:39,542 - sampled-2 - WARNING - | end of epoch 364 | time:  6.17s |valid ppl   118.95 | valid loss:  4.77
2020-11-05 23:13:45,714 - sampled-2 - WARNING - | end of epoch 365 | time:  6.17s |valid ppl   118.95 | valid loss:  4.84
2020-11-05 23:13:51,884 - sampled-2 - WARNING - | end of epoch 366 | time:  6.17s |valid ppl   118.95 | valid loss:  4.78
2020-11-05 23:13:58,060 - sampled-2 - WARNING - | end of epoch 367 | time:  6.18s |valid ppl   118.95 | valid loss:  4.90
2020-11-05 23:14:04,248 - sampled-2 - WARNING - | end of epoch 368 | time:  6.19s |valid ppl   118.95 | valid loss:  4.73
2020-11-05 23:14:10,434 - sampled-2 - WARNING - | end of epoch 369 | time:  6.19s |valid ppl   118.95 | valid loss:  4.87
2020-11-05 23:14:16,616 - sampled-2 - WARNING - | end of epoch 370 | time:  6.18s |valid ppl   118.95 | valid loss:  4.78
2020-11-05 23:14:22,811 - sampled-2 - WARNING - | end of epoch 371 | time:  6.19s |valid ppl   118.95 | valid loss:  4.74
2020-11-05 23:14:29,006 - sampled-2 - WARNING - | end of epoch 372 | time:  6.20s |valid ppl   118.95 | valid loss:  4.69
2020-11-05 23:14:35,192 - sampled-2 - WARNING - | end of epoch 373 | time:  6.18s |valid ppl   118.95 | valid loss:  4.91
2020-11-05 23:14:41,367 - sampled-2 - WARNING - | end of epoch 374 | time:  6.17s |valid ppl   118.95 | valid loss:  4.75
2020-11-05 23:14:47,545 - sampled-2 - WARNING - | end of epoch 375 | time:  6.18s |valid ppl   118.95 | valid loss:  4.89
2020-11-05 23:14:53,719 - sampled-2 - WARNING - | end of epoch 376 | time:  6.17s |valid ppl   118.95 | valid loss:  4.74
2020-11-05 23:14:59,891 - sampled-2 - WARNING - | end of epoch 377 | time:  6.17s |valid ppl   118.95 | valid loss:  4.77
2020-11-05 23:15:06,079 - sampled-2 - WARNING - | end of epoch 378 | time:  6.19s |valid ppl   118.95 | valid loss:  4.76
2020-11-05 23:15:12,265 - sampled-2 - WARNING - | end of epoch 379 | time:  6.19s |valid ppl   118.95 | valid loss:  4.87
2020-11-05 23:15:18,455 - sampled-2 - WARNING - | end of epoch 380 | time:  6.19s |valid ppl   118.95 | valid loss:  4.86
2020-11-05 23:15:24,634 - sampled-2 - WARNING - | end of epoch 381 | time:  6.18s |valid ppl   118.95 | valid loss:  4.79
2020-11-05 23:15:30,822 - sampled-2 - WARNING - | end of epoch 382 | time:  6.19s |valid ppl   118.95 | valid loss:  4.85
2020-11-05 23:15:37,055 - sampled-2 - WARNING - | end of epoch 383 | time:  6.23s |valid ppl   118.95 | valid loss:  4.78
2020-11-05 23:15:43,236 - sampled-2 - WARNING - | end of epoch 384 | time:  6.18s |valid ppl   118.95 | valid loss:  4.78
2020-11-05 23:15:49,406 - sampled-2 - WARNING - | end of epoch 385 | time:  6.17s |valid ppl   118.95 | valid loss:  4.55
2020-11-05 23:15:55,575 - sampled-2 - WARNING - | end of epoch 386 | time:  6.17s |valid ppl   118.95 | valid loss:  4.80
2020-11-05 23:16:01,762 - sampled-2 - WARNING - | end of epoch 387 | time:  6.19s |valid ppl   118.95 | valid loss:  4.65
2020-11-05 23:16:07,943 - sampled-2 - WARNING - | end of epoch 388 | time:  6.18s |valid ppl   118.95 | valid loss:  4.88
2020-11-05 23:16:14,116 - sampled-2 - WARNING - | end of epoch 389 | time:  6.17s |valid ppl   118.95 | valid loss:  4.77
2020-11-05 23:16:20,299 - sampled-2 - WARNING - | end of epoch 390 | time:  6.18s |valid ppl   118.95 | valid loss:  4.86
2020-11-05 23:16:26,491 - sampled-2 - WARNING - | end of epoch 391 | time:  6.19s |valid ppl   118.95 | valid loss:  4.79
2020-11-05 23:16:32,676 - sampled-2 - WARNING - | end of epoch 392 | time:  6.19s |valid ppl   118.95 | valid loss:  4.55
2020-11-05 23:16:38,863 - sampled-2 - WARNING - | end of epoch 393 | time:  6.19s |valid ppl   118.95 | valid loss:  4.85
2020-11-05 23:16:45,052 - sampled-2 - WARNING - | end of epoch 394 | time:  6.19s |valid ppl   118.95 | valid loss:  4.71
2020-11-05 23:16:51,255 - sampled-2 - WARNING - | end of epoch 395 | time:  6.20s |valid ppl   118.95 | valid loss:  4.90
2020-11-05 23:16:57,447 - sampled-2 - WARNING - | end of epoch 396 | time:  6.19s |valid ppl   118.95 | valid loss:  4.77
2020-11-05 23:17:03,640 - sampled-2 - WARNING - | end of epoch 397 | time:  6.19s |valid ppl   118.95 | valid loss:  4.85
2020-11-05 23:17:09,823 - sampled-2 - WARNING - | end of epoch 398 | time:  6.18s |valid ppl   118.95 | valid loss:  4.75
2020-11-05 23:17:16,004 - sampled-2 - WARNING - | end of epoch 399 | time:  6.18s |valid ppl   118.95 | valid loss:  4.76
2020-11-05 23:17:22,189 - sampled-2 - WARNING - | end of epoch 400 | time:  6.19s |valid ppl   118.95 | valid loss:  4.90
