2020-11-05 22:36:00,766 - sampled-1 - INFO - Namespace(batch_size=96, bptt=35, clip=0.25, concat=True, cuda=True, data='data/penn', dropout=0.2, emsize=300, epochs=400, index_module='linear', log_interval=1000, loss='sampled', lr=1.0, lr_decay=2, min_freq=3, nhid=300, nlayers=3, noise_ratio=500, norm_term=-1, prof=False, save='sampled-1', seed=1111, tb_name=None, train=True, vocab=None, weight_decay=1e-08)
2020-11-05 22:36:01,109 - sampled-1 - INFO - Vocabulary size is 9957
2020-11-05 22:36:10,407 - sampled-1 - INFO - model definition:
 RNNModel(
  (drop): Dropout(p=0.2, inplace=False)
  (encoder): Embedding(9957, 300)
  (rnn): LSTM(300, 300, num_layers=3, batch_first=True, dropout=0.2)
  (proj): Linear(in_features=300, out_features=300, bias=True)
  (criterion): IndexLinear(
    (alias): AliasMultinomial()
    (bce_with_logits): BCEWithLogitsLoss()
    (ce): CrossEntropyLoss()
    (emb): Embedding(9957, 300)
    (bias): Embedding(9957, 1)
  )
)
2020-11-05 22:36:15,992 - sampled-1 - WARNING - | end of epoch   1 | time:  5.58s |valid ppl   660.50 | valid loss:  6.54
2020-11-05 22:36:21,741 - sampled-1 - WARNING - | end of epoch   2 | time:  5.35s |valid ppl   644.67 | valid loss:  6.52
2020-11-05 22:36:27,525 - sampled-1 - WARNING - | end of epoch   3 | time:  5.39s |valid ppl   489.10 | valid loss:  6.26
2020-11-05 22:36:33,553 - sampled-1 - WARNING - | end of epoch   4 | time:  5.42s |valid ppl   380.92 | valid loss:  6.11
2020-11-05 22:36:39,418 - sampled-1 - WARNING - | end of epoch   5 | time:  5.44s |valid ppl   297.80 | valid loss:  5.63
2020-11-05 22:36:45,322 - sampled-1 - WARNING - | end of epoch   6 | time:  5.52s |valid ppl   247.86 | valid loss:  5.55
2020-11-05 22:36:51,447 - sampled-1 - WARNING - | end of epoch   7 | time:  5.55s |valid ppl   220.11 | valid loss:  5.43
2020-11-05 22:36:57,323 - sampled-1 - WARNING - | end of epoch   8 | time:  5.52s |valid ppl   198.52 | valid loss:  5.39
2020-11-05 22:37:03,203 - sampled-1 - WARNING - | end of epoch   9 | time:  5.51s |valid ppl   187.84 | valid loss:  5.32
2020-11-05 22:37:09,111 - sampled-1 - WARNING - | end of epoch  10 | time:  5.51s |valid ppl   172.84 | valid loss:  5.22
2020-11-05 22:37:15,009 - sampled-1 - WARNING - | end of epoch  11 | time:  5.53s |valid ppl   163.77 | valid loss:  5.17
2020-11-05 22:37:21,005 - sampled-1 - WARNING - | end of epoch  12 | time:  5.55s |valid ppl   157.97 | valid loss:  5.05
2020-11-05 22:37:26,983 - sampled-1 - WARNING - | end of epoch  13 | time:  5.55s |valid ppl   151.97 | valid loss:  5.15
2020-11-05 22:37:33,003 - sampled-1 - WARNING - | end of epoch  14 | time:  5.55s |valid ppl   144.59 | valid loss:  4.92
2020-11-05 22:37:38,938 - sampled-1 - WARNING - | end of epoch  15 | time:  5.57s |valid ppl   141.38 | valid loss:  4.95
2020-11-05 22:37:45,059 - sampled-1 - WARNING - | end of epoch  16 | time:  5.58s |valid ppl   138.28 | valid loss:  4.92
2020-11-05 22:37:53,739 - sampled-1 - WARNING - | end of epoch  17 | time:  5.61s |valid ppl   134.82 | valid loss:  4.92
2020-11-05 22:38:02,873 - sampled-1 - WARNING - | end of epoch  18 | time:  5.61s |valid ppl   132.03 | valid loss:  4.85
2020-11-05 22:38:09,282 - sampled-1 - WARNING - | end of epoch  19 | time:  5.59s |valid ppl   130.02 | valid loss:  4.96
2020-11-05 22:38:15,530 - sampled-1 - WARNING - | end of epoch  20 | time:  5.60s |valid ppl   129.84 | valid loss:  4.96
2020-11-05 22:38:21,761 - sampled-1 - WARNING - | end of epoch  21 | time:  5.60s |valid ppl   128.15 | valid loss:  4.77
2020-11-05 22:38:27,734 - sampled-1 - WARNING - | end of epoch  22 | time:  5.60s |valid ppl   126.49 | valid loss:  4.84
2020-11-05 22:38:33,780 - sampled-1 - WARNING - | end of epoch  23 | time:  5.63s |valid ppl   126.30 | valid loss:  4.87
2020-11-05 22:38:40,019 - sampled-1 - WARNING - | end of epoch  24 | time:  5.63s |valid ppl   125.19 | valid loss:  4.73
2020-11-05 22:38:46,040 - sampled-1 - WARNING - | end of epoch  25 | time:  5.66s |valid ppl   124.76 | valid loss:  4.88
2020-11-05 22:38:52,134 - sampled-1 - WARNING - | end of epoch  26 | time:  5.67s |valid ppl   125.38 | valid loss:  4.88
2020-11-05 22:38:57,834 - sampled-1 - WARNING - | end of epoch  27 | time:  5.70s |valid ppl   119.68 | valid loss:  4.98
2020-11-05 22:39:06,145 - sampled-1 - WARNING - | end of epoch  28 | time:  5.70s |valid ppl   120.40 | valid loss:  4.84
2020-11-05 22:39:11,855 - sampled-1 - WARNING - | end of epoch  29 | time:  5.71s |valid ppl   119.16 | valid loss:  4.79
2020-11-05 22:39:18,152 - sampled-1 - WARNING - | end of epoch  30 | time:  5.73s |valid ppl   119.69 | valid loss:  4.77
2020-11-05 22:39:23,931 - sampled-1 - WARNING - | end of epoch  31 | time:  5.78s |valid ppl   118.63 | valid loss:  4.81
2020-11-05 22:39:30,215 - sampled-1 - WARNING - | end of epoch  32 | time:  5.79s |valid ppl   118.96 | valid loss:  4.86
2020-11-05 22:39:36,041 - sampled-1 - WARNING - | end of epoch  33 | time:  5.83s |valid ppl   118.53 | valid loss:  4.63
2020-11-05 22:39:42,219 - sampled-1 - WARNING - | end of epoch  34 | time:  5.81s |valid ppl   119.13 | valid loss:  4.87
2020-11-05 22:39:48,068 - sampled-1 - WARNING - | end of epoch  35 | time:  5.85s |valid ppl   118.84 | valid loss:  4.86
2020-11-05 22:39:53,941 - sampled-1 - WARNING - | end of epoch  36 | time:  5.87s |valid ppl   118.72 | valid loss:  4.71
2020-11-05 22:39:59,808 - sampled-1 - WARNING - | end of epoch  37 | time:  5.87s |valid ppl   118.82 | valid loss:  4.79
2020-11-05 22:40:05,736 - sampled-1 - WARNING - | end of epoch  38 | time:  5.93s |valid ppl   118.77 | valid loss:  4.80
2020-11-05 22:40:11,651 - sampled-1 - WARNING - | end of epoch  39 | time:  5.92s |valid ppl   118.79 | valid loss:  4.70
2020-11-05 22:40:17,570 - sampled-1 - WARNING - | end of epoch  40 | time:  5.92s |valid ppl   118.78 | valid loss:  4.96
2020-11-05 22:40:23,476 - sampled-1 - WARNING - | end of epoch  41 | time:  5.90s |valid ppl   118.79 | valid loss:  4.64
2020-11-05 22:40:29,398 - sampled-1 - WARNING - | end of epoch  42 | time:  5.92s |valid ppl   118.79 | valid loss:  4.83
2020-11-05 22:40:35,341 - sampled-1 - WARNING - | end of epoch  43 | time:  5.94s |valid ppl   118.79 | valid loss:  4.82
2020-11-05 22:40:41,281 - sampled-1 - WARNING - | end of epoch  44 | time:  5.94s |valid ppl   118.80 | valid loss:  4.96
2020-11-05 22:40:47,217 - sampled-1 - WARNING - | end of epoch  45 | time:  5.94s |valid ppl   118.80 | valid loss:  4.73
2020-11-05 22:40:53,152 - sampled-1 - WARNING - | end of epoch  46 | time:  5.93s |valid ppl   118.79 | valid loss:  4.93
2020-11-05 22:40:59,092 - sampled-1 - WARNING - | end of epoch  47 | time:  5.94s |valid ppl   118.79 | valid loss:  4.86
2020-11-05 22:41:05,061 - sampled-1 - WARNING - | end of epoch  48 | time:  5.97s |valid ppl   118.79 | valid loss:  4.81
2020-11-05 22:41:11,003 - sampled-1 - WARNING - | end of epoch  49 | time:  5.94s |valid ppl   118.79 | valid loss:  4.73
2020-11-05 22:41:16,958 - sampled-1 - WARNING - | end of epoch  50 | time:  5.95s |valid ppl   118.79 | valid loss:  4.83
2020-11-05 22:41:22,901 - sampled-1 - WARNING - | end of epoch  51 | time:  5.94s |valid ppl   118.79 | valid loss:  4.83
2020-11-05 22:41:28,846 - sampled-1 - WARNING - | end of epoch  52 | time:  5.95s |valid ppl   118.79 | valid loss:  4.80
2020-11-05 22:41:34,797 - sampled-1 - WARNING - | end of epoch  53 | time:  5.95s |valid ppl   118.79 | valid loss:  4.79
2020-11-05 22:41:40,739 - sampled-1 - WARNING - | end of epoch  54 | time:  5.94s |valid ppl   118.79 | valid loss:  4.90
2020-11-05 22:41:46,687 - sampled-1 - WARNING - | end of epoch  55 | time:  5.95s |valid ppl   118.79 | valid loss:  4.68
2020-11-05 22:41:52,626 - sampled-1 - WARNING - | end of epoch  56 | time:  5.94s |valid ppl   118.79 | valid loss:  4.83
2020-11-05 22:41:58,565 - sampled-1 - WARNING - | end of epoch  57 | time:  5.94s |valid ppl   118.79 | valid loss:  4.99
2020-11-05 22:42:04,516 - sampled-1 - WARNING - | end of epoch  58 | time:  5.95s |valid ppl   118.79 | valid loss:  4.88
2020-11-05 22:42:10,461 - sampled-1 - WARNING - | end of epoch  59 | time:  5.94s |valid ppl   118.79 | valid loss:  4.64
2020-11-05 22:42:16,414 - sampled-1 - WARNING - | end of epoch  60 | time:  5.95s |valid ppl   118.79 | valid loss:  4.67
2020-11-05 22:42:22,357 - sampled-1 - WARNING - | end of epoch  61 | time:  5.94s |valid ppl   118.79 | valid loss:  4.77
2020-11-05 22:42:28,303 - sampled-1 - WARNING - | end of epoch  62 | time:  5.95s |valid ppl   118.79 | valid loss:  4.75
2020-11-05 22:42:34,267 - sampled-1 - WARNING - | end of epoch  63 | time:  5.96s |valid ppl   118.79 | valid loss:  4.76
2020-11-05 22:42:40,215 - sampled-1 - WARNING - | end of epoch  64 | time:  5.95s |valid ppl   118.79 | valid loss:  4.74
2020-11-05 22:42:46,155 - sampled-1 - WARNING - | end of epoch  65 | time:  5.94s |valid ppl   118.79 | valid loss:  4.86
2020-11-05 22:42:52,093 - sampled-1 - WARNING - | end of epoch  66 | time:  5.94s |valid ppl   118.79 | valid loss:  4.93
2020-11-05 22:42:58,039 - sampled-1 - WARNING - | end of epoch  67 | time:  5.95s |valid ppl   118.79 | valid loss:  4.90
2020-11-05 22:43:03,992 - sampled-1 - WARNING - | end of epoch  68 | time:  5.95s |valid ppl   118.79 | valid loss:  4.68
2020-11-05 22:43:09,935 - sampled-1 - WARNING - | end of epoch  69 | time:  5.94s |valid ppl   118.79 | valid loss:  4.72
2020-11-05 22:43:15,876 - sampled-1 - WARNING - | end of epoch  70 | time:  5.94s |valid ppl   118.79 | valid loss:  4.65
2020-11-05 22:43:21,835 - sampled-1 - WARNING - | end of epoch  71 | time:  5.96s |valid ppl   118.79 | valid loss:  4.95
2020-11-05 22:43:27,778 - sampled-1 - WARNING - | end of epoch  72 | time:  5.94s |valid ppl   118.79 | valid loss:  4.86
2020-11-05 22:43:33,733 - sampled-1 - WARNING - | end of epoch  73 | time:  5.95s |valid ppl   118.79 | valid loss:  4.82
2020-11-05 22:43:39,675 - sampled-1 - WARNING - | end of epoch  74 | time:  5.94s |valid ppl   118.79 | valid loss:  4.80
2020-11-05 22:43:45,628 - sampled-1 - WARNING - | end of epoch  75 | time:  5.95s |valid ppl   118.79 | valid loss:  4.90
2020-11-05 22:43:51,602 - sampled-1 - WARNING - | end of epoch  76 | time:  5.97s |valid ppl   118.79 | valid loss:  4.76
2020-11-05 22:43:57,555 - sampled-1 - WARNING - | end of epoch  77 | time:  5.95s |valid ppl   118.79 | valid loss:  4.67
2020-11-05 22:44:03,529 - sampled-1 - WARNING - | end of epoch  78 | time:  5.97s |valid ppl   118.79 | valid loss:  5.00
2020-11-05 22:44:09,494 - sampled-1 - WARNING - | end of epoch  79 | time:  5.96s |valid ppl   118.79 | valid loss:  4.74
2020-11-05 22:44:15,477 - sampled-1 - WARNING - | end of epoch  80 | time:  5.98s |valid ppl   118.79 | valid loss:  4.80
2020-11-05 22:44:21,458 - sampled-1 - WARNING - | end of epoch  81 | time:  5.98s |valid ppl   118.79 | valid loss:  4.73
2020-11-05 22:44:27,441 - sampled-1 - WARNING - | end of epoch  82 | time:  5.98s |valid ppl   118.79 | valid loss:  4.76
2020-11-05 22:44:33,450 - sampled-1 - WARNING - | end of epoch  83 | time:  6.01s |valid ppl   118.79 | valid loss:  4.62
2020-11-05 22:44:39,449 - sampled-1 - WARNING - | end of epoch  84 | time:  6.00s |valid ppl   118.79 | valid loss:  4.69
2020-11-05 22:44:45,444 - sampled-1 - WARNING - | end of epoch  85 | time:  5.99s |valid ppl   118.79 | valid loss:  4.73
2020-11-05 22:44:51,452 - sampled-1 - WARNING - | end of epoch  86 | time:  6.01s |valid ppl   118.79 | valid loss:  4.87
2020-11-05 22:44:57,455 - sampled-1 - WARNING - | end of epoch  87 | time:  6.00s |valid ppl   118.79 | valid loss:  4.82
2020-11-05 22:45:03,469 - sampled-1 - WARNING - | end of epoch  88 | time:  6.01s |valid ppl   118.79 | valid loss:  4.72
2020-11-05 22:45:09,478 - sampled-1 - WARNING - | end of epoch  89 | time:  6.01s |valid ppl   118.79 | valid loss:  4.70
2020-11-05 22:45:15,493 - sampled-1 - WARNING - | end of epoch  90 | time:  6.01s |valid ppl   118.79 | valid loss:  4.78
2020-11-05 22:45:21,503 - sampled-1 - WARNING - | end of epoch  91 | time:  6.01s |valid ppl   118.79 | valid loss:  4.58
2020-11-05 22:45:27,519 - sampled-1 - WARNING - | end of epoch  92 | time:  6.02s |valid ppl   118.79 | valid loss:  4.68
2020-11-05 22:45:33,539 - sampled-1 - WARNING - | end of epoch  93 | time:  6.02s |valid ppl   118.79 | valid loss:  4.79
2020-11-05 22:45:39,564 - sampled-1 - WARNING - | end of epoch  94 | time:  6.02s |valid ppl   118.79 | valid loss:  4.72
2020-11-05 22:45:45,587 - sampled-1 - WARNING - | end of epoch  95 | time:  6.02s |valid ppl   118.79 | valid loss:  4.88
2020-11-05 22:45:51,614 - sampled-1 - WARNING - | end of epoch  96 | time:  6.03s |valid ppl   118.79 | valid loss:  4.88
2020-11-05 22:45:57,633 - sampled-1 - WARNING - | end of epoch  97 | time:  6.02s |valid ppl   118.79 | valid loss:  4.81
2020-11-05 22:46:03,662 - sampled-1 - WARNING - | end of epoch  98 | time:  6.03s |valid ppl   118.79 | valid loss:  4.83
2020-11-05 22:46:09,703 - sampled-1 - WARNING - | end of epoch  99 | time:  6.04s |valid ppl   118.79 | valid loss:  4.88
2020-11-05 22:46:15,738 - sampled-1 - WARNING - | end of epoch 100 | time:  6.03s |valid ppl   118.79 | valid loss:  4.69
2020-11-05 22:46:21,783 - sampled-1 - WARNING - | end of epoch 101 | time:  6.04s |valid ppl   118.79 | valid loss:  4.77
2020-11-05 22:46:27,809 - sampled-1 - WARNING - | end of epoch 102 | time:  6.03s |valid ppl   118.79 | valid loss:  4.87
2020-11-05 22:46:33,854 - sampled-1 - WARNING - | end of epoch 103 | time:  6.05s |valid ppl   118.79 | valid loss:  4.87
2020-11-05 22:46:39,892 - sampled-1 - WARNING - | end of epoch 104 | time:  6.04s |valid ppl   118.79 | valid loss:  4.63
2020-11-05 22:46:45,934 - sampled-1 - WARNING - | end of epoch 105 | time:  6.04s |valid ppl   118.79 | valid loss:  4.75
2020-11-05 22:46:51,972 - sampled-1 - WARNING - | end of epoch 106 | time:  6.04s |valid ppl   118.79 | valid loss:  4.85
2020-11-05 22:46:58,008 - sampled-1 - WARNING - | end of epoch 107 | time:  6.03s |valid ppl   118.79 | valid loss:  5.08
2020-11-05 22:47:04,061 - sampled-1 - WARNING - | end of epoch 108 | time:  6.05s |valid ppl   118.79 | valid loss:  4.82
2020-11-05 22:47:10,104 - sampled-1 - WARNING - | end of epoch 109 | time:  6.04s |valid ppl   118.79 | valid loss:  4.80
2020-11-05 22:47:16,147 - sampled-1 - WARNING - | end of epoch 110 | time:  6.04s |valid ppl   118.79 | valid loss:  4.75
2020-11-05 22:47:22,215 - sampled-1 - WARNING - | end of epoch 111 | time:  6.07s |valid ppl   118.79 | valid loss:  4.71
2020-11-05 22:47:28,259 - sampled-1 - WARNING - | end of epoch 112 | time:  6.04s |valid ppl   118.79 | valid loss:  4.87
2020-11-05 22:47:34,310 - sampled-1 - WARNING - | end of epoch 113 | time:  6.05s |valid ppl   118.79 | valid loss:  4.78
2020-11-05 22:47:40,348 - sampled-1 - WARNING - | end of epoch 114 | time:  6.04s |valid ppl   118.79 | valid loss:  4.67
2020-11-05 22:47:46,423 - sampled-1 - WARNING - | end of epoch 115 | time:  6.07s |valid ppl   118.79 | valid loss:  4.81
2020-11-05 22:47:52,476 - sampled-1 - WARNING - | end of epoch 116 | time:  6.05s |valid ppl   118.79 | valid loss:  4.69
2020-11-05 22:47:58,531 - sampled-1 - WARNING - | end of epoch 117 | time:  6.05s |valid ppl   118.79 | valid loss:  4.77
2020-11-05 22:48:04,600 - sampled-1 - WARNING - | end of epoch 118 | time:  6.07s |valid ppl   118.79 | valid loss:  4.77
2020-11-05 22:48:10,679 - sampled-1 - WARNING - | end of epoch 119 | time:  6.08s |valid ppl   118.79 | valid loss:  4.65
2020-11-05 22:48:16,759 - sampled-1 - WARNING - | end of epoch 120 | time:  6.08s |valid ppl   118.79 | valid loss:  4.76
2020-11-05 22:48:22,832 - sampled-1 - WARNING - | end of epoch 121 | time:  6.07s |valid ppl   118.79 | valid loss:  4.66
2020-11-05 22:48:28,892 - sampled-1 - WARNING - | end of epoch 122 | time:  6.06s |valid ppl   118.79 | valid loss:  4.82
2020-11-05 22:48:34,969 - sampled-1 - WARNING - | end of epoch 123 | time:  6.08s |valid ppl   118.79 | valid loss:  4.76
2020-11-05 22:48:41,049 - sampled-1 - WARNING - | end of epoch 124 | time:  6.08s |valid ppl   118.79 | valid loss:  4.86
2020-11-05 22:48:47,146 - sampled-1 - WARNING - | end of epoch 125 | time:  6.10s |valid ppl   118.79 | valid loss:  4.89
2020-11-05 22:48:53,223 - sampled-1 - WARNING - | end of epoch 126 | time:  6.08s |valid ppl   118.79 | valid loss:  4.79
2020-11-05 22:48:59,299 - sampled-1 - WARNING - | end of epoch 127 | time:  6.08s |valid ppl   118.79 | valid loss:  4.74
2020-11-05 22:49:05,393 - sampled-1 - WARNING - | end of epoch 128 | time:  6.09s |valid ppl   118.79 | valid loss:  4.85
2020-11-05 22:49:11,476 - sampled-1 - WARNING - | end of epoch 129 | time:  6.08s |valid ppl   118.79 | valid loss:  4.87
2020-11-05 22:49:17,568 - sampled-1 - WARNING - | end of epoch 130 | time:  6.09s |valid ppl   118.79 | valid loss:  4.85
2020-11-05 22:49:23,679 - sampled-1 - WARNING - | end of epoch 131 | time:  6.11s |valid ppl   118.79 | valid loss:  4.75
2020-11-05 22:49:29,825 - sampled-1 - WARNING - | end of epoch 132 | time:  6.15s |valid ppl   118.79 | valid loss:  4.79
2020-11-05 22:49:35,970 - sampled-1 - WARNING - | end of epoch 133 | time:  6.14s |valid ppl   118.79 | valid loss:  4.81
2020-11-05 22:49:42,110 - sampled-1 - WARNING - | end of epoch 134 | time:  6.14s |valid ppl   118.79 | valid loss:  4.68
2020-11-05 22:49:48,259 - sampled-1 - WARNING - | end of epoch 135 | time:  6.15s |valid ppl   118.79 | valid loss:  4.68
2020-11-05 22:49:54,402 - sampled-1 - WARNING - | end of epoch 136 | time:  6.14s |valid ppl   118.79 | valid loss:  4.76
2020-11-05 22:50:00,498 - sampled-1 - WARNING - | end of epoch 137 | time:  6.10s |valid ppl   118.79 | valid loss:  4.75
2020-11-05 22:50:06,595 - sampled-1 - WARNING - | end of epoch 138 | time:  6.10s |valid ppl   118.79 | valid loss:  4.87
2020-11-05 22:50:12,673 - sampled-1 - WARNING - | end of epoch 139 | time:  6.08s |valid ppl   118.79 | valid loss:  4.84
2020-11-05 22:50:18,765 - sampled-1 - WARNING - | end of epoch 140 | time:  6.09s |valid ppl   118.79 | valid loss:  4.54
2020-11-05 22:50:24,855 - sampled-1 - WARNING - | end of epoch 141 | time:  6.09s |valid ppl   118.79 | valid loss:  4.73
2020-11-05 22:50:30,955 - sampled-1 - WARNING - | end of epoch 142 | time:  6.10s |valid ppl   118.79 | valid loss:  4.85
2020-11-05 22:50:37,057 - sampled-1 - WARNING - | end of epoch 143 | time:  6.10s |valid ppl   118.79 | valid loss:  4.83
2020-11-05 22:50:43,167 - sampled-1 - WARNING - | end of epoch 144 | time:  6.11s |valid ppl   118.79 | valid loss:  4.83
2020-11-05 22:50:49,274 - sampled-1 - WARNING - | end of epoch 145 | time:  6.11s |valid ppl   118.79 | valid loss:  4.84
2020-11-05 22:50:55,377 - sampled-1 - WARNING - | end of epoch 146 | time:  6.10s |valid ppl   118.79 | valid loss:  4.81
2020-11-05 22:51:01,501 - sampled-1 - WARNING - | end of epoch 147 | time:  6.12s |valid ppl   118.79 | valid loss:  4.77
2020-11-05 22:51:07,628 - sampled-1 - WARNING - | end of epoch 148 | time:  6.13s |valid ppl   118.79 | valid loss:  4.72
2020-11-05 22:51:13,734 - sampled-1 - WARNING - | end of epoch 149 | time:  6.11s |valid ppl   118.79 | valid loss:  4.68
2020-11-05 22:51:19,846 - sampled-1 - WARNING - | end of epoch 150 | time:  6.11s |valid ppl   118.79 | valid loss:  4.53
2020-11-05 22:51:25,957 - sampled-1 - WARNING - | end of epoch 151 | time:  6.11s |valid ppl   118.79 | valid loss:  4.69
2020-11-05 22:51:32,075 - sampled-1 - WARNING - | end of epoch 152 | time:  6.12s |valid ppl   118.79 | valid loss:  4.89
2020-11-05 22:51:38,189 - sampled-1 - WARNING - | end of epoch 153 | time:  6.11s |valid ppl   118.79 | valid loss:  4.84
2020-11-05 22:51:44,304 - sampled-1 - WARNING - | end of epoch 154 | time:  6.12s |valid ppl   118.79 | valid loss:  4.67
2020-11-05 22:51:50,425 - sampled-1 - WARNING - | end of epoch 155 | time:  6.12s |valid ppl   118.79 | valid loss:  4.80
2020-11-05 22:51:56,535 - sampled-1 - WARNING - | end of epoch 156 | time:  6.11s |valid ppl   118.79 | valid loss:  4.79
2020-11-05 22:52:02,650 - sampled-1 - WARNING - | end of epoch 157 | time:  6.11s |valid ppl   118.79 | valid loss:  4.81
2020-11-05 22:52:08,753 - sampled-1 - WARNING - | end of epoch 158 | time:  6.10s |valid ppl   118.79 | valid loss:  4.73
2020-11-05 22:52:14,873 - sampled-1 - WARNING - | end of epoch 159 | time:  6.12s |valid ppl   118.79 | valid loss:  4.58
2020-11-05 22:52:20,993 - sampled-1 - WARNING - | end of epoch 160 | time:  6.12s |valid ppl   118.79 | valid loss:  4.68
2020-11-05 22:52:27,120 - sampled-1 - WARNING - | end of epoch 161 | time:  6.13s |valid ppl   118.79 | valid loss:  4.70
2020-11-05 22:52:33,234 - sampled-1 - WARNING - | end of epoch 162 | time:  6.11s |valid ppl   118.79 | valid loss:  4.91
2020-11-05 22:52:39,369 - sampled-1 - WARNING - | end of epoch 163 | time:  6.13s |valid ppl   118.79 | valid loss:  4.79
2020-11-05 22:52:45,483 - sampled-1 - WARNING - | end of epoch 164 | time:  6.11s |valid ppl   118.79 | valid loss:  4.76
2020-11-05 22:52:51,603 - sampled-1 - WARNING - | end of epoch 165 | time:  6.12s |valid ppl   118.79 | valid loss:  4.61
2020-11-05 22:52:57,699 - sampled-1 - WARNING - | end of epoch 166 | time:  6.10s |valid ppl   118.79 | valid loss:  4.76
2020-11-05 22:53:03,821 - sampled-1 - WARNING - | end of epoch 167 | time:  6.12s |valid ppl   118.79 | valid loss:  4.63
2020-11-05 22:53:09,928 - sampled-1 - WARNING - | end of epoch 168 | time:  6.11s |valid ppl   118.79 | valid loss:  4.70
2020-11-05 22:53:16,052 - sampled-1 - WARNING - | end of epoch 169 | time:  6.12s |valid ppl   118.79 | valid loss:  4.77
2020-11-05 22:53:22,152 - sampled-1 - WARNING - | end of epoch 170 | time:  6.10s |valid ppl   118.79 | valid loss:  4.75
2020-11-05 22:53:28,268 - sampled-1 - WARNING - | end of epoch 171 | time:  6.12s |valid ppl   118.79 | valid loss:  4.90
2020-11-05 22:53:34,395 - sampled-1 - WARNING - | end of epoch 172 | time:  6.13s |valid ppl   118.79 | valid loss:  4.82
2020-11-05 22:53:40,510 - sampled-1 - WARNING - | end of epoch 173 | time:  6.11s |valid ppl   118.79 | valid loss:  4.71
2020-11-05 22:53:46,616 - sampled-1 - WARNING - | end of epoch 174 | time:  6.11s |valid ppl   118.79 | valid loss:  4.69
2020-11-05 22:53:52,727 - sampled-1 - WARNING - | end of epoch 175 | time:  6.11s |valid ppl   118.79 | valid loss:  4.80
2020-11-05 22:53:58,843 - sampled-1 - WARNING - | end of epoch 176 | time:  6.11s |valid ppl   118.79 | valid loss:  4.78
2020-11-05 22:54:04,980 - sampled-1 - WARNING - | end of epoch 177 | time:  6.14s |valid ppl   118.79 | valid loss:  5.00
2020-11-05 22:54:11,089 - sampled-1 - WARNING - | end of epoch 178 | time:  6.11s |valid ppl   118.79 | valid loss:  4.77
2020-11-05 22:54:17,198 - sampled-1 - WARNING - | end of epoch 179 | time:  6.11s |valid ppl   118.79 | valid loss:  4.82
2020-11-05 22:54:23,303 - sampled-1 - WARNING - | end of epoch 180 | time:  6.10s |valid ppl   118.79 | valid loss:  4.72
2020-11-05 22:54:29,420 - sampled-1 - WARNING - | end of epoch 181 | time:  6.12s |valid ppl   118.79 | valid loss:  4.67
2020-11-05 22:54:35,530 - sampled-1 - WARNING - | end of epoch 182 | time:  6.11s |valid ppl   118.79 | valid loss:  4.87
2020-11-05 22:54:41,645 - sampled-1 - WARNING - | end of epoch 183 | time:  6.11s |valid ppl   118.79 | valid loss:  4.79
2020-11-05 22:54:47,773 - sampled-1 - WARNING - | end of epoch 184 | time:  6.13s |valid ppl   118.79 | valid loss:  4.77
2020-11-05 22:54:53,882 - sampled-1 - WARNING - | end of epoch 185 | time:  6.11s |valid ppl   118.79 | valid loss:  4.75
2020-11-05 22:54:59,988 - sampled-1 - WARNING - | end of epoch 186 | time:  6.11s |valid ppl   118.79 | valid loss:  4.72
2020-11-05 22:55:06,117 - sampled-1 - WARNING - | end of epoch 187 | time:  6.13s |valid ppl   118.79 | valid loss:  4.75
2020-11-05 22:55:12,227 - sampled-1 - WARNING - | end of epoch 188 | time:  6.11s |valid ppl   118.79 | valid loss:  4.86
2020-11-05 22:55:18,346 - sampled-1 - WARNING - | end of epoch 189 | time:  6.12s |valid ppl   118.79 | valid loss:  4.68
2020-11-05 22:55:24,454 - sampled-1 - WARNING - | end of epoch 190 | time:  6.11s |valid ppl   118.79 | valid loss:  4.91
2020-11-05 22:55:30,568 - sampled-1 - WARNING - | end of epoch 191 | time:  6.11s |valid ppl   118.79 | valid loss:  4.85
2020-11-05 22:55:36,692 - sampled-1 - WARNING - | end of epoch 192 | time:  6.12s |valid ppl   118.79 | valid loss:  4.84
2020-11-05 22:55:42,809 - sampled-1 - WARNING - | end of epoch 193 | time:  6.12s |valid ppl   118.79 | valid loss:  4.84
2020-11-05 22:55:48,926 - sampled-1 - WARNING - | end of epoch 194 | time:  6.12s |valid ppl   118.79 | valid loss:  4.83
2020-11-05 22:55:55,042 - sampled-1 - WARNING - | end of epoch 195 | time:  6.11s |valid ppl   118.79 | valid loss:  4.75
2020-11-05 22:56:01,161 - sampled-1 - WARNING - | end of epoch 196 | time:  6.12s |valid ppl   118.79 | valid loss:  4.75
2020-11-05 22:56:07,312 - sampled-1 - WARNING - | end of epoch 197 | time:  6.15s |valid ppl   118.79 | valid loss:  4.68
2020-11-05 22:56:13,438 - sampled-1 - WARNING - | end of epoch 198 | time:  6.13s |valid ppl   118.79 | valid loss:  5.05
2020-11-05 22:56:19,564 - sampled-1 - WARNING - | end of epoch 199 | time:  6.13s |valid ppl   118.79 | valid loss:  4.81
2020-11-05 22:56:25,677 - sampled-1 - WARNING - | end of epoch 200 | time:  6.11s |valid ppl   118.79 | valid loss:  4.91
2020-11-05 22:56:31,827 - sampled-1 - WARNING - | end of epoch 201 | time:  6.15s |valid ppl   118.79 | valid loss:  4.73
2020-11-05 22:56:37,953 - sampled-1 - WARNING - | end of epoch 202 | time:  6.13s |valid ppl   118.79 | valid loss:  4.64
2020-11-05 22:56:44,073 - sampled-1 - WARNING - | end of epoch 203 | time:  6.12s |valid ppl   118.79 | valid loss:  4.68
2020-11-05 22:56:50,197 - sampled-1 - WARNING - | end of epoch 204 | time:  6.12s |valid ppl   118.79 | valid loss:  4.82
2020-11-05 22:56:56,317 - sampled-1 - WARNING - | end of epoch 205 | time:  6.12s |valid ppl   118.79 | valid loss:  4.67
2020-11-05 22:57:02,435 - sampled-1 - WARNING - | end of epoch 206 | time:  6.12s |valid ppl   118.79 | valid loss:  4.77
2020-11-05 22:57:08,553 - sampled-1 - WARNING - | end of epoch 207 | time:  6.12s |valid ppl   118.79 | valid loss:  4.93
2020-11-05 22:57:14,677 - sampled-1 - WARNING - | end of epoch 208 | time:  6.12s |valid ppl   118.79 | valid loss:  4.76
2020-11-05 22:57:20,799 - sampled-1 - WARNING - | end of epoch 209 | time:  6.12s |valid ppl   118.79 | valid loss:  4.66
2020-11-05 22:57:26,909 - sampled-1 - WARNING - | end of epoch 210 | time:  6.11s |valid ppl   118.79 | valid loss:  4.72
2020-11-05 22:57:33,040 - sampled-1 - WARNING - | end of epoch 211 | time:  6.13s |valid ppl   118.79 | valid loss:  4.80
2020-11-05 22:57:39,171 - sampled-1 - WARNING - | end of epoch 212 | time:  6.13s |valid ppl   118.79 | valid loss:  4.82
2020-11-05 22:57:45,285 - sampled-1 - WARNING - | end of epoch 213 | time:  6.11s |valid ppl   118.79 | valid loss:  4.63
2020-11-05 22:57:51,410 - sampled-1 - WARNING - | end of epoch 214 | time:  6.12s |valid ppl   118.79 | valid loss:  5.00
2020-11-05 22:57:57,532 - sampled-1 - WARNING - | end of epoch 215 | time:  6.12s |valid ppl   118.79 | valid loss:  4.72
2020-11-05 22:58:03,656 - sampled-1 - WARNING - | end of epoch 216 | time:  6.12s |valid ppl   118.79 | valid loss:  4.77
2020-11-05 22:58:09,782 - sampled-1 - WARNING - | end of epoch 217 | time:  6.13s |valid ppl   118.79 | valid loss:  4.67
2020-11-05 22:58:15,911 - sampled-1 - WARNING - | end of epoch 218 | time:  6.13s |valid ppl   118.79 | valid loss:  4.74
2020-11-05 22:58:22,049 - sampled-1 - WARNING - | end of epoch 219 | time:  6.14s |valid ppl   118.79 | valid loss:  4.56
2020-11-05 22:58:28,171 - sampled-1 - WARNING - | end of epoch 220 | time:  6.12s |valid ppl   118.79 | valid loss:  4.71
2020-11-05 22:58:34,308 - sampled-1 - WARNING - | end of epoch 221 | time:  6.14s |valid ppl   118.79 | valid loss:  4.77
2020-11-05 22:58:40,441 - sampled-1 - WARNING - | end of epoch 222 | time:  6.13s |valid ppl   118.79 | valid loss:  4.66
2020-11-05 22:58:46,575 - sampled-1 - WARNING - | end of epoch 223 | time:  6.13s |valid ppl   118.79 | valid loss:  4.81
2020-11-05 22:58:52,706 - sampled-1 - WARNING - | end of epoch 224 | time:  6.13s |valid ppl   118.79 | valid loss:  4.73
2020-11-05 22:58:58,845 - sampled-1 - WARNING - | end of epoch 225 | time:  6.14s |valid ppl   118.79 | valid loss:  4.86
2020-11-05 22:59:04,990 - sampled-1 - WARNING - | end of epoch 226 | time:  6.14s |valid ppl   118.79 | valid loss:  4.81
2020-11-05 22:59:11,129 - sampled-1 - WARNING - | end of epoch 227 | time:  6.14s |valid ppl   118.79 | valid loss:  4.84
2020-11-05 22:59:17,271 - sampled-1 - WARNING - | end of epoch 228 | time:  6.14s |valid ppl   118.79 | valid loss:  4.78
2020-11-05 22:59:23,404 - sampled-1 - WARNING - | end of epoch 229 | time:  6.13s |valid ppl   118.79 | valid loss:  4.73
2020-11-05 22:59:29,548 - sampled-1 - WARNING - | end of epoch 230 | time:  6.14s |valid ppl   118.79 | valid loss:  4.85
2020-11-05 22:59:35,691 - sampled-1 - WARNING - | end of epoch 231 | time:  6.14s |valid ppl   118.79 | valid loss:  4.75
2020-11-05 22:59:41,831 - sampled-1 - WARNING - | end of epoch 232 | time:  6.14s |valid ppl   118.79 | valid loss:  4.67
2020-11-05 22:59:47,978 - sampled-1 - WARNING - | end of epoch 233 | time:  6.15s |valid ppl   118.79 | valid loss:  4.73
2020-11-05 22:59:54,112 - sampled-1 - WARNING - | end of epoch 234 | time:  6.13s |valid ppl   118.79 | valid loss:  4.78
2020-11-05 23:00:00,250 - sampled-1 - WARNING - | end of epoch 235 | time:  6.14s |valid ppl   118.79 | valid loss:  4.87
2020-11-05 23:00:06,410 - sampled-1 - WARNING - | end of epoch 236 | time:  6.16s |valid ppl   118.79 | valid loss:  4.77
2020-11-05 23:00:12,560 - sampled-1 - WARNING - | end of epoch 237 | time:  6.15s |valid ppl   118.79 | valid loss:  4.73
2020-11-05 23:00:18,720 - sampled-1 - WARNING - | end of epoch 238 | time:  6.16s |valid ppl   118.79 | valid loss:  4.77
2020-11-05 23:00:24,869 - sampled-1 - WARNING - | end of epoch 239 | time:  6.15s |valid ppl   118.79 | valid loss:  4.82
2020-11-05 23:00:31,015 - sampled-1 - WARNING - | end of epoch 240 | time:  6.15s |valid ppl   118.79 | valid loss:  4.65
2020-11-05 23:00:37,163 - sampled-1 - WARNING - | end of epoch 241 | time:  6.15s |valid ppl   118.79 | valid loss:  4.75
2020-11-05 23:00:43,318 - sampled-1 - WARNING - | end of epoch 242 | time:  6.15s |valid ppl   118.79 | valid loss:  4.82
2020-11-05 23:00:49,463 - sampled-1 - WARNING - | end of epoch 243 | time:  6.14s |valid ppl   118.79 | valid loss:  4.79
2020-11-05 23:00:55,613 - sampled-1 - WARNING - | end of epoch 244 | time:  6.15s |valid ppl   118.79 | valid loss:  4.70
2020-11-05 23:01:01,780 - sampled-1 - WARNING - | end of epoch 245 | time:  6.17s |valid ppl   118.79 | valid loss:  4.79
2020-11-05 23:01:07,936 - sampled-1 - WARNING - | end of epoch 246 | time:  6.15s |valid ppl   118.79 | valid loss:  4.86
2020-11-05 23:01:14,095 - sampled-1 - WARNING - | end of epoch 247 | time:  6.16s |valid ppl   118.79 | valid loss:  4.86
2020-11-05 23:01:20,261 - sampled-1 - WARNING - | end of epoch 248 | time:  6.17s |valid ppl   118.79 | valid loss:  4.74
2020-11-05 23:01:26,418 - sampled-1 - WARNING - | end of epoch 249 | time:  6.16s |valid ppl   118.79 | valid loss:  4.66
2020-11-05 23:01:32,576 - sampled-1 - WARNING - | end of epoch 250 | time:  6.16s |valid ppl   118.79 | valid loss:  4.94
2020-11-05 23:01:38,719 - sampled-1 - WARNING - | end of epoch 251 | time:  6.14s |valid ppl   118.79 | valid loss:  4.78
2020-11-05 23:01:44,873 - sampled-1 - WARNING - | end of epoch 252 | time:  6.15s |valid ppl   118.79 | valid loss:  4.77
2020-11-05 23:01:51,043 - sampled-1 - WARNING - | end of epoch 253 | time:  6.17s |valid ppl   118.79 | valid loss:  4.84
2020-11-05 23:01:57,192 - sampled-1 - WARNING - | end of epoch 254 | time:  6.15s |valid ppl   118.79 | valid loss:  4.66
2020-11-05 23:02:03,353 - sampled-1 - WARNING - | end of epoch 255 | time:  6.16s |valid ppl   118.79 | valid loss:  4.89
2020-11-05 23:02:09,513 - sampled-1 - WARNING - | end of epoch 256 | time:  6.16s |valid ppl   118.79 | valid loss:  4.76
2020-11-05 23:02:15,669 - sampled-1 - WARNING - | end of epoch 257 | time:  6.16s |valid ppl   118.79 | valid loss:  4.72
2020-11-05 23:02:21,921 - sampled-1 - WARNING - | end of epoch 258 | time:  6.25s |valid ppl   118.79 | valid loss:  4.72
2020-11-05 23:02:28,170 - sampled-1 - WARNING - | end of epoch 259 | time:  6.25s |valid ppl   118.79 | valid loss:  4.87
2020-11-05 23:02:34,318 - sampled-1 - WARNING - | end of epoch 260 | time:  6.15s |valid ppl   118.79 | valid loss:  4.88
2020-11-05 23:02:40,460 - sampled-1 - WARNING - | end of epoch 261 | time:  6.14s |valid ppl   118.79 | valid loss:  4.70
2020-11-05 23:02:46,607 - sampled-1 - WARNING - | end of epoch 262 | time:  6.15s |valid ppl   118.79 | valid loss:  4.80
2020-11-05 23:02:52,755 - sampled-1 - WARNING - | end of epoch 263 | time:  6.15s |valid ppl   118.79 | valid loss:  4.93
2020-11-05 23:02:58,898 - sampled-1 - WARNING - | end of epoch 264 | time:  6.14s |valid ppl   118.79 | valid loss:  4.77
2020-11-05 23:03:05,064 - sampled-1 - WARNING - | end of epoch 265 | time:  6.17s |valid ppl   118.79 | valid loss:  4.73
2020-11-05 23:03:11,209 - sampled-1 - WARNING - | end of epoch 266 | time:  6.14s |valid ppl   118.79 | valid loss:  4.73
2020-11-05 23:03:17,370 - sampled-1 - WARNING - | end of epoch 267 | time:  6.16s |valid ppl   118.79 | valid loss:  4.83
2020-11-05 23:03:23,514 - sampled-1 - WARNING - | end of epoch 268 | time:  6.14s |valid ppl   118.79 | valid loss:  4.94
2020-11-05 23:03:29,666 - sampled-1 - WARNING - | end of epoch 269 | time:  6.15s |valid ppl   118.79 | valid loss:  4.77
2020-11-05 23:03:35,829 - sampled-1 - WARNING - | end of epoch 270 | time:  6.16s |valid ppl   118.79 | valid loss:  4.74
2020-11-05 23:03:41,972 - sampled-1 - WARNING - | end of epoch 271 | time:  6.14s |valid ppl   118.79 | valid loss:  4.63
2020-11-05 23:03:48,108 - sampled-1 - WARNING - | end of epoch 272 | time:  6.14s |valid ppl   118.79 | valid loss:  4.75
2020-11-05 23:03:54,255 - sampled-1 - WARNING - | end of epoch 273 | time:  6.15s |valid ppl   118.79 | valid loss:  4.80
2020-11-05 23:04:00,398 - sampled-1 - WARNING - | end of epoch 274 | time:  6.14s |valid ppl   118.79 | valid loss:  4.90
2020-11-05 23:04:06,548 - sampled-1 - WARNING - | end of epoch 275 | time:  6.15s |valid ppl   118.79 | valid loss:  4.69
2020-11-05 23:04:12,687 - sampled-1 - WARNING - | end of epoch 276 | time:  6.14s |valid ppl   118.79 | valid loss:  4.87
2020-11-05 23:04:18,847 - sampled-1 - WARNING - | end of epoch 277 | time:  6.16s |valid ppl   118.79 | valid loss:  4.47
2020-11-05 23:04:24,988 - sampled-1 - WARNING - | end of epoch 278 | time:  6.14s |valid ppl   118.79 | valid loss:  4.85
2020-11-05 23:04:31,128 - sampled-1 - WARNING - | end of epoch 279 | time:  6.14s |valid ppl   118.79 | valid loss:  4.78
2020-11-05 23:04:37,276 - sampled-1 - WARNING - | end of epoch 280 | time:  6.15s |valid ppl   118.79 | valid loss:  4.66
2020-11-05 23:04:43,422 - sampled-1 - WARNING - | end of epoch 281 | time:  6.14s |valid ppl   118.79 | valid loss:  4.85
2020-11-05 23:04:49,567 - sampled-1 - WARNING - | end of epoch 282 | time:  6.15s |valid ppl   118.79 | valid loss:  4.60
2020-11-05 23:04:55,709 - sampled-1 - WARNING - | end of epoch 283 | time:  6.14s |valid ppl   118.79 | valid loss:  4.69
2020-11-05 23:05:01,867 - sampled-1 - WARNING - | end of epoch 284 | time:  6.16s |valid ppl   118.79 | valid loss:  4.81
2020-11-05 23:05:08,012 - sampled-1 - WARNING - | end of epoch 285 | time:  6.14s |valid ppl   118.79 | valid loss:  4.69
2020-11-05 23:05:14,153 - sampled-1 - WARNING - | end of epoch 286 | time:  6.14s |valid ppl   118.79 | valid loss:  4.93
2020-11-05 23:05:20,300 - sampled-1 - WARNING - | end of epoch 287 | time:  6.15s |valid ppl   118.79 | valid loss:  4.78
2020-11-05 23:05:26,455 - sampled-1 - WARNING - | end of epoch 288 | time:  6.15s |valid ppl   118.79 | valid loss:  4.60
2020-11-05 23:05:32,604 - sampled-1 - WARNING - | end of epoch 289 | time:  6.15s |valid ppl   118.79 | valid loss:  4.80
2020-11-05 23:05:38,749 - sampled-1 - WARNING - | end of epoch 290 | time:  6.14s |valid ppl   118.79 | valid loss:  4.80
2020-11-05 23:05:44,888 - sampled-1 - WARNING - | end of epoch 291 | time:  6.14s |valid ppl   118.79 | valid loss:  4.70
2020-11-05 23:05:51,029 - sampled-1 - WARNING - | end of epoch 292 | time:  6.14s |valid ppl   118.79 | valid loss:  4.72
2020-11-05 23:05:57,160 - sampled-1 - WARNING - | end of epoch 293 | time:  6.13s |valid ppl   118.79 | valid loss:  4.58
2020-11-05 23:06:03,308 - sampled-1 - WARNING - | end of epoch 294 | time:  6.15s |valid ppl   118.79 | valid loss:  4.87
2020-11-05 23:06:09,451 - sampled-1 - WARNING - | end of epoch 295 | time:  6.14s |valid ppl   118.79 | valid loss:  5.00
2020-11-05 23:06:15,589 - sampled-1 - WARNING - | end of epoch 296 | time:  6.14s |valid ppl   118.79 | valid loss:  4.83
2020-11-05 23:06:21,735 - sampled-1 - WARNING - | end of epoch 297 | time:  6.15s |valid ppl   118.79 | valid loss:  4.86
2020-11-05 23:06:27,877 - sampled-1 - WARNING - | end of epoch 298 | time:  6.14s |valid ppl   118.79 | valid loss:  4.83
2020-11-05 23:06:34,018 - sampled-1 - WARNING - | end of epoch 299 | time:  6.14s |valid ppl   118.79 | valid loss:  4.79
2020-11-05 23:06:40,168 - sampled-1 - WARNING - | end of epoch 300 | time:  6.15s |valid ppl   118.79 | valid loss:  4.77
2020-11-05 23:06:46,326 - sampled-1 - WARNING - | end of epoch 301 | time:  6.16s |valid ppl   118.79 | valid loss:  4.67
2020-11-05 23:06:52,482 - sampled-1 - WARNING - | end of epoch 302 | time:  6.16s |valid ppl   118.79 | valid loss:  4.68
2020-11-05 23:06:58,639 - sampled-1 - WARNING - | end of epoch 303 | time:  6.16s |valid ppl   118.79 | valid loss:  4.80
2020-11-05 23:07:04,789 - sampled-1 - WARNING - | end of epoch 304 | time:  6.15s |valid ppl   118.79 | valid loss:  4.73
2020-11-05 23:07:10,944 - sampled-1 - WARNING - | end of epoch 305 | time:  6.15s |valid ppl   118.79 | valid loss:  4.83
2020-11-05 23:07:17,104 - sampled-1 - WARNING - | end of epoch 306 | time:  6.16s |valid ppl   118.79 | valid loss:  4.51
2020-11-05 23:07:23,251 - sampled-1 - WARNING - | end of epoch 307 | time:  6.15s |valid ppl   118.79 | valid loss:  4.79
2020-11-05 23:07:29,391 - sampled-1 - WARNING - | end of epoch 308 | time:  6.14s |valid ppl   118.79 | valid loss:  4.77
2020-11-05 23:07:35,548 - sampled-1 - WARNING - | end of epoch 309 | time:  6.16s |valid ppl   118.79 | valid loss:  4.77
2020-11-05 23:07:41,698 - sampled-1 - WARNING - | end of epoch 310 | time:  6.15s |valid ppl   118.79 | valid loss:  4.79
2020-11-05 23:07:47,862 - sampled-1 - WARNING - | end of epoch 311 | time:  6.16s |valid ppl   118.79 | valid loss:  4.78
2020-11-05 23:07:54,019 - sampled-1 - WARNING - | end of epoch 312 | time:  6.16s |valid ppl   118.79 | valid loss:  4.71
2020-11-05 23:08:00,172 - sampled-1 - WARNING - | end of epoch 313 | time:  6.15s |valid ppl   118.79 | valid loss:  4.69
2020-11-05 23:08:06,325 - sampled-1 - WARNING - | end of epoch 314 | time:  6.15s |valid ppl   118.79 | valid loss:  4.82
2020-11-05 23:08:12,479 - sampled-1 - WARNING - | end of epoch 315 | time:  6.15s |valid ppl   118.79 | valid loss:  4.69
2020-11-05 23:08:18,637 - sampled-1 - WARNING - | end of epoch 316 | time:  6.16s |valid ppl   118.79 | valid loss:  4.74
2020-11-05 23:08:24,801 - sampled-1 - WARNING - | end of epoch 317 | time:  6.16s |valid ppl   118.79 | valid loss:  4.86
2020-11-05 23:08:30,945 - sampled-1 - WARNING - | end of epoch 318 | time:  6.14s |valid ppl   118.79 | valid loss:  4.71
2020-11-05 23:08:37,118 - sampled-1 - WARNING - | end of epoch 319 | time:  6.17s |valid ppl   118.79 | valid loss:  4.66
2020-11-05 23:08:43,278 - sampled-1 - WARNING - | end of epoch 320 | time:  6.16s |valid ppl   118.79 | valid loss:  4.68
2020-11-05 23:08:49,440 - sampled-1 - WARNING - | end of epoch 321 | time:  6.16s |valid ppl   118.79 | valid loss:  4.92
2020-11-05 23:08:55,602 - sampled-1 - WARNING - | end of epoch 322 | time:  6.16s |valid ppl   118.79 | valid loss:  4.54
2020-11-05 23:09:01,779 - sampled-1 - WARNING - | end of epoch 323 | time:  6.18s |valid ppl   118.79 | valid loss:  4.59
2020-11-05 23:09:07,948 - sampled-1 - WARNING - | end of epoch 324 | time:  6.17s |valid ppl   118.79 | valid loss:  4.77
2020-11-05 23:09:14,114 - sampled-1 - WARNING - | end of epoch 325 | time:  6.17s |valid ppl   118.79 | valid loss:  4.84
2020-11-05 23:09:20,286 - sampled-1 - WARNING - | end of epoch 326 | time:  6.17s |valid ppl   118.79 | valid loss:  5.07
2020-11-05 23:09:26,453 - sampled-1 - WARNING - | end of epoch 327 | time:  6.17s |valid ppl   118.79 | valid loss:  4.60
2020-11-05 23:09:32,610 - sampled-1 - WARNING - | end of epoch 328 | time:  6.16s |valid ppl   118.79 | valid loss:  4.81
2020-11-05 23:09:38,767 - sampled-1 - WARNING - | end of epoch 329 | time:  6.16s |valid ppl   118.79 | valid loss:  4.91
2020-11-05 23:09:44,929 - sampled-1 - WARNING - | end of epoch 330 | time:  6.16s |valid ppl   118.79 | valid loss:  4.81
2020-11-05 23:09:51,099 - sampled-1 - WARNING - | end of epoch 331 | time:  6.17s |valid ppl   118.79 | valid loss:  4.84
2020-11-05 23:09:57,263 - sampled-1 - WARNING - | end of epoch 332 | time:  6.16s |valid ppl   118.79 | valid loss:  4.86
2020-11-05 23:10:03,450 - sampled-1 - WARNING - | end of epoch 333 | time:  6.19s |valid ppl   118.79 | valid loss:  4.55
2020-11-05 23:10:09,614 - sampled-1 - WARNING - | end of epoch 334 | time:  6.16s |valid ppl   118.79 | valid loss:  4.84
2020-11-05 23:10:15,776 - sampled-1 - WARNING - | end of epoch 335 | time:  6.16s |valid ppl   118.79 | valid loss:  4.86
2020-11-05 23:10:21,935 - sampled-1 - WARNING - | end of epoch 336 | time:  6.16s |valid ppl   118.79 | valid loss:  4.79
2020-11-05 23:10:28,091 - sampled-1 - WARNING - | end of epoch 337 | time:  6.16s |valid ppl   118.79 | valid loss:  5.10
2020-11-05 23:10:34,270 - sampled-1 - WARNING - | end of epoch 338 | time:  6.18s |valid ppl   118.79 | valid loss:  4.94
2020-11-05 23:10:40,427 - sampled-1 - WARNING - | end of epoch 339 | time:  6.16s |valid ppl   118.79 | valid loss:  5.01
2020-11-05 23:10:46,595 - sampled-1 - WARNING - | end of epoch 340 | time:  6.17s |valid ppl   118.79 | valid loss:  4.95
2020-11-05 23:10:52,766 - sampled-1 - WARNING - | end of epoch 341 | time:  6.17s |valid ppl   118.79 | valid loss:  4.58
2020-11-05 23:10:58,917 - sampled-1 - WARNING - | end of epoch 342 | time:  6.15s |valid ppl   118.79 | valid loss:  4.72
2020-11-05 23:11:05,091 - sampled-1 - WARNING - | end of epoch 343 | time:  6.17s |valid ppl   118.79 | valid loss:  4.82
2020-11-05 23:11:11,245 - sampled-1 - WARNING - | end of epoch 344 | time:  6.15s |valid ppl   118.79 | valid loss:  4.66
2020-11-05 23:11:17,409 - sampled-1 - WARNING - | end of epoch 345 | time:  6.16s |valid ppl   118.79 | valid loss:  4.74
2020-11-05 23:11:23,554 - sampled-1 - WARNING - | end of epoch 346 | time:  6.14s |valid ppl   118.79 | valid loss:  4.59
2020-11-05 23:11:29,712 - sampled-1 - WARNING - | end of epoch 347 | time:  6.16s |valid ppl   118.79 | valid loss:  4.83
2020-11-05 23:11:35,884 - sampled-1 - WARNING - | end of epoch 348 | time:  6.17s |valid ppl   118.79 | valid loss:  4.67
2020-11-05 23:11:42,047 - sampled-1 - WARNING - | end of epoch 349 | time:  6.16s |valid ppl   118.79 | valid loss:  4.78
2020-11-05 23:11:48,200 - sampled-1 - WARNING - | end of epoch 350 | time:  6.15s |valid ppl   118.79 | valid loss:  4.72
2020-11-05 23:11:54,351 - sampled-1 - WARNING - | end of epoch 351 | time:  6.15s |valid ppl   118.79 | valid loss:  4.77
2020-11-05 23:12:00,513 - sampled-1 - WARNING - | end of epoch 352 | time:  6.16s |valid ppl   118.79 | valid loss:  4.52
2020-11-05 23:12:06,681 - sampled-1 - WARNING - | end of epoch 353 | time:  6.17s |valid ppl   118.79 | valid loss:  4.96
2020-11-05 23:12:12,826 - sampled-1 - WARNING - | end of epoch 354 | time:  6.14s |valid ppl   118.79 | valid loss:  4.64
2020-11-05 23:12:18,988 - sampled-1 - WARNING - | end of epoch 355 | time:  6.16s |valid ppl   118.79 | valid loss:  4.82
2020-11-05 23:12:25,143 - sampled-1 - WARNING - | end of epoch 356 | time:  6.15s |valid ppl   118.79 | valid loss:  4.82
2020-11-05 23:12:31,297 - sampled-1 - WARNING - | end of epoch 357 | time:  6.15s |valid ppl   118.79 | valid loss:  4.86
2020-11-05 23:12:37,450 - sampled-1 - WARNING - | end of epoch 358 | time:  6.15s |valid ppl   118.79 | valid loss:  4.90
2020-11-05 23:12:43,600 - sampled-1 - WARNING - | end of epoch 359 | time:  6.15s |valid ppl   118.79 | valid loss:  4.70
2020-11-05 23:12:49,750 - sampled-1 - WARNING - | end of epoch 360 | time:  6.15s |valid ppl   118.79 | valid loss:  4.83
2020-11-05 23:12:55,902 - sampled-1 - WARNING - | end of epoch 361 | time:  6.15s |valid ppl   118.79 | valid loss:  4.80
2020-11-05 23:13:02,064 - sampled-1 - WARNING - | end of epoch 362 | time:  6.16s |valid ppl   118.79 | valid loss:  4.81
2020-11-05 23:13:08,215 - sampled-1 - WARNING - | end of epoch 363 | time:  6.15s |valid ppl   118.79 | valid loss:  4.81
2020-11-05 23:13:14,368 - sampled-1 - WARNING - | end of epoch 364 | time:  6.15s |valid ppl   118.79 | valid loss:  4.77
2020-11-05 23:13:20,536 - sampled-1 - WARNING - | end of epoch 365 | time:  6.17s |valid ppl   118.79 | valid loss:  4.83
2020-11-05 23:13:26,696 - sampled-1 - WARNING - | end of epoch 366 | time:  6.16s |valid ppl   118.79 | valid loss:  4.78
2020-11-05 23:13:32,844 - sampled-1 - WARNING - | end of epoch 367 | time:  6.15s |valid ppl   118.79 | valid loss:  4.89
2020-11-05 23:13:39,004 - sampled-1 - WARNING - | end of epoch 368 | time:  6.16s |valid ppl   118.79 | valid loss:  4.72
2020-11-05 23:13:45,175 - sampled-1 - WARNING - | end of epoch 369 | time:  6.17s |valid ppl   118.79 | valid loss:  4.87
2020-11-05 23:13:51,343 - sampled-1 - WARNING - | end of epoch 370 | time:  6.17s |valid ppl   118.79 | valid loss:  4.78
2020-11-05 23:13:57,514 - sampled-1 - WARNING - | end of epoch 371 | time:  6.17s |valid ppl   118.79 | valid loss:  4.74
2020-11-05 23:14:03,690 - sampled-1 - WARNING - | end of epoch 372 | time:  6.18s |valid ppl   118.79 | valid loss:  4.67
2020-11-05 23:14:09,856 - sampled-1 - WARNING - | end of epoch 373 | time:  6.16s |valid ppl   118.79 | valid loss:  4.91
2020-11-05 23:14:16,019 - sampled-1 - WARNING - | end of epoch 374 | time:  6.16s |valid ppl   118.79 | valid loss:  4.74
2020-11-05 23:14:22,195 - sampled-1 - WARNING - | end of epoch 375 | time:  6.18s |valid ppl   118.79 | valid loss:  4.88
2020-11-05 23:14:28,366 - sampled-1 - WARNING - | end of epoch 376 | time:  6.17s |valid ppl   118.79 | valid loss:  4.74
2020-11-05 23:14:34,539 - sampled-1 - WARNING - | end of epoch 377 | time:  6.17s |valid ppl   118.79 | valid loss:  4.77
2020-11-05 23:14:40,710 - sampled-1 - WARNING - | end of epoch 378 | time:  6.17s |valid ppl   118.79 | valid loss:  4.76
2020-11-05 23:14:46,886 - sampled-1 - WARNING - | end of epoch 379 | time:  6.18s |valid ppl   118.79 | valid loss:  4.88
2020-11-05 23:14:53,060 - sampled-1 - WARNING - | end of epoch 380 | time:  6.17s |valid ppl   118.79 | valid loss:  4.87
2020-11-05 23:14:59,230 - sampled-1 - WARNING - | end of epoch 381 | time:  6.17s |valid ppl   118.79 | valid loss:  4.79
2020-11-05 23:15:05,405 - sampled-1 - WARNING - | end of epoch 382 | time:  6.17s |valid ppl   118.79 | valid loss:  4.86
2020-11-05 23:15:11,615 - sampled-1 - WARNING - | end of epoch 383 | time:  6.21s |valid ppl   118.79 | valid loss:  4.78
2020-11-05 23:15:17,779 - sampled-1 - WARNING - | end of epoch 384 | time:  6.16s |valid ppl   118.79 | valid loss:  4.78
2020-11-05 23:15:23,941 - sampled-1 - WARNING - | end of epoch 385 | time:  6.16s |valid ppl   118.79 | valid loss:  4.55
2020-11-05 23:15:30,102 - sampled-1 - WARNING - | end of epoch 386 | time:  6.16s |valid ppl   118.79 | valid loss:  4.80
2020-11-05 23:15:36,278 - sampled-1 - WARNING - | end of epoch 387 | time:  6.18s |valid ppl   118.79 | valid loss:  4.64
2020-11-05 23:15:42,440 - sampled-1 - WARNING - | end of epoch 388 | time:  6.16s |valid ppl   118.79 | valid loss:  4.87
2020-11-05 23:15:48,622 - sampled-1 - WARNING - | end of epoch 389 | time:  6.18s |valid ppl   118.79 | valid loss:  4.77
2020-11-05 23:15:54,777 - sampled-1 - WARNING - | end of epoch 390 | time:  6.15s |valid ppl   118.79 | valid loss:  4.86
2020-11-05 23:16:00,942 - sampled-1 - WARNING - | end of epoch 391 | time:  6.16s |valid ppl   118.79 | valid loss:  4.79
2020-11-05 23:16:07,112 - sampled-1 - WARNING - | end of epoch 392 | time:  6.17s |valid ppl   118.79 | valid loss:  4.56
2020-11-05 23:16:13,292 - sampled-1 - WARNING - | end of epoch 393 | time:  6.18s |valid ppl   118.79 | valid loss:  4.86
2020-11-05 23:16:19,470 - sampled-1 - WARNING - | end of epoch 394 | time:  6.18s |valid ppl   118.79 | valid loss:  4.71
2020-11-05 23:16:25,641 - sampled-1 - WARNING - | end of epoch 395 | time:  6.17s |valid ppl   118.79 | valid loss:  4.89
2020-11-05 23:16:31,816 - sampled-1 - WARNING - | end of epoch 396 | time:  6.18s |valid ppl   118.79 | valid loss:  4.78
2020-11-05 23:16:37,996 - sampled-1 - WARNING - | end of epoch 397 | time:  6.18s |valid ppl   118.79 | valid loss:  4.83
2020-11-05 23:16:44,175 - sampled-1 - WARNING - | end of epoch 398 | time:  6.18s |valid ppl   118.79 | valid loss:  4.76
2020-11-05 23:16:50,362 - sampled-1 - WARNING - | end of epoch 399 | time:  6.19s |valid ppl   118.79 | valid loss:  4.76
2020-11-05 23:16:56,549 - sampled-1 - WARNING - | end of epoch 400 | time:  6.19s |valid ppl   118.79 | valid loss:  4.90
